[0.238s] Invoking command in '/root/ros2_ws/src/turlebot3_ws/build/turtlebot3_fake_node': AMENT_PREFIX_PATH=/root/ros2_ws/src/turlebot3_ws/install/turtlebot3_msgs:${AMENT_PREFIX_PATH} CMAKE_PREFIX_PATH=/root/ros2_ws/src/turlebot3_ws/install/turtlebot3_msgs:/opt/ros/humble LD_LIBRARY_PATH=/root/ros2_ws/src/turlebot3_ws/install/turtlebot3_msgs/lib:${LD_LIBRARY_PATH} PYTHONPATH=/root/ros2_ws/src/turlebot3_ws/install/turtlebot3_msgs/local/lib/python3.10/dist-packages:${PYTHONPATH} /usr/bin/cmake --build /root/ros2_ws/src/turlebot3_ws/build/turtlebot3_fake_node -- -j8 -l8
[0.287s] [100%] Built target turtlebot3_fake_node
[0.298s] Invoked command in '/root/ros2_ws/src/turlebot3_ws/build/turtlebot3_fake_node' returned '0': AMENT_PREFIX_PATH=/root/ros2_ws/src/turlebot3_ws/install/turtlebot3_msgs:${AMENT_PREFIX_PATH} CMAKE_PREFIX_PATH=/root/ros2_ws/src/turlebot3_ws/install/turtlebot3_msgs:/opt/ros/humble LD_LIBRARY_PATH=/root/ros2_ws/src/turlebot3_ws/install/turtlebot3_msgs/lib:${LD_LIBRARY_PATH} PYTHONPATH=/root/ros2_ws/src/turlebot3_ws/install/turtlebot3_msgs/local/lib/python3.10/dist-packages:${PYTHONPATH} /usr/bin/cmake --build /root/ros2_ws/src/turlebot3_ws/build/turtlebot3_fake_node -- -j8 -l8
[0.301s] Invoking command in '/root/ros2_ws/src/turlebot3_ws/build/turtlebot3_fake_node': AMENT_PREFIX_PATH=/root/ros2_ws/src/turlebot3_ws/install/turtlebot3_msgs:${AMENT_PREFIX_PATH} CMAKE_PREFIX_PATH=/root/ros2_ws/src/turlebot3_ws/install/turtlebot3_msgs:/opt/ros/humble LD_LIBRARY_PATH=/root/ros2_ws/src/turlebot3_ws/install/turtlebot3_msgs/lib:${LD_LIBRARY_PATH} PYTHONPATH=/root/ros2_ws/src/turlebot3_ws/install/turtlebot3_msgs/local/lib/python3.10/dist-packages:${PYTHONPATH} /usr/bin/cmake --install /root/ros2_ws/src/turlebot3_ws/build/turtlebot3_fake_node
[0.306s] -- Install configuration: ""
[0.310s] -- Up-to-date: /root/ros2_ws/src/turlebot3_ws/install/turtlebot3_fake_node/lib/turtlebot3_fake_node/turtlebot3_fake_node
[0.310s] -- Up-to-date: /root/ros2_ws/src/turlebot3_ws/install/turtlebot3_fake_node/share/turtlebot3_fake_node/launch
[0.310s] -- Up-to-date: /root/ros2_ws/src/turlebot3_ws/install/turtlebot3_fake_node/share/turtlebot3_fake_node/launch/rviz2.launch.py
[0.311s] -- Up-to-date: /root/ros2_ws/src/turlebot3_ws/install/turtlebot3_fake_node/share/turtlebot3_fake_node/launch/turtlebot3_fake_node.launch.py
[0.311s] -- Up-to-date: /root/ros2_ws/src/turlebot3_ws/install/turtlebot3_fake_node/share/turtlebot3_fake_node/param
[0.311s] -- Up-to-date: /root/ros2_ws/src/turlebot3_ws/install/turtlebot3_fake_node/share/turtlebot3_fake_node/param/waffle.yaml
[0.311s] -- Up-to-date: /root/ros2_ws/src/turlebot3_ws/install/turtlebot3_fake_node/share/turtlebot3_fake_node/param/waffle_pi.yaml
[0.311s] -- Up-to-date: /root/ros2_ws/src/turlebot3_ws/install/turtlebot3_fake_node/share/turtlebot3_fake_node/param/burger.yaml
[0.311s] -- Up-to-date: /root/ros2_ws/src/turlebot3_ws/install/turtlebot3_fake_node/include/
[0.311s] -- Up-to-date: /root/ros2_ws/src/turlebot3_ws/install/turtlebot3_fake_node/include//turtlebot3_fake_node
[0.311s] -- Up-to-date: /root/ros2_ws/src/turlebot3_ws/install/turtlebot3_fake_node/include//turtlebot3_fake_node/turtlebot3_fake_node.hpp
[0.311s] -- Up-to-date: /root/ros2_ws/src/turlebot3_ws/install/turtlebot3_fake_node/share/ament_index/resource_index/package_run_dependencies/turtlebot3_fake_node
[0.311s] -- Up-to-date: /root/ros2_ws/src/turlebot3_ws/install/turtlebot3_fake_node/share/ament_index/resource_index/parent_prefix_path/turtlebot3_fake_node
[0.311s] -- Up-to-date: /root/ros2_ws/src/turlebot3_ws/install/turtlebot3_fake_node/share/turtlebot3_fake_node/environment/ament_prefix_path.sh
[0.311s] -- Up-to-date: /root/ros2_ws/src/turlebot3_ws/install/turtlebot3_fake_node/share/turtlebot3_fake_node/environment/ament_prefix_path.dsv
[0.311s] -- Up-to-date: /root/ros2_ws/src/turlebot3_ws/install/turtlebot3_fake_node/share/turtlebot3_fake_node/environment/path.sh
[0.312s] -- Up-to-date: /root/ros2_ws/src/turlebot3_ws/install/turtlebot3_fake_node/share/turtlebot3_fake_node/environment/path.dsv
[0.312s] -- Up-to-date: /root/ros2_ws/src/turlebot3_ws/install/turtlebot3_fake_node/share/turtlebot3_fake_node/local_setup.bash
[0.312s] -- Up-to-date: /root/ros2_ws/src/turlebot3_ws/install/turtlebot3_fake_node/share/turtlebot3_fake_node/local_setup.sh
[0.312s] -- Up-to-date: /root/ros2_ws/src/turlebot3_ws/install/turtlebot3_fake_node/share/turtlebot3_fake_node/local_setup.zsh
[0.312s] -- Up-to-date: /root/ros2_ws/src/turlebot3_ws/install/turtlebot3_fake_node/share/turtlebot3_fake_node/local_setup.dsv
[0.312s] -- Installing: /root/ros2_ws/src/turlebot3_ws/install/turtlebot3_fake_node/share/turtlebot3_fake_node/package.dsv
[0.313s] -- Up-to-date: /root/ros2_ws/src/turlebot3_ws/install/turtlebot3_fake_node/share/ament_index/resource_index/packages/turtlebot3_fake_node
[0.313s] -- Up-to-date: /root/ros2_ws/src/turlebot3_ws/install/turtlebot3_fake_node/share/turtlebot3_fake_node/cmake/ament_cmake_export_include_directories-extras.cmake
[0.313s] -- Up-to-date: /root/ros2_ws/src/turlebot3_ws/install/turtlebot3_fake_node/share/turtlebot3_fake_node/cmake/ament_cmake_export_dependencies-extras.cmake
[0.313s] -- Up-to-date: /root/ros2_ws/src/turlebot3_ws/install/turtlebot3_fake_node/share/turtlebot3_fake_node/cmake/turtlebot3_fake_nodeConfig.cmake
[0.313s] -- Up-to-date: /root/ros2_ws/src/turlebot3_ws/install/turtlebot3_fake_node/share/turtlebot3_fake_node/cmake/turtlebot3_fake_nodeConfig-version.cmake
[0.313s] -- Up-to-date: /root/ros2_ws/src/turlebot3_ws/install/turtlebot3_fake_node/share/turtlebot3_fake_node/package.xml
[0.314s] Invoked command in '/root/ros2_ws/src/turlebot3_ws/build/turtlebot3_fake_node' returned '0': AMENT_PREFIX_PATH=/root/ros2_ws/src/turlebot3_ws/install/turtlebot3_msgs:${AMENT_PREFIX_PATH} CMAKE_PREFIX_PATH=/root/ros2_ws/src/turlebot3_ws/install/turtlebot3_msgs:/opt/ros/humble LD_LIBRARY_PATH=/root/ros2_ws/src/turlebot3_ws/install/turtlebot3_msgs/lib:${LD_LIBRARY_PATH} PYTHONPATH=/root/ros2_ws/src/turlebot3_ws/install/turtlebot3_msgs/local/lib/python3.10/dist-packages:${PYTHONPATH} /usr/bin/cmake --install /root/ros2_ws/src/turlebot3_ws/build/turtlebot3_fake_node
