[1.052s] Invoking command in '/root/ros2_ws/src/turlebot3_ws/src/turtlebot3/turtlebot3_teleop': PYTHONPATH=/root/ros2_ws/build/turtlebot3_teleop/prefix_override:/usr/lib/python3/dist-packages/colcon_core/task/python/colcon_distutils_commands:/root/ros2_ws/install/turtlebot3_teleop/lib/python3.10/site-packages:${PYTHONPATH} /usr/bin/python3 -W ignore:setup.py install is deprecated -W ignore:easy_install command is deprecated setup.py egg_info --egg-base ../../../../../build/turtlebot3_teleop build --build-base /root/ros2_ws/build/turtlebot3_teleop/build install --record /root/ros2_ws/build/turtlebot3_teleop/install.log --single-version-externally-managed install_data
[1.498s] running egg_info
[1.499s] creating ../../../../../build/turtlebot3_teleop/turtlebot3_teleop.egg-info
[1.499s] writing ../../../../../build/turtlebot3_teleop/turtlebot3_teleop.egg-info/PKG-INFO
[1.499s] writing dependency_links to ../../../../../build/turtlebot3_teleop/turtlebot3_teleop.egg-info/dependency_links.txt
[1.499s] writing entry points to ../../../../../build/turtlebot3_teleop/turtlebot3_teleop.egg-info/entry_points.txt
[1.499s] writing requirements to ../../../../../build/turtlebot3_teleop/turtlebot3_teleop.egg-info/requires.txt
[1.500s] writing top-level names to ../../../../../build/turtlebot3_teleop/turtlebot3_teleop.egg-info/top_level.txt
[1.500s] writing manifest file '../../../../../build/turtlebot3_teleop/turtlebot3_teleop.egg-info/SOURCES.txt'
[1.508s] reading manifest file '../../../../../build/turtlebot3_teleop/turtlebot3_teleop.egg-info/SOURCES.txt'
[1.509s] writing manifest file '../../../../../build/turtlebot3_teleop/turtlebot3_teleop.egg-info/SOURCES.txt'
[1.509s] running build
[1.510s] running build_py
[1.510s] creating /root/ros2_ws/build/turtlebot3_teleop/build
[1.513s] creating /root/ros2_ws/build/turtlebot3_teleop/build/lib
[1.513s] creating /root/ros2_ws/build/turtlebot3_teleop/build/lib/turtlebot3_teleop
[1.514s] copying turtlebot3_teleop/__init__.py -> /root/ros2_ws/build/turtlebot3_teleop/build/lib/turtlebot3_teleop
[1.514s] creating /root/ros2_ws/build/turtlebot3_teleop/build/lib/turtlebot3_teleop/script
[1.514s] copying turtlebot3_teleop/script/teleop_keyboard.py -> /root/ros2_ws/build/turtlebot3_teleop/build/lib/turtlebot3_teleop/script
[1.515s] copying turtlebot3_teleop/script/__init__.py -> /root/ros2_ws/build/turtlebot3_teleop/build/lib/turtlebot3_teleop/script
[1.515s] running install
[1.516s] running install_lib
[1.524s] creating /root/ros2_ws/install/turtlebot3_teleop/lib/python3.10/site-packages/turtlebot3_teleop
[1.524s] creating /root/ros2_ws/install/turtlebot3_teleop/lib/python3.10/site-packages/turtlebot3_teleop/script
[1.524s] copying /root/ros2_ws/build/turtlebot3_teleop/build/lib/turtlebot3_teleop/script/teleop_keyboard.py -> /root/ros2_ws/install/turtlebot3_teleop/lib/python3.10/site-packages/turtlebot3_teleop/script
[1.525s] copying /root/ros2_ws/build/turtlebot3_teleop/build/lib/turtlebot3_teleop/script/__init__.py -> /root/ros2_ws/install/turtlebot3_teleop/lib/python3.10/site-packages/turtlebot3_teleop/script
[1.526s] copying /root/ros2_ws/build/turtlebot3_teleop/build/lib/turtlebot3_teleop/__init__.py -> /root/ros2_ws/install/turtlebot3_teleop/lib/python3.10/site-packages/turtlebot3_teleop
[1.526s] byte-compiling /root/ros2_ws/install/turtlebot3_teleop/lib/python3.10/site-packages/turtlebot3_teleop/script/teleop_keyboard.py to teleop_keyboard.cpython-310.pyc
[1.529s] byte-compiling /root/ros2_ws/install/turtlebot3_teleop/lib/python3.10/site-packages/turtlebot3_teleop/script/__init__.py to __init__.cpython-310.pyc
[1.529s] byte-compiling /root/ros2_ws/install/turtlebot3_teleop/lib/python3.10/site-packages/turtlebot3_teleop/__init__.py to __init__.cpython-310.pyc
[1.530s] running install_data
[1.530s] creating /root/ros2_ws/install/turtlebot3_teleop/share/ament_index
[1.530s] creating /root/ros2_ws/install/turtlebot3_teleop/share/ament_index/resource_index
[1.530s] creating /root/ros2_ws/install/turtlebot3_teleop/share/ament_index/resource_index/packages
[1.530s] copying resource/turtlebot3_teleop -> /root/ros2_ws/install/turtlebot3_teleop/share/ament_index/resource_index/packages
[1.531s] copying package.xml -> /root/ros2_ws/install/turtlebot3_teleop/share/turtlebot3_teleop
[1.531s] running install_egg_info
[1.545s] Copying ../../../../../build/turtlebot3_teleop/turtlebot3_teleop.egg-info to /root/ros2_ws/install/turtlebot3_teleop/lib/python3.10/site-packages/turtlebot3_teleop-2.2.0-py3.10.egg-info
[1.547s] running install_scripts
[1.632s] Installing teleop_keyboard script to /root/ros2_ws/install/turtlebot3_teleop/lib/turtlebot3_teleop
[1.634s] writing list of installed files to '/root/ros2_ws/build/turtlebot3_teleop/install.log'
[1.734s] Invoked command in '/root/ros2_ws/src/turlebot3_ws/src/turtlebot3/turtlebot3_teleop' returned '0': PYTHONPATH=/root/ros2_ws/build/turtlebot3_teleop/prefix_override:/usr/lib/python3/dist-packages/colcon_core/task/python/colcon_distutils_commands:/root/ros2_ws/install/turtlebot3_teleop/lib/python3.10/site-packages:${PYTHONPATH} /usr/bin/python3 -W ignore:setup.py install is deprecated -W ignore:easy_install command is deprecated setup.py egg_info --egg-base ../../../../../build/turtlebot3_teleop build --build-base /root/ros2_ws/build/turtlebot3_teleop/build install --record /root/ros2_ws/build/turtlebot3_teleop/install.log --single-version-externally-managed install_data
