[0.858s] Invoking command in '/root/ros2_ws/src/turlebot3_ws/src/turtlebot3/turtlebot3_example': AMENT_PREFIX_PATH=/root/ros2_ws/src/turlebot3_ws/install/turtlebot3_msgs:${AMENT_PREFIX_PATH} CMAKE_PREFIX_PATH=/root/ros2_ws/src/turlebot3_ws/install/turtlebot3_msgs:${CMAKE_PREFIX_PATH} LD_LIBRARY_PATH=/root/ros2_ws/src/turlebot3_ws/install/turtlebot3_msgs/lib:${LD_LIBRARY_PATH} PYTHONPATH=/root/ros2_ws/src/turlebot3_ws/build/turtlebot3_example/prefix_override:/usr/lib/python3/dist-packages/colcon_core/task/python/colcon_distutils_commands:/root/ros2_ws/src/turlebot3_ws/install/turtlebot3_example/lib/python3.10/site-packages:/root/ros2_ws/src/turlebot3_ws/install/turtlebot3_msgs/local/lib/python3.10/dist-packages:${PYTHONPATH} /usr/bin/python3 -W ignore:setup.py install is deprecated -W ignore:easy_install command is deprecated setup.py egg_info --egg-base ../../../build/turtlebot3_example build --build-base /root/ros2_ws/src/turlebot3_ws/build/turtlebot3_example/build install --record /root/ros2_ws/src/turlebot3_ws/build/turtlebot3_example/install.log --single-version-externally-managed install_data
[1.046s] running egg_info
[1.046s] writing ../../../build/turtlebot3_example/turtlebot3_example.egg-info/PKG-INFO
[1.046s] writing dependency_links to ../../../build/turtlebot3_example/turtlebot3_example.egg-info/dependency_links.txt
[1.047s] writing entry points to ../../../build/turtlebot3_example/turtlebot3_example.egg-info/entry_points.txt
[1.047s] writing requirements to ../../../build/turtlebot3_example/turtlebot3_example.egg-info/requires.txt
[1.047s] writing top-level names to ../../../build/turtlebot3_example/turtlebot3_example.egg-info/top_level.txt
[1.048s] reading manifest file '../../../build/turtlebot3_example/turtlebot3_example.egg-info/SOURCES.txt'
[1.049s] writing manifest file '../../../build/turtlebot3_example/turtlebot3_example.egg-info/SOURCES.txt'
[1.050s] running build
[1.050s] running build_py
[1.051s] running install
[1.051s] running install_lib
[1.052s] running install_data
[1.053s] running install_egg_info
[1.055s] removing '/root/ros2_ws/src/turlebot3_ws/install/turtlebot3_example/lib/python3.10/site-packages/turtlebot3_example-2.2.0-py3.10.egg-info' (and everything under it)
[1.055s] Copying ../../../build/turtlebot3_example/turtlebot3_example.egg-info to /root/ros2_ws/src/turlebot3_ws/install/turtlebot3_example/lib/python3.10/site-packages/turtlebot3_example-2.2.0-py3.10.egg-info
[1.057s] running install_scripts
[1.075s] Installing turtlebot3_obstacle_detection script to /root/ros2_ws/src/turlebot3_ws/install/turtlebot3_example/lib/turtlebot3_example
[1.075s] Installing turtlebot3_patrol_client script to /root/ros2_ws/src/turlebot3_ws/install/turtlebot3_example/lib/turtlebot3_example
[1.076s] Installing turtlebot3_patrol_server script to /root/ros2_ws/src/turlebot3_ws/install/turtlebot3_example/lib/turtlebot3_example
[1.076s] Installing turtlebot3_position_control script to /root/ros2_ws/src/turlebot3_ws/install/turtlebot3_example/lib/turtlebot3_example
[1.076s] writing list of installed files to '/root/ros2_ws/src/turlebot3_ws/build/turtlebot3_example/install.log'
[1.095s] Invoked command in '/root/ros2_ws/src/turlebot3_ws/src/turtlebot3/turtlebot3_example' returned '0': AMENT_PREFIX_PATH=/root/ros2_ws/src/turlebot3_ws/install/turtlebot3_msgs:${AMENT_PREFIX_PATH} CMAKE_PREFIX_PATH=/root/ros2_ws/src/turlebot3_ws/install/turtlebot3_msgs:${CMAKE_PREFIX_PATH} LD_LIBRARY_PATH=/root/ros2_ws/src/turlebot3_ws/install/turtlebot3_msgs/lib:${LD_LIBRARY_PATH} PYTHONPATH=/root/ros2_ws/src/turlebot3_ws/build/turtlebot3_example/prefix_override:/usr/lib/python3/dist-packages/colcon_core/task/python/colcon_distutils_commands:/root/ros2_ws/src/turlebot3_ws/install/turtlebot3_example/lib/python3.10/site-packages:/root/ros2_ws/src/turlebot3_ws/install/turtlebot3_msgs/local/lib/python3.10/dist-packages:${PYTHONPATH} /usr/bin/python3 -W ignore:setup.py install is deprecated -W ignore:easy_install command is deprecated setup.py egg_info --egg-base ../../../build/turtlebot3_example build --build-base /root/ros2_ws/src/turlebot3_ws/build/turtlebot3_example/build install --record /root/ros2_ws/src/turlebot3_ws/build/turtlebot3_example/install.log --single-version-externally-managed install_data
