[1.928s] Invoking command in '/root/ros2_ws/build/turtlebot3_fake_node': CMAKE_PREFIX_PATH=/root/ros2_ws/install/turtlebot3_msgs:/root/ros2_ws/install/turtlesim:/root/ros2_ws/install/turtlebot3:/root/ros2_ws/install/turtlebot3_simulations:/root/ros2_ws/install/turtlebot3_bringup:/root/ros2_ws/install/turtlebot3_node:/root/ros2_ws/install/turtlebot3_navigation2:/root/ros2_ws/install/turtlebot3_fake_node:/root/ros2_ws/install/turtlebot3_gazebo:/root/ros2_ws/install/turtlebot3_description:/root/ros2_ws/install/turtlebot3_cartographer:/root/ros2_ws/install/goto_node:/root/ros2_ws/install/endicott_interfaces:/root/ros2_ws/install/dynamixel_sdk_examples:/root/ros2_ws/install/dynamixel_sdk_custom_interfaces:/root/ros2_ws/install/dynamixel_sdk:/root/ros2_ws/install/turtlebot3_teleop:/root/ros2_ws/install/turtlebot3_example:/opt/ros/humble LD_LIBRARY_PATH=/root/ros2_ws/install/turtlebot3_msgs/lib:/root/ros2_ws/install/turtlesim/lib:/root/ros2_ws/install/endicott_interfaces/lib:/root/ros2_ws/install/dynamixel_sdk_custom_interfaces/lib:/root/ros2_ws/install/dynamixel_sdk/lib:/usr/lib/x86_64-linux-gnu/gazebo-11/plugins:/opt/ros/humble/opt/rviz_ogre_vendor/lib:/opt/ros/humble/lib/x86_64-linux-gnu:/opt/ros/humble/lib /usr/bin/cmake /root/ros2_ws/src/turlebot3_ws/src/turtlebot3_simulations/turtlebot3_fake_node -DCMAKE_INSTALL_PREFIX=/root/ros2_ws/install/turtlebot3_fake_node
[2.545s] -- The C compiler identification is GNU 11.4.0
[3.873s] -- The CXX compiler identification is GNU 11.4.0
[4.426s] -- Detecting C compiler ABI info
[5.182s] -- Detecting C compiler ABI info - done
[5.248s] -- Check for working C compiler: /usr/bin/cc - skipped
[5.248s] -- Detecting C compile features
[5.251s] -- Detecting C compile features - done
[5.270s] -- Detecting CXX compiler ABI info
[5.948s] -- Detecting CXX compiler ABI info - done
[6.031s] -- Check for working CXX compiler: /usr/bin/c++ - skipped
[6.032s] -- Detecting CXX compile features
[6.033s] -- Detecting CXX compile features - done
[6.053s] -- Found ament_cmake: 1.3.11 (/opt/ros/humble/share/ament_cmake/cmake)
[7.288s] -- Found Python3: /usr/bin/python3 (found version "3.10.12") found components: Interpreter 
[7.686s] -- Found geometry_msgs: 4.2.4 (/opt/ros/humble/share/geometry_msgs/cmake)
[8.036s] -- Found rosidl_generator_c: 3.1.6 (/opt/ros/humble/share/rosidl_generator_c/cmake)
[8.052s] -- Found rosidl_adapter: 3.1.6 (/opt/ros/humble/share/rosidl_adapter/cmake)
[8.087s] -- Found rosidl_generator_cpp: 3.1.6 (/opt/ros/humble/share/rosidl_generator_cpp/cmake)
[8.148s] -- Using all available rosidl_typesupport_c: rosidl_typesupport_fastrtps_c;rosidl_typesupport_introspection_c
[8.225s] -- Using all available rosidl_typesupport_cpp: rosidl_typesupport_fastrtps_cpp;rosidl_typesupport_introspection_cpp
[8.623s] -- Found nav_msgs: 4.2.4 (/opt/ros/humble/share/nav_msgs/cmake)
[8.844s] -- Found rclcpp: 16.0.11 (/opt/ros/humble/share/rclcpp/cmake)
[9.241s] -- Found rmw_implementation_cmake: 6.1.2 (/opt/ros/humble/share/rmw_implementation_cmake/cmake)
[9.250s] -- Found rmw_fastrtps_cpp: 6.2.7 (/opt/ros/humble/share/rmw_fastrtps_cpp/cmake)
[10.955s] -- Found OpenSSL: /usr/lib/x86_64-linux-gnu/libcrypto.so (found version "3.0.2")  
[13.327s] -- Found FastRTPS: /opt/ros/humble/include  
[17.375s] -- Using RMW implementation 'rmw_fastrtps_cpp' as default
[17.439s] -- Looking for pthread.h
[18.187s] -- Looking for pthread.h - found
[18.187s] -- Performing Test CMAKE_HAVE_LIBC_PTHREAD
[18.905s] -- Performing Test CMAKE_HAVE_LIBC_PTHREAD - Success
[18.906s] -- Found Threads: TRUE  
[19.274s] -- Found sensor_msgs: 4.2.4 (/opt/ros/humble/share/sensor_msgs/cmake)
[19.347s] -- Found tf2: 0.25.11 (/opt/ros/humble/share/tf2/cmake)
[19.439s] -- Found tf2_msgs: 0.25.11 (/opt/ros/humble/share/tf2_msgs/cmake)
[20.422s] -- Found turtlebot3_msgs: 2.3.0 (/root/ros2_ws/install/turtlebot3_msgs/share/turtlebot3_msgs/cmake)
[21.083s] -- Configuring done
[21.150s] -- Generating done
[21.185s] -- Build files have been written to: /root/ros2_ws/build/turtlebot3_fake_node
[21.217s] Invoked command in '/root/ros2_ws/build/turtlebot3_fake_node' returned '0': CMAKE_PREFIX_PATH=/root/ros2_ws/install/turtlebot3_msgs:/root/ros2_ws/install/turtlesim:/root/ros2_ws/install/turtlebot3:/root/ros2_ws/install/turtlebot3_simulations:/root/ros2_ws/install/turtlebot3_bringup:/root/ros2_ws/install/turtlebot3_node:/root/ros2_ws/install/turtlebot3_navigation2:/root/ros2_ws/install/turtlebot3_fake_node:/root/ros2_ws/install/turtlebot3_gazebo:/root/ros2_ws/install/turtlebot3_description:/root/ros2_ws/install/turtlebot3_cartographer:/root/ros2_ws/install/goto_node:/root/ros2_ws/install/endicott_interfaces:/root/ros2_ws/install/dynamixel_sdk_examples:/root/ros2_ws/install/dynamixel_sdk_custom_interfaces:/root/ros2_ws/install/dynamixel_sdk:/root/ros2_ws/install/turtlebot3_teleop:/root/ros2_ws/install/turtlebot3_example:/opt/ros/humble LD_LIBRARY_PATH=/root/ros2_ws/install/turtlebot3_msgs/lib:/root/ros2_ws/install/turtlesim/lib:/root/ros2_ws/install/endicott_interfaces/lib:/root/ros2_ws/install/dynamixel_sdk_custom_interfaces/lib:/root/ros2_ws/install/dynamixel_sdk/lib:/usr/lib/x86_64-linux-gnu/gazebo-11/plugins:/opt/ros/humble/opt/rviz_ogre_vendor/lib:/opt/ros/humble/lib/x86_64-linux-gnu:/opt/ros/humble/lib /usr/bin/cmake /root/ros2_ws/src/turlebot3_ws/src/turtlebot3_simulations/turtlebot3_fake_node -DCMAKE_INSTALL_PREFIX=/root/ros2_ws/install/turtlebot3_fake_node
[21.218s] Invoking command in '/root/ros2_ws/build/turtlebot3_fake_node': CMAKE_PREFIX_PATH=/root/ros2_ws/install/turtlebot3_msgs:/root/ros2_ws/install/turtlesim:/root/ros2_ws/install/turtlebot3:/root/ros2_ws/install/turtlebot3_simulations:/root/ros2_ws/install/turtlebot3_bringup:/root/ros2_ws/install/turtlebot3_node:/root/ros2_ws/install/turtlebot3_navigation2:/root/ros2_ws/install/turtlebot3_fake_node:/root/ros2_ws/install/turtlebot3_gazebo:/root/ros2_ws/install/turtlebot3_description:/root/ros2_ws/install/turtlebot3_cartographer:/root/ros2_ws/install/goto_node:/root/ros2_ws/install/endicott_interfaces:/root/ros2_ws/install/dynamixel_sdk_examples:/root/ros2_ws/install/dynamixel_sdk_custom_interfaces:/root/ros2_ws/install/dynamixel_sdk:/root/ros2_ws/install/turtlebot3_teleop:/root/ros2_ws/install/turtlebot3_example:/opt/ros/humble LD_LIBRARY_PATH=/root/ros2_ws/install/turtlebot3_msgs/lib:/root/ros2_ws/install/turtlesim/lib:/root/ros2_ws/install/endicott_interfaces/lib:/root/ros2_ws/install/dynamixel_sdk_custom_interfaces/lib:/root/ros2_ws/install/dynamixel_sdk/lib:/usr/lib/x86_64-linux-gnu/gazebo-11/plugins:/opt/ros/humble/opt/rviz_ogre_vendor/lib:/opt/ros/humble/lib/x86_64-linux-gnu:/opt/ros/humble/lib /usr/bin/cmake --build /root/ros2_ws/build/turtlebot3_fake_node -- -j8 -l8
[21.741s] [ 50%] [32mBuilding CXX object CMakeFiles/turtlebot3_fake_node.dir/src/turtlebot3_fake_node.cpp.o[0m
[55.308s] [100%] [32m[1mLinking CXX executable turtlebot3_fake_node[0m
[56.272s] [100%] Built target turtlebot3_fake_node
