[0.033s] Invoking command in '/root/ros2_ws/src/turlebot3_ws/src/build/dynamixel_sdk': CMAKE_PREFIX_PATH=/opt/ros/humble /usr/bin/cmake /root/ros2_ws/src/turlebot3_ws/src/DynamixelSDK/ros/dynamixel_sdk -DCMAKE_INSTALL_PREFIX=/root/ros2_ws/src/turlebot3_ws/src/install/dynamixel_sdk
[0.263s] -- The C compiler identification is GNU 11.4.0
[0.590s] -- The CXX compiler identification is GNU 11.4.0
[0.762s] -- Detecting C compiler ABI info
[0.870s] -- Detecting C compiler ABI info - done
[0.879s] -- Check for working C compiler: /usr/bin/cc - skipped
[0.879s] -- Detecting C compile features
[0.880s] -- Detecting C compile features - done
[0.884s] -- Detecting CXX compiler ABI info
[1.004s] -- Detecting CXX compiler ABI info - done
[1.011s] -- Check for working CXX compiler: /usr/bin/c++ - skipped
[1.011s] -- Detecting CXX compile features
[1.012s] -- Detecting CXX compile features - done
[1.014s] -- Found ament_cmake: 1.3.11 (/opt/ros/humble/share/ament_cmake/cmake)
[1.156s] -- Found Python3: /usr/bin/python3 (found version "3.10.12") found components: Interpreter 
[1.324s] -- Configuring done
[1.338s] -- Generating done
[1.338s] -- Build files have been written to: /root/ros2_ws/src/turlebot3_ws/src/build/dynamixel_sdk
[1.358s] Invoked command in '/root/ros2_ws/src/turlebot3_ws/src/build/dynamixel_sdk' returned '0': CMAKE_PREFIX_PATH=/opt/ros/humble /usr/bin/cmake /root/ros2_ws/src/turlebot3_ws/src/DynamixelSDK/ros/dynamixel_sdk -DCMAKE_INSTALL_PREFIX=/root/ros2_ws/src/turlebot3_ws/src/install/dynamixel_sdk
[1.360s] Invoking command in '/root/ros2_ws/src/turlebot3_ws/src/build/dynamixel_sdk': CMAKE_PREFIX_PATH=/opt/ros/humble /usr/bin/cmake --build /root/ros2_ws/src/turlebot3_ws/src/build/dynamixel_sdk -- -j8 -l8
[1.403s] [  7%] [32mBuilding CXX object CMakeFiles/dynamixel_sdk.dir/src/dynamixel_sdk/protocol1_packet_handler.cpp.o[0m
[1.403s] [ 15%] [32mBuilding CXX object CMakeFiles/dynamixel_sdk.dir/src/dynamixel_sdk/packet_handler.cpp.o[0m
[1.403s] [ 30%] [32mBuilding CXX object CMakeFiles/dynamixel_sdk.dir/src/dynamixel_sdk/group_sync_write.cpp.o[0m
[1.403s] [ 30%] [32mBuilding CXX object CMakeFiles/dynamixel_sdk.dir/src/dynamixel_sdk/protocol2_packet_handler.cpp.o[0m
[1.408s] [ 38%] [32mBuilding CXX object CMakeFiles/dynamixel_sdk.dir/src/dynamixel_sdk/group_sync_read.cpp.o[0m
[1.409s] [ 46%] [32mBuilding CXX object CMakeFiles/dynamixel_sdk.dir/src/dynamixel_sdk/group_bulk_read.cpp.o[0m
[1.413s] [ 53%] [32mBuilding CXX object CMakeFiles/dynamixel_sdk.dir/src/dynamixel_sdk/group_bulk_write.cpp.o[0m
[1.421s] [ 61%] [32mBuilding CXX object CMakeFiles/dynamixel_sdk.dir/src/dynamixel_sdk/group_fast_bulk_read.cpp.o[0m
[1.576s] [ 69%] [32mBuilding CXX object CMakeFiles/dynamixel_sdk.dir/src/dynamixel_sdk/group_fast_sync_read.cpp.o[0m
[1.750s] [01m[K/root/ros2_ws/src/turlebot3_ws/src/DynamixelSDK/ros/dynamixel_sdk/src/dynamixel_sdk/group_sync_read.cpp:[m[K In member function ‘[01m[Kbool dynamixel::GroupSyncRead::getError(uint8_t, uint8_t*)[m[K’:
[1.750s] [01m[K/root/ros2_ws/src/turlebot3_ws/src/DynamixelSDK/ros/dynamixel_sdk/src/dynamixel_sdk/group_sync_read.cpp:201:19:[m[K [01;35m[Kwarning: [m[Ksuggest parentheses around assignment used as truth value [[01;35m[K]8;;https://gcc.gnu.org/onlinedocs/gcc/Warning-Options.html#index-Wparentheses-Wparentheses]8;;[m[K]
[1.750s]   201 |   return [01;35m[Kerror[0] = error_list_[id][0][m[K;
[1.750s]       |          [01;35m[K~~~~~~~~~^~~~~~~~~~~~~~~~~~~~[m[K
[1.754s] [ 76%] [32mBuilding CXX object CMakeFiles/dynamixel_sdk.dir/src/dynamixel_sdk/group_handler.cpp.o[0m
[1.756s] [01m[K/root/ros2_ws/src/turlebot3_ws/src/DynamixelSDK/ros/dynamixel_sdk/src/dynamixel_sdk/group_bulk_read.cpp:[m[K In member function ‘[01m[Kbool dynamixel::GroupBulkRead::getError(uint8_t, uint8_t*)[m[K’:
[1.756s] [01m[K/root/ros2_ws/src/turlebot3_ws/src/DynamixelSDK/ros/dynamixel_sdk/src/dynamixel_sdk/group_bulk_read.cpp:232:19:[m[K [01;35m[Kwarning: [m[Ksuggest parentheses around assignment used as truth value [[01;35m[K]8;;https://gcc.gnu.org/onlinedocs/gcc/Warning-Options.html#index-Wparentheses-Wparentheses]8;;[m[K]
[1.756s]   232 |   return [01;35m[Kerror[0] = error_list_[id][0][m[K;
[1.756s]       |          [01;35m[K~~~~~~~~~^~~~~~~~~~~~~~~~~~~~[m[K
[1.764s] [ 84%] [32mBuilding CXX object CMakeFiles/dynamixel_sdk.dir/src/dynamixel_sdk/port_handler.cpp.o[0m
[1.854s] [ 92%] [32mBuilding CXX object CMakeFiles/dynamixel_sdk.dir/src/dynamixel_sdk/port_handler_linux.cpp.o[0m
[2.024s] [100%] [32m[1mLinking CXX shared library libdynamixel_sdk.so[0m
[2.151s] [100%] Built target dynamixel_sdk
[2.159s] Invoked command in '/root/ros2_ws/src/turlebot3_ws/src/build/dynamixel_sdk' returned '0': CMAKE_PREFIX_PATH=/opt/ros/humble /usr/bin/cmake --build /root/ros2_ws/src/turlebot3_ws/src/build/dynamixel_sdk -- -j8 -l8
[2.161s] Invoking command in '/root/ros2_ws/src/turlebot3_ws/src/build/dynamixel_sdk': CMAKE_PREFIX_PATH=/opt/ros/humble /usr/bin/cmake --install /root/ros2_ws/src/turlebot3_ws/src/build/dynamixel_sdk
[2.166s] -- Install configuration: ""
[2.166s] -- Installing: /root/ros2_ws/src/turlebot3_ws/src/install/dynamixel_sdk/include/
[2.166s] -- Installing: /root/ros2_ws/src/turlebot3_ws/src/install/dynamixel_sdk/include//dynamixel_sdk
[2.166s] -- Installing: /root/ros2_ws/src/turlebot3_ws/src/install/dynamixel_sdk/include//dynamixel_sdk/protocol1_packet_handler.h
[2.167s] -- Installing: /root/ros2_ws/src/turlebot3_ws/src/install/dynamixel_sdk/include//dynamixel_sdk/port_handler.h
[2.167s] -- Installing: /root/ros2_ws/src/turlebot3_ws/src/install/dynamixel_sdk/include//dynamixel_sdk/port_handler_linux.h
[2.167s] -- Installing: /root/ros2_ws/src/turlebot3_ws/src/install/dynamixel_sdk/include//dynamixel_sdk/group_fast_bulk_read.h
[2.167s] -- Installing: /root/ros2_ws/src/turlebot3_ws/src/install/dynamixel_sdk/include//dynamixel_sdk/group_bulk_write.h
[2.167s] -- Installing: /root/ros2_ws/src/turlebot3_ws/src/install/dynamixel_sdk/include//dynamixel_sdk/dynamixel_sdk.h
[2.167s] -- Installing: /root/ros2_ws/src/turlebot3_ws/src/install/dynamixel_sdk/include//dynamixel_sdk/port_handler_windows.h
[2.168s] -- Installing: /root/ros2_ws/src/turlebot3_ws/src/install/dynamixel_sdk/include//dynamixel_sdk/packet_handler.h
[2.168s] -- Installing: /root/ros2_ws/src/turlebot3_ws/src/install/dynamixel_sdk/include//dynamixel_sdk/port_handler_arduino.h
[2.168s] -- Installing: /root/ros2_ws/src/turlebot3_ws/src/install/dynamixel_sdk/include//dynamixel_sdk/group_bulk_read.h
[2.168s] -- Installing: /root/ros2_ws/src/turlebot3_ws/src/install/dynamixel_sdk/include//dynamixel_sdk/group_fast_sync_read.h
[2.168s] -- Installing: /root/ros2_ws/src/turlebot3_ws/src/install/dynamixel_sdk/include//dynamixel_sdk/port_handler_mac.h
[2.168s] -- Installing: /root/ros2_ws/src/turlebot3_ws/src/install/dynamixel_sdk/include//dynamixel_sdk/group_handler.h
[2.169s] -- Installing: /root/ros2_ws/src/turlebot3_ws/src/install/dynamixel_sdk/include//dynamixel_sdk/group_sync_write.h
[2.169s] -- Installing: /root/ros2_ws/src/turlebot3_ws/src/install/dynamixel_sdk/include//dynamixel_sdk/protocol2_packet_handler.h
[2.169s] -- Installing: /root/ros2_ws/src/turlebot3_ws/src/install/dynamixel_sdk/include//dynamixel_sdk/group_sync_read.h
[2.169s] -- Installing: /root/ros2_ws/src/turlebot3_ws/src/install/dynamixel_sdk/lib/libdynamixel_sdk.so
[2.170s] -- Installing: /root/ros2_ws/src/turlebot3_ws/src/install/dynamixel_sdk/share/dynamixel_sdk/environment/library_path.sh
[2.170s] -- Installing: /root/ros2_ws/src/turlebot3_ws/src/install/dynamixel_sdk/share/dynamixel_sdk/environment/library_path.dsv
[2.170s] -- Installing: /root/ros2_ws/src/turlebot3_ws/src/install/dynamixel_sdk/share/ament_index/resource_index/package_run_dependencies/dynamixel_sdk
[2.170s] -- Installing: /root/ros2_ws/src/turlebot3_ws/src/install/dynamixel_sdk/share/ament_index/resource_index/parent_prefix_path/dynamixel_sdk
[2.170s] -- Installing: /root/ros2_ws/src/turlebot3_ws/src/install/dynamixel_sdk/share/dynamixel_sdk/environment/ament_prefix_path.sh
[2.170s] -- Installing: /root/ros2_ws/src/turlebot3_ws/src/install/dynamixel_sdk/share/dynamixel_sdk/environment/ament_prefix_path.dsv
[2.170s] -- Installing: /root/ros2_ws/src/turlebot3_ws/src/install/dynamixel_sdk/share/dynamixel_sdk/environment/path.sh
[2.171s] -- Installing: /root/ros2_ws/src/turlebot3_ws/src/install/dynamixel_sdk/share/dynamixel_sdk/environment/path.dsv
[2.171s] -- Installing: /root/ros2_ws/src/turlebot3_ws/src/install/dynamixel_sdk/share/dynamixel_sdk/local_setup.bash
[2.171s] -- Installing: /root/ros2_ws/src/turlebot3_ws/src/install/dynamixel_sdk/share/dynamixel_sdk/local_setup.sh
[2.171s] -- Installing: /root/ros2_ws/src/turlebot3_ws/src/install/dynamixel_sdk/share/dynamixel_sdk/local_setup.zsh
[2.171s] -- Installing: /root/ros2_ws/src/turlebot3_ws/src/install/dynamixel_sdk/share/dynamixel_sdk/local_setup.dsv
[2.171s] -- Installing: /root/ros2_ws/src/turlebot3_ws/src/install/dynamixel_sdk/share/dynamixel_sdk/package.dsv
[2.171s] -- Installing: /root/ros2_ws/src/turlebot3_ws/src/install/dynamixel_sdk/share/ament_index/resource_index/packages/dynamixel_sdk
[2.172s] -- Installing: /root/ros2_ws/src/turlebot3_ws/src/install/dynamixel_sdk/share/dynamixel_sdk/cmake/ament_cmake_export_include_directories-extras.cmake
[2.172s] -- Installing: /root/ros2_ws/src/turlebot3_ws/src/install/dynamixel_sdk/share/dynamixel_sdk/cmake/ament_cmake_export_libraries-extras.cmake
[2.172s] -- Installing: /root/ros2_ws/src/turlebot3_ws/src/install/dynamixel_sdk/share/dynamixel_sdk/cmake/dynamixel_sdkConfig.cmake
[2.172s] -- Installing: /root/ros2_ws/src/turlebot3_ws/src/install/dynamixel_sdk/share/dynamixel_sdk/cmake/dynamixel_sdkConfig-version.cmake
[2.172s] -- Installing: /root/ros2_ws/src/turlebot3_ws/src/install/dynamixel_sdk/share/dynamixel_sdk/package.xml
[2.175s] Invoked command in '/root/ros2_ws/src/turlebot3_ws/src/build/dynamixel_sdk' returned '0': CMAKE_PREFIX_PATH=/opt/ros/humble /usr/bin/cmake --install /root/ros2_ws/src/turlebot3_ws/src/build/dynamixel_sdk
