[0.014s] Invoking command in '/root/ros2_ws/build/turtlesim': CMAKE_PREFIX_PATH=${CMAKE_PREFIX_PATH}:/opt/ros/humble /usr/bin/cmake --build /root/ros2_ws/build/turtlesim -- -j8 -l8
[0.058s] [  1%] Built target turtlesim__cpp
[0.063s] [ 11%] Built target turtlesim__rosidl_generator_c
[0.075s] [ 11%] Built target ament_cmake_python_copy_turtlesim
[0.084s] [ 21%] Built target turtlesim__rosidl_typesupport_cpp
[0.088s] [ 31%] Built target turtlesim__rosidl_typesupport_introspection_cpp
[0.092s] [ 41%] Built target turtlesim__rosidl_typesupport_fastrtps_cpp
[0.094s] [ 51%] Built target turtlesim__rosidl_typesupport_fastrtps_c
[0.094s] [ 61%] Built target turtlesim__rosidl_typesupport_introspection_c
[0.098s] [ 71%] Built target turtlesim__rosidl_typesupport_c
[0.113s] [ 73%] Built target turtle_teleop_key
[0.113s] [ 75%] Built target draw_square
[0.115s] [ 81%] Built target turtlesim_node
[0.116s] [ 81%] Built target turtlesim
[0.121s] [ 83%] Built target mimic
[0.133s] [ 84%] Built target turtlesim__py
[0.153s] [ 93%] Built target turtlesim__rosidl_generator_py
[0.170s] [ 97%] Built target turtlesim__rosidl_typesupport_c__pyext
[0.170s] [ 97%] Built target turtlesim__rosidl_typesupport_introspection_c__pyext
[0.171s] [100%] Built target turtlesim__rosidl_typesupport_fastrtps_c__pyext
[0.266s] running egg_info
[0.266s] writing turtlesim.egg-info/PKG-INFO
[0.266s] writing dependency_links to turtlesim.egg-info/dependency_links.txt
[0.266s] writing top-level names to turtlesim.egg-info/top_level.txt
[0.268s] reading manifest file 'turtlesim.egg-info/SOURCES.txt'
[0.268s] writing manifest file 'turtlesim.egg-info/SOURCES.txt'
[0.289s] [100%] Built target ament_cmake_python_build_turtlesim_egg
