[0.013s] Invoking command in '/root/ros2_ws/src/project_03/build/project_03': CMAKE_PREFIX_PATH=${CMAKE_PREFIX_PATH}:/root/ros2_ws/install/turtlebot3_teleop:/root/ros2_ws/install/turtlebot3_example:/opt/ros/humble /usr/bin/cmake --build /root/ros2_ws/src/project_03/build/project_03 -- -j8 -l8
[0.048s] [35m[1mConsolidate compiler generated dependencies of target goto_target_node[0m
[0.060s] [ 50%] Built target target_sequence_node
[0.063s] [ 75%] [32mBuilding CXX object CMakeFiles/goto_target_node.dir/src/goto_target_node.cpp.o[0m
[2.164s] [01m[K/root/ros2_ws/src/project_03/src/goto_target_node.cpp:[m[K In member function ‘[01m[Kvoid GotoNode::publish_goto_state(double, double, double, const string&)[m[K’:
[2.164s] [01m[K/root/ros2_ws/src/project_03/src/goto_target_node.cpp:106:51:[m[K [01;35m[Kwarning: [m[Kunused parameter ‘[01m[Ky_offset[m[K’ [[01;35m[K]8;;https://gcc.gnu.org/onlinedocs/gcc/Warning-Options.html#index-Wunused-parameter-Wunused-parameter]8;;[m[K]
[2.164s]   106 |   void publish_goto_state(double x_offset, [01;35m[Kdouble y_offset[m[K, double theta_offset, const std::string& state) {
[2.164s]       |                                            [01;35m[K~~~~~~~^~~~~~~~[m[K
[9.564s] [100%] [32m[1mLinking CXX executable goto_target_node[0m
[10.110s] [100%] Built target goto_target_node
[10.121s] Invoked command in '/root/ros2_ws/src/project_03/build/project_03' returned '0': CMAKE_PREFIX_PATH=${CMAKE_PREFIX_PATH}:/root/ros2_ws/install/turtlebot3_teleop:/root/ros2_ws/install/turtlebot3_example:/opt/ros/humble /usr/bin/cmake --build /root/ros2_ws/src/project_03/build/project_03 -- -j8 -l8
[10.129s] Invoking command in '/root/ros2_ws/src/project_03/build/project_03': CMAKE_PREFIX_PATH=${CMAKE_PREFIX_PATH}:/root/ros2_ws/install/turtlebot3_teleop:/root/ros2_ws/install/turtlebot3_example:/opt/ros/humble /usr/bin/cmake --install /root/ros2_ws/src/project_03/build/project_03
[10.134s] -- Install configuration: ""
[10.134s] -- Installing: /root/ros2_ws/src/project_03/install/project_03/lib/project_03/goto_target_node
[10.138s] -- Set runtime path of "/root/ros2_ws/src/project_03/install/project_03/lib/project_03/goto_target_node" to ""
[10.138s] -- Installing: /root/ros2_ws/src/project_03/install/project_03/lib/project_03/target_sequence_node
[10.139s] -- Set runtime path of "/root/ros2_ws/src/project_03/install/project_03/lib/project_03/target_sequence_node" to ""
[10.140s] -- Installing: /root/ros2_ws/src/project_03/install/project_03/share/ament_index/resource_index/package_run_dependencies/project_03
[10.140s] -- Installing: /root/ros2_ws/src/project_03/install/project_03/share/ament_index/resource_index/parent_prefix_path/project_03
[10.140s] -- Installing: /root/ros2_ws/src/project_03/install/project_03/share/project_03/environment/ament_prefix_path.sh
[10.140s] -- Installing: /root/ros2_ws/src/project_03/install/project_03/share/project_03/environment/ament_prefix_path.dsv
[10.141s] -- Installing: /root/ros2_ws/src/project_03/install/project_03/share/project_03/environment/path.sh
[10.141s] -- Installing: /root/ros2_ws/src/project_03/install/project_03/share/project_03/environment/path.dsv
[10.141s] -- Installing: /root/ros2_ws/src/project_03/install/project_03/share/project_03/local_setup.bash
[10.141s] -- Installing: /root/ros2_ws/src/project_03/install/project_03/share/project_03/local_setup.sh
[10.141s] -- Installing: /root/ros2_ws/src/project_03/install/project_03/share/project_03/local_setup.zsh
[10.142s] -- Installing: /root/ros2_ws/src/project_03/install/project_03/share/project_03/local_setup.dsv
[10.142s] -- Installing: /root/ros2_ws/src/project_03/install/project_03/share/project_03/package.dsv
[10.142s] -- Installing: /root/ros2_ws/src/project_03/install/project_03/share/ament_index/resource_index/packages/project_03
[10.142s] -- Installing: /root/ros2_ws/src/project_03/install/project_03/share/project_03/cmake/ament_cmake_export_dependencies-extras.cmake
[10.142s] -- Installing: /root/ros2_ws/src/project_03/install/project_03/share/project_03/cmake/project_03Config.cmake
[10.142s] -- Installing: /root/ros2_ws/src/project_03/install/project_03/share/project_03/cmake/project_03Config-version.cmake
[10.142s] -- Installing: /root/ros2_ws/src/project_03/install/project_03/share/project_03/package.xml
[10.145s] Invoked command in '/root/ros2_ws/src/project_03/build/project_03' returned '0': CMAKE_PREFIX_PATH=${CMAKE_PREFIX_PATH}:/root/ros2_ws/install/turtlebot3_teleop:/root/ros2_ws/install/turtlebot3_example:/opt/ros/humble /usr/bin/cmake --install /root/ros2_ws/src/project_03/build/project_03
