[0.019s] Invoking command in '/root/ros2_ws/build/turtlesim': CMAKE_PREFIX_PATH=${CMAKE_PREFIX_PATH}:/opt/ros/humble /usr/bin/cmake --build /root/ros2_ws/build/turtlesim -- -j8 -l8
[0.064s] [ 10%] Built target turtlesim__rosidl_generator_c
[0.064s] [ 11%] Built target turtlesim__cpp
[0.078s] [ 11%] Built target ament_cmake_python_copy_turtlesim
[0.091s] [ 21%] Built target turtlesim__rosidl_typesupport_introspection_c
[0.092s] [ 31%] Built target turtlesim__rosidl_typesupport_c
[0.092s] [ 41%] Built target turtlesim__rosidl_typesupport_fastrtps_c
[0.095s] [ 51%] Built target turtlesim__rosidl_typesupport_introspection_cpp
[0.103s] [ 61%] Built target turtlesim__rosidl_typesupport_cpp
[0.104s] [ 71%] Built target turtlesim__rosidl_typesupport_fastrtps_cpp
[0.129s] [ 71%] Built target turtlesim
[0.130s] [ 73%] Built target turtle_teleop_key
[0.131s] [ 77%] Built target mimic
[0.131s] [ 77%] Built target draw_square
[0.139s] [ 83%] Built target turtlesim_node
[0.150s] [ 84%] Built target turtlesim__py
[0.170s] [ 93%] Built target turtlesim__rosidl_generator_py
[0.188s] [100%] Built target turtlesim__rosidl_typesupport_c__pyext
[0.188s] [100%] Built target turtlesim__rosidl_typesupport_fastrtps_c__pyext
[0.188s] [100%] Built target turtlesim__rosidl_typesupport_introspection_c__pyext
[0.288s] running egg_info
[0.288s] writing turtlesim.egg-info/PKG-INFO
[0.288s] writing dependency_links to turtlesim.egg-info/dependency_links.txt
[0.289s] writing top-level names to turtlesim.egg-info/top_level.txt
[0.290s] reading manifest file 'turtlesim.egg-info/SOURCES.txt'
[0.291s] writing manifest file 'turtlesim.egg-info/SOURCES.txt'
[0.314s] [100%] Built target ament_cmake_python_build_turtlesim_egg
