[0.011s] Invoking command in '/root/ros2_ws/build/turtlesim': CMAKE_PREFIX_PATH=/opt/ros/humble /usr/bin/cmake /root/ros2_ws/src/ros_tutorials/turtlesim -DCMAKE_INSTALL_PREFIX=/root/ros2_ws/install/turtlesim
[0.194s] -- The C compiler identification is GNU 11.4.0
[0.524s] -- The CXX compiler identification is GNU 11.4.0
[0.771s] -- Detecting C compiler ABI info
[0.878s] -- Detecting C compiler ABI info - done
[0.883s] -- Check for working C compiler: /usr/bin/cc - skipped
[0.884s] -- Detecting C compile features
[0.885s] -- Detecting C compile features - done
[0.888s] -- Detecting CXX compiler ABI info
[1.000s] -- Detecting CXX compiler ABI info - done
[1.005s] -- Check for working CXX compiler: /usr/bin/c++ - skipped
[1.005s] -- Detecting CXX compile features
[1.006s] -- Detecting CXX compile features - done
[1.020s] -- Found ament_cmake: 1.3.11 (/opt/ros/humble/share/ament_cmake/cmake)
[1.152s] -- Found Python3: /usr/bin/python3 (found version "3.10.12") found components: Interpreter 
[1.289s] -- Found ament_index_cpp: 1.4.0 (/opt/ros/humble/share/ament_index_cpp/cmake)
[1.294s] -- Found geometry_msgs: 4.2.4 (/opt/ros/humble/share/geometry_msgs/cmake)
[1.431s] -- Found rosidl_generator_c: 3.1.6 (/opt/ros/humble/share/rosidl_generator_c/cmake)
[1.439s] -- Found rosidl_adapter: 3.1.6 (/opt/ros/humble/share/rosidl_adapter/cmake)
[1.452s] -- Found rosidl_generator_cpp: 3.1.6 (/opt/ros/humble/share/rosidl_generator_cpp/cmake)
[1.473s] -- Using all available rosidl_typesupport_c: rosidl_typesupport_fastrtps_c;rosidl_typesupport_introspection_c
[1.494s] -- Using all available rosidl_typesupport_cpp: rosidl_typesupport_fastrtps_cpp;rosidl_typesupport_introspection_cpp
[1.624s] -- Found rclcpp: 16.0.11 (/opt/ros/humble/share/rclcpp/cmake)
[1.682s] -- Found rmw_implementation_cmake: 6.1.2 (/opt/ros/humble/share/rmw_implementation_cmake/cmake)
[1.686s] -- Found rmw_fastrtps_cpp: 6.2.7 (/opt/ros/humble/share/rmw_fastrtps_cpp/cmake)
[2.336s] -- Found OpenSSL: /usr/lib/x86_64-linux-gnu/libcrypto.so (found version "3.0.2")  
[3.003s] -- Found FastRTPS: /opt/ros/humble/include  
[4.403s] -- Using RMW implementation 'rmw_fastrtps_cpp' as default
[4.416s] -- Looking for pthread.h
[4.533s] -- Looking for pthread.h - found
[4.533s] -- Performing Test CMAKE_HAVE_LIBC_PTHREAD
[4.645s] -- Performing Test CMAKE_HAVE_LIBC_PTHREAD - Success
[4.646s] -- Found Threads: TRUE  
[4.705s] -- Found rclcpp_action: 16.0.11 (/opt/ros/humble/share/rclcpp_action/cmake)
[4.763s] -- Found rosidl_default_generators: 1.2.0 (/opt/ros/humble/share/rosidl_default_generators/cmake)
[4.780s] -- Found std_srvs: 4.2.4 (/opt/ros/humble/share/std_srvs/cmake)
[5.087s] -- Found ament_cmake_ros: 0.10.0 (/opt/ros/humble/share/ament_cmake_ros/cmake)
[5.377s] -- Using all available rosidl_typesupport_c: rosidl_typesupport_fastrtps_c;rosidl_typesupport_introspection_c
[5.484s] -- Using all available rosidl_typesupport_cpp: rosidl_typesupport_fastrtps_cpp;rosidl_typesupport_introspection_cpp
[5.580s] -- Found PythonInterp: /usr/bin/python3 (found suitable version "3.10.12", minimum required is "3.6") 
[5.583s] -- Found python_cmake_module: 0.10.0 (/opt/ros/humble/share/python_cmake_module/cmake)
[5.824s] -- Found PythonLibs: /usr/lib/x86_64-linux-gnu/libpython3.10.so (found suitable version "3.10.12", minimum required is "3.5") 
[5.825s] -- Using PYTHON_EXECUTABLE: /usr/bin/python3
[5.825s] -- Using PYTHON_INCLUDE_DIRS: /usr/include/python3.10
[5.825s] -- Using PYTHON_LIBRARIES: /usr/lib/x86_64-linux-gnu/libpython3.10.so
[5.843s] -- Found PythonExtra: .so  
[5.939s] -- Configuring done
[6.007s] -- Generating done
[6.022s] -- Build files have been written to: /root/ros2_ws/build/turtlesim
[6.033s] Invoked command in '/root/ros2_ws/build/turtlesim' returned '0': CMAKE_PREFIX_PATH=/opt/ros/humble /usr/bin/cmake /root/ros2_ws/src/ros_tutorials/turtlesim -DCMAKE_INSTALL_PREFIX=/root/ros2_ws/install/turtlesim
[6.037s] Invoking command in '/root/ros2_ws/build/turtlesim': CMAKE_PREFIX_PATH=/opt/ros/humble /usr/bin/cmake --build /root/ros2_ws/build/turtlesim -- -j8 -l8
[6.071s] [  1%] [34m[1mGenerating C code for ROS interfaces[0m
[6.078s] [  2%] [34m[1mGenerating C++ code for ROS interfaces[0m
[6.085s] [  2%] Built target ament_cmake_python_copy_turtlesim
[6.309s] running egg_info
[6.309s] creating turtlesim.egg-info
[6.310s] writing turtlesim.egg-info/PKG-INFO
[6.310s] writing dependency_links to turtlesim.egg-info/dependency_links.txt
[6.310s] writing top-level names to turtlesim.egg-info/top_level.txt
[6.311s] writing manifest file 'turtlesim.egg-info/SOURCES.txt'
[6.314s] reading manifest file 'turtlesim.egg-info/SOURCES.txt'
[6.314s] writing manifest file 'turtlesim.egg-info/SOURCES.txt'
[6.336s] [  2%] Built target ament_cmake_python_build_turtlesim_egg
[7.018s] [  2%] Built target turtlesim__cpp
[7.026s] [  3%] [34m[1mGenerating C++ type support dispatch for ROS interfaces[0m
[7.027s] [  4%] [34m[1mGenerating C++ type support for eProsima Fast-RTPS[0m
[7.027s] [  5%] [34m[1mGenerating C++ introspection for ROS interfaces[0m
[7.033s] [  6%] [32mBuilding C object CMakeFiles/turtlesim__rosidl_generator_c.dir/rosidl_generator_c/turtlesim/msg/detail/color__functions.c.o[0m
[7.034s] [  8%] [32mBuilding C object CMakeFiles/turtlesim__rosidl_generator_c.dir/rosidl_generator_c/turtlesim/action/detail/rotate_absolute__functions.c.o[0m
[7.034s] [  8%] [32mBuilding C object CMakeFiles/turtlesim__rosidl_generator_c.dir/rosidl_generator_c/turtlesim/msg/detail/pose__functions.c.o[0m
[7.034s] [  9%] [32mBuilding C object CMakeFiles/turtlesim__rosidl_generator_c.dir/rosidl_generator_c/turtlesim/srv/detail/kill__functions.c.o[0m
[7.035s] [ 10%] [32mBuilding C object CMakeFiles/turtlesim__rosidl_generator_c.dir/rosidl_generator_c/turtlesim/srv/detail/set_pen__functions.c.o[0m
[7.125s] [ 11%] [32mBuilding C object CMakeFiles/turtlesim__rosidl_generator_c.dir/rosidl_generator_c/turtlesim/srv/detail/spawn__functions.c.o[0m
[7.125s] [ 12%] [32mBuilding C object CMakeFiles/turtlesim__rosidl_generator_c.dir/rosidl_generator_c/turtlesim/srv/detail/teleport_absolute__functions.c.o[0m
[7.132s] [ 13%] [32mBuilding C object CMakeFiles/turtlesim__rosidl_generator_c.dir/rosidl_generator_c/turtlesim/srv/detail/teleport_relative__functions.c.o[0m
[7.232s] [ 14%] [32m[1mLinking C shared library libturtlesim__rosidl_generator_c.so[0m
[7.320s] [ 14%] Built target turtlesim__rosidl_generator_c
[7.328s] [ 16%] [34m[1mGenerating C introspection for ROS interfaces[0m
[7.329s] [ 16%] [34m[1mGenerating C type support for eProsima Fast-RTPS[0m
[7.330s] [ 17%] [34m[1mGenerating C type support dispatch for ROS interfaces[0m
[7.752s] [ 18%] [32mBuilding CXX object CMakeFiles/turtlesim__rosidl_typesupport_cpp.dir/rosidl_typesupport_cpp/turtlesim/msg/color__type_support.cpp.o[0m
[7.753s] [ 19%] [32mBuilding CXX object CMakeFiles/turtlesim__rosidl_typesupport_cpp.dir/rosidl_typesupport_cpp/turtlesim/action/rotate_absolute__type_support.cpp.o[0m
[7.755s] [ 20%] [32mBuilding CXX object CMakeFiles/turtlesim__rosidl_typesupport_cpp.dir/rosidl_typesupport_cpp/turtlesim/msg/pose__type_support.cpp.o[0m
[8.133s] [ 21%] [32mBuilding CXX object CMakeFiles/turtlesim__rosidl_typesupport_introspection_cpp.dir/rosidl_typesupport_introspection_cpp/turtlesim/action/detail/rotate_absolute__type_support.cpp.o[0m
[8.185s] [ 22%] [32mBuilding CXX object CMakeFiles/turtlesim__rosidl_typesupport_c.dir/rosidl_typesupport_c/turtlesim/action/rotate_absolute__type_support.cpp.o[0m
[8.241s] [ 24%] [32mBuilding CXX object CMakeFiles/turtlesim__rosidl_typesupport_cpp.dir/rosidl_typesupport_cpp/turtlesim/srv/kill__type_support.cpp.o[0m
[8.242s] [ 24%] [32mBuilding CXX object CMakeFiles/turtlesim__rosidl_typesupport_introspection_cpp.dir/rosidl_typesupport_introspection_cpp/turtlesim/msg/detail/color__type_support.cpp.o[0m
[8.258s] [ 25%] [32mBuilding CXX object CMakeFiles/turtlesim__rosidl_typesupport_c.dir/rosidl_typesupport_c/turtlesim/msg/color__type_support.cpp.o[0m
[8.294s] [ 26%] [32mBuilding CXX object CMakeFiles/turtlesim__rosidl_typesupport_c.dir/rosidl_typesupport_c/turtlesim/msg/pose__type_support.cpp.o[0m
[8.331s] [ 27%] [32mBuilding CXX object CMakeFiles/turtlesim__rosidl_typesupport_c.dir/rosidl_typesupport_c/turtlesim/srv/kill__type_support.cpp.o[0m
[8.372s] [ 28%] [32mBuilding CXX object CMakeFiles/turtlesim__rosidl_typesupport_c.dir/rosidl_typesupport_c/turtlesim/srv/set_pen__type_support.cpp.o[0m
[8.409s] [ 29%] [32mBuilding CXX object CMakeFiles/turtlesim__rosidl_typesupport_c.dir/rosidl_typesupport_c/turtlesim/srv/spawn__type_support.cpp.o[0m
[8.440s] [ 30%] [32mBuilding CXX object CMakeFiles/turtlesim__rosidl_typesupport_fastrtps_cpp.dir/rosidl_typesupport_fastrtps_cpp/turtlesim/action/detail/dds_fastrtps/rotate_absolute__type_support.cpp.o[0m
[8.454s] [ 31%] [32mBuilding CXX object CMakeFiles/turtlesim__rosidl_typesupport_c.dir/rosidl_typesupport_c/turtlesim/srv/teleport_absolute__type_support.cpp.o[0m
[8.491s] [ 32%] [32mBuilding CXX object CMakeFiles/turtlesim__rosidl_typesupport_c.dir/rosidl_typesupport_c/turtlesim/srv/teleport_relative__type_support.cpp.o[0m
[8.529s] [ 33%] [32m[1mLinking CXX shared library libturtlesim__rosidl_typesupport_c.so[0m
[8.552s] [ 34%] [32mBuilding CXX object CMakeFiles/turtlesim__rosidl_typesupport_cpp.dir/rosidl_typesupport_cpp/turtlesim/srv/set_pen__type_support.cpp.o[0m
[8.611s] [ 35%] [32mBuilding C object CMakeFiles/turtlesim__rosidl_typesupport_introspection_c.dir/rosidl_typesupport_introspection_c/turtlesim/action/detail/rotate_absolute__type_support.c.o[0m
[8.618s] [ 36%] [32mBuilding C object CMakeFiles/turtlesim__rosidl_typesupport_introspection_c.dir/rosidl_typesupport_introspection_c/turtlesim/msg/detail/color__type_support.c.o[0m
[8.639s] [ 36%] Built target turtlesim__rosidl_typesupport_c
[8.671s] [ 37%] [32mBuilding C object CMakeFiles/turtlesim__rosidl_typesupport_introspection_c.dir/rosidl_typesupport_introspection_c/turtlesim/msg/detail/pose__type_support.c.o[0m
[8.673s] [ 38%] [32mBuilding CXX object CMakeFiles/turtlesim__rosidl_typesupport_cpp.dir/rosidl_typesupport_cpp/turtlesim/srv/spawn__type_support.cpp.o[0m
[8.689s] [ 39%] [32mBuilding C object CMakeFiles/turtlesim__rosidl_typesupport_introspection_c.dir/rosidl_typesupport_introspection_c/turtlesim/srv/detail/kill__type_support.c.o[0m
[8.712s] [ 40%] [32mBuilding C object CMakeFiles/turtlesim__rosidl_typesupport_introspection_c.dir/rosidl_typesupport_introspection_c/turtlesim/srv/detail/set_pen__type_support.c.o[0m
[8.734s] [ 41%] [32mBuilding C object CMakeFiles/turtlesim__rosidl_typesupport_introspection_c.dir/rosidl_typesupport_introspection_c/turtlesim/srv/detail/spawn__type_support.c.o[0m
[8.735s] [ 42%] [32mBuilding CXX object CMakeFiles/turtlesim__rosidl_typesupport_fastrtps_c.dir/rosidl_typesupport_fastrtps_c/turtlesim/action/detail/rotate_absolute__type_support_c.cpp.o[0m
[8.764s] [ 43%] [32mBuilding C object CMakeFiles/turtlesim__rosidl_typesupport_introspection_c.dir/rosidl_typesupport_introspection_c/turtlesim/srv/detail/teleport_absolute__type_support.c.o[0m
[8.789s] [ 44%] [32mBuilding C object CMakeFiles/turtlesim__rosidl_typesupport_introspection_c.dir/rosidl_typesupport_introspection_c/turtlesim/srv/detail/teleport_relative__type_support.c.o[0m
[8.802s] [ 45%] [32mBuilding CXX object CMakeFiles/turtlesim__rosidl_typesupport_introspection_cpp.dir/rosidl_typesupport_introspection_cpp/turtlesim/msg/detail/pose__type_support.cpp.o[0m
[8.809s] [ 46%] [32mBuilding CXX object CMakeFiles/turtlesim__rosidl_typesupport_introspection_cpp.dir/rosidl_typesupport_introspection_cpp/turtlesim/srv/detail/kill__type_support.cpp.o[0m
[8.833s] [ 47%] [32m[1mLinking C shared library libturtlesim__rosidl_typesupport_introspection_c.so[0m
[8.945s] [ 48%] [32mBuilding CXX object CMakeFiles/turtlesim__rosidl_typesupport_cpp.dir/rosidl_typesupport_cpp/turtlesim/srv/teleport_absolute__type_support.cpp.o[0m
[8.966s] [ 48%] Built target turtlesim__rosidl_typesupport_introspection_c
[8.977s] [ 49%] [32mBuilding CXX object CMakeFiles/turtlesim__rosidl_typesupport_cpp.dir/rosidl_typesupport_cpp/turtlesim/srv/teleport_relative__type_support.cpp.o[0m
[9.018s] [ 50%] [32mBuilding CXX object CMakeFiles/turtlesim__rosidl_typesupport_introspection_cpp.dir/rosidl_typesupport_introspection_cpp/turtlesim/srv/detail/set_pen__type_support.cpp.o[0m
[9.053s] [ 51%] [32mBuilding CXX object CMakeFiles/turtlesim__rosidl_typesupport_introspection_cpp.dir/rosidl_typesupport_introspection_cpp/turtlesim/srv/detail/spawn__type_support.cpp.o[0m
[9.319s] [ 52%] [32mBuilding CXX object CMakeFiles/turtlesim__rosidl_typesupport_fastrtps_c.dir/rosidl_typesupport_fastrtps_c/turtlesim/msg/detail/color__type_support_c.cpp.o[0m
[9.319s] [ 53%] [32mBuilding CXX object CMakeFiles/turtlesim__rosidl_typesupport_fastrtps_cpp.dir/rosidl_typesupport_fastrtps_cpp/turtlesim/msg/detail/dds_fastrtps/color__type_support.cpp.o[0m
[9.335s] [ 54%] [32mBuilding CXX object CMakeFiles/turtlesim__rosidl_typesupport_fastrtps_cpp.dir/rosidl_typesupport_fastrtps_cpp/turtlesim/msg/detail/dds_fastrtps/pose__type_support.cpp.o[0m
[9.375s] [ 55%] [32m[1mLinking CXX shared library libturtlesim__rosidl_typesupport_cpp.so[0m
[9.387s] [ 56%] [32mBuilding CXX object CMakeFiles/turtlesim__rosidl_typesupport_introspection_cpp.dir/rosidl_typesupport_introspection_cpp/turtlesim/srv/detail/teleport_absolute__type_support.cpp.o[0m
[9.389s] [ 57%] [32mBuilding CXX object CMakeFiles/turtlesim__rosidl_typesupport_introspection_cpp.dir/rosidl_typesupport_introspection_cpp/turtlesim/srv/detail/teleport_relative__type_support.cpp.o[0m
[9.509s] [ 57%] Built target turtlesim__rosidl_typesupport_cpp
[9.521s] [ 58%] [34m[1mGenerating include/turtlesim/moc_turtle_frame.cpp[0m
[9.617s] [ 59%] [32mBuilding CXX object CMakeFiles/turtle_teleop_key.dir/tutorials/teleop_turtle_key.cpp.o[0m
[9.699s] [ 60%] [32mBuilding CXX object CMakeFiles/draw_square.dir/tutorials/draw_square.cpp.o[0m
[9.706s] [ 61%] [32mBuilding CXX object CMakeFiles/turtlesim_node.dir/src/turtlesim.cpp.o[0m
[9.823s] [ 62%] [32mBuilding CXX object CMakeFiles/turtlesim__rosidl_typesupport_fastrtps_c.dir/rosidl_typesupport_fastrtps_c/turtlesim/msg/detail/pose__type_support_c.cpp.o[0m
[9.893s] [ 63%] [32mBuilding CXX object CMakeFiles/turtlesim__rosidl_typesupport_fastrtps_cpp.dir/rosidl_typesupport_fastrtps_cpp/turtlesim/srv/detail/dds_fastrtps/kill__type_support.cpp.o[0m
[9.896s] [ 64%] [32mBuilding CXX object CMakeFiles/turtlesim__rosidl_typesupport_fastrtps_cpp.dir/rosidl_typesupport_fastrtps_cpp/turtlesim/srv/detail/dds_fastrtps/set_pen__type_support.cpp.o[0m
[9.945s] [ 65%] [32mBuilding CXX object CMakeFiles/turtlesim__rosidl_typesupport_fastrtps_cpp.dir/rosidl_typesupport_fastrtps_cpp/turtlesim/srv/detail/dds_fastrtps/spawn__type_support.cpp.o[0m
[9.964s] [ 66%] [32m[1mLinking CXX shared library libturtlesim__rosidl_typesupport_introspection_cpp.so[0m
[10.134s] [ 66%] Built target turtlesim__rosidl_typesupport_introspection_cpp
[10.163s] [ 67%] [32mBuilding CXX object CMakeFiles/mimic.dir/tutorials/mimic.cpp.o[0m
[10.288s] [ 68%] [32mBuilding CXX object CMakeFiles/turtlesim__rosidl_typesupport_fastrtps_c.dir/rosidl_typesupport_fastrtps_c/turtlesim/srv/detail/kill__type_support_c.cpp.o[0m
[10.459s] [ 69%] [32mBuilding CXX object CMakeFiles/turtlesim__rosidl_typesupport_fastrtps_cpp.dir/rosidl_typesupport_fastrtps_cpp/turtlesim/srv/detail/dds_fastrtps/teleport_absolute__type_support.cpp.o[0m
[10.505s] [ 70%] [32mBuilding CXX object CMakeFiles/turtlesim__rosidl_typesupport_fastrtps_cpp.dir/rosidl_typesupport_fastrtps_cpp/turtlesim/srv/detail/dds_fastrtps/teleport_relative__type_support.cpp.o[0m
[10.560s] [ 71%] [32mBuilding CXX object CMakeFiles/turtlesim__rosidl_typesupport_fastrtps_c.dir/rosidl_typesupport_fastrtps_c/turtlesim/srv/detail/set_pen__type_support_c.cpp.o[0m
[10.807s] [ 72%] [32mBuilding CXX object CMakeFiles/turtlesim__rosidl_typesupport_fastrtps_c.dir/rosidl_typesupport_fastrtps_c/turtlesim/srv/detail/spawn__type_support_c.cpp.o[0m
[11.124s] [ 73%] [32mBuilding CXX object CMakeFiles/turtlesim__rosidl_typesupport_fastrtps_c.dir/rosidl_typesupport_fastrtps_c/turtlesim/srv/detail/teleport_absolute__type_support_c.cpp.o[0m
[11.136s] [ 74%] [32mBuilding CXX object CMakeFiles/turtlesim__rosidl_typesupport_fastrtps_c.dir/rosidl_typesupport_fastrtps_c/turtlesim/srv/detail/teleport_relative__type_support_c.cpp.o[0m
[11.189s] [ 75%] [32m[1mLinking CXX shared library libturtlesim__rosidl_typesupport_fastrtps_cpp.so[0m
[11.383s] [ 76%] [32mBuilding CXX object CMakeFiles/turtlesim_node.dir/src/turtle.cpp.o[0m
[11.386s] [ 76%] Built target turtlesim__rosidl_typesupport_fastrtps_cpp
[11.396s] [ 77%] [32mBuilding CXX object CMakeFiles/turtlesim_node.dir/src/turtle_frame.cpp.o[0m
[11.637s] [ 78%] [32mBuilding CXX object CMakeFiles/turtlesim_node.dir/include/turtlesim/moc_turtle_frame.cpp.o[0m
[11.667s] [ 79%] [32m[1mLinking CXX shared library libturtlesim__rosidl_typesupport_fastrtps_c.so[0m
[11.884s] [ 79%] Built target turtlesim__rosidl_typesupport_fastrtps_c
[11.912s] [ 79%] Built target turtlesim
[11.936s] [ 80%] [34m[1mGenerating Python code for ROS interfaces[0m
[15.316s] [ 80%] Built target turtlesim__py
[15.348s] [ 81%] [32mBuilding C object CMakeFiles/turtlesim__rosidl_generator_py.dir/rosidl_generator_py/turtlesim/action/_rotate_absolute_s.c.o[0m
[15.663s] [ 82%] [32mBuilding C object CMakeFiles/turtlesim__rosidl_generator_py.dir/rosidl_generator_py/turtlesim/msg/_color_s.c.o[0m
[15.823s] [ 83%] [32mBuilding C object CMakeFiles/turtlesim__rosidl_generator_py.dir/rosidl_generator_py/turtlesim/msg/_pose_s.c.o[0m
[16.006s] [ 84%] [32mBuilding C object CMakeFiles/turtlesim__rosidl_generator_py.dir/rosidl_generator_py/turtlesim/srv/_kill_s.c.o[0m
[16.187s] [ 85%] [32mBuilding C object CMakeFiles/turtlesim__rosidl_generator_py.dir/rosidl_generator_py/turtlesim/srv/_set_pen_s.c.o[0m
[16.372s] [ 86%] [32mBuilding C object CMakeFiles/turtlesim__rosidl_generator_py.dir/rosidl_generator_py/turtlesim/srv/_spawn_s.c.o[0m
[16.588s] [ 87%] [32mBuilding C object CMakeFiles/turtlesim__rosidl_generator_py.dir/rosidl_generator_py/turtlesim/srv/_teleport_absolute_s.c.o[0m
[16.846s] [ 88%] [32mBuilding C object CMakeFiles/turtlesim__rosidl_generator_py.dir/rosidl_generator_py/turtlesim/srv/_teleport_relative_s.c.o[0m
[17.137s] [ 89%] [32m[1mLinking C shared library rosidl_generator_py/turtlesim/libturtlesim__rosidl_generator_py.so[0m
[17.384s] [ 89%] Built target turtlesim__rosidl_generator_py
[17.434s] [ 90%] [32mBuilding C object CMakeFiles/turtlesim__rosidl_typesupport_fastrtps_c__pyext.dir/rosidl_generator_py/turtlesim/_turtlesim_s.ep.rosidl_typesupport_fastrtps_c.c.o[0m
[17.806s] [ 91%] [32mBuilding C object CMakeFiles/turtlesim__rosidl_typesupport_introspection_c__pyext.dir/rosidl_generator_py/turtlesim/_turtlesim_s.ep.rosidl_typesupport_introspection_c.c.o[0m
[17.987s] [ 92%] [32m[1mLinking C shared library rosidl_generator_py/turtlesim/turtlesim_s__rosidl_typesupport_fastrtps_c.cpython-310-x86_64-linux-gnu.so[0m
[18.291s] [ 92%] Built target turtlesim__rosidl_typesupport_fastrtps_c__pyext
[18.321s] [ 93%] [32m[1mLinking C shared library rosidl_generator_py/turtlesim/turtlesim_s__rosidl_typesupport_introspection_c.cpython-310-x86_64-linux-gnu.so[0m
[18.347s] [ 94%] [32mBuilding C object CMakeFiles/turtlesim__rosidl_typesupport_c__pyext.dir/rosidl_generator_py/turtlesim/_turtlesim_s.ep.rosidl_typesupport_c.c.o[0m
[18.573s] [ 94%] Built target turtlesim__rosidl_typesupport_introspection_c__pyext
[18.806s] [ 95%] [32m[1mLinking C shared library rosidl_generator_py/turtlesim/turtlesim_s__rosidl_typesupport_c.cpython-310-x86_64-linux-gnu.so[0m
[19.004s] [ 95%] Built target turtlesim__rosidl_typesupport_c__pyext
[21.387s] [ 96%] [32m[1mLinking CXX executable turtle_teleop_key[0m
[22.017s] [ 96%] Built target turtle_teleop_key
[26.584s] [ 97%] [32m[1mLinking CXX executable mimic[0m
[27.365s] [ 97%] Built target mimic
[27.438s] [ 98%] [32m[1mLinking CXX executable draw_square[0m
[28.199s] [ 98%] Built target draw_square
[32.157s] [100%] [32m[1mLinking CXX executable turtlesim_node[0m
[34.160s] [100%] Built target turtlesim_node
[34.172s] Invoked command in '/root/ros2_ws/build/turtlesim' returned '0': CMAKE_PREFIX_PATH=/opt/ros/humble /usr/bin/cmake --build /root/ros2_ws/build/turtlesim -- -j8 -l8
[34.185s] Invoking command in '/root/ros2_ws/build/turtlesim': CMAKE_PREFIX_PATH=/opt/ros/humble /usr/bin/cmake --install /root/ros2_ws/build/turtlesim
[34.191s] -- Install configuration: ""
[34.191s] -- Installing: /root/ros2_ws/install/turtlesim/share/ament_index/resource_index/rosidl_interfaces/turtlesim
[34.191s] -- Installing: /root/ros2_ws/install/turtlesim/include/turtlesim/turtlesim
[34.192s] -- Installing: /root/ros2_ws/install/turtlesim/include/turtlesim/turtlesim/srv
[34.192s] -- Installing: /root/ros2_ws/install/turtlesim/include/turtlesim/turtlesim/srv/kill.h
[34.192s] -- Installing: /root/ros2_ws/install/turtlesim/include/turtlesim/turtlesim/srv/teleport_absolute.h
[34.192s] -- Installing: /root/ros2_ws/install/turtlesim/include/turtlesim/turtlesim/srv/spawn.h
[34.193s] -- Installing: /root/ros2_ws/install/turtlesim/include/turtlesim/turtlesim/srv/set_pen.h
[34.193s] -- Installing: /root/ros2_ws/install/turtlesim/include/turtlesim/turtlesim/srv/detail
[34.193s] -- Installing: /root/ros2_ws/install/turtlesim/include/turtlesim/turtlesim/srv/detail/teleport_absolute__functions.h
[34.193s] -- Installing: /root/ros2_ws/install/turtlesim/include/turtlesim/turtlesim/srv/detail/spawn__type_support.h
[34.193s] -- Installing: /root/ros2_ws/install/turtlesim/include/turtlesim/turtlesim/srv/detail/teleport_relative__type_support.h
[34.193s] -- Installing: /root/ros2_ws/install/turtlesim/include/turtlesim/turtlesim/srv/detail/teleport_absolute__type_support.h
[34.193s] -- Installing: /root/ros2_ws/install/turtlesim/include/turtlesim/turtlesim/srv/detail/set_pen__struct.h
[34.194s] -- Installing: /root/ros2_ws/install/turtlesim/include/turtlesim/turtlesim/srv/detail/kill__struct.h
[34.194s] -- Installing: /root/ros2_ws/install/turtlesim/include/turtlesim/turtlesim/srv/detail/teleport_relative__functions.h
[34.194s] -- Installing: /root/ros2_ws/install/turtlesim/include/turtlesim/turtlesim/srv/detail/teleport_absolute__functions.c
[34.194s] -- Installing: /root/ros2_ws/install/turtlesim/include/turtlesim/turtlesim/srv/detail/teleport_absolute__struct.h
[34.194s] -- Installing: /root/ros2_ws/install/turtlesim/include/turtlesim/turtlesim/srv/detail/spawn__functions.c
[34.195s] -- Installing: /root/ros2_ws/install/turtlesim/include/turtlesim/turtlesim/srv/detail/teleport_relative__functions.c
[34.195s] -- Installing: /root/ros2_ws/install/turtlesim/include/turtlesim/turtlesim/srv/detail/spawn__struct.h
[34.195s] -- Installing: /root/ros2_ws/install/turtlesim/include/turtlesim/turtlesim/srv/detail/teleport_relative__struct.h
[34.195s] -- Installing: /root/ros2_ws/install/turtlesim/include/turtlesim/turtlesim/srv/detail/kill__functions.h
[34.195s] -- Installing: /root/ros2_ws/install/turtlesim/include/turtlesim/turtlesim/srv/detail/kill__type_support.h
[34.196s] -- Installing: /root/ros2_ws/install/turtlesim/include/turtlesim/turtlesim/srv/detail/set_pen__functions.c
[34.196s] -- Installing: /root/ros2_ws/install/turtlesim/include/turtlesim/turtlesim/srv/detail/set_pen__type_support.h
[34.196s] -- Installing: /root/ros2_ws/install/turtlesim/include/turtlesim/turtlesim/srv/detail/set_pen__functions.h
[34.196s] -- Installing: /root/ros2_ws/install/turtlesim/include/turtlesim/turtlesim/srv/detail/spawn__functions.h
[34.196s] -- Installing: /root/ros2_ws/install/turtlesim/include/turtlesim/turtlesim/srv/detail/kill__functions.c
[34.196s] -- Installing: /root/ros2_ws/install/turtlesim/include/turtlesim/turtlesim/srv/teleport_relative.h
[34.196s] -- Installing: /root/ros2_ws/install/turtlesim/include/turtlesim/turtlesim/msg
[34.197s] -- Installing: /root/ros2_ws/install/turtlesim/include/turtlesim/turtlesim/msg/pose.h
[34.197s] -- Installing: /root/ros2_ws/install/turtlesim/include/turtlesim/turtlesim/msg/color.h
[34.197s] -- Installing: /root/ros2_ws/install/turtlesim/include/turtlesim/turtlesim/msg/rosidl_generator_c__visibility_control.h
[34.197s] -- Installing: /root/ros2_ws/install/turtlesim/include/turtlesim/turtlesim/msg/detail
[34.197s] -- Installing: /root/ros2_ws/install/turtlesim/include/turtlesim/turtlesim/msg/detail/pose__functions.h
[34.197s] -- Installing: /root/ros2_ws/install/turtlesim/include/turtlesim/turtlesim/msg/detail/pose__struct.h
[34.197s] -- Installing: /root/ros2_ws/install/turtlesim/include/turtlesim/turtlesim/msg/detail/color__struct.h
[34.197s] -- Installing: /root/ros2_ws/install/turtlesim/include/turtlesim/turtlesim/msg/detail/pose__functions.c
[34.198s] -- Installing: /root/ros2_ws/install/turtlesim/include/turtlesim/turtlesim/msg/detail/color__functions.h
[34.198s] -- Installing: /root/ros2_ws/install/turtlesim/include/turtlesim/turtlesim/msg/detail/color__functions.c
[34.198s] -- Installing: /root/ros2_ws/install/turtlesim/include/turtlesim/turtlesim/msg/detail/color__type_support.h
[34.198s] -- Installing: /root/ros2_ws/install/turtlesim/include/turtlesim/turtlesim/msg/detail/pose__type_support.h
[34.198s] -- Installing: /root/ros2_ws/install/turtlesim/include/turtlesim/turtlesim/action
[34.198s] -- Installing: /root/ros2_ws/install/turtlesim/include/turtlesim/turtlesim/action/rotate_absolute.h
[34.198s] -- Installing: /root/ros2_ws/install/turtlesim/include/turtlesim/turtlesim/action/detail
[34.199s] -- Installing: /root/ros2_ws/install/turtlesim/include/turtlesim/turtlesim/action/detail/rotate_absolute__functions.c
[34.199s] -- Installing: /root/ros2_ws/install/turtlesim/include/turtlesim/turtlesim/action/detail/rotate_absolute__type_support.h
[34.199s] -- Installing: /root/ros2_ws/install/turtlesim/include/turtlesim/turtlesim/action/detail/rotate_absolute__functions.h
[34.199s] -- Installing: /root/ros2_ws/install/turtlesim/include/turtlesim/turtlesim/action/detail/rotate_absolute__struct.h
[34.199s] -- Installing: /root/ros2_ws/install/turtlesim/share/turtlesim/environment/library_path.sh
[34.199s] -- Installing: /root/ros2_ws/install/turtlesim/share/turtlesim/environment/library_path.dsv
[34.199s] -- Installing: /root/ros2_ws/install/turtlesim/lib/libturtlesim__rosidl_generator_c.so
[34.200s] -- Set runtime path of "/root/ros2_ws/install/turtlesim/lib/libturtlesim__rosidl_generator_c.so" to ""
[34.200s] -- Up-to-date: /root/ros2_ws/install/turtlesim/include/turtlesim/turtlesim
[34.200s] -- Up-to-date: /root/ros2_ws/install/turtlesim/include/turtlesim/turtlesim/srv
[34.200s] -- Up-to-date: /root/ros2_ws/install/turtlesim/include/turtlesim/turtlesim/srv/detail
[34.200s] -- Installing: /root/ros2_ws/install/turtlesim/include/turtlesim/turtlesim/srv/detail/spawn__rosidl_typesupport_fastrtps_c.h
[34.200s] -- Installing: /root/ros2_ws/install/turtlesim/include/turtlesim/turtlesim/srv/detail/teleport_relative__rosidl_typesupport_fastrtps_c.h
[34.201s] -- Installing: /root/ros2_ws/install/turtlesim/include/turtlesim/turtlesim/srv/detail/kill__rosidl_typesupport_fastrtps_c.h
[34.201s] -- Installing: /root/ros2_ws/install/turtlesim/include/turtlesim/turtlesim/srv/detail/teleport_absolute__rosidl_typesupport_fastrtps_c.h
[34.201s] -- Installing: /root/ros2_ws/install/turtlesim/include/turtlesim/turtlesim/srv/detail/set_pen__rosidl_typesupport_fastrtps_c.h
[34.201s] -- Up-to-date: /root/ros2_ws/install/turtlesim/include/turtlesim/turtlesim/msg
[34.201s] -- Installing: /root/ros2_ws/install/turtlesim/include/turtlesim/turtlesim/msg/rosidl_typesupport_fastrtps_c__visibility_control.h
[34.202s] -- Up-to-date: /root/ros2_ws/install/turtlesim/include/turtlesim/turtlesim/msg/detail
[34.202s] -- Installing: /root/ros2_ws/install/turtlesim/include/turtlesim/turtlesim/msg/detail/color__rosidl_typesupport_fastrtps_c.h
[34.202s] -- Installing: /root/ros2_ws/install/turtlesim/include/turtlesim/turtlesim/msg/detail/pose__rosidl_typesupport_fastrtps_c.h
[34.202s] -- Up-to-date: /root/ros2_ws/install/turtlesim/include/turtlesim/turtlesim/action
[34.202s] -- Up-to-date: /root/ros2_ws/install/turtlesim/include/turtlesim/turtlesim/action/detail
[34.202s] -- Installing: /root/ros2_ws/install/turtlesim/include/turtlesim/turtlesim/action/detail/rotate_absolute__rosidl_typesupport_fastrtps_c.h
[34.203s] -- Installing: /root/ros2_ws/install/turtlesim/lib/libturtlesim__rosidl_typesupport_fastrtps_c.so
[34.203s] -- Set runtime path of "/root/ros2_ws/install/turtlesim/lib/libturtlesim__rosidl_typesupport_fastrtps_c.so" to ""
[34.203s] -- Up-to-date: /root/ros2_ws/install/turtlesim/include/turtlesim/turtlesim
[34.204s] -- Up-to-date: /root/ros2_ws/install/turtlesim/include/turtlesim/turtlesim/srv
[34.204s] -- Installing: /root/ros2_ws/install/turtlesim/include/turtlesim/turtlesim/srv/teleport_relative.hpp
[34.204s] -- Installing: /root/ros2_ws/install/turtlesim/include/turtlesim/turtlesim/srv/set_pen.hpp
[34.204s] -- Installing: /root/ros2_ws/install/turtlesim/include/turtlesim/turtlesim/srv/teleport_absolute.hpp
[34.204s] -- Installing: /root/ros2_ws/install/turtlesim/include/turtlesim/turtlesim/srv/spawn.hpp
[34.205s] -- Installing: /root/ros2_ws/install/turtlesim/include/turtlesim/turtlesim/srv/kill.hpp
[34.205s] -- Up-to-date: /root/ros2_ws/install/turtlesim/include/turtlesim/turtlesim/srv/detail
[34.205s] -- Installing: /root/ros2_ws/install/turtlesim/include/turtlesim/turtlesim/srv/detail/teleport_relative__type_support.hpp
[34.205s] -- Installing: /root/ros2_ws/install/turtlesim/include/turtlesim/turtlesim/srv/detail/spawn__traits.hpp
[34.206s] -- Installing: /root/ros2_ws/install/turtlesim/include/turtlesim/turtlesim/srv/detail/spawn__builder.hpp
[34.206s] -- Installing: /root/ros2_ws/install/turtlesim/include/turtlesim/turtlesim/srv/detail/teleport_relative__struct.hpp
[34.206s] -- Installing: /root/ros2_ws/install/turtlesim/include/turtlesim/turtlesim/srv/detail/kill__struct.hpp
[34.206s] -- Installing: /root/ros2_ws/install/turtlesim/include/turtlesim/turtlesim/srv/detail/set_pen__type_support.hpp
[34.207s] -- Installing: /root/ros2_ws/install/turtlesim/include/turtlesim/turtlesim/srv/detail/teleport_absolute__builder.hpp
[34.207s] -- Installing: /root/ros2_ws/install/turtlesim/include/turtlesim/turtlesim/srv/detail/kill__type_support.hpp
[34.207s] -- Installing: /root/ros2_ws/install/turtlesim/include/turtlesim/turtlesim/srv/detail/teleport_absolute__traits.hpp
[34.207s] -- Installing: /root/ros2_ws/install/turtlesim/include/turtlesim/turtlesim/srv/detail/set_pen__struct.hpp
[34.207s] -- Installing: /root/ros2_ws/install/turtlesim/include/turtlesim/turtlesim/srv/detail/kill__traits.hpp
[34.207s] -- Installing: /root/ros2_ws/install/turtlesim/include/turtlesim/turtlesim/srv/detail/kill__builder.hpp
[34.208s] -- Installing: /root/ros2_ws/install/turtlesim/include/turtlesim/turtlesim/srv/detail/spawn__struct.hpp
[34.208s] -- Installing: /root/ros2_ws/install/turtlesim/include/turtlesim/turtlesim/srv/detail/set_pen__traits.hpp
[34.208s] -- Installing: /root/ros2_ws/install/turtlesim/include/turtlesim/turtlesim/srv/detail/teleport_relative__traits.hpp
[34.208s] -- Installing: /root/ros2_ws/install/turtlesim/include/turtlesim/turtlesim/srv/detail/spawn__type_support.hpp
[34.208s] -- Installing: /root/ros2_ws/install/turtlesim/include/turtlesim/turtlesim/srv/detail/teleport_absolute__type_support.hpp
[34.209s] -- Installing: /root/ros2_ws/install/turtlesim/include/turtlesim/turtlesim/srv/detail/teleport_relative__builder.hpp
[34.209s] -- Installing: /root/ros2_ws/install/turtlesim/include/turtlesim/turtlesim/srv/detail/teleport_absolute__struct.hpp
[34.209s] -- Installing: /root/ros2_ws/install/turtlesim/include/turtlesim/turtlesim/srv/detail/set_pen__builder.hpp
[34.209s] -- Up-to-date: /root/ros2_ws/install/turtlesim/include/turtlesim/turtlesim/msg
[34.209s] -- Installing: /root/ros2_ws/install/turtlesim/include/turtlesim/turtlesim/msg/pose.hpp
[34.209s] -- Installing: /root/ros2_ws/install/turtlesim/include/turtlesim/turtlesim/msg/rosidl_generator_cpp__visibility_control.hpp
[34.209s] -- Up-to-date: /root/ros2_ws/install/turtlesim/include/turtlesim/turtlesim/msg/detail
[34.210s] -- Installing: /root/ros2_ws/install/turtlesim/include/turtlesim/turtlesim/msg/detail/pose__type_support.hpp
[34.210s] -- Installing: /root/ros2_ws/install/turtlesim/include/turtlesim/turtlesim/msg/detail/pose__traits.hpp
[34.210s] -- Installing: /root/ros2_ws/install/turtlesim/include/turtlesim/turtlesim/msg/detail/pose__builder.hpp
[34.210s] -- Installing: /root/ros2_ws/install/turtlesim/include/turtlesim/turtlesim/msg/detail/color__struct.hpp
[34.210s] -- Installing: /root/ros2_ws/install/turtlesim/include/turtlesim/turtlesim/msg/detail/color__type_support.hpp
[34.210s] -- Installing: /root/ros2_ws/install/turtlesim/include/turtlesim/turtlesim/msg/detail/color__traits.hpp
[34.210s] -- Installing: /root/ros2_ws/install/turtlesim/include/turtlesim/turtlesim/msg/detail/pose__struct.hpp
[34.210s] -- Installing: /root/ros2_ws/install/turtlesim/include/turtlesim/turtlesim/msg/detail/color__builder.hpp
[34.210s] -- Installing: /root/ros2_ws/install/turtlesim/include/turtlesim/turtlesim/msg/color.hpp
[34.210s] -- Up-to-date: /root/ros2_ws/install/turtlesim/include/turtlesim/turtlesim/action
[34.210s] -- Installing: /root/ros2_ws/install/turtlesim/include/turtlesim/turtlesim/action/rotate_absolute.hpp
[34.211s] -- Up-to-date: /root/ros2_ws/install/turtlesim/include/turtlesim/turtlesim/action/detail
[34.211s] -- Installing: /root/ros2_ws/install/turtlesim/include/turtlesim/turtlesim/action/detail/rotate_absolute__traits.hpp
[34.211s] -- Installing: /root/ros2_ws/install/turtlesim/include/turtlesim/turtlesim/action/detail/rotate_absolute__struct.hpp
[34.212s] -- Installing: /root/ros2_ws/install/turtlesim/include/turtlesim/turtlesim/action/detail/rotate_absolute__type_support.hpp
[34.212s] -- Installing: /root/ros2_ws/install/turtlesim/include/turtlesim/turtlesim/action/detail/rotate_absolute__builder.hpp
[34.212s] -- Up-to-date: /root/ros2_ws/install/turtlesim/include/turtlesim/turtlesim
[34.212s] -- Up-to-date: /root/ros2_ws/install/turtlesim/include/turtlesim/turtlesim/srv
[34.212s] -- Up-to-date: /root/ros2_ws/install/turtlesim/include/turtlesim/turtlesim/srv/detail
[34.212s] -- Installing: /root/ros2_ws/install/turtlesim/include/turtlesim/turtlesim/srv/detail/spawn__rosidl_typesupport_fastrtps_cpp.hpp
[34.212s] -- Installing: /root/ros2_ws/install/turtlesim/include/turtlesim/turtlesim/srv/detail/teleport_relative__rosidl_typesupport_fastrtps_cpp.hpp
[34.213s] -- Installing: /root/ros2_ws/install/turtlesim/include/turtlesim/turtlesim/srv/detail/teleport_absolute__rosidl_typesupport_fastrtps_cpp.hpp
[34.213s] -- Installing: /root/ros2_ws/install/turtlesim/include/turtlesim/turtlesim/srv/detail/dds_fastrtps
[34.213s] -- Installing: /root/ros2_ws/install/turtlesim/include/turtlesim/turtlesim/srv/detail/set_pen__rosidl_typesupport_fastrtps_cpp.hpp
[34.213s] -- Installing: /root/ros2_ws/install/turtlesim/include/turtlesim/turtlesim/srv/detail/kill__rosidl_typesupport_fastrtps_cpp.hpp
[34.213s] -- Up-to-date: /root/ros2_ws/install/turtlesim/include/turtlesim/turtlesim/msg
[34.213s] -- Installing: /root/ros2_ws/install/turtlesim/include/turtlesim/turtlesim/msg/rosidl_typesupport_fastrtps_cpp__visibility_control.h
[34.213s] -- Up-to-date: /root/ros2_ws/install/turtlesim/include/turtlesim/turtlesim/msg/detail
[34.214s] -- Installing: /root/ros2_ws/install/turtlesim/include/turtlesim/turtlesim/msg/detail/pose__rosidl_typesupport_fastrtps_cpp.hpp
[34.214s] -- Installing: /root/ros2_ws/install/turtlesim/include/turtlesim/turtlesim/msg/detail/dds_fastrtps
[34.214s] -- Installing: /root/ros2_ws/install/turtlesim/include/turtlesim/turtlesim/msg/detail/color__rosidl_typesupport_fastrtps_cpp.hpp
[34.214s] -- Up-to-date: /root/ros2_ws/install/turtlesim/include/turtlesim/turtlesim/action
[34.214s] -- Up-to-date: /root/ros2_ws/install/turtlesim/include/turtlesim/turtlesim/action/detail
[34.214s] -- Installing: /root/ros2_ws/install/turtlesim/include/turtlesim/turtlesim/action/detail/rotate_absolute__rosidl_typesupport_fastrtps_cpp.hpp
[34.214s] -- Installing: /root/ros2_ws/install/turtlesim/include/turtlesim/turtlesim/action/detail/dds_fastrtps
[34.214s] -- Installing: /root/ros2_ws/install/turtlesim/lib/libturtlesim__rosidl_typesupport_fastrtps_cpp.so
[34.215s] -- Set runtime path of "/root/ros2_ws/install/turtlesim/lib/libturtlesim__rosidl_typesupport_fastrtps_cpp.so" to ""
[34.215s] -- Up-to-date: /root/ros2_ws/install/turtlesim/include/turtlesim/turtlesim
[34.215s] -- Up-to-date: /root/ros2_ws/install/turtlesim/include/turtlesim/turtlesim/srv
[34.215s] -- Up-to-date: /root/ros2_ws/install/turtlesim/include/turtlesim/turtlesim/srv/detail
[34.215s] -- Installing: /root/ros2_ws/install/turtlesim/include/turtlesim/turtlesim/srv/detail/set_pen__type_support.c
[34.215s] -- Installing: /root/ros2_ws/install/turtlesim/include/turtlesim/turtlesim/srv/detail/kill__rosidl_typesupport_introspection_c.h
[34.215s] -- Installing: /root/ros2_ws/install/turtlesim/include/turtlesim/turtlesim/srv/detail/teleport_absolute__rosidl_typesupport_introspection_c.h
[34.215s] -- Installing: /root/ros2_ws/install/turtlesim/include/turtlesim/turtlesim/srv/detail/spawn__type_support.c
[34.215s] -- Installing: /root/ros2_ws/install/turtlesim/include/turtlesim/turtlesim/srv/detail/set_pen__rosidl_typesupport_introspection_c.h
[34.215s] -- Installing: /root/ros2_ws/install/turtlesim/include/turtlesim/turtlesim/srv/detail/teleport_absolute__type_support.c
[34.216s] -- Installing: /root/ros2_ws/install/turtlesim/include/turtlesim/turtlesim/srv/detail/teleport_relative__type_support.c
[34.216s] -- Installing: /root/ros2_ws/install/turtlesim/include/turtlesim/turtlesim/srv/detail/spawn__rosidl_typesupport_introspection_c.h
[34.216s] -- Installing: /root/ros2_ws/install/turtlesim/include/turtlesim/turtlesim/srv/detail/teleport_relative__rosidl_typesupport_introspection_c.h
[34.216s] -- Installing: /root/ros2_ws/install/turtlesim/include/turtlesim/turtlesim/srv/detail/kill__type_support.c
[34.216s] -- Up-to-date: /root/ros2_ws/install/turtlesim/include/turtlesim/turtlesim/msg
[34.216s] -- Installing: /root/ros2_ws/install/turtlesim/include/turtlesim/turtlesim/msg/rosidl_typesupport_introspection_c__visibility_control.h
[34.216s] -- Up-to-date: /root/ros2_ws/install/turtlesim/include/turtlesim/turtlesim/msg/detail
[34.216s] -- Installing: /root/ros2_ws/install/turtlesim/include/turtlesim/turtlesim/msg/detail/color__type_support.c
[34.217s] -- Installing: /root/ros2_ws/install/turtlesim/include/turtlesim/turtlesim/msg/detail/pose__rosidl_typesupport_introspection_c.h
[34.217s] -- Installing: /root/ros2_ws/install/turtlesim/include/turtlesim/turtlesim/msg/detail/color__rosidl_typesupport_introspection_c.h
[34.217s] -- Installing: /root/ros2_ws/install/turtlesim/include/turtlesim/turtlesim/msg/detail/pose__type_support.c
[34.217s] -- Up-to-date: /root/ros2_ws/install/turtlesim/include/turtlesim/turtlesim/action
[34.217s] -- Up-to-date: /root/ros2_ws/install/turtlesim/include/turtlesim/turtlesim/action/detail
[34.217s] -- Installing: /root/ros2_ws/install/turtlesim/include/turtlesim/turtlesim/action/detail/rotate_absolute__type_support.c
[34.217s] -- Installing: /root/ros2_ws/install/turtlesim/include/turtlesim/turtlesim/action/detail/rotate_absolute__rosidl_typesupport_introspection_c.h
[34.218s] -- Installing: /root/ros2_ws/install/turtlesim/lib/libturtlesim__rosidl_typesupport_introspection_c.so
[34.218s] -- Set runtime path of "/root/ros2_ws/install/turtlesim/lib/libturtlesim__rosidl_typesupport_introspection_c.so" to ""
[34.218s] -- Installing: /root/ros2_ws/install/turtlesim/lib/libturtlesim__rosidl_typesupport_c.so
[34.218s] -- Set runtime path of "/root/ros2_ws/install/turtlesim/lib/libturtlesim__rosidl_typesupport_c.so" to ""
[34.218s] -- Up-to-date: /root/ros2_ws/install/turtlesim/include/turtlesim/turtlesim
[34.218s] -- Up-to-date: /root/ros2_ws/install/turtlesim/include/turtlesim/turtlesim/srv
[34.218s] -- Up-to-date: /root/ros2_ws/install/turtlesim/include/turtlesim/turtlesim/srv/detail
[34.218s] -- Installing: /root/ros2_ws/install/turtlesim/include/turtlesim/turtlesim/srv/detail/kill__type_support.cpp
[34.219s] -- Installing: /root/ros2_ws/install/turtlesim/include/turtlesim/turtlesim/srv/detail/set_pen__type_support.cpp
[34.219s] -- Installing: /root/ros2_ws/install/turtlesim/include/turtlesim/turtlesim/srv/detail/spawn__type_support.cpp
[34.219s] -- Installing: /root/ros2_ws/install/turtlesim/include/turtlesim/turtlesim/srv/detail/teleport_relative__type_support.cpp
[34.219s] -- Installing: /root/ros2_ws/install/turtlesim/include/turtlesim/turtlesim/srv/detail/teleport_absolute__type_support.cpp
[34.219s] -- Installing: /root/ros2_ws/install/turtlesim/include/turtlesim/turtlesim/srv/detail/teleport_absolute__rosidl_typesupport_introspection_cpp.hpp
[34.219s] -- Installing: /root/ros2_ws/install/turtlesim/include/turtlesim/turtlesim/srv/detail/set_pen__rosidl_typesupport_introspection_cpp.hpp
[34.219s] -- Installing: /root/ros2_ws/install/turtlesim/include/turtlesim/turtlesim/srv/detail/kill__rosidl_typesupport_introspection_cpp.hpp
[34.219s] -- Installing: /root/ros2_ws/install/turtlesim/include/turtlesim/turtlesim/srv/detail/spawn__rosidl_typesupport_introspection_cpp.hpp
[34.219s] -- Installing: /root/ros2_ws/install/turtlesim/include/turtlesim/turtlesim/srv/detail/teleport_relative__rosidl_typesupport_introspection_cpp.hpp
[34.219s] -- Up-to-date: /root/ros2_ws/install/turtlesim/include/turtlesim/turtlesim/msg
[34.219s] -- Up-to-date: /root/ros2_ws/install/turtlesim/include/turtlesim/turtlesim/msg/detail
[34.219s] -- Installing: /root/ros2_ws/install/turtlesim/include/turtlesim/turtlesim/msg/detail/color__rosidl_typesupport_introspection_cpp.hpp
[34.220s] -- Installing: /root/ros2_ws/install/turtlesim/include/turtlesim/turtlesim/msg/detail/pose__rosidl_typesupport_introspection_cpp.hpp
[34.220s] -- Installing: /root/ros2_ws/install/turtlesim/include/turtlesim/turtlesim/msg/detail/color__type_support.cpp
[34.220s] -- Installing: /root/ros2_ws/install/turtlesim/include/turtlesim/turtlesim/msg/detail/pose__type_support.cpp
[34.220s] -- Up-to-date: /root/ros2_ws/install/turtlesim/include/turtlesim/turtlesim/action
[34.220s] -- Up-to-date: /root/ros2_ws/install/turtlesim/include/turtlesim/turtlesim/action/detail
[34.220s] -- Installing: /root/ros2_ws/install/turtlesim/include/turtlesim/turtlesim/action/detail/rotate_absolute__rosidl_typesupport_introspection_cpp.hpp
[34.220s] -- Installing: /root/ros2_ws/install/turtlesim/include/turtlesim/turtlesim/action/detail/rotate_absolute__type_support.cpp
[34.220s] -- Installing: /root/ros2_ws/install/turtlesim/lib/libturtlesim__rosidl_typesupport_introspection_cpp.so
[34.220s] -- Set runtime path of "/root/ros2_ws/install/turtlesim/lib/libturtlesim__rosidl_typesupport_introspection_cpp.so" to ""
[34.220s] -- Installing: /root/ros2_ws/install/turtlesim/lib/libturtlesim__rosidl_typesupport_cpp.so
[34.220s] -- Set runtime path of "/root/ros2_ws/install/turtlesim/lib/libturtlesim__rosidl_typesupport_cpp.so" to ""
[34.220s] -- Installing: /root/ros2_ws/install/turtlesim/share/turtlesim/environment/pythonpath.sh
[34.220s] -- Installing: /root/ros2_ws/install/turtlesim/share/turtlesim/environment/pythonpath.dsv
[34.220s] -- Installing: /root/ros2_ws/install/turtlesim/local/lib/python3.10/dist-packages/turtlesim-1.4.2-py3.10.egg-info
[34.220s] -- Installing: /root/ros2_ws/install/turtlesim/local/lib/python3.10/dist-packages/turtlesim-1.4.2-py3.10.egg-info/top_level.txt
[34.220s] -- Installing: /root/ros2_ws/install/turtlesim/local/lib/python3.10/dist-packages/turtlesim-1.4.2-py3.10.egg-info/dependency_links.txt
[34.220s] -- Installing: /root/ros2_ws/install/turtlesim/local/lib/python3.10/dist-packages/turtlesim-1.4.2-py3.10.egg-info/SOURCES.txt
[34.220s] -- Installing: /root/ros2_ws/install/turtlesim/local/lib/python3.10/dist-packages/turtlesim-1.4.2-py3.10.egg-info/PKG-INFO
[34.220s] -- Installing: /root/ros2_ws/install/turtlesim/local/lib/python3.10/dist-packages/turtlesim
[34.220s] -- Installing: /root/ros2_ws/install/turtlesim/local/lib/python3.10/dist-packages/turtlesim/srv
[34.220s] -- Installing: /root/ros2_ws/install/turtlesim/local/lib/python3.10/dist-packages/turtlesim/srv/_spawn.py
[34.220s] -- Installing: /root/ros2_ws/install/turtlesim/local/lib/python3.10/dist-packages/turtlesim/srv/_spawn_s.c
[34.220s] -- Installing: /root/ros2_ws/install/turtlesim/local/lib/python3.10/dist-packages/turtlesim/srv/_teleport_absolute_s.c
[34.220s] -- Installing: /root/ros2_ws/install/turtlesim/local/lib/python3.10/dist-packages/turtlesim/srv/_set_pen_s.c
[34.221s] -- Installing: /root/ros2_ws/install/turtlesim/local/lib/python3.10/dist-packages/turtlesim/srv/_teleport_relative.py
[34.221s] -- Installing: /root/ros2_ws/install/turtlesim/local/lib/python3.10/dist-packages/turtlesim/srv/_teleport_relative_s.c
[34.221s] -- Installing: /root/ros2_ws/install/turtlesim/local/lib/python3.10/dist-packages/turtlesim/srv/_kill_s.c
[34.221s] -- Installing: /root/ros2_ws/install/turtlesim/local/lib/python3.10/dist-packages/turtlesim/srv/_kill.py
[34.221s] -- Installing: /root/ros2_ws/install/turtlesim/local/lib/python3.10/dist-packages/turtlesim/srv/_set_pen.py
[34.221s] -- Installing: /root/ros2_ws/install/turtlesim/local/lib/python3.10/dist-packages/turtlesim/srv/_teleport_absolute.py
[34.221s] -- Installing: /root/ros2_ws/install/turtlesim/local/lib/python3.10/dist-packages/turtlesim/srv/__init__.py
[34.221s] -- Installing: /root/ros2_ws/install/turtlesim/local/lib/python3.10/dist-packages/turtlesim/turtlesim_s__rosidl_typesupport_introspection_c.cpython-310-x86_64-linux-gnu.so
[34.221s] -- Installing: /root/ros2_ws/install/turtlesim/local/lib/python3.10/dist-packages/turtlesim/_turtlesim_s.ep.rosidl_typesupport_c.c
[34.221s] -- Installing: /root/ros2_ws/install/turtlesim/local/lib/python3.10/dist-packages/turtlesim/_turtlesim_s.ep.rosidl_typesupport_introspection_c.c
[34.221s] -- Installing: /root/ros2_ws/install/turtlesim/local/lib/python3.10/dist-packages/turtlesim/_turtlesim_s.ep.rosidl_typesupport_fastrtps_c.c
[34.221s] -- Installing: /root/ros2_ws/install/turtlesim/local/lib/python3.10/dist-packages/turtlesim/libturtlesim__rosidl_generator_py.so
[34.221s] -- Installing: /root/ros2_ws/install/turtlesim/local/lib/python3.10/dist-packages/turtlesim/msg
[34.221s] -- Installing: /root/ros2_ws/install/turtlesim/local/lib/python3.10/dist-packages/turtlesim/msg/_pose_s.c
[34.221s] -- Installing: /root/ros2_ws/install/turtlesim/local/lib/python3.10/dist-packages/turtlesim/msg/_color.py
[34.221s] -- Installing: /root/ros2_ws/install/turtlesim/local/lib/python3.10/dist-packages/turtlesim/msg/_pose.py
[34.221s] -- Installing: /root/ros2_ws/install/turtlesim/local/lib/python3.10/dist-packages/turtlesim/msg/_color_s.c
[34.222s] -- Installing: /root/ros2_ws/install/turtlesim/local/lib/python3.10/dist-packages/turtlesim/msg/__init__.py
[34.222s] -- Installing: /root/ros2_ws/install/turtlesim/local/lib/python3.10/dist-packages/turtlesim/turtlesim_s__rosidl_typesupport_fastrtps_c.cpython-310-x86_64-linux-gnu.so
[34.222s] -- Installing: /root/ros2_ws/install/turtlesim/local/lib/python3.10/dist-packages/turtlesim/turtlesim_s__rosidl_typesupport_c.cpython-310-x86_64-linux-gnu.so
[34.222s] -- Installing: /root/ros2_ws/install/turtlesim/local/lib/python3.10/dist-packages/turtlesim/__init__.py
[34.222s] -- Installing: /root/ros2_ws/install/turtlesim/local/lib/python3.10/dist-packages/turtlesim/action
[34.222s] -- Installing: /root/ros2_ws/install/turtlesim/local/lib/python3.10/dist-packages/turtlesim/action/_rotate_absolute.py
[34.222s] -- Installing: /root/ros2_ws/install/turtlesim/local/lib/python3.10/dist-packages/turtlesim/action/_rotate_absolute_s.c
[34.222s] -- Installing: /root/ros2_ws/install/turtlesim/local/lib/python3.10/dist-packages/turtlesim/action/__init__.py
[34.269s] Listing '/root/ros2_ws/install/turtlesim/local/lib/python3.10/dist-packages/turtlesim'...
[34.269s] Compiling '/root/ros2_ws/install/turtlesim/local/lib/python3.10/dist-packages/turtlesim/__init__.py'...
[34.269s] Listing '/root/ros2_ws/install/turtlesim/local/lib/python3.10/dist-packages/turtlesim/action'...
[34.269s] Compiling '/root/ros2_ws/install/turtlesim/local/lib/python3.10/dist-packages/turtlesim/action/__init__.py'...
[34.269s] Compiling '/root/ros2_ws/install/turtlesim/local/lib/python3.10/dist-packages/turtlesim/action/_rotate_absolute.py'...
[34.269s] Listing '/root/ros2_ws/install/turtlesim/local/lib/python3.10/dist-packages/turtlesim/msg'...
[34.269s] Compiling '/root/ros2_ws/install/turtlesim/local/lib/python3.10/dist-packages/turtlesim/msg/__init__.py'...
[34.269s] Compiling '/root/ros2_ws/install/turtlesim/local/lib/python3.10/dist-packages/turtlesim/msg/_color.py'...
[34.269s] Compiling '/root/ros2_ws/install/turtlesim/local/lib/python3.10/dist-packages/turtlesim/msg/_pose.py'...
[34.269s] Listing '/root/ros2_ws/install/turtlesim/local/lib/python3.10/dist-packages/turtlesim/srv'...
[34.269s] Compiling '/root/ros2_ws/install/turtlesim/local/lib/python3.10/dist-packages/turtlesim/srv/__init__.py'...
[34.269s] Compiling '/root/ros2_ws/install/turtlesim/local/lib/python3.10/dist-packages/turtlesim/srv/_kill.py'...
[34.269s] Compiling '/root/ros2_ws/install/turtlesim/local/lib/python3.10/dist-packages/turtlesim/srv/_set_pen.py'...
[34.269s] Compiling '/root/ros2_ws/install/turtlesim/local/lib/python3.10/dist-packages/turtlesim/srv/_spawn.py'...
[34.269s] Compiling '/root/ros2_ws/install/turtlesim/local/lib/python3.10/dist-packages/turtlesim/srv/_teleport_absolute.py'...
[34.269s] Compiling '/root/ros2_ws/install/turtlesim/local/lib/python3.10/dist-packages/turtlesim/srv/_teleport_relative.py'...
[34.274s] -- Installing: /root/ros2_ws/install/turtlesim/local/lib/python3.10/dist-packages/turtlesim/turtlesim_s__rosidl_typesupport_fastrtps_c.cpython-310-x86_64-linux-gnu.so
[34.274s] -- Set runtime path of "/root/ros2_ws/install/turtlesim/local/lib/python3.10/dist-packages/turtlesim/turtlesim_s__rosidl_typesupport_fastrtps_c.cpython-310-x86_64-linux-gnu.so" to ""
[34.275s] -- Installing: /root/ros2_ws/install/turtlesim/local/lib/python3.10/dist-packages/turtlesim/turtlesim_s__rosidl_typesupport_introspection_c.cpython-310-x86_64-linux-gnu.so
[34.275s] -- Set runtime path of "/root/ros2_ws/install/turtlesim/local/lib/python3.10/dist-packages/turtlesim/turtlesim_s__rosidl_typesupport_introspection_c.cpython-310-x86_64-linux-gnu.so" to ""
[34.275s] -- Installing: /root/ros2_ws/install/turtlesim/local/lib/python3.10/dist-packages/turtlesim/turtlesim_s__rosidl_typesupport_c.cpython-310-x86_64-linux-gnu.so
[34.276s] -- Set runtime path of "/root/ros2_ws/install/turtlesim/local/lib/python3.10/dist-packages/turtlesim/turtlesim_s__rosidl_typesupport_c.cpython-310-x86_64-linux-gnu.so" to ""
[34.276s] -- Installing: /root/ros2_ws/install/turtlesim/lib/libturtlesim__rosidl_generator_py.so
[34.276s] -- Set runtime path of "/root/ros2_ws/install/turtlesim/lib/libturtlesim__rosidl_generator_py.so" to ""
[34.276s] -- Installing: /root/ros2_ws/install/turtlesim/share/turtlesim/action/RotateAbsolute.idl
[34.277s] -- Installing: /root/ros2_ws/install/turtlesim/share/turtlesim/msg/Color.idl
[34.277s] -- Installing: /root/ros2_ws/install/turtlesim/share/turtlesim/msg/Pose.idl
[34.277s] -- Installing: /root/ros2_ws/install/turtlesim/share/turtlesim/srv/Kill.idl
[34.277s] -- Installing: /root/ros2_ws/install/turtlesim/share/turtlesim/srv/SetPen.idl
[34.277s] -- Installing: /root/ros2_ws/install/turtlesim/share/turtlesim/srv/Spawn.idl
[34.278s] -- Installing: /root/ros2_ws/install/turtlesim/share/turtlesim/srv/TeleportAbsolute.idl
[34.278s] -- Installing: /root/ros2_ws/install/turtlesim/share/turtlesim/srv/TeleportRelative.idl
[34.278s] -- Installing: /root/ros2_ws/install/turtlesim/share/turtlesim/action/RotateAbsolute.action
[34.278s] -- Installing: /root/ros2_ws/install/turtlesim/share/turtlesim/msg/Color.msg
[34.278s] -- Installing: /root/ros2_ws/install/turtlesim/share/turtlesim/msg/Pose.msg
[34.279s] -- Installing: /root/ros2_ws/install/turtlesim/share/turtlesim/srv/Kill.srv
[34.279s] -- Installing: /root/ros2_ws/install/turtlesim/share/turtlesim/srv/Kill_Request.msg
[34.279s] -- Installing: /root/ros2_ws/install/turtlesim/share/turtlesim/srv/Kill_Response.msg
[34.279s] -- Installing: /root/ros2_ws/install/turtlesim/share/turtlesim/srv/SetPen.srv
[34.279s] -- Installing: /root/ros2_ws/install/turtlesim/share/turtlesim/srv/SetPen_Request.msg
[34.280s] -- Installing: /root/ros2_ws/install/turtlesim/share/turtlesim/srv/SetPen_Response.msg
[34.280s] -- Installing: /root/ros2_ws/install/turtlesim/share/turtlesim/srv/Spawn.srv
[34.280s] -- Installing: /root/ros2_ws/install/turtlesim/share/turtlesim/srv/Spawn_Request.msg
[34.280s] -- Installing: /root/ros2_ws/install/turtlesim/share/turtlesim/srv/Spawn_Response.msg
[34.280s] -- Installing: /root/ros2_ws/install/turtlesim/share/turtlesim/srv/TeleportAbsolute.srv
[34.280s] -- Installing: /root/ros2_ws/install/turtlesim/share/turtlesim/srv/TeleportAbsolute_Request.msg
[34.280s] -- Installing: /root/ros2_ws/install/turtlesim/share/turtlesim/srv/TeleportAbsolute_Response.msg
[34.280s] -- Installing: /root/ros2_ws/install/turtlesim/share/turtlesim/srv/TeleportRelative.srv
[34.280s] -- Installing: /root/ros2_ws/install/turtlesim/share/turtlesim/srv/TeleportRelative_Request.msg
[34.280s] -- Installing: /root/ros2_ws/install/turtlesim/share/turtlesim/srv/TeleportRelative_Response.msg
[34.280s] -- Installing: /root/ros2_ws/install/turtlesim/lib/turtlesim/turtlesim_node
[34.287s] -- Set runtime path of "/root/ros2_ws/install/turtlesim/lib/turtlesim/turtlesim_node" to ""
[34.287s] -- Installing: /root/ros2_ws/install/turtlesim/lib/turtlesim/turtle_teleop_key
[34.289s] -- Set runtime path of "/root/ros2_ws/install/turtlesim/lib/turtlesim/turtle_teleop_key" to ""
[34.289s] -- Installing: /root/ros2_ws/install/turtlesim/lib/turtlesim/draw_square
[34.292s] -- Set runtime path of "/root/ros2_ws/install/turtlesim/lib/turtlesim/draw_square" to ""
[34.292s] -- Installing: /root/ros2_ws/install/turtlesim/lib/turtlesim/mimic
[34.295s] -- Set runtime path of "/root/ros2_ws/install/turtlesim/lib/turtlesim/mimic" to ""
[34.295s] -- Installing: /root/ros2_ws/install/turtlesim/share/turtlesim/images
[34.296s] -- Installing: /root/ros2_ws/install/turtlesim/share/turtlesim/images/humble.png
[34.296s] -- Installing: /root/ros2_ws/install/turtlesim/share/turtlesim/images/bouncy.png
[34.296s] -- Installing: /root/ros2_ws/install/turtlesim/share/turtlesim/images/dashing.png
[34.296s] -- Installing: /root/ros2_ws/install/turtlesim/share/turtlesim/images/ardent.png
[34.296s] -- Installing: /root/ros2_ws/install/turtlesim/share/turtlesim/images/foxy.png
[34.297s] -- Installing: /root/ros2_ws/install/turtlesim/share/turtlesim/images/rolling.png
[34.297s] -- Installing: /root/ros2_ws/install/turtlesim/share/turtlesim/images/crystal.png
[34.297s] -- Installing: /root/ros2_ws/install/turtlesim/share/turtlesim/images/eloquent.png
[34.297s] -- Installing: /root/ros2_ws/install/turtlesim/share/turtlesim/images/galactic.png
[34.297s] -- Installing: /root/ros2_ws/install/turtlesim/share/turtlesim/launch
[34.297s] -- Installing: /root/ros2_ws/install/turtlesim/share/turtlesim/launch/multisim.launch.py
[34.297s] -- Installing: /root/ros2_ws/install/turtlesim/share/ament_index/resource_index/package_run_dependencies/turtlesim
[34.297s] -- Installing: /root/ros2_ws/install/turtlesim/share/ament_index/resource_index/parent_prefix_path/turtlesim
[34.298s] -- Installing: /root/ros2_ws/install/turtlesim/share/turtlesim/environment/ament_prefix_path.sh
[34.298s] -- Installing: /root/ros2_ws/install/turtlesim/share/turtlesim/environment/ament_prefix_path.dsv
[34.298s] -- Installing: /root/ros2_ws/install/turtlesim/share/turtlesim/environment/path.sh
[34.298s] -- Installing: /root/ros2_ws/install/turtlesim/share/turtlesim/environment/path.dsv
[34.298s] -- Installing: /root/ros2_ws/install/turtlesim/share/turtlesim/local_setup.bash
[34.298s] -- Installing: /root/ros2_ws/install/turtlesim/share/turtlesim/local_setup.sh
[34.298s] -- Installing: /root/ros2_ws/install/turtlesim/share/turtlesim/local_setup.zsh
[34.298s] -- Installing: /root/ros2_ws/install/turtlesim/share/turtlesim/local_setup.dsv
[34.298s] -- Installing: /root/ros2_ws/install/turtlesim/share/turtlesim/package.dsv
[34.299s] -- Installing: /root/ros2_ws/install/turtlesim/share/ament_index/resource_index/packages/turtlesim
[34.299s] -- Installing: /root/ros2_ws/install/turtlesim/share/turtlesim/cmake/export_turtlesim__rosidl_generator_cExport.cmake
[34.299s] -- Installing: /root/ros2_ws/install/turtlesim/share/turtlesim/cmake/export_turtlesim__rosidl_generator_cExport-noconfig.cmake
[34.299s] -- Installing: /root/ros2_ws/install/turtlesim/share/turtlesim/cmake/export_turtlesim__rosidl_typesupport_fastrtps_cExport.cmake
[34.299s] -- Installing: /root/ros2_ws/install/turtlesim/share/turtlesim/cmake/export_turtlesim__rosidl_typesupport_fastrtps_cExport-noconfig.cmake
[34.299s] -- Installing: /root/ros2_ws/install/turtlesim/share/turtlesim/cmake/export_turtlesim__rosidl_generator_cppExport.cmake
[34.300s] -- Installing: /root/ros2_ws/install/turtlesim/share/turtlesim/cmake/export_turtlesim__rosidl_typesupport_fastrtps_cppExport.cmake
[34.300s] -- Installing: /root/ros2_ws/install/turtlesim/share/turtlesim/cmake/export_turtlesim__rosidl_typesupport_fastrtps_cppExport-noconfig.cmake
[34.300s] -- Installing: /root/ros2_ws/install/turtlesim/share/turtlesim/cmake/turtlesim__rosidl_typesupport_introspection_cExport.cmake
[34.300s] -- Installing: /root/ros2_ws/install/turtlesim/share/turtlesim/cmake/turtlesim__rosidl_typesupport_introspection_cExport-noconfig.cmake
[34.300s] -- Installing: /root/ros2_ws/install/turtlesim/share/turtlesim/cmake/turtlesim__rosidl_typesupport_cExport.cmake
[34.300s] -- Installing: /root/ros2_ws/install/turtlesim/share/turtlesim/cmake/turtlesim__rosidl_typesupport_cExport-noconfig.cmake
[34.300s] -- Installing: /root/ros2_ws/install/turtlesim/share/turtlesim/cmake/turtlesim__rosidl_typesupport_introspection_cppExport.cmake
[34.300s] -- Installing: /root/ros2_ws/install/turtlesim/share/turtlesim/cmake/turtlesim__rosidl_typesupport_introspection_cppExport-noconfig.cmake
[34.301s] -- Installing: /root/ros2_ws/install/turtlesim/share/turtlesim/cmake/turtlesim__rosidl_typesupport_cppExport.cmake
[34.301s] -- Installing: /root/ros2_ws/install/turtlesim/share/turtlesim/cmake/turtlesim__rosidl_typesupport_cppExport-noconfig.cmake
[34.301s] -- Installing: /root/ros2_ws/install/turtlesim/share/turtlesim/cmake/export_turtlesim__rosidl_generator_pyExport.cmake
[34.301s] -- Installing: /root/ros2_ws/install/turtlesim/share/turtlesim/cmake/export_turtlesim__rosidl_generator_pyExport-noconfig.cmake
[34.301s] -- Installing: /root/ros2_ws/install/turtlesim/share/turtlesim/cmake/rosidl_cmake-extras.cmake
[34.301s] -- Installing: /root/ros2_ws/install/turtlesim/share/turtlesim/cmake/ament_cmake_export_dependencies-extras.cmake
[34.302s] -- Installing: /root/ros2_ws/install/turtlesim/share/turtlesim/cmake/ament_cmake_export_include_directories-extras.cmake
[34.302s] -- Installing: /root/ros2_ws/install/turtlesim/share/turtlesim/cmake/ament_cmake_export_libraries-extras.cmake
[34.302s] -- Installing: /root/ros2_ws/install/turtlesim/share/turtlesim/cmake/ament_cmake_export_targets-extras.cmake
[34.302s] -- Installing: /root/ros2_ws/install/turtlesim/share/turtlesim/cmake/rosidl_cmake_export_typesupport_targets-extras.cmake
[34.302s] -- Installing: /root/ros2_ws/install/turtlesim/share/turtlesim/cmake/rosidl_cmake_export_typesupport_libraries-extras.cmake
[34.302s] -- Installing: /root/ros2_ws/install/turtlesim/share/turtlesim/cmake/turtlesimConfig.cmake
[34.302s] -- Installing: /root/ros2_ws/install/turtlesim/share/turtlesim/cmake/turtlesimConfig-version.cmake
[34.302s] -- Installing: /root/ros2_ws/install/turtlesim/share/turtlesim/package.xml
[34.304s] Invoked command in '/root/ros2_ws/build/turtlesim' returned '0': CMAKE_PREFIX_PATH=/opt/ros/humble /usr/bin/cmake --install /root/ros2_ws/build/turtlesim
