[0.013s] Invoking command in '/root/ros2_ws/src/project_03/build/project_03': CMAKE_PREFIX_PATH=${CMAKE_PREFIX_PATH}:/root/ros2_ws/install/turtlebot3_teleop:/root/ros2_ws/install/turtlebot3_example:/opt/ros/humble /usr/bin/cmake --build /root/ros2_ws/src/project_03/build/project_03 -- -j8 -l8
[0.044s] [35m[1mConsolidate compiler generated dependencies of target goto_target_node[0m
[0.059s] [ 50%] Built target target_sequence_node
[0.063s] [100%] Built target goto_target_node
[0.075s] Invoked command in '/root/ros2_ws/src/project_03/build/project_03' returned '0': CMAKE_PREFIX_PATH=${CMAKE_PREFIX_PATH}:/root/ros2_ws/install/turtlebot3_teleop:/root/ros2_ws/install/turtlebot3_example:/opt/ros/humble /usr/bin/cmake --build /root/ros2_ws/src/project_03/build/project_03 -- -j8 -l8
[0.082s] Invoking command in '/root/ros2_ws/src/project_03/build/project_03': CMAKE_PREFIX_PATH=${CMAKE_PREFIX_PATH}:/root/ros2_ws/install/turtlebot3_teleop:/root/ros2_ws/install/turtlebot3_example:/opt/ros/humble /usr/bin/cmake --install /root/ros2_ws/src/project_03/build/project_03
[0.088s] -- Install configuration: ""
[0.088s] -- Up-to-date: /root/ros2_ws/src/project_03/install/project_03/lib/project_03/goto_target_node
[0.089s] -- Up-to-date: /root/ros2_ws/src/project_03/install/project_03/lib/project_03/target_sequence_node
[0.089s] -- Up-to-date: /root/ros2_ws/src/project_03/install/project_03/share/ament_index/resource_index/package_run_dependencies/project_03
[0.089s] -- Up-to-date: /root/ros2_ws/src/project_03/install/project_03/share/ament_index/resource_index/parent_prefix_path/project_03
[0.089s] -- Up-to-date: /root/ros2_ws/src/project_03/install/project_03/share/project_03/environment/ament_prefix_path.sh
[0.089s] -- Up-to-date: /root/ros2_ws/src/project_03/install/project_03/share/project_03/environment/ament_prefix_path.dsv
[0.089s] -- Up-to-date: /root/ros2_ws/src/project_03/install/project_03/share/project_03/environment/path.sh
[0.089s] -- Up-to-date: /root/ros2_ws/src/project_03/install/project_03/share/project_03/environment/path.dsv
[0.089s] -- Up-to-date: /root/ros2_ws/src/project_03/install/project_03/share/project_03/local_setup.bash
[0.089s] -- Up-to-date: /root/ros2_ws/src/project_03/install/project_03/share/project_03/local_setup.sh
[0.089s] -- Up-to-date: /root/ros2_ws/src/project_03/install/project_03/share/project_03/local_setup.zsh
[0.089s] -- Up-to-date: /root/ros2_ws/src/project_03/install/project_03/share/project_03/local_setup.dsv
[0.090s] -- Installing: /root/ros2_ws/src/project_03/install/project_03/share/project_03/package.dsv
[0.090s] -- Up-to-date: /root/ros2_ws/src/project_03/install/project_03/share/ament_index/resource_index/packages/project_03
[0.090s] -- Up-to-date: /root/ros2_ws/src/project_03/install/project_03/share/project_03/cmake/ament_cmake_export_dependencies-extras.cmake
[0.090s] -- Up-to-date: /root/ros2_ws/src/project_03/install/project_03/share/project_03/cmake/project_03Config.cmake
[0.090s] -- Up-to-date: /root/ros2_ws/src/project_03/install/project_03/share/project_03/cmake/project_03Config-version.cmake
[0.090s] -- Up-to-date: /root/ros2_ws/src/project_03/install/project_03/share/project_03/package.xml
[0.092s] Invoked command in '/root/ros2_ws/src/project_03/build/project_03' returned '0': CMAKE_PREFIX_PATH=${CMAKE_PREFIX_PATH}:/root/ros2_ws/install/turtlebot3_teleop:/root/ros2_ws/install/turtlebot3_example:/opt/ros/humble /usr/bin/cmake --install /root/ros2_ws/src/project_03/build/project_03
