[0.021s] Invoking command in '/root/ros2_ws/src/project_03/build/project_03': CMAKE_PREFIX_PATH=/opt/ros/humble /usr/bin/cmake /root/ros2_ws/src/project_03 -DCMAKE_INSTALL_PREFIX=/root/ros2_ws/src/project_03/install/project_03
[0.228s] -- The C compiler identification is GNU 11.4.0
[0.572s] -- The CXX compiler identification is GNU 11.4.0
[0.784s] -- Detecting C compiler ABI info
[0.908s] -- Detecting C compiler ABI info - done
[0.914s] -- Check for working C compiler: /usr/bin/cc - skipped
[0.916s] -- Detecting C compile features
[0.917s] -- Detecting C compile features - done
[0.922s] -- Detecting CXX compiler ABI info
[1.037s] -- Detecting CXX compiler ABI info - done
[1.043s] -- Check for working CXX compiler: /usr/bin/c++ - skipped
[1.044s] -- Detecting CXX compile features
[1.044s] -- Detecting CXX compile features - done
[1.066s] -- Found ament_cmake: 1.3.11 (/opt/ros/humble/share/ament_cmake/cmake)
[1.182s] -- Found Python3: /usr/bin/python3 (found version "3.10.12") found components: Interpreter 
[1.305s] -- Found rosidl_default_generators: 1.2.0 (/opt/ros/humble/share/rosidl_default_generators/cmake)
[1.311s] -- Using all available rosidl_typesupport_c: rosidl_typesupport_fastrtps_c;rosidl_typesupport_introspection_c
[1.321s] -- Found rosidl_adapter: 3.1.6 (/opt/ros/humble/share/rosidl_adapter/cmake)
[1.469s] -- Using all available rosidl_typesupport_cpp: rosidl_typesupport_fastrtps_cpp;rosidl_typesupport_introspection_cpp
[1.531s] -- Found ament_index_cpp: 1.4.0 (/opt/ros/humble/share/ament_index_cpp/cmake)
[1.535s] -- Found geometry_msgs: 4.2.4 (/opt/ros/humble/share/geometry_msgs/cmake)
[1.615s] -- Found rclcpp: 16.0.11 (/opt/ros/humble/share/rclcpp/cmake)
[1.684s] -- Found rmw_implementation_cmake: 6.1.2 (/opt/ros/humble/share/rmw_implementation_cmake/cmake)
[1.691s] -- Found rmw_fastrtps_cpp: 6.2.7 (/opt/ros/humble/share/rmw_fastrtps_cpp/cmake)
[2.362s] -- Found OpenSSL: /usr/lib/x86_64-linux-gnu/libcrypto.so (found version "3.0.2")  
[3.031s] -- Found FastRTPS: /opt/ros/humble/include  
[4.425s] -- Using RMW implementation 'rmw_fastrtps_cpp' as default
[4.436s] -- Looking for pthread.h
[4.563s] -- Looking for pthread.h - found
[4.564s] -- Performing Test CMAKE_HAVE_LIBC_PTHREAD
[4.694s] -- Performing Test CMAKE_HAVE_LIBC_PTHREAD - Success
[4.695s] -- Found Threads: TRUE  
[4.777s] -- Found rclcpp_action: 16.0.11 (/opt/ros/humble/share/rclcpp_action/cmake)
[4.852s] -- Found std_srvs: 4.2.4 (/opt/ros/humble/share/std_srvs/cmake)
[4.871s] -- Found turtlesim: 1.4.2 (/opt/ros/humble/share/turtlesim/cmake)
[5.572s] [31mCMake Error at CMakeLists.txt:19 (find_package):
[5.572s]   By not providing "Findendicott_interfaces.cmake" in CMAKE_MODULE_PATH this
[5.572s]   project has asked CMake to find a package configuration file provided by
[5.572s]   "endicott_interfaces", but CMake did not find one.
[5.573s] 
[5.573s]   Could not find a package configuration file provided by
[5.573s]   "endicott_interfaces" with any of the following names:
[5.573s] 
[5.573s]     endicott_interfacesConfig.cmake
[5.573s]     endicott_interfaces-config.cmake
[5.573s] 
[5.573s]   Add the installation prefix of "endicott_interfaces" to CMAKE_PREFIX_PATH
[5.573s]   or set "endicott_interfaces_DIR" to a directory containing one of the above
[5.573s]   files.  If "endicott_interfaces" provides a separate development package or
[5.573s]   SDK, be sure it has been installed.
[5.573s] 
[5.573s] [0m
[5.573s] -- Configuring incomplete, errors occurred!
[5.573s] See also "/root/ros2_ws/src/project_03/build/project_03/CMakeFiles/CMakeOutput.log".
[5.580s] Invoked command in '/root/ros2_ws/src/project_03/build/project_03' returned '1': CMAKE_PREFIX_PATH=/opt/ros/humble /usr/bin/cmake /root/ros2_ws/src/project_03 -DCMAKE_INSTALL_PREFIX=/root/ros2_ws/src/project_03/install/project_03
