[0.022s] Invoking command in '/root/ros2_ws/build/turtlesim': CMAKE_PREFIX_PATH=${CMAKE_PREFIX_PATH}:/opt/ros/humble /usr/bin/cmake --build /root/ros2_ws/build/turtlesim -- -j8 -l8
[0.106s] [  1%] Built target turtlesim__cpp
[0.111s] [ 11%] Built target turtlesim__rosidl_generator_c
[0.136s] [ 21%] Built target turtlesim__rosidl_typesupport_cpp
[0.137s] [ 36%] Built target turtlesim__rosidl_typesupport_introspection_cpp
[0.137s] [ 42%] Built target turtlesim__rosidl_typesupport_c
[0.137s] [ 51%] Built target turtlesim__rosidl_typesupport_fastrtps_cpp
[0.141s] [ 61%] Built target turtlesim__rosidl_typesupport_introspection_c
[0.145s] [ 71%] Built target turtlesim__rosidl_typesupport_fastrtps_c
[0.145s] [ 71%] Built target ament_cmake_python_copy_turtlesim
[0.165s] [ 71%] Built target turtlesim
[0.166s] [ 73%] Built target turtle_teleop_key
[0.167s] [ 75%] Built target mimic
[0.175s] [ 77%] Built target draw_square
[0.182s] [ 83%] Built target turtlesim_node
[0.186s] [ 84%] Built target turtlesim__py
[0.211s] [ 93%] Built target turtlesim__rosidl_generator_py
[0.231s] [ 95%] Built target turtlesim__rosidl_typesupport_introspection_c__pyext
[0.231s] [100%] Built target turtlesim__rosidl_typesupport_c__pyext
[0.232s] [100%] Built target turtlesim__rosidl_typesupport_fastrtps_c__pyext
[0.357s] running egg_info
[0.358s] writing turtlesim.egg-info/PKG-INFO
[0.358s] writing dependency_links to turtlesim.egg-info/dependency_links.txt
[0.359s] writing top-level names to turtlesim.egg-info/top_level.txt
[0.364s] reading manifest file 'turtlesim.egg-info/SOURCES.txt'
[0.365s] writing manifest file 'turtlesim.egg-info/SOURCES.txt'
[0.385s] [100%] Built target ament_cmake_python_build_turtlesim_egg
