[0.021s] Invoking command in '/root/ros2_ws/build/turtlesim': CMAKE_PREFIX_PATH=${CMAKE_PREFIX_PATH}:/opt/ros/humble /usr/bin/cmake --build /root/ros2_ws/build/turtlesim -- -j8 -l8
[0.066s] [  2%] Built target turtlesim__cpp
[0.066s] [ 11%] Built target turtlesim__rosidl_generator_c
[0.082s] [ 11%] Built target ament_cmake_python_copy_turtlesim
[0.095s] [ 21%] Built target turtlesim__rosidl_typesupport_cpp
[0.097s] [ 31%] Built target turtlesim__rosidl_typesupport_introspection_c
[0.103s] [ 51%] Built target turtlesim__rosidl_typesupport_fastrtps_c
[0.103s] [ 51%] Built target turtlesim__rosidl_typesupport_c
[0.107s] [ 61%] Built target turtlesim__rosidl_typesupport_fastrtps_cpp
[0.109s] [ 71%] Built target turtlesim__rosidl_typesupport_introspection_cpp
[0.127s] [ 73%] Built target draw_square
[0.127s] [ 75%] Built target turtle_teleop_key
[0.129s] [ 75%] Built target turtlesim
[0.132s] [ 77%] Built target mimic
[0.135s] [ 83%] Built target turtlesim_node
[0.149s] [ 84%] Built target turtlesim__py
[0.171s] [ 93%] Built target turtlesim__rosidl_generator_py
[0.189s] [ 95%] Built target turtlesim__rosidl_typesupport_introspection_c__pyext
[0.191s] [100%] Built target turtlesim__rosidl_typesupport_c__pyext
[0.191s] [100%] Built target turtlesim__rosidl_typesupport_fastrtps_c__pyext
[0.290s] running egg_info
[0.290s] writing turtlesim.egg-info/PKG-INFO
[0.291s] writing dependency_links to turtlesim.egg-info/dependency_links.txt
[0.291s] writing top-level names to turtlesim.egg-info/top_level.txt
[0.293s] reading manifest file 'turtlesim.egg-info/SOURCES.txt'
[0.293s] writing manifest file 'turtlesim.egg-info/SOURCES.txt'
[0.318s] [100%] Built target ament_cmake_python_build_turtlesim_egg
