[0.037s] Invoking command in '/root/ros2_ws/src/turlebot3_ws/build/turtlebot3_msgs': CMAKE_PREFIX_PATH=${CMAKE_PREFIX_PATH}:/root/ros2_ws/src/turlebot3_ws/install/turtlebot3_teleop:/root/ros2_ws/src/turlebot3_ws/install/turtlebot3_example:/opt/ros/humble /usr/bin/cmake /root/ros2_ws/src/turlebot3_ws/src/turtlebot3_msgs -DCMAKE_INSTALL_PREFIX=/root/ros2_ws/src/turlebot3_ws/install/turtlebot3_msgs
[0.070s] -- Found action_msgs: 1.2.1 (/opt/ros/humble/share/action_msgs/cmake)
[0.189s] -- Override CMake install command with custom implementation using symlinks instead of copying resources
[0.328s] -- Found rosidl_generator_c: 3.1.6 (/opt/ros/humble/share/rosidl_generator_c/cmake)
[0.330s] -- Found rosidl_adapter: 3.1.6 (/opt/ros/humble/share/rosidl_adapter/cmake)
[0.337s] -- Found rosidl_generator_cpp: 3.1.6 (/opt/ros/humble/share/rosidl_generator_cpp/cmake)
[0.348s] -- Using all available rosidl_typesupport_c: rosidl_typesupport_fastrtps_c;rosidl_typesupport_introspection_c
[0.359s] -- Using all available rosidl_typesupport_cpp: rosidl_typesupport_fastrtps_cpp;rosidl_typesupport_introspection_cpp
[0.390s] -- Found rosidl_default_generators: 1.2.0 (/opt/ros/humble/share/rosidl_default_generators/cmake)
[0.397s] -- Found std_msgs: 4.2.4 (/opt/ros/humble/share/std_msgs/cmake)
[0.410s] -- Found geometry_msgs: 4.2.4 (/opt/ros/humble/share/geometry_msgs/cmake)
[0.773s] -- Found ament_cmake_cppcheck: 0.12.11 (/opt/ros/humble/share/ament_cmake_cppcheck/cmake)
[0.774s] -- Found ament_cmake_cpplint: 0.12.11 (/opt/ros/humble/share/ament_cmake_cpplint/cmake)
[0.775s] -- Found ament_cmake_uncrustify: 0.12.11 (/opt/ros/humble/share/ament_cmake_uncrustify/cmake)
[0.776s] -- Found ament_cmake_ros: 0.10.0 (/opt/ros/humble/share/ament_cmake_ros/cmake)
[1.222s] -- Using all available rosidl_typesupport_c: rosidl_typesupport_fastrtps_c;rosidl_typesupport_introspection_c
[1.400s] -- Using all available rosidl_typesupport_cpp: rosidl_typesupport_fastrtps_cpp;rosidl_typesupport_introspection_cpp
[1.421s] -- Found python_cmake_module: 0.10.0 (/opt/ros/humble/share/python_cmake_module/cmake)
[1.440s] -- Using PYTHON_EXECUTABLE: /usr/bin/python3
[1.440s] -- Using PYTHON_INCLUDE_DIRS: /usr/include/python3.10
[1.441s] -- Using PYTHON_LIBRARIES: /usr/lib/x86_64-linux-gnu/libpython3.10.so
[1.483s] -- Found ament_cmake_flake8: 0.12.11 (/opt/ros/humble/share/ament_cmake_flake8/cmake)
[1.483s] -- Found ament_cmake_pep257: 0.12.11 (/opt/ros/humble/share/ament_cmake_pep257/cmake)
[1.498s] -- Configuring done
[1.575s] -- Generating done
[1.587s] -- Build files have been written to: /root/ros2_ws/src/turlebot3_ws/build/turtlebot3_msgs
[1.596s] Invoked command in '/root/ros2_ws/src/turlebot3_ws/build/turtlebot3_msgs' returned '0': CMAKE_PREFIX_PATH=${CMAKE_PREFIX_PATH}:/root/ros2_ws/src/turlebot3_ws/install/turtlebot3_teleop:/root/ros2_ws/src/turlebot3_ws/install/turtlebot3_example:/opt/ros/humble /usr/bin/cmake /root/ros2_ws/src/turlebot3_ws/src/turtlebot3_msgs -DCMAKE_INSTALL_PREFIX=/root/ros2_ws/src/turlebot3_ws/install/turtlebot3_msgs
[1.598s] Invoking command in '/root/ros2_ws/src/turlebot3_ws/build/turtlebot3_msgs': CMAKE_PREFIX_PATH=${CMAKE_PREFIX_PATH}:/root/ros2_ws/src/turlebot3_ws/install/turtlebot3_teleop:/root/ros2_ws/src/turlebot3_ws/install/turtlebot3_example:/opt/ros/humble /usr/bin/cmake --build /root/ros2_ws/src/turlebot3_ws/build/turtlebot3_msgs -- -j8 -l8
[1.631s] [35m[1mConsolidate compiler generated dependencies of target turtlebot3_msgs__rosidl_generator_c[0m
[1.638s] [  1%] Built target turtlebot3_msgs__cpp
[1.643s] [ 12%] Built target turtlebot3_msgs__rosidl_generator_c
[1.646s] [ 12%] Built target ament_cmake_python_symlink_turtlebot3_msgs
[1.653s] [35m[1mConsolidate compiler generated dependencies of target turtlebot3_msgs__rosidl_typesupport_fastrtps_cpp[0m
[1.655s] [35m[1mConsolidate compiler generated dependencies of target turtlebot3_msgs__rosidl_typesupport_cpp[0m
[1.657s] [35m[1mConsolidate compiler generated dependencies of target turtlebot3_msgs__rosidl_typesupport_introspection_cpp[0m
[1.660s] [35m[1mConsolidate compiler generated dependencies of target turtlebot3_msgs__rosidl_typesupport_introspection_c[0m
[1.661s] [35m[1mConsolidate compiler generated dependencies of target turtlebot3_msgs__rosidl_typesupport_fastrtps_c[0m
[1.662s] [35m[1mConsolidate compiler generated dependencies of target turtlebot3_msgs__rosidl_typesupport_c[0m
[1.675s] [ 23%] Built target turtlebot3_msgs__rosidl_typesupport_fastrtps_cpp
[1.675s] [ 35%] Built target turtlebot3_msgs__rosidl_typesupport_cpp
[1.677s] [ 46%] Built target turtlebot3_msgs__rosidl_typesupport_c
[1.677s] [ 57%] Built target turtlebot3_msgs__rosidl_typesupport_introspection_c
[1.678s] [ 69%] Built target turtlebot3_msgs__rosidl_typesupport_fastrtps_c
[1.679s] [ 80%] Built target turtlebot3_msgs__rosidl_typesupport_introspection_cpp
[1.697s] [ 80%] Built target turtlebot3_msgs
[1.719s] [ 81%] Built target turtlebot3_msgs__py
[1.736s] [35m[1mConsolidate compiler generated dependencies of target turtlebot3_msgs__rosidl_generator_py[0m
[1.753s] [ 91%] Built target turtlebot3_msgs__rosidl_generator_py
[1.761s] [35m[1mConsolidate compiler generated dependencies of target turtlebot3_msgs__rosidl_typesupport_fastrtps_c__pyext[0m
[1.762s] [35m[1mConsolidate compiler generated dependencies of target turtlebot3_msgs__rosidl_typesupport_c__pyext[0m
[1.762s] [35m[1mConsolidate compiler generated dependencies of target turtlebot3_msgs__rosidl_typesupport_introspection_c__pyext[0m
[1.772s] [ 94%] Built target turtlebot3_msgs__rosidl_typesupport_fastrtps_c__pyext
[1.772s] [ 97%] Built target turtlebot3_msgs__rosidl_typesupport_c__pyext
[1.773s] [100%] Built target turtlebot3_msgs__rosidl_typesupport_introspection_c__pyext
[1.871s] running egg_info
[1.872s] writing turtlebot3_msgs.egg-info/PKG-INFO
[1.872s] writing dependency_links to turtlebot3_msgs.egg-info/dependency_links.txt
[1.872s] writing top-level names to turtlebot3_msgs.egg-info/top_level.txt
[1.874s] reading manifest file 'turtlebot3_msgs.egg-info/SOURCES.txt'
[1.875s] writing manifest file 'turtlebot3_msgs.egg-info/SOURCES.txt'
[1.896s] [100%] Built target ament_cmake_python_build_turtlebot3_msgs_egg
[1.905s] Invoked command in '/root/ros2_ws/src/turlebot3_ws/build/turtlebot3_msgs' returned '0': CMAKE_PREFIX_PATH=${CMAKE_PREFIX_PATH}:/root/ros2_ws/src/turlebot3_ws/install/turtlebot3_teleop:/root/ros2_ws/src/turlebot3_ws/install/turtlebot3_example:/opt/ros/humble /usr/bin/cmake --build /root/ros2_ws/src/turlebot3_ws/build/turtlebot3_msgs -- -j8 -l8
[1.907s] Invoking command in '/root/ros2_ws/src/turlebot3_ws/build/turtlebot3_msgs': CMAKE_PREFIX_PATH=${CMAKE_PREFIX_PATH}:/root/ros2_ws/src/turlebot3_ws/install/turtlebot3_teleop:/root/ros2_ws/src/turlebot3_ws/install/turtlebot3_example:/opt/ros/humble /usr/bin/cmake --install /root/ros2_ws/src/turlebot3_ws/build/turtlebot3_msgs
[1.913s] -- Install configuration: ""
[1.914s] -- Execute custom install script
[1.914s] -- Up-to-date symlink: /root/ros2_ws/src/turlebot3_ws/install/turtlebot3_msgs/share/ament_index/resource_index/rosidl_interfaces/turtlebot3_msgs
[1.916s] -- Up-to-date symlink: /root/ros2_ws/src/turlebot3_ws/install/turtlebot3_msgs/include/turtlebot3_msgs/turtlebot3_msgs/action/detail/patrol__functions.h
[1.916s] -- Up-to-date symlink: /root/ros2_ws/src/turlebot3_ws/install/turtlebot3_msgs/include/turtlebot3_msgs/turtlebot3_msgs/action/detail/patrol__struct.h
[1.917s] -- Up-to-date symlink: /root/ros2_ws/src/turlebot3_ws/install/turtlebot3_msgs/include/turtlebot3_msgs/turtlebot3_msgs/action/detail/patrol__type_support.h
[1.917s] -- Up-to-date symlink: /root/ros2_ws/src/turlebot3_ws/install/turtlebot3_msgs/include/turtlebot3_msgs/turtlebot3_msgs/action/patrol.h
[1.917s] -- Up-to-date symlink: /root/ros2_ws/src/turlebot3_ws/install/turtlebot3_msgs/include/turtlebot3_msgs/turtlebot3_msgs/msg/detail/sensor_state__functions.h
[1.917s] -- Up-to-date symlink: /root/ros2_ws/src/turlebot3_ws/install/turtlebot3_msgs/include/turtlebot3_msgs/turtlebot3_msgs/msg/detail/sensor_state__struct.h
[1.918s] -- Up-to-date symlink: /root/ros2_ws/src/turlebot3_ws/install/turtlebot3_msgs/include/turtlebot3_msgs/turtlebot3_msgs/msg/detail/sensor_state__type_support.h
[1.918s] -- Up-to-date symlink: /root/ros2_ws/src/turlebot3_ws/install/turtlebot3_msgs/include/turtlebot3_msgs/turtlebot3_msgs/msg/detail/sound__functions.h
[1.918s] -- Up-to-date symlink: /root/ros2_ws/src/turlebot3_ws/install/turtlebot3_msgs/include/turtlebot3_msgs/turtlebot3_msgs/msg/detail/sound__struct.h
[1.918s] -- Up-to-date symlink: /root/ros2_ws/src/turlebot3_ws/install/turtlebot3_msgs/include/turtlebot3_msgs/turtlebot3_msgs/msg/detail/sound__type_support.h
[1.918s] -- Up-to-date symlink: /root/ros2_ws/src/turlebot3_ws/install/turtlebot3_msgs/include/turtlebot3_msgs/turtlebot3_msgs/msg/detail/version_info__functions.h
[1.919s] -- Up-to-date symlink: /root/ros2_ws/src/turlebot3_ws/install/turtlebot3_msgs/include/turtlebot3_msgs/turtlebot3_msgs/msg/detail/version_info__struct.h
[1.919s] -- Up-to-date symlink: /root/ros2_ws/src/turlebot3_ws/install/turtlebot3_msgs/include/turtlebot3_msgs/turtlebot3_msgs/msg/detail/version_info__type_support.h
[1.919s] -- Up-to-date symlink: /root/ros2_ws/src/turlebot3_ws/install/turtlebot3_msgs/include/turtlebot3_msgs/turtlebot3_msgs/msg/rosidl_generator_c__visibility_control.h
[1.919s] -- Up-to-date symlink: /root/ros2_ws/src/turlebot3_ws/install/turtlebot3_msgs/include/turtlebot3_msgs/turtlebot3_msgs/msg/sensor_state.h
[1.920s] -- Up-to-date symlink: /root/ros2_ws/src/turlebot3_ws/install/turtlebot3_msgs/include/turtlebot3_msgs/turtlebot3_msgs/msg/sound.h
[1.920s] -- Up-to-date symlink: /root/ros2_ws/src/turlebot3_ws/install/turtlebot3_msgs/include/turtlebot3_msgs/turtlebot3_msgs/msg/version_info.h
[1.920s] -- Up-to-date symlink: /root/ros2_ws/src/turlebot3_ws/install/turtlebot3_msgs/include/turtlebot3_msgs/turtlebot3_msgs/srv/detail/dqn__functions.h
[1.921s] -- Up-to-date symlink: /root/ros2_ws/src/turlebot3_ws/install/turtlebot3_msgs/include/turtlebot3_msgs/turtlebot3_msgs/srv/detail/dqn__struct.h
[1.921s] -- Up-to-date symlink: /root/ros2_ws/src/turlebot3_ws/install/turtlebot3_msgs/include/turtlebot3_msgs/turtlebot3_msgs/srv/detail/dqn__type_support.h
[1.921s] -- Up-to-date symlink: /root/ros2_ws/src/turlebot3_ws/install/turtlebot3_msgs/include/turtlebot3_msgs/turtlebot3_msgs/srv/detail/sound__functions.h
[1.921s] -- Up-to-date symlink: /root/ros2_ws/src/turlebot3_ws/install/turtlebot3_msgs/include/turtlebot3_msgs/turtlebot3_msgs/srv/detail/sound__struct.h
[1.922s] -- Up-to-date symlink: /root/ros2_ws/src/turlebot3_ws/install/turtlebot3_msgs/include/turtlebot3_msgs/turtlebot3_msgs/srv/detail/sound__type_support.h
[1.922s] -- Up-to-date symlink: /root/ros2_ws/src/turlebot3_ws/install/turtlebot3_msgs/include/turtlebot3_msgs/turtlebot3_msgs/srv/dqn.h
[1.922s] -- Up-to-date symlink: /root/ros2_ws/src/turlebot3_ws/install/turtlebot3_msgs/include/turtlebot3_msgs/turtlebot3_msgs/srv/sound.h
[1.922s] -- Up-to-date symlink: /root/ros2_ws/src/turlebot3_ws/install/turtlebot3_msgs/share/turtlebot3_msgs/environment/library_path.sh
[1.922s] -- Up-to-date symlink: /root/ros2_ws/src/turlebot3_ws/install/turtlebot3_msgs/share/turtlebot3_msgs/environment/library_path.dsv
[1.924s] -- Up-to-date symlink: /root/ros2_ws/src/turlebot3_ws/install/turtlebot3_msgs/include/turtlebot3_msgs/turtlebot3_msgs/action/detail/patrol__rosidl_typesupport_fastrtps_c.h
[1.924s] -- Up-to-date symlink: /root/ros2_ws/src/turlebot3_ws/install/turtlebot3_msgs/include/turtlebot3_msgs/turtlebot3_msgs/msg/detail/sensor_state__rosidl_typesupport_fastrtps_c.h
[1.924s] -- Up-to-date symlink: /root/ros2_ws/src/turlebot3_ws/install/turtlebot3_msgs/include/turtlebot3_msgs/turtlebot3_msgs/msg/detail/sound__rosidl_typesupport_fastrtps_c.h
[1.925s] -- Up-to-date symlink: /root/ros2_ws/src/turlebot3_ws/install/turtlebot3_msgs/include/turtlebot3_msgs/turtlebot3_msgs/msg/detail/version_info__rosidl_typesupport_fastrtps_c.h
[1.925s] -- Up-to-date symlink: /root/ros2_ws/src/turlebot3_ws/install/turtlebot3_msgs/include/turtlebot3_msgs/turtlebot3_msgs/msg/rosidl_typesupport_fastrtps_c__visibility_control.h
[1.925s] -- Up-to-date symlink: /root/ros2_ws/src/turlebot3_ws/install/turtlebot3_msgs/include/turtlebot3_msgs/turtlebot3_msgs/srv/detail/dqn__rosidl_typesupport_fastrtps_c.h
[1.925s] -- Up-to-date symlink: /root/ros2_ws/src/turlebot3_ws/install/turtlebot3_msgs/include/turtlebot3_msgs/turtlebot3_msgs/srv/detail/sound__rosidl_typesupport_fastrtps_c.h
[1.927s] -- Up-to-date symlink: /root/ros2_ws/src/turlebot3_ws/install/turtlebot3_msgs/include/turtlebot3_msgs/turtlebot3_msgs/action/detail/patrol__builder.hpp
[1.927s] -- Up-to-date symlink: /root/ros2_ws/src/turlebot3_ws/install/turtlebot3_msgs/include/turtlebot3_msgs/turtlebot3_msgs/action/detail/patrol__struct.hpp
[1.928s] -- Up-to-date symlink: /root/ros2_ws/src/turlebot3_ws/install/turtlebot3_msgs/include/turtlebot3_msgs/turtlebot3_msgs/action/detail/patrol__traits.hpp
[1.928s] -- Up-to-date symlink: /root/ros2_ws/src/turlebot3_ws/install/turtlebot3_msgs/include/turtlebot3_msgs/turtlebot3_msgs/action/detail/patrol__type_support.hpp
[1.928s] -- Up-to-date symlink: /root/ros2_ws/src/turlebot3_ws/install/turtlebot3_msgs/include/turtlebot3_msgs/turtlebot3_msgs/action/patrol.hpp
[1.929s] -- Up-to-date symlink: /root/ros2_ws/src/turlebot3_ws/install/turtlebot3_msgs/include/turtlebot3_msgs/turtlebot3_msgs/msg/detail/sensor_state__builder.hpp
[1.929s] -- Up-to-date symlink: /root/ros2_ws/src/turlebot3_ws/install/turtlebot3_msgs/include/turtlebot3_msgs/turtlebot3_msgs/msg/detail/sensor_state__struct.hpp
[1.929s] -- Up-to-date symlink: /root/ros2_ws/src/turlebot3_ws/install/turtlebot3_msgs/include/turtlebot3_msgs/turtlebot3_msgs/msg/detail/sensor_state__traits.hpp
[1.929s] -- Up-to-date symlink: /root/ros2_ws/src/turlebot3_ws/install/turtlebot3_msgs/include/turtlebot3_msgs/turtlebot3_msgs/msg/detail/sensor_state__type_support.hpp
[1.930s] -- Up-to-date symlink: /root/ros2_ws/src/turlebot3_ws/install/turtlebot3_msgs/include/turtlebot3_msgs/turtlebot3_msgs/msg/detail/sound__builder.hpp
[1.930s] -- Up-to-date symlink: /root/ros2_ws/src/turlebot3_ws/install/turtlebot3_msgs/include/turtlebot3_msgs/turtlebot3_msgs/msg/detail/sound__struct.hpp
[1.930s] -- Up-to-date symlink: /root/ros2_ws/src/turlebot3_ws/install/turtlebot3_msgs/include/turtlebot3_msgs/turtlebot3_msgs/msg/detail/sound__traits.hpp
[1.930s] -- Up-to-date symlink: /root/ros2_ws/src/turlebot3_ws/install/turtlebot3_msgs/include/turtlebot3_msgs/turtlebot3_msgs/msg/detail/sound__type_support.hpp
[1.931s] -- Up-to-date symlink: /root/ros2_ws/src/turlebot3_ws/install/turtlebot3_msgs/include/turtlebot3_msgs/turtlebot3_msgs/msg/detail/version_info__builder.hpp
[1.931s] -- Up-to-date symlink: /root/ros2_ws/src/turlebot3_ws/install/turtlebot3_msgs/include/turtlebot3_msgs/turtlebot3_msgs/msg/detail/version_info__struct.hpp
[1.931s] -- Up-to-date symlink: /root/ros2_ws/src/turlebot3_ws/install/turtlebot3_msgs/include/turtlebot3_msgs/turtlebot3_msgs/msg/detail/version_info__traits.hpp
[1.931s] -- Up-to-date symlink: /root/ros2_ws/src/turlebot3_ws/install/turtlebot3_msgs/include/turtlebot3_msgs/turtlebot3_msgs/msg/detail/version_info__type_support.hpp
[1.932s] -- Up-to-date symlink: /root/ros2_ws/src/turlebot3_ws/install/turtlebot3_msgs/include/turtlebot3_msgs/turtlebot3_msgs/msg/rosidl_generator_cpp__visibility_control.hpp
[1.932s] -- Up-to-date symlink: /root/ros2_ws/src/turlebot3_ws/install/turtlebot3_msgs/include/turtlebot3_msgs/turtlebot3_msgs/msg/sensor_state.hpp
[1.932s] -- Up-to-date symlink: /root/ros2_ws/src/turlebot3_ws/install/turtlebot3_msgs/include/turtlebot3_msgs/turtlebot3_msgs/msg/sound.hpp
[1.933s] -- Up-to-date symlink: /root/ros2_ws/src/turlebot3_ws/install/turtlebot3_msgs/include/turtlebot3_msgs/turtlebot3_msgs/msg/version_info.hpp
[1.933s] -- Up-to-date symlink: /root/ros2_ws/src/turlebot3_ws/install/turtlebot3_msgs/include/turtlebot3_msgs/turtlebot3_msgs/srv/detail/dqn__builder.hpp
[1.933s] -- Up-to-date symlink: /root/ros2_ws/src/turlebot3_ws/install/turtlebot3_msgs/include/turtlebot3_msgs/turtlebot3_msgs/srv/detail/dqn__struct.hpp
[1.933s] -- Up-to-date symlink: /root/ros2_ws/src/turlebot3_ws/install/turtlebot3_msgs/include/turtlebot3_msgs/turtlebot3_msgs/srv/detail/dqn__traits.hpp
[1.934s] -- Up-to-date symlink: /root/ros2_ws/src/turlebot3_ws/install/turtlebot3_msgs/include/turtlebot3_msgs/turtlebot3_msgs/srv/detail/dqn__type_support.hpp
[1.934s] -- Up-to-date symlink: /root/ros2_ws/src/turlebot3_ws/install/turtlebot3_msgs/include/turtlebot3_msgs/turtlebot3_msgs/srv/detail/sound__builder.hpp
[1.934s] -- Up-to-date symlink: /root/ros2_ws/src/turlebot3_ws/install/turtlebot3_msgs/include/turtlebot3_msgs/turtlebot3_msgs/srv/detail/sound__struct.hpp
[1.934s] -- Up-to-date symlink: /root/ros2_ws/src/turlebot3_ws/install/turtlebot3_msgs/include/turtlebot3_msgs/turtlebot3_msgs/srv/detail/sound__traits.hpp
[1.934s] -- Up-to-date symlink: /root/ros2_ws/src/turlebot3_ws/install/turtlebot3_msgs/include/turtlebot3_msgs/turtlebot3_msgs/srv/detail/sound__type_support.hpp
[1.935s] -- Up-to-date symlink: /root/ros2_ws/src/turlebot3_ws/install/turtlebot3_msgs/include/turtlebot3_msgs/turtlebot3_msgs/srv/dqn.hpp
[1.935s] -- Up-to-date symlink: /root/ros2_ws/src/turlebot3_ws/install/turtlebot3_msgs/include/turtlebot3_msgs/turtlebot3_msgs/srv/sound.hpp
[1.937s] -- Up-to-date symlink: /root/ros2_ws/src/turlebot3_ws/install/turtlebot3_msgs/include/turtlebot3_msgs/turtlebot3_msgs/action/detail/patrol__rosidl_typesupport_fastrtps_cpp.hpp
[1.937s] -- Up-to-date symlink: /root/ros2_ws/src/turlebot3_ws/install/turtlebot3_msgs/include/turtlebot3_msgs/turtlebot3_msgs/msg/detail/sensor_state__rosidl_typesupport_fastrtps_cpp.hpp
[1.938s] -- Up-to-date symlink: /root/ros2_ws/src/turlebot3_ws/install/turtlebot3_msgs/include/turtlebot3_msgs/turtlebot3_msgs/msg/detail/sound__rosidl_typesupport_fastrtps_cpp.hpp
[1.938s] -- Up-to-date symlink: /root/ros2_ws/src/turlebot3_ws/install/turtlebot3_msgs/include/turtlebot3_msgs/turtlebot3_msgs/msg/detail/version_info__rosidl_typesupport_fastrtps_cpp.hpp
[1.938s] -- Up-to-date symlink: /root/ros2_ws/src/turlebot3_ws/install/turtlebot3_msgs/include/turtlebot3_msgs/turtlebot3_msgs/msg/rosidl_typesupport_fastrtps_cpp__visibility_control.h
[1.938s] -- Up-to-date symlink: /root/ros2_ws/src/turlebot3_ws/install/turtlebot3_msgs/include/turtlebot3_msgs/turtlebot3_msgs/srv/detail/dqn__rosidl_typesupport_fastrtps_cpp.hpp
[1.939s] -- Up-to-date symlink: /root/ros2_ws/src/turlebot3_ws/install/turtlebot3_msgs/include/turtlebot3_msgs/turtlebot3_msgs/srv/detail/sound__rosidl_typesupport_fastrtps_cpp.hpp
[1.940s] -- Up-to-date symlink: /root/ros2_ws/src/turlebot3_ws/install/turtlebot3_msgs/include/turtlebot3_msgs/turtlebot3_msgs/action/detail/patrol__rosidl_typesupport_introspection_c.h
[1.940s] -- Up-to-date symlink: /root/ros2_ws/src/turlebot3_ws/install/turtlebot3_msgs/include/turtlebot3_msgs/turtlebot3_msgs/msg/detail/sensor_state__rosidl_typesupport_introspection_c.h
[1.941s] -- Up-to-date symlink: /root/ros2_ws/src/turlebot3_ws/install/turtlebot3_msgs/include/turtlebot3_msgs/turtlebot3_msgs/msg/detail/sound__rosidl_typesupport_introspection_c.h
[1.941s] -- Up-to-date symlink: /root/ros2_ws/src/turlebot3_ws/install/turtlebot3_msgs/include/turtlebot3_msgs/turtlebot3_msgs/msg/detail/version_info__rosidl_typesupport_introspection_c.h
[1.941s] -- Up-to-date symlink: /root/ros2_ws/src/turlebot3_ws/install/turtlebot3_msgs/include/turtlebot3_msgs/turtlebot3_msgs/msg/rosidl_typesupport_introspection_c__visibility_control.h
[1.941s] -- Up-to-date symlink: /root/ros2_ws/src/turlebot3_ws/install/turtlebot3_msgs/include/turtlebot3_msgs/turtlebot3_msgs/srv/detail/dqn__rosidl_typesupport_introspection_c.h
[1.942s] -- Up-to-date symlink: /root/ros2_ws/src/turlebot3_ws/install/turtlebot3_msgs/include/turtlebot3_msgs/turtlebot3_msgs/srv/detail/sound__rosidl_typesupport_introspection_c.h
[1.943s] -- Up-to-date symlink: /root/ros2_ws/src/turlebot3_ws/install/turtlebot3_msgs/include/turtlebot3_msgs/turtlebot3_msgs/action/detail/patrol__rosidl_typesupport_introspection_cpp.hpp
[1.943s] -- Up-to-date symlink: /root/ros2_ws/src/turlebot3_ws/install/turtlebot3_msgs/include/turtlebot3_msgs/turtlebot3_msgs/msg/detail/sensor_state__rosidl_typesupport_introspection_cpp.hpp
[1.944s] -- Up-to-date symlink: /root/ros2_ws/src/turlebot3_ws/install/turtlebot3_msgs/include/turtlebot3_msgs/turtlebot3_msgs/msg/detail/sound__rosidl_typesupport_introspection_cpp.hpp
[1.944s] -- Up-to-date symlink: /root/ros2_ws/src/turlebot3_ws/install/turtlebot3_msgs/include/turtlebot3_msgs/turtlebot3_msgs/msg/detail/version_info__rosidl_typesupport_introspection_cpp.hpp
[1.944s] -- Up-to-date symlink: /root/ros2_ws/src/turlebot3_ws/install/turtlebot3_msgs/include/turtlebot3_msgs/turtlebot3_msgs/srv/detail/dqn__rosidl_typesupport_introspection_cpp.hpp
[1.944s] -- Up-to-date symlink: /root/ros2_ws/src/turlebot3_ws/install/turtlebot3_msgs/include/turtlebot3_msgs/turtlebot3_msgs/srv/detail/sound__rosidl_typesupport_introspection_cpp.hpp
[1.945s] -- Up-to-date symlink: /root/ros2_ws/src/turlebot3_ws/install/turtlebot3_msgs/share/turtlebot3_msgs/environment/pythonpath.sh
[1.945s] -- Up-to-date symlink: /root/ros2_ws/src/turlebot3_ws/install/turtlebot3_msgs/share/turtlebot3_msgs/environment/pythonpath.dsv
[1.945s] -- Up-to-date symlink: /root/ros2_ws/src/turlebot3_ws/install/turtlebot3_msgs/local/lib/python3.10/dist-packages/turtlebot3_msgs-2.3.0-py3.10.egg-info/PKG-INFO
[1.945s] -- Up-to-date symlink: /root/ros2_ws/src/turlebot3_ws/install/turtlebot3_msgs/local/lib/python3.10/dist-packages/turtlebot3_msgs-2.3.0-py3.10.egg-info/SOURCES.txt
[1.946s] -- Up-to-date symlink: /root/ros2_ws/src/turlebot3_ws/install/turtlebot3_msgs/local/lib/python3.10/dist-packages/turtlebot3_msgs-2.3.0-py3.10.egg-info/dependency_links.txt
[1.946s] -- Up-to-date symlink: /root/ros2_ws/src/turlebot3_ws/install/turtlebot3_msgs/local/lib/python3.10/dist-packages/turtlebot3_msgs-2.3.0-py3.10.egg-info/top_level.txt
[1.947s] -- Up-to-date symlink: /root/ros2_ws/src/turlebot3_ws/install/turtlebot3_msgs/local/lib/python3.10/dist-packages/turtlebot3_msgs/__init__.py
[1.947s] -- Up-to-date symlink: /root/ros2_ws/src/turlebot3_ws/install/turtlebot3_msgs/local/lib/python3.10/dist-packages/turtlebot3_msgs/_turtlebot3_msgs_s.ep.rosidl_typesupport_c.c
[1.947s] -- Up-to-date symlink: /root/ros2_ws/src/turlebot3_ws/install/turtlebot3_msgs/local/lib/python3.10/dist-packages/turtlebot3_msgs/_turtlebot3_msgs_s.ep.rosidl_typesupport_fastrtps_c.c
[1.947s] -- Up-to-date symlink: /root/ros2_ws/src/turlebot3_ws/install/turtlebot3_msgs/local/lib/python3.10/dist-packages/turtlebot3_msgs/_turtlebot3_msgs_s.ep.rosidl_typesupport_introspection_c.c
[1.948s] -- Up-to-date symlink: /root/ros2_ws/src/turlebot3_ws/install/turtlebot3_msgs/local/lib/python3.10/dist-packages/turtlebot3_msgs/action/__init__.py
[1.948s] -- Up-to-date symlink: /root/ros2_ws/src/turlebot3_ws/install/turtlebot3_msgs/local/lib/python3.10/dist-packages/turtlebot3_msgs/action/_patrol.py
[1.948s] -- Up-to-date symlink: /root/ros2_ws/src/turlebot3_ws/install/turtlebot3_msgs/local/lib/python3.10/dist-packages/turtlebot3_msgs/action/_patrol_s.c
[1.948s] -- Up-to-date symlink: /root/ros2_ws/src/turlebot3_ws/install/turtlebot3_msgs/local/lib/python3.10/dist-packages/turtlebot3_msgs/libturtlebot3_msgs__rosidl_generator_py.so
[1.949s] -- Up-to-date symlink: /root/ros2_ws/src/turlebot3_ws/install/turtlebot3_msgs/local/lib/python3.10/dist-packages/turtlebot3_msgs/msg/__init__.py
[1.949s] -- Up-to-date symlink: /root/ros2_ws/src/turlebot3_ws/install/turtlebot3_msgs/local/lib/python3.10/dist-packages/turtlebot3_msgs/msg/_sensor_state.py
[1.949s] -- Up-to-date symlink: /root/ros2_ws/src/turlebot3_ws/install/turtlebot3_msgs/local/lib/python3.10/dist-packages/turtlebot3_msgs/msg/_sensor_state_s.c
[1.949s] -- Up-to-date symlink: /root/ros2_ws/src/turlebot3_ws/install/turtlebot3_msgs/local/lib/python3.10/dist-packages/turtlebot3_msgs/msg/_sound.py
[1.950s] -- Up-to-date symlink: /root/ros2_ws/src/turlebot3_ws/install/turtlebot3_msgs/local/lib/python3.10/dist-packages/turtlebot3_msgs/msg/_sound_s.c
[1.950s] -- Up-to-date symlink: /root/ros2_ws/src/turlebot3_ws/install/turtlebot3_msgs/local/lib/python3.10/dist-packages/turtlebot3_msgs/msg/_version_info.py
[1.950s] -- Up-to-date symlink: /root/ros2_ws/src/turlebot3_ws/install/turtlebot3_msgs/local/lib/python3.10/dist-packages/turtlebot3_msgs/msg/_version_info_s.c
[1.950s] -- Up-to-date symlink: /root/ros2_ws/src/turlebot3_ws/install/turtlebot3_msgs/local/lib/python3.10/dist-packages/turtlebot3_msgs/srv/__init__.py
[1.951s] -- Up-to-date symlink: /root/ros2_ws/src/turlebot3_ws/install/turtlebot3_msgs/local/lib/python3.10/dist-packages/turtlebot3_msgs/srv/_dqn.py
[1.951s] -- Up-to-date symlink: /root/ros2_ws/src/turlebot3_ws/install/turtlebot3_msgs/local/lib/python3.10/dist-packages/turtlebot3_msgs/srv/_dqn_s.c
[1.951s] -- Up-to-date symlink: /root/ros2_ws/src/turlebot3_ws/install/turtlebot3_msgs/local/lib/python3.10/dist-packages/turtlebot3_msgs/srv/_sound.py
[1.951s] -- Up-to-date symlink: /root/ros2_ws/src/turlebot3_ws/install/turtlebot3_msgs/local/lib/python3.10/dist-packages/turtlebot3_msgs/srv/_sound_s.c
[1.952s] -- Up-to-date symlink: /root/ros2_ws/src/turlebot3_ws/install/turtlebot3_msgs/local/lib/python3.10/dist-packages/turtlebot3_msgs/turtlebot3_msgs_s__rosidl_typesupport_c.cpython-310-x86_64-linux-gnu.so
[1.952s] -- Up-to-date symlink: /root/ros2_ws/src/turlebot3_ws/install/turtlebot3_msgs/local/lib/python3.10/dist-packages/turtlebot3_msgs/turtlebot3_msgs_s__rosidl_typesupport_fastrtps_c.cpython-310-x86_64-linux-gnu.so
[1.952s] -- Up-to-date symlink: /root/ros2_ws/src/turlebot3_ws/install/turtlebot3_msgs/local/lib/python3.10/dist-packages/turtlebot3_msgs/turtlebot3_msgs_s__rosidl_typesupport_introspection_c.cpython-310-x86_64-linux-gnu.so
[1.952s] -- Up-to-date symlink: /root/ros2_ws/src/turlebot3_ws/install/turtlebot3_msgs/local/lib/python3.10/dist-packages/turtlebot3_msgs/turtlebot3_msgs_s__rosidl_typesupport_fastrtps_c.cpython-310-x86_64-linux-gnu.so
[1.953s] -- Up-to-date symlink: /root/ros2_ws/src/turlebot3_ws/install/turtlebot3_msgs/local/lib/python3.10/dist-packages/turtlebot3_msgs/turtlebot3_msgs_s__rosidl_typesupport_introspection_c.cpython-310-x86_64-linux-gnu.so
[1.953s] -- Up-to-date symlink: /root/ros2_ws/src/turlebot3_ws/install/turtlebot3_msgs/local/lib/python3.10/dist-packages/turtlebot3_msgs/turtlebot3_msgs_s__rosidl_typesupport_c.cpython-310-x86_64-linux-gnu.so
[1.953s] -- Up-to-date symlink: /root/ros2_ws/src/turlebot3_ws/install/turtlebot3_msgs/share/turtlebot3_msgs/msg/SensorState.idl
[1.953s] -- Up-to-date symlink: /root/ros2_ws/src/turlebot3_ws/install/turtlebot3_msgs/share/turtlebot3_msgs/msg/Sound.idl
[1.954s] -- Up-to-date symlink: /root/ros2_ws/src/turlebot3_ws/install/turtlebot3_msgs/share/turtlebot3_msgs/msg/VersionInfo.idl
[1.954s] -- Up-to-date symlink: /root/ros2_ws/src/turlebot3_ws/install/turtlebot3_msgs/share/turtlebot3_msgs/srv/Sound.idl
[1.954s] -- Up-to-date symlink: /root/ros2_ws/src/turlebot3_ws/install/turtlebot3_msgs/share/turtlebot3_msgs/srv/Dqn.idl
[1.955s] -- Up-to-date symlink: /root/ros2_ws/src/turlebot3_ws/install/turtlebot3_msgs/share/turtlebot3_msgs/action/Patrol.idl
[1.955s] -- Up-to-date symlink: /root/ros2_ws/src/turlebot3_ws/install/turtlebot3_msgs/share/turtlebot3_msgs/msg/SensorState.msg
[1.955s] -- Up-to-date symlink: /root/ros2_ws/src/turlebot3_ws/install/turtlebot3_msgs/share/turtlebot3_msgs/msg/Sound.msg
[1.955s] -- Up-to-date symlink: /root/ros2_ws/src/turlebot3_ws/install/turtlebot3_msgs/share/turtlebot3_msgs/msg/VersionInfo.msg
[1.956s] -- Up-to-date symlink: /root/ros2_ws/src/turlebot3_ws/install/turtlebot3_msgs/share/turtlebot3_msgs/srv/Sound.srv
[1.956s] -- Up-to-date symlink: /root/ros2_ws/src/turlebot3_ws/install/turtlebot3_msgs/share/turtlebot3_msgs/srv/Sound_Request.msg
[1.956s] -- Up-to-date symlink: /root/ros2_ws/src/turlebot3_ws/install/turtlebot3_msgs/share/turtlebot3_msgs/srv/Sound_Response.msg
[1.957s] -- Up-to-date symlink: /root/ros2_ws/src/turlebot3_ws/install/turtlebot3_msgs/share/turtlebot3_msgs/srv/Dqn.srv
[1.957s] -- Up-to-date symlink: /root/ros2_ws/src/turlebot3_ws/install/turtlebot3_msgs/share/turtlebot3_msgs/srv/Dqn_Request.msg
[1.957s] -- Up-to-date symlink: /root/ros2_ws/src/turlebot3_ws/install/turtlebot3_msgs/share/turtlebot3_msgs/srv/Dqn_Response.msg
[1.958s] -- Up-to-date symlink: /root/ros2_ws/src/turlebot3_ws/install/turtlebot3_msgs/share/turtlebot3_msgs/action/Patrol.action
[1.958s] -- Up-to-date symlink: /root/ros2_ws/src/turlebot3_ws/install/turtlebot3_msgs/share/ament_index/resource_index/package_run_dependencies/turtlebot3_msgs
[1.958s] -- Up-to-date symlink: /root/ros2_ws/src/turlebot3_ws/install/turtlebot3_msgs/share/ament_index/resource_index/parent_prefix_path/turtlebot3_msgs
[1.958s] -- Up-to-date symlink: /root/ros2_ws/src/turlebot3_ws/install/turtlebot3_msgs/share/turtlebot3_msgs/environment/ament_prefix_path.sh
[1.958s] -- Up-to-date symlink: /root/ros2_ws/src/turlebot3_ws/install/turtlebot3_msgs/share/turtlebot3_msgs/environment/ament_prefix_path.dsv
[1.959s] -- Up-to-date symlink: /root/ros2_ws/src/turlebot3_ws/install/turtlebot3_msgs/share/turtlebot3_msgs/environment/path.sh
[1.959s] -- Up-to-date symlink: /root/ros2_ws/src/turlebot3_ws/install/turtlebot3_msgs/share/turtlebot3_msgs/environment/path.dsv
[1.959s] -- Up-to-date symlink: /root/ros2_ws/src/turlebot3_ws/install/turtlebot3_msgs/share/turtlebot3_msgs/local_setup.bash
[1.959s] -- Up-to-date symlink: /root/ros2_ws/src/turlebot3_ws/install/turtlebot3_msgs/share/turtlebot3_msgs/local_setup.sh
[1.960s] -- Up-to-date symlink: /root/ros2_ws/src/turlebot3_ws/install/turtlebot3_msgs/share/turtlebot3_msgs/local_setup.zsh
[1.960s] -- Up-to-date symlink: /root/ros2_ws/src/turlebot3_ws/install/turtlebot3_msgs/share/turtlebot3_msgs/local_setup.dsv
[1.960s] -- Symlinking: /root/ros2_ws/src/turlebot3_ws/install/turtlebot3_msgs/share/turtlebot3_msgs/package.dsv
[1.967s] -- Up-to-date symlink: /root/ros2_ws/src/turlebot3_ws/install/turtlebot3_msgs/share/ament_index/resource_index/packages/turtlebot3_msgs
[1.967s] -- Up-to-date symlink: /root/ros2_ws/src/turlebot3_ws/install/turtlebot3_msgs/share/turtlebot3_msgs/cmake/rosidl_cmake-extras.cmake
[1.967s] -- Up-to-date symlink: /root/ros2_ws/src/turlebot3_ws/install/turtlebot3_msgs/share/turtlebot3_msgs/cmake/ament_cmake_export_dependencies-extras.cmake
[1.967s] -- Up-to-date symlink: /root/ros2_ws/src/turlebot3_ws/install/turtlebot3_msgs/share/turtlebot3_msgs/cmake/ament_cmake_export_include_directories-extras.cmake
[1.968s] -- Up-to-date symlink: /root/ros2_ws/src/turlebot3_ws/install/turtlebot3_msgs/share/turtlebot3_msgs/cmake/ament_cmake_export_libraries-extras.cmake
[1.968s] -- Up-to-date symlink: /root/ros2_ws/src/turlebot3_ws/install/turtlebot3_msgs/share/turtlebot3_msgs/cmake/ament_cmake_export_targets-extras.cmake
[1.968s] -- Up-to-date symlink: /root/ros2_ws/src/turlebot3_ws/install/turtlebot3_msgs/share/turtlebot3_msgs/cmake/rosidl_cmake_export_typesupport_targets-extras.cmake
[1.969s] -- Up-to-date symlink: /root/ros2_ws/src/turlebot3_ws/install/turtlebot3_msgs/share/turtlebot3_msgs/cmake/rosidl_cmake_export_typesupport_libraries-extras.cmake
[1.969s] -- Up-to-date symlink: /root/ros2_ws/src/turlebot3_ws/install/turtlebot3_msgs/share/turtlebot3_msgs/cmake/turtlebot3_msgsConfig.cmake
[1.969s] -- Up-to-date symlink: /root/ros2_ws/src/turlebot3_ws/install/turtlebot3_msgs/share/turtlebot3_msgs/cmake/turtlebot3_msgsConfig-version.cmake
[1.970s] -- Up-to-date symlink: /root/ros2_ws/src/turlebot3_ws/install/turtlebot3_msgs/share/turtlebot3_msgs/package.xml
[1.970s] -- Up-to-date: /root/ros2_ws/src/turlebot3_ws/install/turtlebot3_msgs/lib/libturtlebot3_msgs__rosidl_generator_c.so
[1.971s] -- Up-to-date: /root/ros2_ws/src/turlebot3_ws/install/turtlebot3_msgs/lib/libturtlebot3_msgs__rosidl_typesupport_fastrtps_c.so
[1.972s] -- Up-to-date: /root/ros2_ws/src/turlebot3_ws/install/turtlebot3_msgs/lib/libturtlebot3_msgs__rosidl_typesupport_fastrtps_cpp.so
[1.973s] -- Up-to-date: /root/ros2_ws/src/turlebot3_ws/install/turtlebot3_msgs/lib/libturtlebot3_msgs__rosidl_typesupport_introspection_c.so
[1.974s] -- Up-to-date: /root/ros2_ws/src/turlebot3_ws/install/turtlebot3_msgs/lib/libturtlebot3_msgs__rosidl_typesupport_c.so
[1.975s] -- Up-to-date: /root/ros2_ws/src/turlebot3_ws/install/turtlebot3_msgs/lib/libturtlebot3_msgs__rosidl_typesupport_introspection_cpp.so
[1.976s] -- Up-to-date: /root/ros2_ws/src/turlebot3_ws/install/turtlebot3_msgs/lib/libturtlebot3_msgs__rosidl_typesupport_cpp.so
[2.006s] Listing '/root/ros2_ws/src/turlebot3_ws/install/turtlebot3_msgs/local/lib/python3.10/dist-packages/turtlebot3_msgs'...
[2.006s] Compiling '/root/ros2_ws/src/turlebot3_ws/install/turtlebot3_msgs/local/lib/python3.10/dist-packages/turtlebot3_msgs/__init__.py'...
[2.006s] Listing '/root/ros2_ws/src/turlebot3_ws/install/turtlebot3_msgs/local/lib/python3.10/dist-packages/turtlebot3_msgs/action'...
[2.007s] Listing '/root/ros2_ws/src/turlebot3_ws/install/turtlebot3_msgs/local/lib/python3.10/dist-packages/turtlebot3_msgs/msg'...
[2.007s] Listing '/root/ros2_ws/src/turlebot3_ws/install/turtlebot3_msgs/local/lib/python3.10/dist-packages/turtlebot3_msgs/srv'...
[2.011s] -- Up-to-date: /root/ros2_ws/src/turlebot3_ws/install/turtlebot3_msgs/lib/libturtlebot3_msgs__rosidl_generator_py.so
[2.011s] -- Up-to-date: /root/ros2_ws/src/turlebot3_ws/install/turtlebot3_msgs/share/turtlebot3_msgs/cmake/export_turtlebot3_msgs__rosidl_generator_cExport.cmake
[2.011s] -- Up-to-date: /root/ros2_ws/src/turlebot3_ws/install/turtlebot3_msgs/share/turtlebot3_msgs/cmake/export_turtlebot3_msgs__rosidl_generator_cExport-noconfig.cmake
[2.012s] -- Up-to-date: /root/ros2_ws/src/turlebot3_ws/install/turtlebot3_msgs/share/turtlebot3_msgs/cmake/export_turtlebot3_msgs__rosidl_typesupport_fastrtps_cExport.cmake
[2.012s] -- Up-to-date: /root/ros2_ws/src/turlebot3_ws/install/turtlebot3_msgs/share/turtlebot3_msgs/cmake/export_turtlebot3_msgs__rosidl_typesupport_fastrtps_cExport-noconfig.cmake
[2.012s] -- Up-to-date: /root/ros2_ws/src/turlebot3_ws/install/turtlebot3_msgs/share/turtlebot3_msgs/cmake/export_turtlebot3_msgs__rosidl_generator_cppExport.cmake
[2.012s] -- Up-to-date: /root/ros2_ws/src/turlebot3_ws/install/turtlebot3_msgs/share/turtlebot3_msgs/cmake/export_turtlebot3_msgs__rosidl_typesupport_fastrtps_cppExport.cmake
[2.012s] -- Up-to-date: /root/ros2_ws/src/turlebot3_ws/install/turtlebot3_msgs/share/turtlebot3_msgs/cmake/export_turtlebot3_msgs__rosidl_typesupport_fastrtps_cppExport-noconfig.cmake
[2.013s] -- Up-to-date: /root/ros2_ws/src/turlebot3_ws/install/turtlebot3_msgs/share/turtlebot3_msgs/cmake/turtlebot3_msgs__rosidl_typesupport_introspection_cExport.cmake
[2.013s] -- Up-to-date: /root/ros2_ws/src/turlebot3_ws/install/turtlebot3_msgs/share/turtlebot3_msgs/cmake/turtlebot3_msgs__rosidl_typesupport_introspection_cExport-noconfig.cmake
[2.013s] -- Up-to-date: /root/ros2_ws/src/turlebot3_ws/install/turtlebot3_msgs/share/turtlebot3_msgs/cmake/turtlebot3_msgs__rosidl_typesupport_cExport.cmake
[2.013s] -- Up-to-date: /root/ros2_ws/src/turlebot3_ws/install/turtlebot3_msgs/share/turtlebot3_msgs/cmake/turtlebot3_msgs__rosidl_typesupport_cExport-noconfig.cmake
[2.013s] -- Up-to-date: /root/ros2_ws/src/turlebot3_ws/install/turtlebot3_msgs/share/turtlebot3_msgs/cmake/turtlebot3_msgs__rosidl_typesupport_introspection_cppExport.cmake
[2.013s] -- Up-to-date: /root/ros2_ws/src/turlebot3_ws/install/turtlebot3_msgs/share/turtlebot3_msgs/cmake/turtlebot3_msgs__rosidl_typesupport_introspection_cppExport-noconfig.cmake
[2.014s] -- Up-to-date: /root/ros2_ws/src/turlebot3_ws/install/turtlebot3_msgs/share/turtlebot3_msgs/cmake/turtlebot3_msgs__rosidl_typesupport_cppExport.cmake
[2.014s] -- Up-to-date: /root/ros2_ws/src/turlebot3_ws/install/turtlebot3_msgs/share/turtlebot3_msgs/cmake/turtlebot3_msgs__rosidl_typesupport_cppExport-noconfig.cmake
[2.014s] -- Up-to-date: /root/ros2_ws/src/turlebot3_ws/install/turtlebot3_msgs/share/turtlebot3_msgs/cmake/export_turtlebot3_msgs__rosidl_generator_pyExport.cmake
[2.014s] -- Up-to-date: /root/ros2_ws/src/turlebot3_ws/install/turtlebot3_msgs/share/turtlebot3_msgs/cmake/export_turtlebot3_msgs__rosidl_generator_pyExport-noconfig.cmake
[2.016s] Invoked command in '/root/ros2_ws/src/turlebot3_ws/build/turtlebot3_msgs' returned '0': CMAKE_PREFIX_PATH=${CMAKE_PREFIX_PATH}:/root/ros2_ws/src/turlebot3_ws/install/turtlebot3_teleop:/root/ros2_ws/src/turlebot3_ws/install/turtlebot3_example:/opt/ros/humble /usr/bin/cmake --install /root/ros2_ws/src/turlebot3_ws/build/turtlebot3_msgs
