[0.031s] Invoking command in '/root/ros2_ws/src/turlebot3_ws/src/build/turtlebot3_navigation2': CMAKE_PREFIX_PATH=/opt/ros/humble /usr/bin/cmake /root/ros2_ws/src/turlebot3_ws/src/turtlebot3/turtlebot3_navigation2 -DCMAKE_INSTALL_PREFIX=/root/ros2_ws/src/turlebot3_ws/src/install/turtlebot3_navigation2
[0.239s] -- The C compiler identification is GNU 11.4.0
[0.566s] -- The CXX compiler identification is GNU 11.4.0
[0.676s] -- Detecting C compiler ABI info
[0.812s] -- Detecting C compiler ABI info - done
[0.817s] -- Check for working C compiler: /usr/bin/cc - skipped
[0.818s] -- Detecting C compile features
[0.818s] -- Detecting C compile features - done
[0.822s] -- Detecting CXX compiler ABI info
[0.951s] -- Detecting CXX compiler ABI info - done
[0.960s] -- Check for working CXX compiler: /usr/bin/c++ - skipped
[0.961s] -- Detecting CXX compile features
[0.961s] -- Detecting CXX compile features - done
[0.971s] -- Found ament_cmake: 1.3.11 (/opt/ros/humble/share/ament_cmake/cmake)
[1.127s] -- Found Python3: /usr/bin/python3 (found version "3.10.12") found components: Interpreter 
[1.297s] -- Configuring done
[1.300s] -- Generating done
[1.301s] -- Build files have been written to: /root/ros2_ws/src/turlebot3_ws/src/build/turtlebot3_navigation2
[1.314s] Invoked command in '/root/ros2_ws/src/turlebot3_ws/src/build/turtlebot3_navigation2' returned '0': CMAKE_PREFIX_PATH=/opt/ros/humble /usr/bin/cmake /root/ros2_ws/src/turlebot3_ws/src/turtlebot3/turtlebot3_navigation2 -DCMAKE_INSTALL_PREFIX=/root/ros2_ws/src/turlebot3_ws/src/install/turtlebot3_navigation2
[1.314s] Invoking command in '/root/ros2_ws/src/turlebot3_ws/src/build/turtlebot3_navigation2': CMAKE_PREFIX_PATH=/opt/ros/humble /usr/bin/cmake --build /root/ros2_ws/src/turlebot3_ws/src/build/turtlebot3_navigation2 -- -j8 -l8
[1.339s] Invoked command in '/root/ros2_ws/src/turlebot3_ws/src/build/turtlebot3_navigation2' returned '0': CMAKE_PREFIX_PATH=/opt/ros/humble /usr/bin/cmake --build /root/ros2_ws/src/turlebot3_ws/src/build/turtlebot3_navigation2 -- -j8 -l8
[1.348s] Invoking command in '/root/ros2_ws/src/turlebot3_ws/src/build/turtlebot3_navigation2': CMAKE_PREFIX_PATH=/opt/ros/humble /usr/bin/cmake --install /root/ros2_ws/src/turlebot3_ws/src/build/turtlebot3_navigation2
[1.353s] -- Install configuration: ""
[1.353s] -- Installing: /root/ros2_ws/src/turlebot3_ws/src/install/turtlebot3_navigation2/share/turtlebot3_navigation2/launch
[1.353s] -- Installing: /root/ros2_ws/src/turlebot3_ws/src/install/turtlebot3_navigation2/share/turtlebot3_navigation2/launch/navigation2.launch.py
[1.354s] -- Installing: /root/ros2_ws/src/turlebot3_ws/src/install/turtlebot3_navigation2/share/turtlebot3_navigation2/map
[1.354s] -- Installing: /root/ros2_ws/src/turlebot3_ws/src/install/turtlebot3_navigation2/share/turtlebot3_navigation2/map/map.pgm
[1.355s] -- Installing: /root/ros2_ws/src/turlebot3_ws/src/install/turtlebot3_navigation2/share/turtlebot3_navigation2/map/map.yaml
[1.356s] -- Installing: /root/ros2_ws/src/turlebot3_ws/src/install/turtlebot3_navigation2/share/turtlebot3_navigation2/param
[1.356s] -- Installing: /root/ros2_ws/src/turlebot3_ws/src/install/turtlebot3_navigation2/share/turtlebot3_navigation2/param/waffle.yaml
[1.357s] -- Installing: /root/ros2_ws/src/turlebot3_ws/src/install/turtlebot3_navigation2/share/turtlebot3_navigation2/param/waffle_pi.yaml
[1.357s] -- Installing: /root/ros2_ws/src/turlebot3_ws/src/install/turtlebot3_navigation2/share/turtlebot3_navigation2/param/burger.yaml
[1.357s] -- Installing: /root/ros2_ws/src/turlebot3_ws/src/install/turtlebot3_navigation2/share/turtlebot3_navigation2/rviz
[1.358s] -- Installing: /root/ros2_ws/src/turlebot3_ws/src/install/turtlebot3_navigation2/share/turtlebot3_navigation2/rviz/tb3_navigation2.rviz
[1.358s] -- Installing: /root/ros2_ws/src/turlebot3_ws/src/install/turtlebot3_navigation2/share/ament_index/resource_index/package_run_dependencies/turtlebot3_navigation2
[1.359s] -- Installing: /root/ros2_ws/src/turlebot3_ws/src/install/turtlebot3_navigation2/share/ament_index/resource_index/parent_prefix_path/turtlebot3_navigation2
[1.359s] -- Installing: /root/ros2_ws/src/turlebot3_ws/src/install/turtlebot3_navigation2/share/turtlebot3_navigation2/environment/ament_prefix_path.sh
[1.359s] -- Installing: /root/ros2_ws/src/turlebot3_ws/src/install/turtlebot3_navigation2/share/turtlebot3_navigation2/environment/ament_prefix_path.dsv
[1.360s] -- Installing: /root/ros2_ws/src/turlebot3_ws/src/install/turtlebot3_navigation2/share/turtlebot3_navigation2/environment/path.sh
[1.360s] -- Installing: /root/ros2_ws/src/turlebot3_ws/src/install/turtlebot3_navigation2/share/turtlebot3_navigation2/environment/path.dsv
[1.360s] -- Installing: /root/ros2_ws/src/turlebot3_ws/src/install/turtlebot3_navigation2/share/turtlebot3_navigation2/local_setup.bash
[1.360s] -- Installing: /root/ros2_ws/src/turlebot3_ws/src/install/turtlebot3_navigation2/share/turtlebot3_navigation2/local_setup.sh
[1.360s] -- Installing: /root/ros2_ws/src/turlebot3_ws/src/install/turtlebot3_navigation2/share/turtlebot3_navigation2/local_setup.zsh
[1.361s] -- Installing: /root/ros2_ws/src/turlebot3_ws/src/install/turtlebot3_navigation2/share/turtlebot3_navigation2/local_setup.dsv
[1.361s] -- Installing: /root/ros2_ws/src/turlebot3_ws/src/install/turtlebot3_navigation2/share/turtlebot3_navigation2/package.dsv
[1.361s] -- Installing: /root/ros2_ws/src/turlebot3_ws/src/install/turtlebot3_navigation2/share/ament_index/resource_index/packages/turtlebot3_navigation2
[1.361s] -- Installing: /root/ros2_ws/src/turlebot3_ws/src/install/turtlebot3_navigation2/share/turtlebot3_navigation2/cmake/turtlebot3_navigation2Config.cmake
[1.362s] -- Installing: /root/ros2_ws/src/turlebot3_ws/src/install/turtlebot3_navigation2/share/turtlebot3_navigation2/cmake/turtlebot3_navigation2Config-version.cmake
[1.362s] -- Installing: /root/ros2_ws/src/turlebot3_ws/src/install/turtlebot3_navigation2/share/turtlebot3_navigation2/package.xml
[1.367s] Invoked command in '/root/ros2_ws/src/turlebot3_ws/src/build/turtlebot3_navigation2' returned '0': CMAKE_PREFIX_PATH=/opt/ros/humble /usr/bin/cmake --install /root/ros2_ws/src/turlebot3_ws/src/build/turtlebot3_navigation2
