[0.052s] Invoking command in '/root/ros2_ws/src/turlebot3_ws/build/turtlebot3_cartographer': CMAKE_PREFIX_PATH=${CMAKE_PREFIX_PATH}:/root/ros2_ws/install/turtlebot3_teleop:/root/ros2_ws/install/turtlebot3_example:/opt/ros/humble /usr/bin/cmake --build /root/ros2_ws/src/turlebot3_ws/build/turtlebot3_cartographer -- -j8 -l8
[0.449s] Invoked command in '/root/ros2_ws/src/turlebot3_ws/build/turtlebot3_cartographer' returned '0': CMAKE_PREFIX_PATH=${CMAKE_PREFIX_PATH}:/root/ros2_ws/install/turtlebot3_teleop:/root/ros2_ws/install/turtlebot3_example:/opt/ros/humble /usr/bin/cmake --build /root/ros2_ws/src/turlebot3_ws/build/turtlebot3_cartographer -- -j8 -l8
[0.454s] Invoking command in '/root/ros2_ws/src/turlebot3_ws/build/turtlebot3_cartographer': CMAKE_PREFIX_PATH=${CMAKE_PREFIX_PATH}:/root/ros2_ws/install/turtlebot3_teleop:/root/ros2_ws/install/turtlebot3_example:/opt/ros/humble /usr/bin/cmake --install /root/ros2_ws/src/turlebot3_ws/build/turtlebot3_cartographer
[0.480s] -- Install configuration: ""
[0.480s] -- Execute custom install script
[0.480s] -- Up-to-date symlink: /root/ros2_ws/src/turlebot3_ws/install/turtlebot3_cartographer/share/turtlebot3_cartographer/config/turtlebot3_lds_2d.lua
[0.481s] -- Up-to-date symlink: /root/ros2_ws/src/turlebot3_ws/install/turtlebot3_cartographer/share/turtlebot3_cartographer/launch/cartographer.launch.py
[0.481s] -- Up-to-date symlink: /root/ros2_ws/src/turlebot3_ws/install/turtlebot3_cartographer/share/turtlebot3_cartographer/launch/occupancy_grid.launch.py
[0.482s] -- Up-to-date symlink: /root/ros2_ws/src/turlebot3_ws/install/turtlebot3_cartographer/share/turtlebot3_cartographer/rviz/tb3_cartographer.rviz
[0.482s] -- Up-to-date symlink: /root/ros2_ws/src/turlebot3_ws/install/turtlebot3_cartographer/share/ament_index/resource_index/package_run_dependencies/turtlebot3_cartographer
[0.483s] -- Up-to-date symlink: /root/ros2_ws/src/turlebot3_ws/install/turtlebot3_cartographer/share/ament_index/resource_index/parent_prefix_path/turtlebot3_cartographer
[0.483s] -- Up-to-date symlink: /root/ros2_ws/src/turlebot3_ws/install/turtlebot3_cartographer/share/turtlebot3_cartographer/environment/ament_prefix_path.sh
[0.483s] -- Up-to-date symlink: /root/ros2_ws/src/turlebot3_ws/install/turtlebot3_cartographer/share/turtlebot3_cartographer/environment/ament_prefix_path.dsv
[0.483s] -- Up-to-date symlink: /root/ros2_ws/src/turlebot3_ws/install/turtlebot3_cartographer/share/turtlebot3_cartographer/environment/path.sh
[0.483s] -- Up-to-date symlink: /root/ros2_ws/src/turlebot3_ws/install/turtlebot3_cartographer/share/turtlebot3_cartographer/environment/path.dsv
[0.484s] -- Up-to-date symlink: /root/ros2_ws/src/turlebot3_ws/install/turtlebot3_cartographer/share/turtlebot3_cartographer/local_setup.bash
[0.484s] -- Up-to-date symlink: /root/ros2_ws/src/turlebot3_ws/install/turtlebot3_cartographer/share/turtlebot3_cartographer/local_setup.sh
[0.484s] -- Up-to-date symlink: /root/ros2_ws/src/turlebot3_ws/install/turtlebot3_cartographer/share/turtlebot3_cartographer/local_setup.zsh
[0.485s] -- Up-to-date symlink: /root/ros2_ws/src/turlebot3_ws/install/turtlebot3_cartographer/share/turtlebot3_cartographer/local_setup.dsv
[0.485s] -- Symlinking: /root/ros2_ws/src/turlebot3_ws/install/turtlebot3_cartographer/share/turtlebot3_cartographer/package.dsv
[0.485s] -- Up-to-date symlink: /root/ros2_ws/src/turlebot3_ws/install/turtlebot3_cartographer/share/ament_index/resource_index/packages/turtlebot3_cartographer
[0.485s] -- Up-to-date symlink: /root/ros2_ws/src/turlebot3_ws/install/turtlebot3_cartographer/share/turtlebot3_cartographer/cmake/turtlebot3_cartographerConfig.cmake
[0.485s] -- Up-to-date symlink: /root/ros2_ws/src/turlebot3_ws/install/turtlebot3_cartographer/share/turtlebot3_cartographer/cmake/turtlebot3_cartographerConfig-version.cmake
[0.486s] -- Up-to-date symlink: /root/ros2_ws/src/turlebot3_ws/install/turtlebot3_cartographer/share/turtlebot3_cartographer/package.xml
[0.550s] Invoked command in '/root/ros2_ws/src/turlebot3_ws/build/turtlebot3_cartographer' returned '0': CMAKE_PREFIX_PATH=${CMAKE_PREFIX_PATH}:/root/ros2_ws/install/turtlebot3_teleop:/root/ros2_ws/install/turtlebot3_example:/opt/ros/humble /usr/bin/cmake --install /root/ros2_ws/src/turlebot3_ws/build/turtlebot3_cartographer
