[0.317s] Invoking command in '/root/ros2_ws/build/dynamixel_sdk_examples': CMAKE_PREFIX_PATH=/root/ros2_ws/install/dynamixel_sdk_custom_interfaces:/root/ros2_ws/install/dynamixel_sdk:/root/ros2_ws/install/turtlesim:/root/ros2_ws/install/turtlebot3:/root/ros2_ws/install/turtlebot3_simulations:/root/ros2_ws/install/turtlebot3_bringup:/root/ros2_ws/install/turtlebot3_node:/root/ros2_ws/install/turtlebot3_navigation2:/root/ros2_ws/install/turtlebot3_fake_node:/root/ros2_ws/install/turtlebot3_msgs:/root/ros2_ws/install/turtlebot3_gazebo:/root/ros2_ws/install/turtlebot3_description:/root/ros2_ws/install/turtlebot3_cartographer:/root/ros2_ws/install/goto_node:/root/ros2_ws/install/endicott_interfaces:/root/ros2_ws/install/dynamixel_sdk_examples:/root/ros2_ws/install/turtlebot3_teleop:/root/ros2_ws/install/turtlebot3_example:/opt/ros/humble LD_LIBRARY_PATH=/root/ros2_ws/install/dynamixel_sdk_custom_interfaces/lib:/root/ros2_ws/install/dynamixel_sdk/lib:/root/ros2_ws/install/turtlesim/lib:/root/ros2_ws/install/turtlebot3_msgs/lib:/root/ros2_ws/install/endicott_interfaces/lib:/usr/lib/x86_64-linux-gnu/gazebo-11/plugins:/opt/ros/humble/opt/rviz_ogre_vendor/lib:/opt/ros/humble/lib/x86_64-linux-gnu:/opt/ros/humble/lib /usr/bin/cmake /root/ros2_ws/src/turlebot3_ws/src/DynamixelSDK/ros/dynamixel_sdk_examples -DCMAKE_INSTALL_PREFIX=/root/ros2_ws/install/dynamixel_sdk_examples
[0.814s] -- The C compiler identification is GNU 11.4.0
[2.042s] -- The CXX compiler identification is GNU 11.4.0
[2.972s] -- Detecting C compiler ABI info
[3.912s] -- Detecting C compiler ABI info - done
[3.972s] -- Check for working C compiler: /usr/bin/cc - skipped
[3.972s] -- Detecting C compile features
[3.973s] -- Detecting C compile features - done
[3.991s] -- Detecting CXX compiler ABI info
[4.610s] -- Detecting CXX compiler ABI info - done
[4.653s] -- Check for working CXX compiler: /usr/bin/c++ - skipped
[4.668s] -- Detecting CXX compile features
[4.669s] -- Detecting CXX compile features - done
[4.677s] -- Found ament_cmake: 1.3.11 (/opt/ros/humble/share/ament_cmake/cmake)
[5.250s] -- Found Python3: /usr/bin/python3 (found version "3.10.12") found components: Interpreter 
[5.673s] -- Found dynamixel_sdk: 3.8.1 (/root/ros2_ws/install/dynamixel_sdk/share/dynamixel_sdk/cmake)
[5.697s] -- Found dynamixel_sdk_custom_interfaces: 3.8.1 (/root/ros2_ws/install/dynamixel_sdk_custom_interfaces/share/dynamixel_sdk_custom_interfaces/cmake)
[6.138s] -- Found rosidl_generator_c: 3.1.6 (/opt/ros/humble/share/rosidl_generator_c/cmake)
[6.158s] -- Found rosidl_adapter: 3.1.6 (/opt/ros/humble/share/rosidl_adapter/cmake)
[6.193s] -- Found rosidl_generator_cpp: 3.1.6 (/opt/ros/humble/share/rosidl_generator_cpp/cmake)
[6.238s] -- Using all available rosidl_typesupport_c: rosidl_typesupport_fastrtps_c;rosidl_typesupport_introspection_c
[6.314s] -- Using all available rosidl_typesupport_cpp: rosidl_typesupport_fastrtps_cpp;rosidl_typesupport_introspection_cpp
[6.431s] -- Found rclcpp: 16.0.11 (/opt/ros/humble/share/rclcpp/cmake)
[6.584s] -- Found rmw_implementation_cmake: 6.1.2 (/opt/ros/humble/share/rmw_implementation_cmake/cmake)
[6.590s] -- Found rmw_fastrtps_cpp: 6.2.7 (/opt/ros/humble/share/rmw_fastrtps_cpp/cmake)
[9.130s] -- Found OpenSSL: /usr/lib/x86_64-linux-gnu/libcrypto.so (found version "3.0.2")  
[11.545s] -- Found FastRTPS: /opt/ros/humble/include  
[16.699s] -- Using RMW implementation 'rmw_fastrtps_cpp' as default
[16.761s] -- Looking for pthread.h
[17.332s] -- Looking for pthread.h - found
[17.333s] -- Performing Test CMAKE_HAVE_LIBC_PTHREAD
[17.973s] -- Performing Test CMAKE_HAVE_LIBC_PTHREAD - Success
[17.976s] -- Found Threads: TRUE  
[18.368s] -- Found ament_lint_auto: 0.12.11 (/opt/ros/humble/share/ament_lint_auto/cmake)
[18.962s] -- Added test 'copyright' to check source files copyright and LICENSE
[18.968s] -- Added test 'cppcheck' to perform static code analysis on C / C++ code
[18.968s] -- Configured cppcheck include dirs: /root/ros2_ws/src/turlebot3_ws/src/DynamixelSDK/ros/dynamixel_sdk_examples/include
[18.968s] -- Configured cppcheck exclude dirs and/or files: 
[18.992s] -- Added test 'cpplint' to check C / C++ code against the Google style
[18.992s] -- Configured cpplint exclude dirs and/or files: 
[18.995s] -- Added test 'lint_cmake' to check CMake code style
[18.997s] -- Added test 'uncrustify' to check C / C++ code style
[18.998s] -- Configured uncrustify additional arguments: 
[19.001s] -- Added test 'xmllint' to check XML markup files
[19.039s] -- Configuring done
[19.120s] -- Generating done
[19.208s] -- Build files have been written to: /root/ros2_ws/build/dynamixel_sdk_examples
[19.283s] Invoked command in '/root/ros2_ws/build/dynamixel_sdk_examples' returned '0': CMAKE_PREFIX_PATH=/root/ros2_ws/install/dynamixel_sdk_custom_interfaces:/root/ros2_ws/install/dynamixel_sdk:/root/ros2_ws/install/turtlesim:/root/ros2_ws/install/turtlebot3:/root/ros2_ws/install/turtlebot3_simulations:/root/ros2_ws/install/turtlebot3_bringup:/root/ros2_ws/install/turtlebot3_node:/root/ros2_ws/install/turtlebot3_navigation2:/root/ros2_ws/install/turtlebot3_fake_node:/root/ros2_ws/install/turtlebot3_msgs:/root/ros2_ws/install/turtlebot3_gazebo:/root/ros2_ws/install/turtlebot3_description:/root/ros2_ws/install/turtlebot3_cartographer:/root/ros2_ws/install/goto_node:/root/ros2_ws/install/endicott_interfaces:/root/ros2_ws/install/dynamixel_sdk_examples:/root/ros2_ws/install/turtlebot3_teleop:/root/ros2_ws/install/turtlebot3_example:/opt/ros/humble LD_LIBRARY_PATH=/root/ros2_ws/install/dynamixel_sdk_custom_interfaces/lib:/root/ros2_ws/install/dynamixel_sdk/lib:/root/ros2_ws/install/turtlesim/lib:/root/ros2_ws/install/turtlebot3_msgs/lib:/root/ros2_ws/install/endicott_interfaces/lib:/usr/lib/x86_64-linux-gnu/gazebo-11/plugins:/opt/ros/humble/opt/rviz_ogre_vendor/lib:/opt/ros/humble/lib/x86_64-linux-gnu:/opt/ros/humble/lib /usr/bin/cmake /root/ros2_ws/src/turlebot3_ws/src/DynamixelSDK/ros/dynamixel_sdk_examples -DCMAKE_INSTALL_PREFIX=/root/ros2_ws/install/dynamixel_sdk_examples
[19.284s] Invoking command in '/root/ros2_ws/build/dynamixel_sdk_examples': CMAKE_PREFIX_PATH=/root/ros2_ws/install/dynamixel_sdk_custom_interfaces:/root/ros2_ws/install/dynamixel_sdk:/root/ros2_ws/install/turtlesim:/root/ros2_ws/install/turtlebot3:/root/ros2_ws/install/turtlebot3_simulations:/root/ros2_ws/install/turtlebot3_bringup:/root/ros2_ws/install/turtlebot3_node:/root/ros2_ws/install/turtlebot3_navigation2:/root/ros2_ws/install/turtlebot3_fake_node:/root/ros2_ws/install/turtlebot3_msgs:/root/ros2_ws/install/turtlebot3_gazebo:/root/ros2_ws/install/turtlebot3_description:/root/ros2_ws/install/turtlebot3_cartographer:/root/ros2_ws/install/goto_node:/root/ros2_ws/install/endicott_interfaces:/root/ros2_ws/install/dynamixel_sdk_examples:/root/ros2_ws/install/turtlebot3_teleop:/root/ros2_ws/install/turtlebot3_example:/opt/ros/humble LD_LIBRARY_PATH=/root/ros2_ws/install/dynamixel_sdk_custom_interfaces/lib:/root/ros2_ws/install/dynamixel_sdk/lib:/root/ros2_ws/install/turtlesim/lib:/root/ros2_ws/install/turtlebot3_msgs/lib:/root/ros2_ws/install/endicott_interfaces/lib:/usr/lib/x86_64-linux-gnu/gazebo-11/plugins:/opt/ros/humble/opt/rviz_ogre_vendor/lib:/opt/ros/humble/lib/x86_64-linux-gnu:/opt/ros/humble/lib /usr/bin/cmake --build /root/ros2_ws/build/dynamixel_sdk_examples -- -j8 -l8
[37.112s] [ 50%] [32mBuilding CXX object CMakeFiles/read_write_node.dir/src/read_write_node.cpp.o[0m
[60.256s] [100%] [32m[1mLinking CXX executable read_write_node[0m
[61.447s] [100%] Built target read_write_node
