[0.052s] Invoking command in '/root/ros2_ws/build/dynamixel_sdk': CMAKE_PREFIX_PATH=${CMAKE_PREFIX_PATH}:/root/ros2_ws/install/turtlebot3_teleop:/root/ros2_ws/install/turtlebot3_example:/opt/ros/humble /usr/bin/cmake --build /root/ros2_ws/build/dynamixel_sdk -- -j8 -l8
[0.175s] [35m[1mConsolidate compiler generated dependencies of target dynamixel_sdk[0m
[0.238s] [100%] Built target dynamixel_sdk
[0.407s] Invoked command in '/root/ros2_ws/build/dynamixel_sdk' returned '0': CMAKE_PREFIX_PATH=${CMAKE_PREFIX_PATH}:/root/ros2_ws/install/turtlebot3_teleop:/root/ros2_ws/install/turtlebot3_example:/opt/ros/humble /usr/bin/cmake --build /root/ros2_ws/build/dynamixel_sdk -- -j8 -l8
[0.410s] Invoking command in '/root/ros2_ws/build/dynamixel_sdk': CMAKE_PREFIX_PATH=${CMAKE_PREFIX_PATH}:/root/ros2_ws/install/turtlebot3_teleop:/root/ros2_ws/install/turtlebot3_example:/opt/ros/humble /usr/bin/cmake --install /root/ros2_ws/build/dynamixel_sdk
[0.430s] -- Install configuration: ""
[0.430s] -- Up-to-date: /root/ros2_ws/install/dynamixel_sdk/include/
[0.430s] -- Up-to-date: /root/ros2_ws/install/dynamixel_sdk/include//dynamixel_sdk
[0.430s] -- Up-to-date: /root/ros2_ws/install/dynamixel_sdk/include//dynamixel_sdk/protocol1_packet_handler.h
[0.430s] -- Up-to-date: /root/ros2_ws/install/dynamixel_sdk/include//dynamixel_sdk/port_handler.h
[0.431s] -- Up-to-date: /root/ros2_ws/install/dynamixel_sdk/include//dynamixel_sdk/port_handler_linux.h
[0.431s] -- Up-to-date: /root/ros2_ws/install/dynamixel_sdk/include//dynamixel_sdk/group_fast_bulk_read.h
[0.431s] -- Up-to-date: /root/ros2_ws/install/dynamixel_sdk/include//dynamixel_sdk/group_bulk_write.h
[0.431s] -- Up-to-date: /root/ros2_ws/install/dynamixel_sdk/include//dynamixel_sdk/dynamixel_sdk.h
[0.431s] -- Up-to-date: /root/ros2_ws/install/dynamixel_sdk/include//dynamixel_sdk/port_handler_windows.h
[0.431s] -- Up-to-date: /root/ros2_ws/install/dynamixel_sdk/include//dynamixel_sdk/packet_handler.h
[0.431s] -- Up-to-date: /root/ros2_ws/install/dynamixel_sdk/include//dynamixel_sdk/port_handler_arduino.h
[0.431s] -- Up-to-date: /root/ros2_ws/install/dynamixel_sdk/include//dynamixel_sdk/group_bulk_read.h
[0.431s] -- Up-to-date: /root/ros2_ws/install/dynamixel_sdk/include//dynamixel_sdk/group_fast_sync_read.h
[0.431s] -- Up-to-date: /root/ros2_ws/install/dynamixel_sdk/include//dynamixel_sdk/port_handler_mac.h
[0.432s] -- Up-to-date: /root/ros2_ws/install/dynamixel_sdk/include//dynamixel_sdk/group_handler.h
[0.432s] -- Up-to-date: /root/ros2_ws/install/dynamixel_sdk/include//dynamixel_sdk/group_sync_write.h
[0.432s] -- Up-to-date: /root/ros2_ws/install/dynamixel_sdk/include//dynamixel_sdk/protocol2_packet_handler.h
[0.432s] -- Up-to-date: /root/ros2_ws/install/dynamixel_sdk/include//dynamixel_sdk/group_sync_read.h
[0.461s] -- Up-to-date: /root/ros2_ws/install/dynamixel_sdk/lib/libdynamixel_sdk.so
[0.462s] -- Up-to-date: /root/ros2_ws/install/dynamixel_sdk/share/dynamixel_sdk/environment/library_path.sh
[0.462s] -- Up-to-date: /root/ros2_ws/install/dynamixel_sdk/share/dynamixel_sdk/environment/library_path.dsv
[0.462s] -- Up-to-date: /root/ros2_ws/install/dynamixel_sdk/share/ament_index/resource_index/package_run_dependencies/dynamixel_sdk
[0.462s] -- Up-to-date: /root/ros2_ws/install/dynamixel_sdk/share/ament_index/resource_index/parent_prefix_path/dynamixel_sdk
[0.462s] -- Up-to-date: /root/ros2_ws/install/dynamixel_sdk/share/dynamixel_sdk/environment/ament_prefix_path.sh
[0.462s] -- Up-to-date: /root/ros2_ws/install/dynamixel_sdk/share/dynamixel_sdk/environment/ament_prefix_path.dsv
[0.462s] -- Up-to-date: /root/ros2_ws/install/dynamixel_sdk/share/dynamixel_sdk/environment/path.sh
[0.462s] -- Up-to-date: /root/ros2_ws/install/dynamixel_sdk/share/dynamixel_sdk/environment/path.dsv
[0.462s] -- Up-to-date: /root/ros2_ws/install/dynamixel_sdk/share/dynamixel_sdk/local_setup.bash
[0.462s] -- Up-to-date: /root/ros2_ws/install/dynamixel_sdk/share/dynamixel_sdk/local_setup.sh
[0.463s] -- Up-to-date: /root/ros2_ws/install/dynamixel_sdk/share/dynamixel_sdk/local_setup.zsh
[0.463s] -- Up-to-date: /root/ros2_ws/install/dynamixel_sdk/share/dynamixel_sdk/local_setup.dsv
[0.463s] -- Installing: /root/ros2_ws/install/dynamixel_sdk/share/dynamixel_sdk/package.dsv
[0.463s] -- Up-to-date: /root/ros2_ws/install/dynamixel_sdk/share/ament_index/resource_index/packages/dynamixel_sdk
[0.463s] -- Up-to-date: /root/ros2_ws/install/dynamixel_sdk/share/dynamixel_sdk/cmake/ament_cmake_export_include_directories-extras.cmake
[0.463s] -- Up-to-date: /root/ros2_ws/install/dynamixel_sdk/share/dynamixel_sdk/cmake/ament_cmake_export_libraries-extras.cmake
[0.463s] -- Up-to-date: /root/ros2_ws/install/dynamixel_sdk/share/dynamixel_sdk/cmake/dynamixel_sdkConfig.cmake
[0.463s] -- Up-to-date: /root/ros2_ws/install/dynamixel_sdk/share/dynamixel_sdk/cmake/dynamixel_sdkConfig-version.cmake
[0.463s] -- Up-to-date: /root/ros2_ws/install/dynamixel_sdk/share/dynamixel_sdk/package.xml
[0.903s] Invoked command in '/root/ros2_ws/build/dynamixel_sdk' returned '0': CMAKE_PREFIX_PATH=${CMAKE_PREFIX_PATH}:/root/ros2_ws/install/turtlebot3_teleop:/root/ros2_ws/install/turtlebot3_example:/opt/ros/humble /usr/bin/cmake --install /root/ros2_ws/build/dynamixel_sdk
