[0.018s] Invoking command in '/root/ros2_ws/build/turtlesim': CMAKE_PREFIX_PATH=${CMAKE_PREFIX_PATH}:/opt/ros/humble /usr/bin/cmake --build /root/ros2_ws/build/turtlesim -- -j8 -l8
[0.088s] [  1%] Built target turtlesim__cpp
[0.093s] [ 11%] Built target turtlesim__rosidl_generator_c
[0.119s] [ 21%] Built target turtlesim__rosidl_typesupport_cpp
[0.119s] [ 31%] Built target turtlesim__rosidl_typesupport_c
[0.120s] [ 41%] Built target turtlesim__rosidl_typesupport_introspection_cpp
[0.121s] [ 51%] Built target turtlesim__rosidl_typesupport_introspection_c
[0.122s] [ 61%] Built target turtlesim__rosidl_typesupport_fastrtps_cpp
[0.123s] [ 61%] Built target ament_cmake_python_copy_turtlesim
[0.131s] [ 71%] Built target turtlesim__rosidl_typesupport_fastrtps_c
[0.148s] [ 73%] Built target turtle_teleop_key
[0.149s] [ 76%] Built target draw_square
[0.149s] [ 77%] Built target mimic
[0.156s] [ 77%] Built target turtlesim
[0.162s] [ 83%] Built target turtlesim_node
[0.177s] [ 84%] Built target turtlesim__py
[0.198s] [ 93%] Built target turtlesim__rosidl_generator_py
[0.228s] [ 97%] Built target turtlesim__rosidl_typesupport_fastrtps_c__pyext
[0.228s] [ 97%] Built target turtlesim__rosidl_typesupport_introspection_c__pyext
[0.228s] [100%] Built target turtlesim__rosidl_typesupport_c__pyext
[0.326s] running egg_info
[0.328s] writing turtlesim.egg-info/PKG-INFO
[0.328s] writing dependency_links to turtlesim.egg-info/dependency_links.txt
[0.328s] writing top-level names to turtlesim.egg-info/top_level.txt
[0.332s] reading manifest file 'turtlesim.egg-info/SOURCES.txt'
[0.333s] writing manifest file 'turtlesim.egg-info/SOURCES.txt'
[0.355s] [100%] Built target ament_cmake_python_build_turtlesim_egg
