[0.411s] Invoking command in '/root/ros2_ws/src/turlebot3_ws/src/build/turtlebot3_node': AMENT_PREFIX_PATH=/root/ros2_ws/src/turlebot3_ws/src/install/turtlebot3_msgs:/root/ros2_ws/src/turlebot3_ws/src/install/dynamixel_sdk:${AMENT_PREFIX_PATH} CMAKE_PREFIX_PATH=/root/ros2_ws/src/turlebot3_ws/src/install/turtlebot3_msgs:/root/ros2_ws/src/turlebot3_ws/src/install/dynamixel_sdk:/opt/ros/humble LD_LIBRARY_PATH=/root/ros2_ws/src/turlebot3_ws/src/install/turtlebot3_msgs/lib:/root/ros2_ws/src/turlebot3_ws/src/install/dynamixel_sdk/lib:${LD_LIBRARY_PATH} PYTHONPATH=/root/ros2_ws/src/turlebot3_ws/src/install/turtlebot3_msgs/local/lib/python3.10/dist-packages:${PYTHONPATH} /usr/bin/cmake /root/ros2_ws/src/turlebot3_ws/src/turtlebot3/turtlebot3_node -DCMAKE_INSTALL_PREFIX=/root/ros2_ws/src/turlebot3_ws/src/install/turtlebot3_node
[0.538s] -- The C compiler identification is GNU 11.4.0
[1.056s] -- The CXX compiler identification is GNU 11.4.0
[1.477s] -- Detecting C compiler ABI info
[1.631s] -- Detecting C compiler ABI info - done
[1.639s] -- Check for working C compiler: /usr/bin/cc - skipped
[1.639s] -- Detecting C compile features
[1.639s] -- Detecting C compile features - done
[1.642s] -- Detecting CXX compiler ABI info
[1.804s] -- Detecting CXX compiler ABI info - done
[1.811s] -- Check for working CXX compiler: /usr/bin/c++ - skipped
[1.812s] -- Detecting CXX compile features
[1.812s] -- Detecting CXX compile features - done
[1.814s] -- Found ament_cmake: 1.3.11 (/opt/ros/humble/share/ament_cmake/cmake)
[1.968s] -- Found Python3: /usr/bin/python3 (found version "3.10.12") found components: Interpreter 
[2.065s] -- Found dynamixel_sdk: 3.8.1 (/root/ros2_ws/src/turlebot3_ws/src/install/dynamixel_sdk/share/dynamixel_sdk/cmake)
[2.067s] -- Found geometry_msgs: 4.2.4 (/opt/ros/humble/share/geometry_msgs/cmake)
[2.224s] -- Found rosidl_generator_c: 3.1.6 (/opt/ros/humble/share/rosidl_generator_c/cmake)
[2.229s] -- Found rosidl_adapter: 3.1.6 (/opt/ros/humble/share/rosidl_adapter/cmake)
[2.237s] -- Found rosidl_generator_cpp: 3.1.6 (/opt/ros/humble/share/rosidl_generator_cpp/cmake)
[2.249s] -- Using all available rosidl_typesupport_c: rosidl_typesupport_fastrtps_c;rosidl_typesupport_introspection_c
[2.265s] -- Using all available rosidl_typesupport_cpp: rosidl_typesupport_fastrtps_cpp;rosidl_typesupport_introspection_cpp
[2.307s] -- Found message_filters: 4.3.5 (/opt/ros/humble/share/message_filters/cmake)
[2.348s] -- Found rmw_implementation_cmake: 6.1.2 (/opt/ros/humble/share/rmw_implementation_cmake/cmake)
[2.351s] -- Found rmw_fastrtps_cpp: 6.2.7 (/opt/ros/humble/share/rmw_fastrtps_cpp/cmake)
[3.568s] -- Found OpenSSL: /usr/lib/x86_64-linux-gnu/libcrypto.so (found version "3.0.2")  
[4.969s] -- Found FastRTPS: /opt/ros/humble/include  
[7.412s] -- Using RMW implementation 'rmw_fastrtps_cpp' as default
[7.425s] -- Looking for pthread.h
[7.565s] -- Looking for pthread.h - found
[7.566s] -- Performing Test CMAKE_HAVE_LIBC_PTHREAD
[7.714s] -- Performing Test CMAKE_HAVE_LIBC_PTHREAD - Success
[7.716s] -- Found Threads: TRUE  
[7.757s] -- Found nav_msgs: 4.2.4 (/opt/ros/humble/share/nav_msgs/cmake)
[7.791s] -- Found sensor_msgs: 4.2.4 (/opt/ros/humble/share/sensor_msgs/cmake)
[7.826s] -- Found std_srvs: 4.2.4 (/opt/ros/humble/share/std_srvs/cmake)
[7.857s] -- Found tf2: 0.25.11 (/opt/ros/humble/share/tf2/cmake)
[7.873s] -- Found tf2_ros: 0.25.11 (/opt/ros/humble/share/tf2_ros/cmake)
[8.010s] -- Found turtlebot3_msgs: 2.3.0 (/root/ros2_ws/src/turlebot3_ws/src/install/turtlebot3_msgs/share/turtlebot3_msgs/cmake)
[8.108s] -- Configuring done
[8.126s] -- Generating done
[8.132s] -- Build files have been written to: /root/ros2_ws/src/turlebot3_ws/src/build/turtlebot3_node
[8.142s] Invoked command in '/root/ros2_ws/src/turlebot3_ws/src/build/turtlebot3_node' returned '0': AMENT_PREFIX_PATH=/root/ros2_ws/src/turlebot3_ws/src/install/turtlebot3_msgs:/root/ros2_ws/src/turlebot3_ws/src/install/dynamixel_sdk:${AMENT_PREFIX_PATH} CMAKE_PREFIX_PATH=/root/ros2_ws/src/turlebot3_ws/src/install/turtlebot3_msgs:/root/ros2_ws/src/turlebot3_ws/src/install/dynamixel_sdk:/opt/ros/humble LD_LIBRARY_PATH=/root/ros2_ws/src/turlebot3_ws/src/install/turtlebot3_msgs/lib:/root/ros2_ws/src/turlebot3_ws/src/install/dynamixel_sdk/lib:${LD_LIBRARY_PATH} PYTHONPATH=/root/ros2_ws/src/turlebot3_ws/src/install/turtlebot3_msgs/local/lib/python3.10/dist-packages:${PYTHONPATH} /usr/bin/cmake /root/ros2_ws/src/turlebot3_ws/src/turtlebot3/turtlebot3_node -DCMAKE_INSTALL_PREFIX=/root/ros2_ws/src/turlebot3_ws/src/install/turtlebot3_node
[8.144s] Invoking command in '/root/ros2_ws/src/turlebot3_ws/src/build/turtlebot3_node': AMENT_PREFIX_PATH=/root/ros2_ws/src/turlebot3_ws/src/install/turtlebot3_msgs:/root/ros2_ws/src/turlebot3_ws/src/install/dynamixel_sdk:${AMENT_PREFIX_PATH} CMAKE_PREFIX_PATH=/root/ros2_ws/src/turlebot3_ws/src/install/turtlebot3_msgs:/root/ros2_ws/src/turlebot3_ws/src/install/dynamixel_sdk:/opt/ros/humble LD_LIBRARY_PATH=/root/ros2_ws/src/turlebot3_ws/src/install/turtlebot3_msgs/lib:/root/ros2_ws/src/turlebot3_ws/src/install/dynamixel_sdk/lib:${LD_LIBRARY_PATH} PYTHONPATH=/root/ros2_ws/src/turlebot3_ws/src/install/turtlebot3_msgs/local/lib/python3.10/dist-packages:${PYTHONPATH} /usr/bin/cmake --build /root/ros2_ws/src/turlebot3_ws/src/build/turtlebot3_node -- -j8 -l8
[8.190s] [ 21%] [32mBuilding CXX object CMakeFiles/turtlebot3_node_lib.dir/src/devices/sound.cpp.o[0m
[8.191s] [  7%] [32mBuilding CXX object CMakeFiles/turtlebot3_node_lib.dir/src/devices/motor_power.cpp.o[0m
[8.191s] [ 28%] [32mBuilding CXX object CMakeFiles/turtlebot3_node_lib.dir/src/devices/reset.cpp.o[0m
[8.191s] [ 28%] [32mBuilding CXX object CMakeFiles/turtlebot3_node_lib.dir/src/diff_drive_controller.cpp.o[0m
[8.191s] [ 35%] [32mBuilding CXX object CMakeFiles/turtlebot3_node_lib.dir/src/dynamixel_sdk_wrapper.cpp.o[0m
[8.192s] [ 42%] [32mBuilding CXX object CMakeFiles/turtlebot3_node_lib.dir/src/odometry.cpp.o[0m
[8.196s] [ 50%] [32mBuilding CXX object CMakeFiles/turtlebot3_node_lib.dir/src/turtlebot3.cpp.o[0m
[8.200s] [ 57%] [32mBuilding CXX object CMakeFiles/turtlebot3_node_lib.dir/src/sensors/battery_state.cpp.o[0m
[9.632s] [ 64%] [32mBuilding CXX object CMakeFiles/turtlebot3_node_lib.dir/src/sensors/imu.cpp.o[0m
[17.230s] [ 71%] [32mBuilding CXX object CMakeFiles/turtlebot3_node_lib.dir/src/sensors/joint_state.cpp.o[0m
[18.371s] [ 78%] [32mBuilding CXX object CMakeFiles/turtlebot3_node_lib.dir/src/sensors/sensor_state.cpp.o[0m
[31.079s] [ 85%] [32m[1mLinking CXX static library libturtlebot3_node_lib.a[0m
[31.432s] [ 85%] Built target turtlebot3_node_lib
[31.448s] [ 92%] [32mBuilding CXX object CMakeFiles/turtlebot3_ros.dir/src/node_main.cpp.o[0m
[34.043s] [100%] [32m[1mLinking CXX executable turtlebot3_ros[0m
[35.648s] [100%] Built target turtlebot3_ros
[35.656s] Invoked command in '/root/ros2_ws/src/turlebot3_ws/src/build/turtlebot3_node' returned '0': AMENT_PREFIX_PATH=/root/ros2_ws/src/turlebot3_ws/src/install/turtlebot3_msgs:/root/ros2_ws/src/turlebot3_ws/src/install/dynamixel_sdk:${AMENT_PREFIX_PATH} CMAKE_PREFIX_PATH=/root/ros2_ws/src/turlebot3_ws/src/install/turtlebot3_msgs:/root/ros2_ws/src/turlebot3_ws/src/install/dynamixel_sdk:/opt/ros/humble LD_LIBRARY_PATH=/root/ros2_ws/src/turlebot3_ws/src/install/turtlebot3_msgs/lib:/root/ros2_ws/src/turlebot3_ws/src/install/dynamixel_sdk/lib:${LD_LIBRARY_PATH} PYTHONPATH=/root/ros2_ws/src/turlebot3_ws/src/install/turtlebot3_msgs/local/lib/python3.10/dist-packages:${PYTHONPATH} /usr/bin/cmake --build /root/ros2_ws/src/turlebot3_ws/src/build/turtlebot3_node -- -j8 -l8
[35.657s] Invoking command in '/root/ros2_ws/src/turlebot3_ws/src/build/turtlebot3_node': AMENT_PREFIX_PATH=/root/ros2_ws/src/turlebot3_ws/src/install/turtlebot3_msgs:/root/ros2_ws/src/turlebot3_ws/src/install/dynamixel_sdk:${AMENT_PREFIX_PATH} CMAKE_PREFIX_PATH=/root/ros2_ws/src/turlebot3_ws/src/install/turtlebot3_msgs:/root/ros2_ws/src/turlebot3_ws/src/install/dynamixel_sdk:/opt/ros/humble LD_LIBRARY_PATH=/root/ros2_ws/src/turlebot3_ws/src/install/turtlebot3_msgs/lib:/root/ros2_ws/src/turlebot3_ws/src/install/dynamixel_sdk/lib:${LD_LIBRARY_PATH} PYTHONPATH=/root/ros2_ws/src/turlebot3_ws/src/install/turtlebot3_msgs/local/lib/python3.10/dist-packages:${PYTHONPATH} /usr/bin/cmake --install /root/ros2_ws/src/turlebot3_ws/src/build/turtlebot3_node
[35.662s] -- Install configuration: ""
[35.662s] -- Installing: /root/ros2_ws/src/turlebot3_ws/src/install/turtlebot3_node/share/turtlebot3_node/param
[35.663s] -- Installing: /root/ros2_ws/src/turlebot3_ws/src/install/turtlebot3_node/share/turtlebot3_node/param/waffle.yaml
[35.663s] -- Installing: /root/ros2_ws/src/turlebot3_ws/src/install/turtlebot3_node/share/turtlebot3_node/param/waffle_pi.yaml
[35.663s] -- Installing: /root/ros2_ws/src/turlebot3_ws/src/install/turtlebot3_node/share/turtlebot3_node/param/burger.yaml
[35.664s] -- Installing: /root/ros2_ws/src/turlebot3_ws/src/install/turtlebot3_node/lib/turtlebot3_node/turtlebot3_ros
[35.672s] -- Set runtime path of "/root/ros2_ws/src/turlebot3_ws/src/install/turtlebot3_node/lib/turtlebot3_node/turtlebot3_ros" to ""
[35.672s] -- Installing: /root/ros2_ws/src/turlebot3_ws/src/install/turtlebot3_node/share/ament_index/resource_index/package_run_dependencies/turtlebot3_node
[35.672s] -- Installing: /root/ros2_ws/src/turlebot3_ws/src/install/turtlebot3_node/share/ament_index/resource_index/parent_prefix_path/turtlebot3_node
[35.672s] -- Installing: /root/ros2_ws/src/turlebot3_ws/src/install/turtlebot3_node/share/turtlebot3_node/environment/ament_prefix_path.sh
[35.673s] -- Installing: /root/ros2_ws/src/turlebot3_ws/src/install/turtlebot3_node/share/turtlebot3_node/environment/ament_prefix_path.dsv
[35.673s] -- Installing: /root/ros2_ws/src/turlebot3_ws/src/install/turtlebot3_node/share/turtlebot3_node/environment/path.sh
[35.673s] -- Installing: /root/ros2_ws/src/turlebot3_ws/src/install/turtlebot3_node/share/turtlebot3_node/environment/path.dsv
[35.673s] -- Installing: /root/ros2_ws/src/turlebot3_ws/src/install/turtlebot3_node/share/turtlebot3_node/local_setup.bash
[35.673s] -- Installing: /root/ros2_ws/src/turlebot3_ws/src/install/turtlebot3_node/share/turtlebot3_node/local_setup.sh
[35.673s] -- Installing: /root/ros2_ws/src/turlebot3_ws/src/install/turtlebot3_node/share/turtlebot3_node/local_setup.zsh
[35.673s] -- Installing: /root/ros2_ws/src/turlebot3_ws/src/install/turtlebot3_node/share/turtlebot3_node/local_setup.dsv
[35.674s] -- Installing: /root/ros2_ws/src/turlebot3_ws/src/install/turtlebot3_node/share/turtlebot3_node/package.dsv
[35.674s] -- Installing: /root/ros2_ws/src/turlebot3_ws/src/install/turtlebot3_node/share/ament_index/resource_index/packages/turtlebot3_node
[35.674s] -- Installing: /root/ros2_ws/src/turlebot3_ws/src/install/turtlebot3_node/share/turtlebot3_node/cmake/ament_cmake_export_include_directories-extras.cmake
[35.674s] -- Installing: /root/ros2_ws/src/turlebot3_ws/src/install/turtlebot3_node/share/turtlebot3_node/cmake/turtlebot3_nodeConfig.cmake
[35.674s] -- Installing: /root/ros2_ws/src/turlebot3_ws/src/install/turtlebot3_node/share/turtlebot3_node/cmake/turtlebot3_nodeConfig-version.cmake
[35.674s] -- Installing: /root/ros2_ws/src/turlebot3_ws/src/install/turtlebot3_node/share/turtlebot3_node/package.xml
[35.676s] Invoked command in '/root/ros2_ws/src/turlebot3_ws/src/build/turtlebot3_node' returned '0': AMENT_PREFIX_PATH=/root/ros2_ws/src/turlebot3_ws/src/install/turtlebot3_msgs:/root/ros2_ws/src/turlebot3_ws/src/install/dynamixel_sdk:${AMENT_PREFIX_PATH} CMAKE_PREFIX_PATH=/root/ros2_ws/src/turlebot3_ws/src/install/turtlebot3_msgs:/root/ros2_ws/src/turlebot3_ws/src/install/dynamixel_sdk:/opt/ros/humble LD_LIBRARY_PATH=/root/ros2_ws/src/turlebot3_ws/src/install/turtlebot3_msgs/lib:/root/ros2_ws/src/turlebot3_ws/src/install/dynamixel_sdk/lib:${LD_LIBRARY_PATH} PYTHONPATH=/root/ros2_ws/src/turlebot3_ws/src/install/turtlebot3_msgs/local/lib/python3.10/dist-packages:${PYTHONPATH} /usr/bin/cmake --install /root/ros2_ws/src/turlebot3_ws/src/build/turtlebot3_node
