[35m[1mConsolidate compiler generated dependencies of target endicott_interfaces__rosidl_generator_c[0m
[  3%] Built target endicott_interfaces__cpp
[ 12%] Built target endicott_interfaces__rosidl_generator_c
[35m[1mConsolidate compiler generated dependencies of target endicott_interfaces__rosidl_typesupport_cpp[0m
[35m[1mConsolidate compiler generated dependencies of target endicott_interfaces__rosidl_typesupport_fastrtps_cpp[0m
[35m[1mConsolidate compiler generated dependencies of target endicott_interfaces__rosidl_typesupport_introspection_cpp[0m
[ 12%] Built target ament_cmake_python_copy_endicott_interfaces
[ 22%] Built target endicott_interfaces__rosidl_typesupport_cpp
[ 32%] Built target endicott_interfaces__rosidl_typesupport_fastrtps_cpp
[35m[1mConsolidate compiler generated dependencies of target endicott_interfaces__rosidl_typesupport_fastrtps_c[0m
[35m[1mConsolidate compiler generated dependencies of target endicott_interfaces__rosidl_typesupport_introspection_c[0m
[ 41%] Built target endicott_interfaces__rosidl_typesupport_fastrtps_c
[35m[1mConsolidate compiler generated dependencies of target endicott_interfaces__rosidl_typesupport_c[0m
[ 51%] Built target endicott_interfaces__rosidl_typesupport_introspection_cpp
[ 61%] Built target endicott_interfaces__rosidl_typesupport_introspection_c
[ 70%] Built target endicott_interfaces__rosidl_typesupport_c
[ 70%] Built target endicott_interfaces
[ 74%] Built target endicott_interfaces__py
[35m[1mConsolidate compiler generated dependencies of target endicott_interfaces__rosidl_generator_py[0m
[ 80%] Built target endicott_interfaces__rosidl_generator_py
running egg_info
[35m[1mConsolidate compiler generated dependencies of target endicott_interfaces__rosidl_typesupport_fastrtps_c__pyext[0m
writing endicott_interfaces.egg-info/PKG-INFO
writing dependency_links to endicott_interfaces.egg-info/dependency_links.txt
writing top-level names to endicott_interfaces.egg-info/top_level.txt
reading manifest file 'endicott_interfaces.egg-info/SOURCES.txt'
writing manifest file 'endicott_interfaces.egg-info/SOURCES.txt'
[35m[1mConsolidate compiler generated dependencies of target endicott_interfaces__rosidl_typesupport_introspection_c__pyext[0m
[ 87%] Built target endicott_interfaces__rosidl_typesupport_fastrtps_c__pyext
[35m[1mConsolidate compiler generated dependencies of target endicott_interfaces__rosidl_typesupport_c__pyext[0m
[ 87%] Built target ament_cmake_python_build_endicott_interfaces_egg
[ 93%] Built target endicott_interfaces__rosidl_typesupport_introspection_c__pyext
[100%] Built target endicott_interfaces__rosidl_typesupport_c__pyext
-- Install configuration: ""
-- Up-to-date: /root/ros2_ws/install/endicott_interfaces/share/ament_index/resource_index/rosidl_interfaces/endicott_interfaces
-- Up-to-date: /root/ros2_ws/install/endicott_interfaces/include/endicott_interfaces/endicott_interfaces
-- Up-to-date: /root/ros2_ws/install/endicott_interfaces/include/endicott_interfaces/endicott_interfaces/msg
-- Up-to-date: /root/ros2_ws/install/endicott_interfaces/include/endicott_interfaces/endicott_interfaces/msg/move_status.h
-- Up-to-date: /root/ros2_ws/install/endicott_interfaces/include/endicott_interfaces/endicott_interfaces/msg/rosidl_generator_c__visibility_control.h
-- Up-to-date: /root/ros2_ws/install/endicott_interfaces/include/endicott_interfaces/endicott_interfaces/msg/detail
-- Up-to-date: /root/ros2_ws/install/endicott_interfaces/include/endicott_interfaces/endicott_interfaces/msg/detail/move_status__functions.h
-- Up-to-date: /root/ros2_ws/install/endicott_interfaces/include/endicott_interfaces/endicott_interfaces/msg/detail/move_status__struct.h
-- Up-to-date: /root/ros2_ws/install/endicott_interfaces/include/endicott_interfaces/endicott_interfaces/msg/detail/move_status__functions.c
-- Up-to-date: /root/ros2_ws/install/endicott_interfaces/include/endicott_interfaces/endicott_interfaces/msg/detail/move_status__type_support.h
-- Up-to-date: /root/ros2_ws/install/endicott_interfaces/share/endicott_interfaces/environment/library_path.sh
-- Up-to-date: /root/ros2_ws/install/endicott_interfaces/share/endicott_interfaces/environment/library_path.dsv
-- Up-to-date: /root/ros2_ws/install/endicott_interfaces/lib/libendicott_interfaces__rosidl_generator_c.so
-- Up-to-date: /root/ros2_ws/install/endicott_interfaces/include/endicott_interfaces/endicott_interfaces
-- Up-to-date: /root/ros2_ws/install/endicott_interfaces/include/endicott_interfaces/endicott_interfaces/msg
-- Up-to-date: /root/ros2_ws/install/endicott_interfaces/include/endicott_interfaces/endicott_interfaces/msg/rosidl_typesupport_fastrtps_c__visibility_control.h
-- Up-to-date: /root/ros2_ws/install/endicott_interfaces/include/endicott_interfaces/endicott_interfaces/msg/detail
-- Up-to-date: /root/ros2_ws/install/endicott_interfaces/include/endicott_interfaces/endicott_interfaces/msg/detail/move_status__rosidl_typesupport_fastrtps_c.h
-- Up-to-date: /root/ros2_ws/install/endicott_interfaces/lib/libendicott_interfaces__rosidl_typesupport_fastrtps_c.so
-- Up-to-date: /root/ros2_ws/install/endicott_interfaces/include/endicott_interfaces/endicott_interfaces
-- Up-to-date: /root/ros2_ws/install/endicott_interfaces/include/endicott_interfaces/endicott_interfaces/msg
-- Up-to-date: /root/ros2_ws/install/endicott_interfaces/include/endicott_interfaces/endicott_interfaces/msg/rosidl_generator_cpp__visibility_control.hpp
-- Up-to-date: /root/ros2_ws/install/endicott_interfaces/include/endicott_interfaces/endicott_interfaces/msg/move_status.hpp
-- Up-to-date: /root/ros2_ws/install/endicott_interfaces/include/endicott_interfaces/endicott_interfaces/msg/detail
-- Up-to-date: /root/ros2_ws/install/endicott_interfaces/include/endicott_interfaces/endicott_interfaces/msg/detail/move_status__traits.hpp
-- Up-to-date: /root/ros2_ws/install/endicott_interfaces/include/endicott_interfaces/endicott_interfaces/msg/detail/move_status__struct.hpp
-- Up-to-date: /root/ros2_ws/install/endicott_interfaces/include/endicott_interfaces/endicott_interfaces/msg/detail/move_status__builder.hpp
-- Up-to-date: /root/ros2_ws/install/endicott_interfaces/include/endicott_interfaces/endicott_interfaces/msg/detail/move_status__type_support.hpp
-- Up-to-date: /root/ros2_ws/install/endicott_interfaces/include/endicott_interfaces/endicott_interfaces
-- Up-to-date: /root/ros2_ws/install/endicott_interfaces/include/endicott_interfaces/endicott_interfaces/msg
-- Up-to-date: /root/ros2_ws/install/endicott_interfaces/include/endicott_interfaces/endicott_interfaces/msg/rosidl_typesupport_fastrtps_cpp__visibility_control.h
-- Up-to-date: /root/ros2_ws/install/endicott_interfaces/include/endicott_interfaces/endicott_interfaces/msg/detail
-- Up-to-date: /root/ros2_ws/install/endicott_interfaces/include/endicott_interfaces/endicott_interfaces/msg/detail/dds_fastrtps
-- Up-to-date: /root/ros2_ws/install/endicott_interfaces/include/endicott_interfaces/endicott_interfaces/msg/detail/move_status__rosidl_typesupport_fastrtps_cpp.hpp
-- Up-to-date: /root/ros2_ws/install/endicott_interfaces/lib/libendicott_interfaces__rosidl_typesupport_fastrtps_cpp.so
-- Up-to-date: /root/ros2_ws/install/endicott_interfaces/include/endicott_interfaces/endicott_interfaces
-- Up-to-date: /root/ros2_ws/install/endicott_interfaces/include/endicott_interfaces/endicott_interfaces/msg
-- Up-to-date: /root/ros2_ws/install/endicott_interfaces/include/endicott_interfaces/endicott_interfaces/msg/rosidl_typesupport_introspection_c__visibility_control.h
-- Up-to-date: /root/ros2_ws/install/endicott_interfaces/include/endicott_interfaces/endicott_interfaces/msg/detail
-- Up-to-date: /root/ros2_ws/install/endicott_interfaces/include/endicott_interfaces/endicott_interfaces/msg/detail/move_status__type_support.c
-- Up-to-date: /root/ros2_ws/install/endicott_interfaces/include/endicott_interfaces/endicott_interfaces/msg/detail/move_status__rosidl_typesupport_introspection_c.h
-- Up-to-date: /root/ros2_ws/install/endicott_interfaces/lib/libendicott_interfaces__rosidl_typesupport_introspection_c.so
-- Up-to-date: /root/ros2_ws/install/endicott_interfaces/lib/libendicott_interfaces__rosidl_typesupport_c.so
-- Up-to-date: /root/ros2_ws/install/endicott_interfaces/include/endicott_interfaces/endicott_interfaces
-- Up-to-date: /root/ros2_ws/install/endicott_interfaces/include/endicott_interfaces/endicott_interfaces/msg
-- Up-to-date: /root/ros2_ws/install/endicott_interfaces/include/endicott_interfaces/endicott_interfaces/msg/detail
-- Up-to-date: /root/ros2_ws/install/endicott_interfaces/include/endicott_interfaces/endicott_interfaces/msg/detail/move_status__type_support.cpp
-- Up-to-date: /root/ros2_ws/install/endicott_interfaces/include/endicott_interfaces/endicott_interfaces/msg/detail/move_status__rosidl_typesupport_introspection_cpp.hpp
-- Up-to-date: /root/ros2_ws/install/endicott_interfaces/lib/libendicott_interfaces__rosidl_typesupport_introspection_cpp.so
-- Up-to-date: /root/ros2_ws/install/endicott_interfaces/lib/libendicott_interfaces__rosidl_typesupport_cpp.so
-- Up-to-date: /root/ros2_ws/install/endicott_interfaces/share/endicott_interfaces/environment/pythonpath.sh
-- Up-to-date: /root/ros2_ws/install/endicott_interfaces/share/endicott_interfaces/environment/pythonpath.dsv
-- Up-to-date: /root/ros2_ws/install/endicott_interfaces/local/lib/python3.10/dist-packages/endicott_interfaces-0.0.0-py3.10.egg-info
-- Installing: /root/ros2_ws/install/endicott_interfaces/local/lib/python3.10/dist-packages/endicott_interfaces-0.0.0-py3.10.egg-info/top_level.txt
-- Installing: /root/ros2_ws/install/endicott_interfaces/local/lib/python3.10/dist-packages/endicott_interfaces-0.0.0-py3.10.egg-info/dependency_links.txt
-- Installing: /root/ros2_ws/install/endicott_interfaces/local/lib/python3.10/dist-packages/endicott_interfaces-0.0.0-py3.10.egg-info/SOURCES.txt
-- Installing: /root/ros2_ws/install/endicott_interfaces/local/lib/python3.10/dist-packages/endicott_interfaces-0.0.0-py3.10.egg-info/PKG-INFO
-- Up-to-date: /root/ros2_ws/install/endicott_interfaces/local/lib/python3.10/dist-packages/endicott_interfaces
-- Up-to-date: /root/ros2_ws/install/endicott_interfaces/local/lib/python3.10/dist-packages/endicott_interfaces/endicott_interfaces_s__rosidl_typesupport_introspection_c.cpython-310-x86_64-linux-gnu.so
-- Up-to-date: /root/ros2_ws/install/endicott_interfaces/local/lib/python3.10/dist-packages/endicott_interfaces/_endicott_interfaces_s.ep.rosidl_typesupport_fastrtps_c.c
-- Up-to-date: /root/ros2_ws/install/endicott_interfaces/local/lib/python3.10/dist-packages/endicott_interfaces/_endicott_interfaces_s.ep.rosidl_typesupport_c.c
-- Up-to-date: /root/ros2_ws/install/endicott_interfaces/local/lib/python3.10/dist-packages/endicott_interfaces/endicott_interfaces_s__rosidl_typesupport_c.cpython-310-x86_64-linux-gnu.so
-- Up-to-date: /root/ros2_ws/install/endicott_interfaces/local/lib/python3.10/dist-packages/endicott_interfaces/msg
-- Up-to-date: /root/ros2_ws/install/endicott_interfaces/local/lib/python3.10/dist-packages/endicott_interfaces/msg/_move_status_s.c
-- Up-to-date: /root/ros2_ws/install/endicott_interfaces/local/lib/python3.10/dist-packages/endicott_interfaces/msg/_move_status.py
-- Up-to-date: /root/ros2_ws/install/endicott_interfaces/local/lib/python3.10/dist-packages/endicott_interfaces/msg/__init__.py
-- Up-to-date: /root/ros2_ws/install/endicott_interfaces/local/lib/python3.10/dist-packages/endicott_interfaces/_endicott_interfaces_s.ep.rosidl_typesupport_introspection_c.c
-- Up-to-date: /root/ros2_ws/install/endicott_interfaces/local/lib/python3.10/dist-packages/endicott_interfaces/endicott_interfaces_s__rosidl_typesupport_fastrtps_c.cpython-310-x86_64-linux-gnu.so
-- Up-to-date: /root/ros2_ws/install/endicott_interfaces/local/lib/python3.10/dist-packages/endicott_interfaces/libendicott_interfaces__rosidl_generator_py.so
-- Up-to-date: /root/ros2_ws/install/endicott_interfaces/local/lib/python3.10/dist-packages/endicott_interfaces/__init__.py
Listing '/root/ros2_ws/install/endicott_interfaces/local/lib/python3.10/dist-packages/endicott_interfaces'...
Listing '/root/ros2_ws/install/endicott_interfaces/local/lib/python3.10/dist-packages/endicott_interfaces/msg'...
-- Up-to-date: /root/ros2_ws/install/endicott_interfaces/local/lib/python3.10/dist-packages/endicott_interfaces/endicott_interfaces_s__rosidl_typesupport_fastrtps_c.cpython-310-x86_64-linux-gnu.so
-- Up-to-date: /root/ros2_ws/install/endicott_interfaces/local/lib/python3.10/dist-packages/endicott_interfaces/endicott_interfaces_s__rosidl_typesupport_introspection_c.cpython-310-x86_64-linux-gnu.so
-- Up-to-date: /root/ros2_ws/install/endicott_interfaces/local/lib/python3.10/dist-packages/endicott_interfaces/endicott_interfaces_s__rosidl_typesupport_c.cpython-310-x86_64-linux-gnu.so
-- Up-to-date: /root/ros2_ws/install/endicott_interfaces/lib/libendicott_interfaces__rosidl_generator_py.so
-- Up-to-date: /root/ros2_ws/install/endicott_interfaces/share/endicott_interfaces/msg/MoveStatus.idl
-- Up-to-date: /root/ros2_ws/install/endicott_interfaces/share/endicott_interfaces/msg/MoveStatus.msg
-- Up-to-date: /root/ros2_ws/install/endicott_interfaces/share/ament_index/resource_index/package_run_dependencies/endicott_interfaces
-- Up-to-date: /root/ros2_ws/install/endicott_interfaces/share/ament_index/resource_index/parent_prefix_path/endicott_interfaces
-- Up-to-date: /root/ros2_ws/install/endicott_interfaces/share/endicott_interfaces/environment/ament_prefix_path.sh
-- Up-to-date: /root/ros2_ws/install/endicott_interfaces/share/endicott_interfaces/environment/ament_prefix_path.dsv
-- Up-to-date: /root/ros2_ws/install/endicott_interfaces/share/endicott_interfaces/environment/path.sh
-- Up-to-date: /root/ros2_ws/install/endicott_interfaces/share/endicott_interfaces/environment/path.dsv
-- Up-to-date: /root/ros2_ws/install/endicott_interfaces/share/endicott_interfaces/local_setup.bash
-- Up-to-date: /root/ros2_ws/install/endicott_interfaces/share/endicott_interfaces/local_setup.sh
-- Up-to-date: /root/ros2_ws/install/endicott_interfaces/share/endicott_interfaces/local_setup.zsh
-- Up-to-date: /root/ros2_ws/install/endicott_interfaces/share/endicott_interfaces/local_setup.dsv
-- Installing: /root/ros2_ws/install/endicott_interfaces/share/endicott_interfaces/package.dsv
-- Up-to-date: /root/ros2_ws/install/endicott_interfaces/share/ament_index/resource_index/packages/endicott_interfaces
-- Up-to-date: /root/ros2_ws/install/endicott_interfaces/share/endicott_interfaces/cmake/export_endicott_interfaces__rosidl_generator_cExport.cmake
-- Up-to-date: /root/ros2_ws/install/endicott_interfaces/share/endicott_interfaces/cmake/export_endicott_interfaces__rosidl_generator_cExport-noconfig.cmake
-- Up-to-date: /root/ros2_ws/install/endicott_interfaces/share/endicott_interfaces/cmake/export_endicott_interfaces__rosidl_typesupport_fastrtps_cExport.cmake
-- Up-to-date: /root/ros2_ws/install/endicott_interfaces/share/endicott_interfaces/cmake/export_endicott_interfaces__rosidl_typesupport_fastrtps_cExport-noconfig.cmake
-- Up-to-date: /root/ros2_ws/install/endicott_interfaces/share/endicott_interfaces/cmake/export_endicott_interfaces__rosidl_generator_cppExport.cmake
-- Up-to-date: /root/ros2_ws/install/endicott_interfaces/share/endicott_interfaces/cmake/export_endicott_interfaces__rosidl_typesupport_fastrtps_cppExport.cmake
-- Up-to-date: /root/ros2_ws/install/endicott_interfaces/share/endicott_interfaces/cmake/export_endicott_interfaces__rosidl_typesupport_fastrtps_cppExport-noconfig.cmake
-- Up-to-date: /root/ros2_ws/install/endicott_interfaces/share/endicott_interfaces/cmake/endicott_interfaces__rosidl_typesupport_introspection_cExport.cmake
-- Up-to-date: /root/ros2_ws/install/endicott_interfaces/share/endicott_interfaces/cmake/endicott_interfaces__rosidl_typesupport_introspection_cExport-noconfig.cmake
-- Up-to-date: /root/ros2_ws/install/endicott_interfaces/share/endicott_interfaces/cmake/endicott_interfaces__rosidl_typesupport_cExport.cmake
-- Up-to-date: /root/ros2_ws/install/endicott_interfaces/share/endicott_interfaces/cmake/endicott_interfaces__rosidl_typesupport_cExport-noconfig.cmake
-- Up-to-date: /root/ros2_ws/install/endicott_interfaces/share/endicott_interfaces/cmake/endicott_interfaces__rosidl_typesupport_introspection_cppExport.cmake
-- Up-to-date: /root/ros2_ws/install/endicott_interfaces/share/endicott_interfaces/cmake/endicott_interfaces__rosidl_typesupport_introspection_cppExport-noconfig.cmake
-- Up-to-date: /root/ros2_ws/install/endicott_interfaces/share/endicott_interfaces/cmake/endicott_interfaces__rosidl_typesupport_cppExport.cmake
-- Up-to-date: /root/ros2_ws/install/endicott_interfaces/share/endicott_interfaces/cmake/endicott_interfaces__rosidl_typesupport_cppExport-noconfig.cmake
-- Up-to-date: /root/ros2_ws/install/endicott_interfaces/share/endicott_interfaces/cmake/export_endicott_interfaces__rosidl_generator_pyExport.cmake
-- Up-to-date: /root/ros2_ws/install/endicott_interfaces/share/endicott_interfaces/cmake/export_endicott_interfaces__rosidl_generator_pyExport-noconfig.cmake
-- Up-to-date: /root/ros2_ws/install/endicott_interfaces/share/endicott_interfaces/cmake/rosidl_cmake-extras.cmake
-- Up-to-date: /root/ros2_ws/install/endicott_interfaces/share/endicott_interfaces/cmake/ament_cmake_export_dependencies-extras.cmake
-- Up-to-date: /root/ros2_ws/install/endicott_interfaces/share/endicott_interfaces/cmake/ament_cmake_export_include_directories-extras.cmake
-- Up-to-date: /root/ros2_ws/install/endicott_interfaces/share/endicott_interfaces/cmake/ament_cmake_export_libraries-extras.cmake
-- Up-to-date: /root/ros2_ws/install/endicott_interfaces/share/endicott_interfaces/cmake/ament_cmake_export_targets-extras.cmake
-- Up-to-date: /root/ros2_ws/install/endicott_interfaces/share/endicott_interfaces/cmake/rosidl_cmake_export_typesupport_targets-extras.cmake
-- Up-to-date: /root/ros2_ws/install/endicott_interfaces/share/endicott_interfaces/cmake/rosidl_cmake_export_typesupport_libraries-extras.cmake
-- Up-to-date: /root/ros2_ws/install/endicott_interfaces/share/endicott_interfaces/cmake/endicott_interfacesConfig.cmake
-- Up-to-date: /root/ros2_ws/install/endicott_interfaces/share/endicott_interfaces/cmake/endicott_interfacesConfig-version.cmake
-- Up-to-date: /root/ros2_ws/install/endicott_interfaces/share/endicott_interfaces/package.xml
