[0.052s] Invoking command in '/root/ros2_ws/build/endicott_interfaces': CMAKE_PREFIX_PATH=${CMAKE_PREFIX_PATH}:/root/ros2_ws/install/turtlebot3_teleop:/root/ros2_ws/install/turtlebot3_example:/opt/ros/humble /usr/bin/cmake --build /root/ros2_ws/build/endicott_interfaces -- -j8 -l8
[0.153s] [35m[1mConsolidate compiler generated dependencies of target endicott_interfaces__rosidl_generator_c[0m
[0.188s] [  3%] Built target endicott_interfaces__cpp
[0.194s] [ 12%] Built target endicott_interfaces__rosidl_generator_c
[0.212s] [35m[1mConsolidate compiler generated dependencies of target endicott_interfaces__rosidl_typesupport_cpp[0m
[0.220s] [35m[1mConsolidate compiler generated dependencies of target endicott_interfaces__rosidl_typesupport_fastrtps_cpp[0m
[0.233s] [35m[1mConsolidate compiler generated dependencies of target endicott_interfaces__rosidl_typesupport_introspection_cpp[0m
[0.238s] [ 12%] Built target ament_cmake_python_copy_endicott_interfaces
[0.259s] [ 22%] Built target endicott_interfaces__rosidl_typesupport_cpp
[0.259s] [ 32%] Built target endicott_interfaces__rosidl_typesupport_fastrtps_cpp
[0.264s] [35m[1mConsolidate compiler generated dependencies of target endicott_interfaces__rosidl_typesupport_fastrtps_c[0m
[0.283s] [35m[1mConsolidate compiler generated dependencies of target endicott_interfaces__rosidl_typesupport_introspection_c[0m
[0.289s] [ 41%] Built target endicott_interfaces__rosidl_typesupport_fastrtps_c
[0.302s] [35m[1mConsolidate compiler generated dependencies of target endicott_interfaces__rosidl_typesupport_c[0m
[0.302s] [ 51%] Built target endicott_interfaces__rosidl_typesupport_introspection_cpp
[0.359s] [ 61%] Built target endicott_interfaces__rosidl_typesupport_introspection_c
[0.381s] [ 70%] Built target endicott_interfaces__rosidl_typesupport_c
[0.508s] [ 70%] Built target endicott_interfaces
[0.629s] [ 74%] Built target endicott_interfaces__py
[0.677s] [35m[1mConsolidate compiler generated dependencies of target endicott_interfaces__rosidl_generator_py[0m
[0.705s] [ 80%] Built target endicott_interfaces__rosidl_generator_py
[0.727s] running egg_info
[0.728s] [35m[1mConsolidate compiler generated dependencies of target endicott_interfaces__rosidl_typesupport_fastrtps_c__pyext[0m
[0.729s] writing endicott_interfaces.egg-info/PKG-INFO
[0.729s] writing dependency_links to endicott_interfaces.egg-info/dependency_links.txt
[0.730s] writing top-level names to endicott_interfaces.egg-info/top_level.txt
[0.733s] reading manifest file 'endicott_interfaces.egg-info/SOURCES.txt'
[0.734s] writing manifest file 'endicott_interfaces.egg-info/SOURCES.txt'
[0.737s] [35m[1mConsolidate compiler generated dependencies of target endicott_interfaces__rosidl_typesupport_introspection_c__pyext[0m
[0.751s] [ 87%] Built target endicott_interfaces__rosidl_typesupport_fastrtps_c__pyext
[0.768s] [35m[1mConsolidate compiler generated dependencies of target endicott_interfaces__rosidl_typesupport_c__pyext[0m
[0.784s] [ 87%] Built target ament_cmake_python_build_endicott_interfaces_egg
[0.794s] [ 93%] Built target endicott_interfaces__rosidl_typesupport_introspection_c__pyext
[0.804s] [100%] Built target endicott_interfaces__rosidl_typesupport_c__pyext
[0.902s] Invoked command in '/root/ros2_ws/build/endicott_interfaces' returned '0': CMAKE_PREFIX_PATH=${CMAKE_PREFIX_PATH}:/root/ros2_ws/install/turtlebot3_teleop:/root/ros2_ws/install/turtlebot3_example:/opt/ros/humble /usr/bin/cmake --build /root/ros2_ws/build/endicott_interfaces -- -j8 -l8
[0.905s] Invoking command in '/root/ros2_ws/build/endicott_interfaces': CMAKE_PREFIX_PATH=${CMAKE_PREFIX_PATH}:/root/ros2_ws/install/turtlebot3_teleop:/root/ros2_ws/install/turtlebot3_example:/opt/ros/humble /usr/bin/cmake --install /root/ros2_ws/build/endicott_interfaces
[0.914s] -- Install configuration: ""
[0.914s] -- Up-to-date: /root/ros2_ws/install/endicott_interfaces/share/ament_index/resource_index/rosidl_interfaces/endicott_interfaces
[0.914s] -- Up-to-date: /root/ros2_ws/install/endicott_interfaces/include/endicott_interfaces/endicott_interfaces
[0.915s] -- Up-to-date: /root/ros2_ws/install/endicott_interfaces/include/endicott_interfaces/endicott_interfaces/msg
[0.915s] -- Up-to-date: /root/ros2_ws/install/endicott_interfaces/include/endicott_interfaces/endicott_interfaces/msg/move_status.h
[0.915s] -- Up-to-date: /root/ros2_ws/install/endicott_interfaces/include/endicott_interfaces/endicott_interfaces/msg/rosidl_generator_c__visibility_control.h
[0.915s] -- Up-to-date: /root/ros2_ws/install/endicott_interfaces/include/endicott_interfaces/endicott_interfaces/msg/detail
[0.915s] -- Up-to-date: /root/ros2_ws/install/endicott_interfaces/include/endicott_interfaces/endicott_interfaces/msg/detail/move_status__functions.h
[0.915s] -- Up-to-date: /root/ros2_ws/install/endicott_interfaces/include/endicott_interfaces/endicott_interfaces/msg/detail/move_status__struct.h
[0.917s] -- Up-to-date: /root/ros2_ws/install/endicott_interfaces/include/endicott_interfaces/endicott_interfaces/msg/detail/move_status__functions.c
[0.917s] -- Up-to-date: /root/ros2_ws/install/endicott_interfaces/include/endicott_interfaces/endicott_interfaces/msg/detail/move_status__type_support.h
[0.917s] -- Up-to-date: /root/ros2_ws/install/endicott_interfaces/share/endicott_interfaces/environment/library_path.sh
[0.918s] -- Up-to-date: /root/ros2_ws/install/endicott_interfaces/share/endicott_interfaces/environment/library_path.dsv
[0.918s] -- Up-to-date: /root/ros2_ws/install/endicott_interfaces/lib/libendicott_interfaces__rosidl_generator_c.so
[0.918s] -- Up-to-date: /root/ros2_ws/install/endicott_interfaces/include/endicott_interfaces/endicott_interfaces
[0.919s] -- Up-to-date: /root/ros2_ws/install/endicott_interfaces/include/endicott_interfaces/endicott_interfaces/msg
[0.921s] -- Up-to-date: /root/ros2_ws/install/endicott_interfaces/include/endicott_interfaces/endicott_interfaces/msg/rosidl_typesupport_fastrtps_c__visibility_control.h
[0.921s] -- Up-to-date: /root/ros2_ws/install/endicott_interfaces/include/endicott_interfaces/endicott_interfaces/msg/detail
[0.921s] -- Up-to-date: /root/ros2_ws/install/endicott_interfaces/include/endicott_interfaces/endicott_interfaces/msg/detail/move_status__rosidl_typesupport_fastrtps_c.h
[0.923s] -- Up-to-date: /root/ros2_ws/install/endicott_interfaces/lib/libendicott_interfaces__rosidl_typesupport_fastrtps_c.so
[0.923s] -- Up-to-date: /root/ros2_ws/install/endicott_interfaces/include/endicott_interfaces/endicott_interfaces
[0.923s] -- Up-to-date: /root/ros2_ws/install/endicott_interfaces/include/endicott_interfaces/endicott_interfaces/msg
[0.923s] -- Up-to-date: /root/ros2_ws/install/endicott_interfaces/include/endicott_interfaces/endicott_interfaces/msg/rosidl_generator_cpp__visibility_control.hpp
[0.924s] -- Up-to-date: /root/ros2_ws/install/endicott_interfaces/include/endicott_interfaces/endicott_interfaces/msg/move_status.hpp
[0.924s] -- Up-to-date: /root/ros2_ws/install/endicott_interfaces/include/endicott_interfaces/endicott_interfaces/msg/detail
[0.924s] -- Up-to-date: /root/ros2_ws/install/endicott_interfaces/include/endicott_interfaces/endicott_interfaces/msg/detail/move_status__traits.hpp
[0.924s] -- Up-to-date: /root/ros2_ws/install/endicott_interfaces/include/endicott_interfaces/endicott_interfaces/msg/detail/move_status__struct.hpp
[0.924s] -- Up-to-date: /root/ros2_ws/install/endicott_interfaces/include/endicott_interfaces/endicott_interfaces/msg/detail/move_status__builder.hpp
[0.924s] -- Up-to-date: /root/ros2_ws/install/endicott_interfaces/include/endicott_interfaces/endicott_interfaces/msg/detail/move_status__type_support.hpp
[0.925s] -- Up-to-date: /root/ros2_ws/install/endicott_interfaces/include/endicott_interfaces/endicott_interfaces
[0.925s] -- Up-to-date: /root/ros2_ws/install/endicott_interfaces/include/endicott_interfaces/endicott_interfaces/msg
[0.925s] -- Up-to-date: /root/ros2_ws/install/endicott_interfaces/include/endicott_interfaces/endicott_interfaces/msg/rosidl_typesupport_fastrtps_cpp__visibility_control.h
[0.925s] -- Up-to-date: /root/ros2_ws/install/endicott_interfaces/include/endicott_interfaces/endicott_interfaces/msg/detail
[0.925s] -- Up-to-date: /root/ros2_ws/install/endicott_interfaces/include/endicott_interfaces/endicott_interfaces/msg/detail/dds_fastrtps
[0.925s] -- Up-to-date: /root/ros2_ws/install/endicott_interfaces/include/endicott_interfaces/endicott_interfaces/msg/detail/move_status__rosidl_typesupport_fastrtps_cpp.hpp
[0.925s] -- Up-to-date: /root/ros2_ws/install/endicott_interfaces/lib/libendicott_interfaces__rosidl_typesupport_fastrtps_cpp.so
[0.926s] -- Up-to-date: /root/ros2_ws/install/endicott_interfaces/include/endicott_interfaces/endicott_interfaces
[0.927s] -- Up-to-date: /root/ros2_ws/install/endicott_interfaces/include/endicott_interfaces/endicott_interfaces/msg
[0.927s] -- Up-to-date: /root/ros2_ws/install/endicott_interfaces/include/endicott_interfaces/endicott_interfaces/msg/rosidl_typesupport_introspection_c__visibility_control.h
[0.928s] -- Up-to-date: /root/ros2_ws/install/endicott_interfaces/include/endicott_interfaces/endicott_interfaces/msg/detail
[0.928s] -- Up-to-date: /root/ros2_ws/install/endicott_interfaces/include/endicott_interfaces/endicott_interfaces/msg/detail/move_status__type_support.c
[0.928s] -- Up-to-date: /root/ros2_ws/install/endicott_interfaces/include/endicott_interfaces/endicott_interfaces/msg/detail/move_status__rosidl_typesupport_introspection_c.h
[0.929s] -- Up-to-date: /root/ros2_ws/install/endicott_interfaces/lib/libendicott_interfaces__rosidl_typesupport_introspection_c.so
[0.929s] -- Up-to-date: /root/ros2_ws/install/endicott_interfaces/lib/libendicott_interfaces__rosidl_typesupport_c.so
[0.930s] -- Up-to-date: /root/ros2_ws/install/endicott_interfaces/include/endicott_interfaces/endicott_interfaces
[0.930s] -- Up-to-date: /root/ros2_ws/install/endicott_interfaces/include/endicott_interfaces/endicott_interfaces/msg
[0.930s] -- Up-to-date: /root/ros2_ws/install/endicott_interfaces/include/endicott_interfaces/endicott_interfaces/msg/detail
[0.931s] -- Up-to-date: /root/ros2_ws/install/endicott_interfaces/include/endicott_interfaces/endicott_interfaces/msg/detail/move_status__type_support.cpp
[0.931s] -- Up-to-date: /root/ros2_ws/install/endicott_interfaces/include/endicott_interfaces/endicott_interfaces/msg/detail/move_status__rosidl_typesupport_introspection_cpp.hpp
[0.939s] -- Up-to-date: /root/ros2_ws/install/endicott_interfaces/lib/libendicott_interfaces__rosidl_typesupport_introspection_cpp.so
[0.960s] -- Up-to-date: /root/ros2_ws/install/endicott_interfaces/lib/libendicott_interfaces__rosidl_typesupport_cpp.so
[0.964s] -- Up-to-date: /root/ros2_ws/install/endicott_interfaces/share/endicott_interfaces/environment/pythonpath.sh
[0.972s] -- Up-to-date: /root/ros2_ws/install/endicott_interfaces/share/endicott_interfaces/environment/pythonpath.dsv
[0.972s] -- Up-to-date: /root/ros2_ws/install/endicott_interfaces/local/lib/python3.10/dist-packages/endicott_interfaces-0.0.0-py3.10.egg-info
[0.973s] -- Installing: /root/ros2_ws/install/endicott_interfaces/local/lib/python3.10/dist-packages/endicott_interfaces-0.0.0-py3.10.egg-info/top_level.txt
[0.978s] -- Installing: /root/ros2_ws/install/endicott_interfaces/local/lib/python3.10/dist-packages/endicott_interfaces-0.0.0-py3.10.egg-info/dependency_links.txt
[0.978s] -- Installing: /root/ros2_ws/install/endicott_interfaces/local/lib/python3.10/dist-packages/endicott_interfaces-0.0.0-py3.10.egg-info/SOURCES.txt
[0.978s] -- Installing: /root/ros2_ws/install/endicott_interfaces/local/lib/python3.10/dist-packages/endicott_interfaces-0.0.0-py3.10.egg-info/PKG-INFO
[0.978s] -- Up-to-date: /root/ros2_ws/install/endicott_interfaces/local/lib/python3.10/dist-packages/endicott_interfaces
[0.980s] -- Up-to-date: /root/ros2_ws/install/endicott_interfaces/local/lib/python3.10/dist-packages/endicott_interfaces/endicott_interfaces_s__rosidl_typesupport_introspection_c.cpython-310-x86_64-linux-gnu.so
[0.980s] -- Up-to-date: /root/ros2_ws/install/endicott_interfaces/local/lib/python3.10/dist-packages/endicott_interfaces/_endicott_interfaces_s.ep.rosidl_typesupport_fastrtps_c.c
[0.980s] -- Up-to-date: /root/ros2_ws/install/endicott_interfaces/local/lib/python3.10/dist-packages/endicott_interfaces/_endicott_interfaces_s.ep.rosidl_typesupport_c.c
[0.980s] -- Up-to-date: /root/ros2_ws/install/endicott_interfaces/local/lib/python3.10/dist-packages/endicott_interfaces/endicott_interfaces_s__rosidl_typesupport_c.cpython-310-x86_64-linux-gnu.so
[0.981s] -- Up-to-date: /root/ros2_ws/install/endicott_interfaces/local/lib/python3.10/dist-packages/endicott_interfaces/msg
[0.981s] -- Up-to-date: /root/ros2_ws/install/endicott_interfaces/local/lib/python3.10/dist-packages/endicott_interfaces/msg/_move_status_s.c
[0.981s] -- Up-to-date: /root/ros2_ws/install/endicott_interfaces/local/lib/python3.10/dist-packages/endicott_interfaces/msg/_move_status.py
[0.981s] -- Up-to-date: /root/ros2_ws/install/endicott_interfaces/local/lib/python3.10/dist-packages/endicott_interfaces/msg/__init__.py
[0.981s] -- Up-to-date: /root/ros2_ws/install/endicott_interfaces/local/lib/python3.10/dist-packages/endicott_interfaces/_endicott_interfaces_s.ep.rosidl_typesupport_introspection_c.c
[0.981s] -- Up-to-date: /root/ros2_ws/install/endicott_interfaces/local/lib/python3.10/dist-packages/endicott_interfaces/endicott_interfaces_s__rosidl_typesupport_fastrtps_c.cpython-310-x86_64-linux-gnu.so
[0.981s] -- Up-to-date: /root/ros2_ws/install/endicott_interfaces/local/lib/python3.10/dist-packages/endicott_interfaces/libendicott_interfaces__rosidl_generator_py.so
[0.981s] -- Up-to-date: /root/ros2_ws/install/endicott_interfaces/local/lib/python3.10/dist-packages/endicott_interfaces/__init__.py
[1.019s] Listing '/root/ros2_ws/install/endicott_interfaces/local/lib/python3.10/dist-packages/endicott_interfaces'...
[1.019s] Listing '/root/ros2_ws/install/endicott_interfaces/local/lib/python3.10/dist-packages/endicott_interfaces/msg'...
[1.028s] -- Up-to-date: /root/ros2_ws/install/endicott_interfaces/local/lib/python3.10/dist-packages/endicott_interfaces/endicott_interfaces_s__rosidl_typesupport_fastrtps_c.cpython-310-x86_64-linux-gnu.so
[1.028s] -- Up-to-date: /root/ros2_ws/install/endicott_interfaces/local/lib/python3.10/dist-packages/endicott_interfaces/endicott_interfaces_s__rosidl_typesupport_introspection_c.cpython-310-x86_64-linux-gnu.so
[1.029s] -- Up-to-date: /root/ros2_ws/install/endicott_interfaces/local/lib/python3.10/dist-packages/endicott_interfaces/endicott_interfaces_s__rosidl_typesupport_c.cpython-310-x86_64-linux-gnu.so
[1.030s] -- Up-to-date: /root/ros2_ws/install/endicott_interfaces/lib/libendicott_interfaces__rosidl_generator_py.so
[1.030s] -- Up-to-date: /root/ros2_ws/install/endicott_interfaces/share/endicott_interfaces/msg/MoveStatus.idl
[1.030s] -- Up-to-date: /root/ros2_ws/install/endicott_interfaces/share/endicott_interfaces/msg/MoveStatus.msg
[1.030s] -- Up-to-date: /root/ros2_ws/install/endicott_interfaces/share/ament_index/resource_index/package_run_dependencies/endicott_interfaces
[1.031s] -- Up-to-date: /root/ros2_ws/install/endicott_interfaces/share/ament_index/resource_index/parent_prefix_path/endicott_interfaces
[1.031s] -- Up-to-date: /root/ros2_ws/install/endicott_interfaces/share/endicott_interfaces/environment/ament_prefix_path.sh
[1.031s] -- Up-to-date: /root/ros2_ws/install/endicott_interfaces/share/endicott_interfaces/environment/ament_prefix_path.dsv
[1.031s] -- Up-to-date: /root/ros2_ws/install/endicott_interfaces/share/endicott_interfaces/environment/path.sh
[1.031s] -- Up-to-date: /root/ros2_ws/install/endicott_interfaces/share/endicott_interfaces/environment/path.dsv
[1.031s] -- Up-to-date: /root/ros2_ws/install/endicott_interfaces/share/endicott_interfaces/local_setup.bash
[1.031s] -- Up-to-date: /root/ros2_ws/install/endicott_interfaces/share/endicott_interfaces/local_setup.sh
[1.031s] -- Up-to-date: /root/ros2_ws/install/endicott_interfaces/share/endicott_interfaces/local_setup.zsh
[1.031s] -- Up-to-date: /root/ros2_ws/install/endicott_interfaces/share/endicott_interfaces/local_setup.dsv
[1.031s] -- Installing: /root/ros2_ws/install/endicott_interfaces/share/endicott_interfaces/package.dsv
[1.031s] -- Up-to-date: /root/ros2_ws/install/endicott_interfaces/share/ament_index/resource_index/packages/endicott_interfaces
[1.034s] -- Up-to-date: /root/ros2_ws/install/endicott_interfaces/share/endicott_interfaces/cmake/export_endicott_interfaces__rosidl_generator_cExport.cmake
[1.034s] -- Up-to-date: /root/ros2_ws/install/endicott_interfaces/share/endicott_interfaces/cmake/export_endicott_interfaces__rosidl_generator_cExport-noconfig.cmake
[1.035s] -- Up-to-date: /root/ros2_ws/install/endicott_interfaces/share/endicott_interfaces/cmake/export_endicott_interfaces__rosidl_typesupport_fastrtps_cExport.cmake
[1.035s] -- Up-to-date: /root/ros2_ws/install/endicott_interfaces/share/endicott_interfaces/cmake/export_endicott_interfaces__rosidl_typesupport_fastrtps_cExport-noconfig.cmake
[1.035s] -- Up-to-date: /root/ros2_ws/install/endicott_interfaces/share/endicott_interfaces/cmake/export_endicott_interfaces__rosidl_generator_cppExport.cmake
[1.036s] -- Up-to-date: /root/ros2_ws/install/endicott_interfaces/share/endicott_interfaces/cmake/export_endicott_interfaces__rosidl_typesupport_fastrtps_cppExport.cmake
[1.036s] -- Up-to-date: /root/ros2_ws/install/endicott_interfaces/share/endicott_interfaces/cmake/export_endicott_interfaces__rosidl_typesupport_fastrtps_cppExport-noconfig.cmake
[1.037s] -- Up-to-date: /root/ros2_ws/install/endicott_interfaces/share/endicott_interfaces/cmake/endicott_interfaces__rosidl_typesupport_introspection_cExport.cmake
[1.037s] -- Up-to-date: /root/ros2_ws/install/endicott_interfaces/share/endicott_interfaces/cmake/endicott_interfaces__rosidl_typesupport_introspection_cExport-noconfig.cmake
[1.037s] -- Up-to-date: /root/ros2_ws/install/endicott_interfaces/share/endicott_interfaces/cmake/endicott_interfaces__rosidl_typesupport_cExport.cmake
[1.037s] -- Up-to-date: /root/ros2_ws/install/endicott_interfaces/share/endicott_interfaces/cmake/endicott_interfaces__rosidl_typesupport_cExport-noconfig.cmake
[1.038s] -- Up-to-date: /root/ros2_ws/install/endicott_interfaces/share/endicott_interfaces/cmake/endicott_interfaces__rosidl_typesupport_introspection_cppExport.cmake
[1.038s] -- Up-to-date: /root/ros2_ws/install/endicott_interfaces/share/endicott_interfaces/cmake/endicott_interfaces__rosidl_typesupport_introspection_cppExport-noconfig.cmake
[1.042s] -- Up-to-date: /root/ros2_ws/install/endicott_interfaces/share/endicott_interfaces/cmake/endicott_interfaces__rosidl_typesupport_cppExport.cmake
[1.042s] -- Up-to-date: /root/ros2_ws/install/endicott_interfaces/share/endicott_interfaces/cmake/endicott_interfaces__rosidl_typesupport_cppExport-noconfig.cmake
[1.042s] -- Up-to-date: /root/ros2_ws/install/endicott_interfaces/share/endicott_interfaces/cmake/export_endicott_interfaces__rosidl_generator_pyExport.cmake
[1.042s] -- Up-to-date: /root/ros2_ws/install/endicott_interfaces/share/endicott_interfaces/cmake/export_endicott_interfaces__rosidl_generator_pyExport-noconfig.cmake
[1.042s] -- Up-to-date: /root/ros2_ws/install/endicott_interfaces/share/endicott_interfaces/cmake/rosidl_cmake-extras.cmake
[1.042s] -- Up-to-date: /root/ros2_ws/install/endicott_interfaces/share/endicott_interfaces/cmake/ament_cmake_export_dependencies-extras.cmake
[1.042s] -- Up-to-date: /root/ros2_ws/install/endicott_interfaces/share/endicott_interfaces/cmake/ament_cmake_export_include_directories-extras.cmake
[1.042s] -- Up-to-date: /root/ros2_ws/install/endicott_interfaces/share/endicott_interfaces/cmake/ament_cmake_export_libraries-extras.cmake
[1.042s] -- Up-to-date: /root/ros2_ws/install/endicott_interfaces/share/endicott_interfaces/cmake/ament_cmake_export_targets-extras.cmake
[1.043s] -- Up-to-date: /root/ros2_ws/install/endicott_interfaces/share/endicott_interfaces/cmake/rosidl_cmake_export_typesupport_targets-extras.cmake
[1.043s] -- Up-to-date: /root/ros2_ws/install/endicott_interfaces/share/endicott_interfaces/cmake/rosidl_cmake_export_typesupport_libraries-extras.cmake
[1.043s] -- Up-to-date: /root/ros2_ws/install/endicott_interfaces/share/endicott_interfaces/cmake/endicott_interfacesConfig.cmake
[1.043s] -- Up-to-date: /root/ros2_ws/install/endicott_interfaces/share/endicott_interfaces/cmake/endicott_interfacesConfig-version.cmake
[1.043s] -- Up-to-date: /root/ros2_ws/install/endicott_interfaces/share/endicott_interfaces/package.xml
[1.055s] Invoked command in '/root/ros2_ws/build/endicott_interfaces' returned '0': CMAKE_PREFIX_PATH=${CMAKE_PREFIX_PATH}:/root/ros2_ws/install/turtlebot3_teleop:/root/ros2_ws/install/turtlebot3_example:/opt/ros/humble /usr/bin/cmake --install /root/ros2_ws/build/endicott_interfaces
