[0.016s] Invoking command in '/root/ros2_ws/build/turtlesim': CMAKE_PREFIX_PATH=${CMAKE_PREFIX_PATH}:/opt/ros/humble /usr/bin/cmake --build /root/ros2_ws/build/turtlesim -- -j8 -l8
[0.058s] [  1%] Built target turtlesim__cpp
[0.061s] [ 11%] Built target turtlesim__rosidl_generator_c
[0.071s] [ 11%] Built target ament_cmake_python_copy_turtlesim
[0.084s] [ 21%] Built target turtlesim__rosidl_typesupport_c
[0.086s] [ 31%] Built target turtlesim__rosidl_typesupport_introspection_cpp
[0.089s] [ 51%] Built target turtlesim__rosidl_typesupport_cpp
[0.089s] [ 51%] Built target turtlesim__rosidl_typesupport_introspection_c
[0.092s] [ 61%] Built target turtlesim__rosidl_typesupport_fastrtps_c
[0.105s] [ 71%] Built target turtlesim__rosidl_typesupport_fastrtps_cpp
[0.115s] [ 75%] Built target draw_square
[0.115s] [ 75%] Built target turtle_teleop_key
[0.119s] [ 77%] Built target mimic
[0.124s] [ 83%] Built target turtlesim_node
[0.127s] [ 83%] Built target turtlesim
[0.144s] [ 84%] Built target turtlesim__py
[0.163s] [ 93%] Built target turtlesim__rosidl_generator_py
[0.179s] [100%] Built target turtlesim__rosidl_typesupport_introspection_c__pyext
[0.179s] [100%] Built target turtlesim__rosidl_typesupport_fastrtps_c__pyext
[0.179s] [100%] Built target turtlesim__rosidl_typesupport_c__pyext
[0.265s] running egg_info
[0.266s] writing turtlesim.egg-info/PKG-INFO
[0.266s] writing dependency_links to turtlesim.egg-info/dependency_links.txt
[0.266s] writing top-level names to turtlesim.egg-info/top_level.txt
[0.268s] reading manifest file 'turtlesim.egg-info/SOURCES.txt'
[0.268s] writing manifest file 'turtlesim.egg-info/SOURCES.txt'
[0.286s] [100%] Built target ament_cmake_python_build_turtlesim_egg
