[0.265s] Invoking command in '/root/ros2_ws/src/turlebot3_ws/build/turtlebot3_node': AMENT_PREFIX_PATH=/root/ros2_ws/src/turlebot3_ws/install/turtlebot3_msgs:/root/ros2_ws/src/turlebot3_ws/install/dynamixel_sdk:${AMENT_PREFIX_PATH} CMAKE_PREFIX_PATH=/root/ros2_ws/src/turlebot3_ws/install/turtlebot3_msgs:/root/ros2_ws/src/turlebot3_ws/install/dynamixel_sdk:/opt/ros/humble LD_LIBRARY_PATH=/root/ros2_ws/src/turlebot3_ws/install/turtlebot3_msgs/lib:/root/ros2_ws/src/turlebot3_ws/install/dynamixel_sdk/lib:${LD_LIBRARY_PATH} PYTHONPATH=/root/ros2_ws/src/turlebot3_ws/install/turtlebot3_msgs/local/lib/python3.10/dist-packages:${PYTHONPATH} /usr/bin/cmake /root/ros2_ws/src/turlebot3_ws/src/turtlebot3/turtlebot3_node -DAMENT_CMAKE_SYMLINK_INSTALL=1 -DCMAKE_INSTALL_PREFIX=/root/ros2_ws/src/turlebot3_ws/install/turtlebot3_node
[0.346s] -- The C compiler identification is GNU 11.4.0
[0.603s] -- The CXX compiler identification is GNU 11.4.0
[0.833s] -- Detecting C compiler ABI info
[0.939s] -- Detecting C compiler ABI info - done
[0.945s] -- Check for working C compiler: /usr/bin/cc - skipped
[0.945s] -- Detecting C compile features
[0.945s] -- Detecting C compile features - done
[0.948s] -- Detecting CXX compiler ABI info
[1.084s] -- Detecting CXX compiler ABI info - done
[1.090s] -- Check for working CXX compiler: /usr/bin/c++ - skipped
[1.090s] -- Detecting CXX compile features
[1.091s] -- Detecting CXX compile features - done
[1.093s] -- Found ament_cmake: 1.3.11 (/opt/ros/humble/share/ament_cmake/cmake)
[1.224s] -- Found Python3: /usr/bin/python3 (found version "3.10.12") found components: Interpreter 
[1.281s] -- Override CMake install command with custom implementation using symlinks instead of copying resources
[1.303s] -- Found dynamixel_sdk: 3.8.1 (/root/ros2_ws/src/turlebot3_ws/install/dynamixel_sdk/share/dynamixel_sdk/cmake)
[1.305s] -- Found geometry_msgs: 4.2.4 (/opt/ros/humble/share/geometry_msgs/cmake)
[1.457s] -- Found rosidl_generator_c: 3.1.6 (/opt/ros/humble/share/rosidl_generator_c/cmake)
[1.462s] -- Found rosidl_adapter: 3.1.6 (/opt/ros/humble/share/rosidl_adapter/cmake)
[1.470s] -- Found rosidl_generator_cpp: 3.1.6 (/opt/ros/humble/share/rosidl_generator_cpp/cmake)
[1.486s] -- Using all available rosidl_typesupport_c: rosidl_typesupport_fastrtps_c;rosidl_typesupport_introspection_c
[1.505s] -- Using all available rosidl_typesupport_cpp: rosidl_typesupport_fastrtps_cpp;rosidl_typesupport_introspection_cpp
[1.545s] -- Found message_filters: 4.3.5 (/opt/ros/humble/share/message_filters/cmake)
[1.587s] -- Found rmw_implementation_cmake: 6.1.2 (/opt/ros/humble/share/rmw_implementation_cmake/cmake)
[1.589s] -- Found rmw_fastrtps_cpp: 6.2.7 (/opt/ros/humble/share/rmw_fastrtps_cpp/cmake)
[2.980s] -- Found OpenSSL: /usr/lib/x86_64-linux-gnu/libcrypto.so (found version "3.0.2")  
[4.443s] -- Found FastRTPS: /opt/ros/humble/include  
[7.101s] -- Using RMW implementation 'rmw_fastrtps_cpp' as default
[7.109s] -- Looking for pthread.h
[7.255s] -- Looking for pthread.h - found
[7.255s] -- Performing Test CMAKE_HAVE_LIBC_PTHREAD
[7.406s] -- Performing Test CMAKE_HAVE_LIBC_PTHREAD - Success
[7.407s] -- Found Threads: TRUE  
[7.456s] -- Found nav_msgs: 4.2.4 (/opt/ros/humble/share/nav_msgs/cmake)
[7.486s] -- Found sensor_msgs: 4.2.4 (/opt/ros/humble/share/sensor_msgs/cmake)
[7.520s] -- Found std_srvs: 4.2.4 (/opt/ros/humble/share/std_srvs/cmake)
[7.557s] -- Found tf2: 0.25.11 (/opt/ros/humble/share/tf2/cmake)
[7.570s] -- Found tf2_ros: 0.25.11 (/opt/ros/humble/share/tf2_ros/cmake)
[7.696s] -- Found turtlebot3_msgs: 2.3.0 (/root/ros2_ws/src/turlebot3_ws/install/turtlebot3_msgs/share/turtlebot3_msgs/cmake)
[7.796s] -- Configuring done
[7.813s] -- Generating done
[7.819s] -- Build files have been written to: /root/ros2_ws/src/turlebot3_ws/build/turtlebot3_node
[7.829s] Invoked command in '/root/ros2_ws/src/turlebot3_ws/build/turtlebot3_node' returned '0': AMENT_PREFIX_PATH=/root/ros2_ws/src/turlebot3_ws/install/turtlebot3_msgs:/root/ros2_ws/src/turlebot3_ws/install/dynamixel_sdk:${AMENT_PREFIX_PATH} CMAKE_PREFIX_PATH=/root/ros2_ws/src/turlebot3_ws/install/turtlebot3_msgs:/root/ros2_ws/src/turlebot3_ws/install/dynamixel_sdk:/opt/ros/humble LD_LIBRARY_PATH=/root/ros2_ws/src/turlebot3_ws/install/turtlebot3_msgs/lib:/root/ros2_ws/src/turlebot3_ws/install/dynamixel_sdk/lib:${LD_LIBRARY_PATH} PYTHONPATH=/root/ros2_ws/src/turlebot3_ws/install/turtlebot3_msgs/local/lib/python3.10/dist-packages:${PYTHONPATH} /usr/bin/cmake /root/ros2_ws/src/turlebot3_ws/src/turtlebot3/turtlebot3_node -DAMENT_CMAKE_SYMLINK_INSTALL=1 -DCMAKE_INSTALL_PREFIX=/root/ros2_ws/src/turlebot3_ws/install/turtlebot3_node
[7.831s] Invoking command in '/root/ros2_ws/src/turlebot3_ws/build/turtlebot3_node': AMENT_PREFIX_PATH=/root/ros2_ws/src/turlebot3_ws/install/turtlebot3_msgs:/root/ros2_ws/src/turlebot3_ws/install/dynamixel_sdk:${AMENT_PREFIX_PATH} CMAKE_PREFIX_PATH=/root/ros2_ws/src/turlebot3_ws/install/turtlebot3_msgs:/root/ros2_ws/src/turlebot3_ws/install/dynamixel_sdk:/opt/ros/humble LD_LIBRARY_PATH=/root/ros2_ws/src/turlebot3_ws/install/turtlebot3_msgs/lib:/root/ros2_ws/src/turlebot3_ws/install/dynamixel_sdk/lib:${LD_LIBRARY_PATH} PYTHONPATH=/root/ros2_ws/src/turlebot3_ws/install/turtlebot3_msgs/local/lib/python3.10/dist-packages:${PYTHONPATH} /usr/bin/cmake --build /root/ros2_ws/src/turlebot3_ws/build/turtlebot3_node -- -j8 -l8
[7.875s] [  7%] [32mBuilding CXX object CMakeFiles/turtlebot3_node_lib.dir/src/devices/motor_power.cpp.o[0m
[7.876s] [ 14%] [32mBuilding CXX object CMakeFiles/turtlebot3_node_lib.dir/src/devices/reset.cpp.o[0m
[7.876s] [ 28%] [32mBuilding CXX object CMakeFiles/turtlebot3_node_lib.dir/src/diff_drive_controller.cpp.o[0m
[7.877s] [ 28%] [32mBuilding CXX object CMakeFiles/turtlebot3_node_lib.dir/src/devices/sound.cpp.o[0m
[7.877s] [ 50%] [32mBuilding CXX object CMakeFiles/turtlebot3_node_lib.dir/src/dynamixel_sdk_wrapper.cpp.o[0m
[7.877s] [ 50%] [32mBuilding CXX object CMakeFiles/turtlebot3_node_lib.dir/src/turtlebot3.cpp.o[0m
[7.877s] [ 50%] [32mBuilding CXX object CMakeFiles/turtlebot3_node_lib.dir/src/odometry.cpp.o[0m
[7.884s] [ 57%] [32mBuilding CXX object CMakeFiles/turtlebot3_node_lib.dir/src/sensors/battery_state.cpp.o[0m
[9.290s] [ 64%] [32mBuilding CXX object CMakeFiles/turtlebot3_node_lib.dir/src/sensors/imu.cpp.o[0m
[16.421s] [ 71%] [32mBuilding CXX object CMakeFiles/turtlebot3_node_lib.dir/src/sensors/joint_state.cpp.o[0m
[17.967s] [ 78%] [32mBuilding CXX object CMakeFiles/turtlebot3_node_lib.dir/src/sensors/sensor_state.cpp.o[0m
[30.282s] [ 85%] [32m[1mLinking CXX static library libturtlebot3_node_lib.a[0m
[32.118s] [ 85%] Built target turtlebot3_node_lib
[32.132s] [ 92%] [32mBuilding CXX object CMakeFiles/turtlebot3_ros.dir/src/node_main.cpp.o[0m
[34.394s] [100%] [32m[1mLinking CXX executable turtlebot3_ros[0m
[35.944s] [100%] Built target turtlebot3_ros
[35.951s] Invoked command in '/root/ros2_ws/src/turlebot3_ws/build/turtlebot3_node' returned '0': AMENT_PREFIX_PATH=/root/ros2_ws/src/turlebot3_ws/install/turtlebot3_msgs:/root/ros2_ws/src/turlebot3_ws/install/dynamixel_sdk:${AMENT_PREFIX_PATH} CMAKE_PREFIX_PATH=/root/ros2_ws/src/turlebot3_ws/install/turtlebot3_msgs:/root/ros2_ws/src/turlebot3_ws/install/dynamixel_sdk:/opt/ros/humble LD_LIBRARY_PATH=/root/ros2_ws/src/turlebot3_ws/install/turtlebot3_msgs/lib:/root/ros2_ws/src/turlebot3_ws/install/dynamixel_sdk/lib:${LD_LIBRARY_PATH} PYTHONPATH=/root/ros2_ws/src/turlebot3_ws/install/turtlebot3_msgs/local/lib/python3.10/dist-packages:${PYTHONPATH} /usr/bin/cmake --build /root/ros2_ws/src/turlebot3_ws/build/turtlebot3_node -- -j8 -l8
[35.953s] Invoking command in '/root/ros2_ws/src/turlebot3_ws/build/turtlebot3_node': AMENT_PREFIX_PATH=/root/ros2_ws/src/turlebot3_ws/install/turtlebot3_msgs:/root/ros2_ws/src/turlebot3_ws/install/dynamixel_sdk:${AMENT_PREFIX_PATH} CMAKE_PREFIX_PATH=/root/ros2_ws/src/turlebot3_ws/install/turtlebot3_msgs:/root/ros2_ws/src/turlebot3_ws/install/dynamixel_sdk:/opt/ros/humble LD_LIBRARY_PATH=/root/ros2_ws/src/turlebot3_ws/install/turtlebot3_msgs/lib:/root/ros2_ws/src/turlebot3_ws/install/dynamixel_sdk/lib:${LD_LIBRARY_PATH} PYTHONPATH=/root/ros2_ws/src/turlebot3_ws/install/turtlebot3_msgs/local/lib/python3.10/dist-packages:${PYTHONPATH} /usr/bin/cmake --install /root/ros2_ws/src/turlebot3_ws/build/turtlebot3_node
[35.957s] -- Install configuration: ""
[35.957s] -- Execute custom install script
[35.958s] -- Symlinking: /root/ros2_ws/src/turlebot3_ws/install/turtlebot3_node/share/turtlebot3_node/param/burger.yaml
[35.963s] -- Symlinking: /root/ros2_ws/src/turlebot3_ws/install/turtlebot3_node/share/turtlebot3_node/param/waffle.yaml
[35.968s] -- Symlinking: /root/ros2_ws/src/turlebot3_ws/install/turtlebot3_node/share/turtlebot3_node/param/waffle_pi.yaml
[35.973s] -- Symlinking: /root/ros2_ws/src/turlebot3_ws/install/turtlebot3_node/lib/turtlebot3_node/turtlebot3_ros
[35.979s] -- Symlinking: /root/ros2_ws/src/turlebot3_ws/install/turtlebot3_node/share/ament_index/resource_index/package_run_dependencies/turtlebot3_node
[35.984s] -- Symlinking: /root/ros2_ws/src/turlebot3_ws/install/turtlebot3_node/share/ament_index/resource_index/parent_prefix_path/turtlebot3_node
[35.989s] -- Symlinking: /root/ros2_ws/src/turlebot3_ws/install/turtlebot3_node/share/turtlebot3_node/environment/ament_prefix_path.sh
[35.994s] -- Symlinking: /root/ros2_ws/src/turlebot3_ws/install/turtlebot3_node/share/turtlebot3_node/environment/ament_prefix_path.dsv
[35.999s] -- Symlinking: /root/ros2_ws/src/turlebot3_ws/install/turtlebot3_node/share/turtlebot3_node/environment/path.sh
[36.004s] -- Symlinking: /root/ros2_ws/src/turlebot3_ws/install/turtlebot3_node/share/turtlebot3_node/environment/path.dsv
[36.010s] -- Symlinking: /root/ros2_ws/src/turlebot3_ws/install/turtlebot3_node/share/turtlebot3_node/local_setup.bash
[36.015s] -- Symlinking: /root/ros2_ws/src/turlebot3_ws/install/turtlebot3_node/share/turtlebot3_node/local_setup.sh
[36.020s] -- Symlinking: /root/ros2_ws/src/turlebot3_ws/install/turtlebot3_node/share/turtlebot3_node/local_setup.zsh
[36.025s] -- Symlinking: /root/ros2_ws/src/turlebot3_ws/install/turtlebot3_node/share/turtlebot3_node/local_setup.dsv
[36.030s] -- Symlinking: /root/ros2_ws/src/turlebot3_ws/install/turtlebot3_node/share/turtlebot3_node/package.dsv
[36.035s] -- Symlinking: /root/ros2_ws/src/turlebot3_ws/install/turtlebot3_node/share/ament_index/resource_index/packages/turtlebot3_node
[36.041s] -- Symlinking: /root/ros2_ws/src/turlebot3_ws/install/turtlebot3_node/share/turtlebot3_node/cmake/ament_cmake_export_include_directories-extras.cmake
[36.047s] -- Symlinking: /root/ros2_ws/src/turlebot3_ws/install/turtlebot3_node/share/turtlebot3_node/cmake/turtlebot3_nodeConfig.cmake
[36.052s] -- Symlinking: /root/ros2_ws/src/turlebot3_ws/install/turtlebot3_node/share/turtlebot3_node/cmake/turtlebot3_nodeConfig-version.cmake
[36.058s] -- Symlinking: /root/ros2_ws/src/turlebot3_ws/install/turtlebot3_node/share/turtlebot3_node/package.xml
[36.065s] Invoked command in '/root/ros2_ws/src/turlebot3_ws/build/turtlebot3_node' returned '0': AMENT_PREFIX_PATH=/root/ros2_ws/src/turlebot3_ws/install/turtlebot3_msgs:/root/ros2_ws/src/turlebot3_ws/install/dynamixel_sdk:${AMENT_PREFIX_PATH} CMAKE_PREFIX_PATH=/root/ros2_ws/src/turlebot3_ws/install/turtlebot3_msgs:/root/ros2_ws/src/turlebot3_ws/install/dynamixel_sdk:/opt/ros/humble LD_LIBRARY_PATH=/root/ros2_ws/src/turlebot3_ws/install/turtlebot3_msgs/lib:/root/ros2_ws/src/turlebot3_ws/install/dynamixel_sdk/lib:${LD_LIBRARY_PATH} PYTHONPATH=/root/ros2_ws/src/turlebot3_ws/install/turtlebot3_msgs/local/lib/python3.10/dist-packages:${PYTHONPATH} /usr/bin/cmake --install /root/ros2_ws/src/turlebot3_ws/build/turtlebot3_node
