[0.010s] Invoking command in '/root/ros2_ws/src/project_02/build/endicott': CMAKE_PREFIX_PATH=/opt/ros/humble /usr/bin/cmake /root/ros2_ws/src/project_02 -DCMAKE_INSTALL_PREFIX=/root/ros2_ws/src/project_02/install/endicott
[0.021s] -- Found ament_cmake: 1.3.11 (/opt/ros/humble/share/ament_cmake/cmake)
[0.108s] -- Found ament_index_cpp: 1.4.0 (/opt/ros/humble/share/ament_index_cpp/cmake)
[0.109s] -- Found geometry_msgs: 4.2.4 (/opt/ros/humble/share/geometry_msgs/cmake)
[0.200s] -- Found rosidl_generator_c: 3.1.6 (/opt/ros/humble/share/rosidl_generator_c/cmake)
[0.202s] -- Found rosidl_adapter: 3.1.6 (/opt/ros/humble/share/rosidl_adapter/cmake)
[0.206s] -- Found rosidl_generator_cpp: 3.1.6 (/opt/ros/humble/share/rosidl_generator_cpp/cmake)
[0.215s] -- Using all available rosidl_typesupport_c: rosidl_typesupport_fastrtps_c;rosidl_typesupport_introspection_c
[0.225s] -- Using all available rosidl_typesupport_cpp: rosidl_typesupport_fastrtps_cpp;rosidl_typesupport_introspection_cpp
[0.252s] -- Found rclcpp: 16.0.11 (/opt/ros/humble/share/rclcpp/cmake)
[0.272s] -- Found rmw_implementation_cmake: 6.1.2 (/opt/ros/humble/share/rmw_implementation_cmake/cmake)
[0.273s] -- Found rmw_fastrtps_cpp: 6.2.7 (/opt/ros/humble/share/rmw_fastrtps_cpp/cmake)
[3.009s] -- Using RMW implementation 'rmw_fastrtps_cpp' as default
[3.039s] -- Found rclcpp_action: 16.0.11 (/opt/ros/humble/share/rclcpp_action/cmake)
[3.061s] -- Found std_srvs: 4.2.4 (/opt/ros/humble/share/std_srvs/cmake)
[3.068s] -- Found turtlesim: 1.4.2 (/opt/ros/humble/share/turtlesim/cmake)
[3.083s] -- Found ament_lint_auto: 0.12.11 (/opt/ros/humble/share/ament_lint_auto/cmake)
[3.135s] -- Added test 'cppcheck' to perform static code analysis on C / C++ code
[3.135s] -- Configured cppcheck include dirs: $<BUILD_INTERFACE:/root/ros2_ws/src/project_02/include>
[3.135s] -- Configured cppcheck exclude dirs and/or files: 
[3.136s] -- Added test 'flake8' to check Python code syntax and style conventions
[3.138s] -- Added test 'lint_cmake' to check CMake code style
[3.139s] -- Added test 'pep257' to check Python code against some of the docstring style conventions in PEP 257
[3.144s] -- Added test 'uncrustify' to check C / C++ code style
[3.145s] -- Configured uncrustify additional arguments: 
[3.145s] -- Added test 'xmllint' to check XML markup files
[3.146s] -- Configuring done
[3.158s] -- Generating done
[3.165s] -- Build files have been written to: /root/ros2_ws/src/project_02/build/endicott
[3.172s] Invoked command in '/root/ros2_ws/src/project_02/build/endicott' returned '0': CMAKE_PREFIX_PATH=/opt/ros/humble /usr/bin/cmake /root/ros2_ws/src/project_02 -DCMAKE_INSTALL_PREFIX=/root/ros2_ws/src/project_02/install/endicott
[3.175s] Invoking command in '/root/ros2_ws/src/project_02/build/endicott': CMAKE_PREFIX_PATH=/opt/ros/humble /usr/bin/cmake --build /root/ros2_ws/src/project_02/build/endicott -- -j8 -l8
[3.208s] [ 50%] [32mBuilding CXX object CMakeFiles/goto_node.dir/src/goto_node.cpp.o[0m
[10.495s] [100%] [32m[1mLinking CXX executable goto_node[0m
[11.035s] [100%] Built target goto_node
[11.045s] Invoked command in '/root/ros2_ws/src/project_02/build/endicott' returned '0': CMAKE_PREFIX_PATH=/opt/ros/humble /usr/bin/cmake --build /root/ros2_ws/src/project_02/build/endicott -- -j8 -l8
[11.054s] Invoking command in '/root/ros2_ws/src/project_02/build/endicott': CMAKE_PREFIX_PATH=/opt/ros/humble /usr/bin/cmake --install /root/ros2_ws/src/project_02/build/endicott
[11.058s] -- Install configuration: ""
[11.059s] -- Installing: /root/ros2_ws/src/project_02/install/endicott/lib/endicott/goto_node
[11.061s] -- Set runtime path of "/root/ros2_ws/src/project_02/install/endicott/lib/endicott/goto_node" to ""
[11.062s] -- Installing: /root/ros2_ws/src/project_02/install/endicott/share/ament_index/resource_index/package_run_dependencies/endicott
[11.062s] -- Installing: /root/ros2_ws/src/project_02/install/endicott/share/ament_index/resource_index/parent_prefix_path/endicott
[11.062s] -- Installing: /root/ros2_ws/src/project_02/install/endicott/share/endicott/environment/ament_prefix_path.sh
[11.062s] -- Installing: /root/ros2_ws/src/project_02/install/endicott/share/endicott/environment/ament_prefix_path.dsv
[11.062s] -- Installing: /root/ros2_ws/src/project_02/install/endicott/share/endicott/environment/path.sh
[11.063s] -- Installing: /root/ros2_ws/src/project_02/install/endicott/share/endicott/environment/path.dsv
[11.063s] -- Installing: /root/ros2_ws/src/project_02/install/endicott/share/endicott/local_setup.bash
[11.063s] -- Installing: /root/ros2_ws/src/project_02/install/endicott/share/endicott/local_setup.sh
[11.063s] -- Installing: /root/ros2_ws/src/project_02/install/endicott/share/endicott/local_setup.zsh
[11.063s] -- Installing: /root/ros2_ws/src/project_02/install/endicott/share/endicott/local_setup.dsv
[11.064s] -- Installing: /root/ros2_ws/src/project_02/install/endicott/share/endicott/package.dsv
[11.064s] -- Installing: /root/ros2_ws/src/project_02/install/endicott/share/ament_index/resource_index/packages/endicott
[11.064s] -- Installing: /root/ros2_ws/src/project_02/install/endicott/share/endicott/cmake/endicottConfig.cmake
[11.064s] -- Installing: /root/ros2_ws/src/project_02/install/endicott/share/endicott/cmake/endicottConfig-version.cmake
[11.064s] -- Installing: /root/ros2_ws/src/project_02/install/endicott/share/endicott/package.xml
[11.067s] Invoked command in '/root/ros2_ws/src/project_02/build/endicott' returned '0': CMAKE_PREFIX_PATH=/opt/ros/humble /usr/bin/cmake --install /root/ros2_ws/src/project_02/build/endicott
