[0.268s] Invoking command in '/root/ros2_ws/src/turlebot3_ws/build/turtlebot3_node': CMAKE_PREFIX_PATH=/root/ros2_ws/src/turlebot3_ws/install/turtlebot3_msgs:/root/ros2_ws/src/turlebot3_ws/install/dynamixel_sdk:/root/ros2_ws/src/turlebot3_ws/install/turtlebot3:/root/ros2_ws/src/turlebot3_ws/install/turtlebot3_bringup:/root/ros2_ws/src/turlebot3_ws/install/turtlebot3_node:/root/ros2_ws/src/turlebot3_ws/install/turtlebot3_navigation2:/root/ros2_ws/src/turlebot3_ws/install/turtlebot3_description:/root/ros2_ws/src/turlebot3_ws/install/turtlebot3_cartographer:/root/ros2_ws/src/turlebot3_ws/install/dynamixel_sdk_examples:/root/ros2_ws/src/turlebot3_ws/install/dynamixel_sdk_custom_interfaces:/root/ros2_ws/src/turlebot3_ws/install/turtlebot3_teleop:/root/ros2_ws/src/turlebot3_ws/install/turtlebot3_example:/opt/ros/humble LD_LIBRARY_PATH=/root/ros2_ws/src/turlebot3_ws/install/turtlebot3_msgs/lib:/root/ros2_ws/src/turlebot3_ws/install/dynamixel_sdk/lib:/root/ros2_ws/src/turlebot3_ws/install/dynamixel_sdk_custom_interfaces/lib:/usr/lib/x86_64-linux-gnu/gazebo-11/plugins:/opt/ros/humble/opt/rviz_ogre_vendor/lib:/opt/ros/humble/lib/x86_64-linux-gnu:/opt/ros/humble/lib /usr/bin/cmake --build /root/ros2_ws/src/turlebot3_ws/build/turtlebot3_node -- -j8 -l8
[0.328s] [ 85%] Built target turtlebot3_node_lib
[0.351s] [100%] Built target turtlebot3_ros
[0.363s] Invoked command in '/root/ros2_ws/src/turlebot3_ws/build/turtlebot3_node' returned '0': CMAKE_PREFIX_PATH=/root/ros2_ws/src/turlebot3_ws/install/turtlebot3_msgs:/root/ros2_ws/src/turlebot3_ws/install/dynamixel_sdk:/root/ros2_ws/src/turlebot3_ws/install/turtlebot3:/root/ros2_ws/src/turlebot3_ws/install/turtlebot3_bringup:/root/ros2_ws/src/turlebot3_ws/install/turtlebot3_node:/root/ros2_ws/src/turlebot3_ws/install/turtlebot3_navigation2:/root/ros2_ws/src/turlebot3_ws/install/turtlebot3_description:/root/ros2_ws/src/turlebot3_ws/install/turtlebot3_cartographer:/root/ros2_ws/src/turlebot3_ws/install/dynamixel_sdk_examples:/root/ros2_ws/src/turlebot3_ws/install/dynamixel_sdk_custom_interfaces:/root/ros2_ws/src/turlebot3_ws/install/turtlebot3_teleop:/root/ros2_ws/src/turlebot3_ws/install/turtlebot3_example:/opt/ros/humble LD_LIBRARY_PATH=/root/ros2_ws/src/turlebot3_ws/install/turtlebot3_msgs/lib:/root/ros2_ws/src/turlebot3_ws/install/dynamixel_sdk/lib:/root/ros2_ws/src/turlebot3_ws/install/dynamixel_sdk_custom_interfaces/lib:/usr/lib/x86_64-linux-gnu/gazebo-11/plugins:/opt/ros/humble/opt/rviz_ogre_vendor/lib:/opt/ros/humble/lib/x86_64-linux-gnu:/opt/ros/humble/lib /usr/bin/cmake --build /root/ros2_ws/src/turlebot3_ws/build/turtlebot3_node -- -j8 -l8
[0.365s] Invoking command in '/root/ros2_ws/src/turlebot3_ws/build/turtlebot3_node': CMAKE_PREFIX_PATH=/root/ros2_ws/src/turlebot3_ws/install/turtlebot3_msgs:/root/ros2_ws/src/turlebot3_ws/install/dynamixel_sdk:/root/ros2_ws/src/turlebot3_ws/install/turtlebot3:/root/ros2_ws/src/turlebot3_ws/install/turtlebot3_bringup:/root/ros2_ws/src/turlebot3_ws/install/turtlebot3_node:/root/ros2_ws/src/turlebot3_ws/install/turtlebot3_navigation2:/root/ros2_ws/src/turlebot3_ws/install/turtlebot3_description:/root/ros2_ws/src/turlebot3_ws/install/turtlebot3_cartographer:/root/ros2_ws/src/turlebot3_ws/install/dynamixel_sdk_examples:/root/ros2_ws/src/turlebot3_ws/install/dynamixel_sdk_custom_interfaces:/root/ros2_ws/src/turlebot3_ws/install/turtlebot3_teleop:/root/ros2_ws/src/turlebot3_ws/install/turtlebot3_example:/opt/ros/humble LD_LIBRARY_PATH=/root/ros2_ws/src/turlebot3_ws/install/turtlebot3_msgs/lib:/root/ros2_ws/src/turlebot3_ws/install/dynamixel_sdk/lib:/root/ros2_ws/src/turlebot3_ws/install/dynamixel_sdk_custom_interfaces/lib:/usr/lib/x86_64-linux-gnu/gazebo-11/plugins:/opt/ros/humble/opt/rviz_ogre_vendor/lib:/opt/ros/humble/lib/x86_64-linux-gnu:/opt/ros/humble/lib /usr/bin/cmake --install /root/ros2_ws/src/turlebot3_ws/build/turtlebot3_node
[0.371s] -- Install configuration: ""
[0.371s] -- Execute custom install script
[0.371s] -- Up-to-date symlink: /root/ros2_ws/src/turlebot3_ws/install/turtlebot3_node/share/turtlebot3_node/param/burger.yaml
[0.372s] -- Up-to-date symlink: /root/ros2_ws/src/turlebot3_ws/install/turtlebot3_node/share/turtlebot3_node/param/waffle.yaml
[0.372s] -- Up-to-date symlink: /root/ros2_ws/src/turlebot3_ws/install/turtlebot3_node/share/turtlebot3_node/param/waffle_pi.yaml
[0.372s] -- Up-to-date symlink: /root/ros2_ws/src/turlebot3_ws/install/turtlebot3_node/lib/turtlebot3_node/turtlebot3_ros
[0.372s] -- Up-to-date symlink: /root/ros2_ws/src/turlebot3_ws/install/turtlebot3_node/share/ament_index/resource_index/package_run_dependencies/turtlebot3_node
[0.372s] -- Up-to-date symlink: /root/ros2_ws/src/turlebot3_ws/install/turtlebot3_node/share/ament_index/resource_index/parent_prefix_path/turtlebot3_node
[0.373s] -- Up-to-date symlink: /root/ros2_ws/src/turlebot3_ws/install/turtlebot3_node/share/turtlebot3_node/environment/ament_prefix_path.sh
[0.373s] -- Up-to-date symlink: /root/ros2_ws/src/turlebot3_ws/install/turtlebot3_node/share/turtlebot3_node/environment/ament_prefix_path.dsv
[0.373s] -- Up-to-date symlink: /root/ros2_ws/src/turlebot3_ws/install/turtlebot3_node/share/turtlebot3_node/environment/path.sh
[0.373s] -- Up-to-date symlink: /root/ros2_ws/src/turlebot3_ws/install/turtlebot3_node/share/turtlebot3_node/environment/path.dsv
[0.373s] -- Up-to-date symlink: /root/ros2_ws/src/turlebot3_ws/install/turtlebot3_node/share/turtlebot3_node/local_setup.bash
[0.373s] -- Up-to-date symlink: /root/ros2_ws/src/turlebot3_ws/install/turtlebot3_node/share/turtlebot3_node/local_setup.sh
[0.374s] -- Up-to-date symlink: /root/ros2_ws/src/turlebot3_ws/install/turtlebot3_node/share/turtlebot3_node/local_setup.zsh
[0.374s] -- Up-to-date symlink: /root/ros2_ws/src/turlebot3_ws/install/turtlebot3_node/share/turtlebot3_node/local_setup.dsv
[0.374s] -- Symlinking: /root/ros2_ws/src/turlebot3_ws/install/turtlebot3_node/share/turtlebot3_node/package.dsv
[0.382s] -- Up-to-date symlink: /root/ros2_ws/src/turlebot3_ws/install/turtlebot3_node/share/ament_index/resource_index/packages/turtlebot3_node
[0.383s] -- Up-to-date symlink: /root/ros2_ws/src/turlebot3_ws/install/turtlebot3_node/share/turtlebot3_node/cmake/ament_cmake_export_include_directories-extras.cmake
[0.383s] -- Up-to-date symlink: /root/ros2_ws/src/turlebot3_ws/install/turtlebot3_node/share/turtlebot3_node/cmake/turtlebot3_nodeConfig.cmake
[0.383s] -- Up-to-date symlink: /root/ros2_ws/src/turlebot3_ws/install/turtlebot3_node/share/turtlebot3_node/cmake/turtlebot3_nodeConfig-version.cmake
[0.383s] -- Up-to-date symlink: /root/ros2_ws/src/turlebot3_ws/install/turtlebot3_node/share/turtlebot3_node/package.xml
[0.386s] Invoked command in '/root/ros2_ws/src/turlebot3_ws/build/turtlebot3_node' returned '0': CMAKE_PREFIX_PATH=/root/ros2_ws/src/turlebot3_ws/install/turtlebot3_msgs:/root/ros2_ws/src/turlebot3_ws/install/dynamixel_sdk:/root/ros2_ws/src/turlebot3_ws/install/turtlebot3:/root/ros2_ws/src/turlebot3_ws/install/turtlebot3_bringup:/root/ros2_ws/src/turlebot3_ws/install/turtlebot3_node:/root/ros2_ws/src/turlebot3_ws/install/turtlebot3_navigation2:/root/ros2_ws/src/turlebot3_ws/install/turtlebot3_description:/root/ros2_ws/src/turlebot3_ws/install/turtlebot3_cartographer:/root/ros2_ws/src/turlebot3_ws/install/dynamixel_sdk_examples:/root/ros2_ws/src/turlebot3_ws/install/dynamixel_sdk_custom_interfaces:/root/ros2_ws/src/turlebot3_ws/install/turtlebot3_teleop:/root/ros2_ws/src/turlebot3_ws/install/turtlebot3_example:/opt/ros/humble LD_LIBRARY_PATH=/root/ros2_ws/src/turlebot3_ws/install/turtlebot3_msgs/lib:/root/ros2_ws/src/turlebot3_ws/install/dynamixel_sdk/lib:/root/ros2_ws/src/turlebot3_ws/install/dynamixel_sdk_custom_interfaces/lib:/usr/lib/x86_64-linux-gnu/gazebo-11/plugins:/opt/ros/humble/opt/rviz_ogre_vendor/lib:/opt/ros/humble/lib/x86_64-linux-gnu:/opt/ros/humble/lib /usr/bin/cmake --install /root/ros2_ws/src/turlebot3_ws/build/turtlebot3_node
