[0.246s] Invoking command in '/root/ros2_ws/src/turlebot3_ws/build/turtlebot3_fake_node': CMAKE_PREFIX_PATH=/root/ros2_ws/src/turlebot3_ws/install/turtlebot3_msgs:/root/ros2_ws/src/turlebot3_ws/install/turtlebot3:/root/ros2_ws/src/turlebot3_ws/install/turtlebot3_bringup:/root/ros2_ws/src/turlebot3_ws/install/turtlebot3_node:/root/ros2_ws/src/turlebot3_ws/install/turtlebot3_navigation2:/root/ros2_ws/src/turlebot3_ws/install/turtlebot3_description:/root/ros2_ws/src/turlebot3_ws/install/turtlebot3_cartographer:/root/ros2_ws/src/turlebot3_ws/install/dynamixel_sdk_examples:/root/ros2_ws/src/turlebot3_ws/install/dynamixel_sdk_custom_interfaces:/root/ros2_ws/src/turlebot3_ws/install/dynamixel_sdk:/root/ros2_ws/src/turlebot3_ws/install/turtlebot3_teleop:/root/ros2_ws/src/turlebot3_ws/install/turtlebot3_example:/opt/ros/humble /usr/bin/cmake /root/ros2_ws/src/turlebot3_ws/src/turtlebot3_simulations/turtlebot3_fake_node -DCMAKE_INSTALL_PREFIX=/root/ros2_ws/src/turlebot3_ws/install/turtlebot3_fake_node
[0.333s] -- The C compiler identification is GNU 11.4.0
[0.652s] -- The CXX compiler identification is GNU 11.4.0
[0.844s] -- Detecting C compiler ABI info
[0.950s] -- Detecting C compiler ABI info - done
[0.958s] -- Check for working C compiler: /usr/bin/cc - skipped
[0.958s] -- Detecting C compile features
[0.958s] -- Detecting C compile features - done
[0.961s] -- Detecting CXX compiler ABI info
[1.079s] -- Detecting CXX compiler ABI info - done
[1.088s] -- Check for working CXX compiler: /usr/bin/c++ - skipped
[1.088s] -- Detecting CXX compile features
[1.088s] -- Detecting CXX compile features - done
[1.091s] -- Found ament_cmake: 1.3.11 (/opt/ros/humble/share/ament_cmake/cmake)
[1.234s] -- Found Python3: /usr/bin/python3 (found version "3.10.12") found components: Interpreter 
[1.331s] -- Found geometry_msgs: 4.2.4 (/opt/ros/humble/share/geometry_msgs/cmake)
[1.448s] -- Found rosidl_generator_c: 3.1.6 (/opt/ros/humble/share/rosidl_generator_c/cmake)
[1.453s] -- Found rosidl_adapter: 3.1.6 (/opt/ros/humble/share/rosidl_adapter/cmake)
[1.460s] -- Found rosidl_generator_cpp: 3.1.6 (/opt/ros/humble/share/rosidl_generator_cpp/cmake)
[1.472s] -- Using all available rosidl_typesupport_c: rosidl_typesupport_fastrtps_c;rosidl_typesupport_introspection_c
[1.488s] -- Using all available rosidl_typesupport_cpp: rosidl_typesupport_fastrtps_cpp;rosidl_typesupport_introspection_cpp
[1.523s] -- Found nav_msgs: 4.2.4 (/opt/ros/humble/share/nav_msgs/cmake)
[1.539s] -- Found rclcpp: 16.0.11 (/opt/ros/humble/share/rclcpp/cmake)
[1.581s] -- Found rmw_implementation_cmake: 6.1.2 (/opt/ros/humble/share/rmw_implementation_cmake/cmake)
[1.584s] -- Found rmw_fastrtps_cpp: 6.2.7 (/opt/ros/humble/share/rmw_fastrtps_cpp/cmake)
[2.331s] -- Found OpenSSL: /usr/lib/x86_64-linux-gnu/libcrypto.so (found version "3.0.2")  
[3.120s] -- Found FastRTPS: /opt/ros/humble/include  
[4.622s] -- Using RMW implementation 'rmw_fastrtps_cpp' as default
[4.629s] -- Looking for pthread.h
[4.727s] -- Looking for pthread.h - found
[4.727s] -- Performing Test CMAKE_HAVE_LIBC_PTHREAD
[4.828s] -- Performing Test CMAKE_HAVE_LIBC_PTHREAD - Success
[4.829s] -- Found Threads: TRUE  
[4.859s] -- Found sensor_msgs: 4.2.4 (/opt/ros/humble/share/sensor_msgs/cmake)
[4.874s] -- Found tf2: 0.25.11 (/opt/ros/humble/share/tf2/cmake)
[4.882s] -- Found tf2_msgs: 0.25.11 (/opt/ros/humble/share/tf2_msgs/cmake)
[4.913s] -- Found turtlebot3_msgs: 2.3.0 (/root/ros2_ws/src/turlebot3_ws/install/turtlebot3_msgs/share/turtlebot3_msgs/cmake)
[4.979s] -- Configuring done
[4.987s] -- Generating done
[4.990s] -- Build files have been written to: /root/ros2_ws/src/turlebot3_ws/build/turtlebot3_fake_node
[4.999s] Invoked command in '/root/ros2_ws/src/turlebot3_ws/build/turtlebot3_fake_node' returned '0': CMAKE_PREFIX_PATH=/root/ros2_ws/src/turlebot3_ws/install/turtlebot3_msgs:/root/ros2_ws/src/turlebot3_ws/install/turtlebot3:/root/ros2_ws/src/turlebot3_ws/install/turtlebot3_bringup:/root/ros2_ws/src/turlebot3_ws/install/turtlebot3_node:/root/ros2_ws/src/turlebot3_ws/install/turtlebot3_navigation2:/root/ros2_ws/src/turlebot3_ws/install/turtlebot3_description:/root/ros2_ws/src/turlebot3_ws/install/turtlebot3_cartographer:/root/ros2_ws/src/turlebot3_ws/install/dynamixel_sdk_examples:/root/ros2_ws/src/turlebot3_ws/install/dynamixel_sdk_custom_interfaces:/root/ros2_ws/src/turlebot3_ws/install/dynamixel_sdk:/root/ros2_ws/src/turlebot3_ws/install/turtlebot3_teleop:/root/ros2_ws/src/turlebot3_ws/install/turtlebot3_example:/opt/ros/humble /usr/bin/cmake /root/ros2_ws/src/turlebot3_ws/src/turtlebot3_simulations/turtlebot3_fake_node -DCMAKE_INSTALL_PREFIX=/root/ros2_ws/src/turlebot3_ws/install/turtlebot3_fake_node
[5.000s] Invoking command in '/root/ros2_ws/src/turlebot3_ws/build/turtlebot3_fake_node': CMAKE_PREFIX_PATH=/root/ros2_ws/src/turlebot3_ws/install/turtlebot3_msgs:/root/ros2_ws/src/turlebot3_ws/install/turtlebot3:/root/ros2_ws/src/turlebot3_ws/install/turtlebot3_bringup:/root/ros2_ws/src/turlebot3_ws/install/turtlebot3_node:/root/ros2_ws/src/turlebot3_ws/install/turtlebot3_navigation2:/root/ros2_ws/src/turlebot3_ws/install/turtlebot3_description:/root/ros2_ws/src/turlebot3_ws/install/turtlebot3_cartographer:/root/ros2_ws/src/turlebot3_ws/install/dynamixel_sdk_examples:/root/ros2_ws/src/turlebot3_ws/install/dynamixel_sdk_custom_interfaces:/root/ros2_ws/src/turlebot3_ws/install/dynamixel_sdk:/root/ros2_ws/src/turlebot3_ws/install/turtlebot3_teleop:/root/ros2_ws/src/turlebot3_ws/install/turtlebot3_example:/opt/ros/humble /usr/bin/cmake --build /root/ros2_ws/src/turlebot3_ws/build/turtlebot3_fake_node -- -j8 -l8
[5.038s] [ 50%] [32mBuilding CXX object CMakeFiles/turtlebot3_fake_node.dir/src/turtlebot3_fake_node.cpp.o[0m
[13.364s] [100%] [32m[1mLinking CXX executable turtlebot3_fake_node[0m
[13.929s] [100%] Built target turtlebot3_fake_node
[13.939s] Invoked command in '/root/ros2_ws/src/turlebot3_ws/build/turtlebot3_fake_node' returned '0': CMAKE_PREFIX_PATH=/root/ros2_ws/src/turlebot3_ws/install/turtlebot3_msgs:/root/ros2_ws/src/turlebot3_ws/install/turtlebot3:/root/ros2_ws/src/turlebot3_ws/install/turtlebot3_bringup:/root/ros2_ws/src/turlebot3_ws/install/turtlebot3_node:/root/ros2_ws/src/turlebot3_ws/install/turtlebot3_navigation2:/root/ros2_ws/src/turlebot3_ws/install/turtlebot3_description:/root/ros2_ws/src/turlebot3_ws/install/turtlebot3_cartographer:/root/ros2_ws/src/turlebot3_ws/install/dynamixel_sdk_examples:/root/ros2_ws/src/turlebot3_ws/install/dynamixel_sdk_custom_interfaces:/root/ros2_ws/src/turlebot3_ws/install/dynamixel_sdk:/root/ros2_ws/src/turlebot3_ws/install/turtlebot3_teleop:/root/ros2_ws/src/turlebot3_ws/install/turtlebot3_example:/opt/ros/humble /usr/bin/cmake --build /root/ros2_ws/src/turlebot3_ws/build/turtlebot3_fake_node -- -j8 -l8
[13.941s] Invoking command in '/root/ros2_ws/src/turlebot3_ws/build/turtlebot3_fake_node': CMAKE_PREFIX_PATH=/root/ros2_ws/src/turlebot3_ws/install/turtlebot3_msgs:/root/ros2_ws/src/turlebot3_ws/install/turtlebot3:/root/ros2_ws/src/turlebot3_ws/install/turtlebot3_bringup:/root/ros2_ws/src/turlebot3_ws/install/turtlebot3_node:/root/ros2_ws/src/turlebot3_ws/install/turtlebot3_navigation2:/root/ros2_ws/src/turlebot3_ws/install/turtlebot3_description:/root/ros2_ws/src/turlebot3_ws/install/turtlebot3_cartographer:/root/ros2_ws/src/turlebot3_ws/install/dynamixel_sdk_examples:/root/ros2_ws/src/turlebot3_ws/install/dynamixel_sdk_custom_interfaces:/root/ros2_ws/src/turlebot3_ws/install/dynamixel_sdk:/root/ros2_ws/src/turlebot3_ws/install/turtlebot3_teleop:/root/ros2_ws/src/turlebot3_ws/install/turtlebot3_example:/opt/ros/humble /usr/bin/cmake --install /root/ros2_ws/src/turlebot3_ws/build/turtlebot3_fake_node
[13.947s] -- Install configuration: ""
[13.947s] -- Installing: /root/ros2_ws/src/turlebot3_ws/install/turtlebot3_fake_node/lib/turtlebot3_fake_node/turtlebot3_fake_node
[13.950s] -- Set runtime path of "/root/ros2_ws/src/turlebot3_ws/install/turtlebot3_fake_node/lib/turtlebot3_fake_node/turtlebot3_fake_node" to ""
[13.951s] -- Installing: /root/ros2_ws/src/turlebot3_ws/install/turtlebot3_fake_node/share/turtlebot3_fake_node/launch
[13.951s] -- Installing: /root/ros2_ws/src/turlebot3_ws/install/turtlebot3_fake_node/share/turtlebot3_fake_node/launch/rviz2.launch.py
[13.951s] -- Installing: /root/ros2_ws/src/turlebot3_ws/install/turtlebot3_fake_node/share/turtlebot3_fake_node/launch/turtlebot3_fake_node.launch.py
[13.951s] -- Installing: /root/ros2_ws/src/turlebot3_ws/install/turtlebot3_fake_node/share/turtlebot3_fake_node/param
[13.951s] -- Installing: /root/ros2_ws/src/turlebot3_ws/install/turtlebot3_fake_node/share/turtlebot3_fake_node/param/waffle.yaml
[13.952s] -- Installing: /root/ros2_ws/src/turlebot3_ws/install/turtlebot3_fake_node/share/turtlebot3_fake_node/param/waffle_pi.yaml
[13.952s] -- Installing: /root/ros2_ws/src/turlebot3_ws/install/turtlebot3_fake_node/share/turtlebot3_fake_node/param/burger.yaml
[13.952s] -- Installing: /root/ros2_ws/src/turlebot3_ws/install/turtlebot3_fake_node/include/
[13.952s] -- Installing: /root/ros2_ws/src/turlebot3_ws/install/turtlebot3_fake_node/include//turtlebot3_fake_node
[13.952s] -- Installing: /root/ros2_ws/src/turlebot3_ws/install/turtlebot3_fake_node/include//turtlebot3_fake_node/turtlebot3_fake_node.hpp
[13.952s] -- Installing: /root/ros2_ws/src/turlebot3_ws/install/turtlebot3_fake_node/share/ament_index/resource_index/package_run_dependencies/turtlebot3_fake_node
[13.952s] -- Installing: /root/ros2_ws/src/turlebot3_ws/install/turtlebot3_fake_node/share/ament_index/resource_index/parent_prefix_path/turtlebot3_fake_node
[13.953s] -- Installing: /root/ros2_ws/src/turlebot3_ws/install/turtlebot3_fake_node/share/turtlebot3_fake_node/environment/ament_prefix_path.sh
[13.953s] -- Installing: /root/ros2_ws/src/turlebot3_ws/install/turtlebot3_fake_node/share/turtlebot3_fake_node/environment/ament_prefix_path.dsv
[13.953s] -- Installing: /root/ros2_ws/src/turlebot3_ws/install/turtlebot3_fake_node/share/turtlebot3_fake_node/environment/path.sh
[13.954s] -- Installing: /root/ros2_ws/src/turlebot3_ws/install/turtlebot3_fake_node/share/turtlebot3_fake_node/environment/path.dsv
[13.954s] -- Installing: /root/ros2_ws/src/turlebot3_ws/install/turtlebot3_fake_node/share/turtlebot3_fake_node/local_setup.bash
[13.954s] -- Installing: /root/ros2_ws/src/turlebot3_ws/install/turtlebot3_fake_node/share/turtlebot3_fake_node/local_setup.sh
[13.954s] -- Installing: /root/ros2_ws/src/turlebot3_ws/install/turtlebot3_fake_node/share/turtlebot3_fake_node/local_setup.zsh
[13.954s] -- Installing: /root/ros2_ws/src/turlebot3_ws/install/turtlebot3_fake_node/share/turtlebot3_fake_node/local_setup.dsv
[13.955s] -- Installing: /root/ros2_ws/src/turlebot3_ws/install/turtlebot3_fake_node/share/turtlebot3_fake_node/package.dsv
[13.955s] -- Installing: /root/ros2_ws/src/turlebot3_ws/install/turtlebot3_fake_node/share/ament_index/resource_index/packages/turtlebot3_fake_node
[13.955s] -- Installing: /root/ros2_ws/src/turlebot3_ws/install/turtlebot3_fake_node/share/turtlebot3_fake_node/cmake/ament_cmake_export_include_directories-extras.cmake
[13.955s] -- Installing: /root/ros2_ws/src/turlebot3_ws/install/turtlebot3_fake_node/share/turtlebot3_fake_node/cmake/ament_cmake_export_dependencies-extras.cmake
[13.955s] -- Installing: /root/ros2_ws/src/turlebot3_ws/install/turtlebot3_fake_node/share/turtlebot3_fake_node/cmake/turtlebot3_fake_nodeConfig.cmake
[13.955s] -- Installing: /root/ros2_ws/src/turlebot3_ws/install/turtlebot3_fake_node/share/turtlebot3_fake_node/cmake/turtlebot3_fake_nodeConfig-version.cmake
[13.955s] -- Installing: /root/ros2_ws/src/turlebot3_ws/install/turtlebot3_fake_node/share/turtlebot3_fake_node/package.xml
[13.958s] Invoked command in '/root/ros2_ws/src/turlebot3_ws/build/turtlebot3_fake_node' returned '0': CMAKE_PREFIX_PATH=/root/ros2_ws/src/turlebot3_ws/install/turtlebot3_msgs:/root/ros2_ws/src/turlebot3_ws/install/turtlebot3:/root/ros2_ws/src/turlebot3_ws/install/turtlebot3_bringup:/root/ros2_ws/src/turlebot3_ws/install/turtlebot3_node:/root/ros2_ws/src/turlebot3_ws/install/turtlebot3_navigation2:/root/ros2_ws/src/turlebot3_ws/install/turtlebot3_description:/root/ros2_ws/src/turlebot3_ws/install/turtlebot3_cartographer:/root/ros2_ws/src/turlebot3_ws/install/dynamixel_sdk_examples:/root/ros2_ws/src/turlebot3_ws/install/dynamixel_sdk_custom_interfaces:/root/ros2_ws/src/turlebot3_ws/install/dynamixel_sdk:/root/ros2_ws/src/turlebot3_ws/install/turtlebot3_teleop:/root/ros2_ws/src/turlebot3_ws/install/turtlebot3_example:/opt/ros/humble /usr/bin/cmake --install /root/ros2_ws/src/turlebot3_ws/build/turtlebot3_fake_node
