[0.042s] Invoking command in '/root/ros2_ws/build/turtlebot3_navigation2': CMAKE_PREFIX_PATH=/opt/ros/humble /usr/bin/cmake /root/ros2_ws/src/turlebot3_ws/src/turtlebot3/turtlebot3_navigation2 -DCMAKE_INSTALL_PREFIX=/root/ros2_ws/install/turtlebot3_navigation2
[1.471s] -- The C compiler identification is GNU 11.4.0
[1.471s] -- The CXX compiler identification is GNU 11.4.0
[1.471s] -- Detecting C compiler ABI info
[1.471s] -- Detecting C compiler ABI info - done
[1.471s] -- Check for working C compiler: /usr/bin/cc - skipped
[1.471s] -- Detecting C compile features
[1.471s] -- Detecting C compile features - done
[1.471s] -- Detecting CXX compiler ABI info
[1.471s] -- Detecting CXX compiler ABI info - done
[1.471s] -- Check for working CXX compiler: /usr/bin/c++ - skipped
[1.471s] -- Detecting CXX compile features
[1.471s] -- Detecting CXX compile features - done
[1.471s] -- Found ament_cmake: 1.3.11 (/opt/ros/humble/share/ament_cmake/cmake)
[1.471s] -- Found Python3: /usr/bin/python3 (found version "3.10.12") found components: Interpreter 
[1.488s] -- Configuring done
[1.491s] -- Generating done
[1.493s] -- Build files have been written to: /root/ros2_ws/build/turtlebot3_navigation2
[1.499s] Invoked command in '/root/ros2_ws/build/turtlebot3_navigation2' returned '0': CMAKE_PREFIX_PATH=/opt/ros/humble /usr/bin/cmake /root/ros2_ws/src/turlebot3_ws/src/turtlebot3/turtlebot3_navigation2 -DCMAKE_INSTALL_PREFIX=/root/ros2_ws/install/turtlebot3_navigation2
[1.501s] Invoking command in '/root/ros2_ws/build/turtlebot3_navigation2': CMAKE_PREFIX_PATH=/opt/ros/humble /usr/bin/cmake --build /root/ros2_ws/build/turtlebot3_navigation2 -- -j8 -l8
[2.574s] Invoked command in '/root/ros2_ws/build/turtlebot3_navigation2' returned '0': CMAKE_PREFIX_PATH=/opt/ros/humble /usr/bin/cmake --build /root/ros2_ws/build/turtlebot3_navigation2 -- -j8 -l8
[2.575s] Invoking command in '/root/ros2_ws/build/turtlebot3_navigation2': CMAKE_PREFIX_PATH=/opt/ros/humble /usr/bin/cmake --install /root/ros2_ws/build/turtlebot3_navigation2
[2.599s] -- Install configuration: ""
[2.599s] -- Up-to-date: /root/ros2_ws/install/turtlebot3_navigation2/share/turtlebot3_navigation2/launch
[2.599s] -- Up-to-date: /root/ros2_ws/install/turtlebot3_navigation2/share/turtlebot3_navigation2/launch/navigation2.launch.py
[2.599s] -- Up-to-date: /root/ros2_ws/install/turtlebot3_navigation2/share/turtlebot3_navigation2/map
[2.600s] -- Up-to-date: /root/ros2_ws/install/turtlebot3_navigation2/share/turtlebot3_navigation2/map/map.pgm
[2.600s] -- Up-to-date: /root/ros2_ws/install/turtlebot3_navigation2/share/turtlebot3_navigation2/map/map.yaml
[2.600s] -- Up-to-date: /root/ros2_ws/install/turtlebot3_navigation2/share/turtlebot3_navigation2/param
[2.600s] -- Up-to-date: /root/ros2_ws/install/turtlebot3_navigation2/share/turtlebot3_navigation2/param/waffle.yaml
[2.600s] -- Up-to-date: /root/ros2_ws/install/turtlebot3_navigation2/share/turtlebot3_navigation2/param/waffle_pi.yaml
[2.600s] -- Up-to-date: /root/ros2_ws/install/turtlebot3_navigation2/share/turtlebot3_navigation2/param/burger.yaml
[2.600s] -- Up-to-date: /root/ros2_ws/install/turtlebot3_navigation2/share/turtlebot3_navigation2/rviz
[2.600s] -- Up-to-date: /root/ros2_ws/install/turtlebot3_navigation2/share/turtlebot3_navigation2/rviz/tb3_navigation2.rviz
[2.601s] -- Installing: /root/ros2_ws/install/turtlebot3_navigation2/share/ament_index/resource_index/package_run_dependencies/turtlebot3_navigation2
[2.601s] -- Installing: /root/ros2_ws/install/turtlebot3_navigation2/share/ament_index/resource_index/parent_prefix_path/turtlebot3_navigation2
[2.601s] -- Up-to-date: /root/ros2_ws/install/turtlebot3_navigation2/share/turtlebot3_navigation2/environment/ament_prefix_path.sh
[2.601s] -- Installing: /root/ros2_ws/install/turtlebot3_navigation2/share/turtlebot3_navigation2/environment/ament_prefix_path.dsv
[2.601s] -- Up-to-date: /root/ros2_ws/install/turtlebot3_navigation2/share/turtlebot3_navigation2/environment/path.sh
[2.601s] -- Installing: /root/ros2_ws/install/turtlebot3_navigation2/share/turtlebot3_navigation2/environment/path.dsv
[2.601s] -- Installing: /root/ros2_ws/install/turtlebot3_navigation2/share/turtlebot3_navigation2/local_setup.bash
[2.602s] -- Installing: /root/ros2_ws/install/turtlebot3_navigation2/share/turtlebot3_navigation2/local_setup.sh
[2.602s] -- Installing: /root/ros2_ws/install/turtlebot3_navigation2/share/turtlebot3_navigation2/local_setup.zsh
[2.602s] -- Installing: /root/ros2_ws/install/turtlebot3_navigation2/share/turtlebot3_navigation2/local_setup.dsv
[2.602s] -- Installing: /root/ros2_ws/install/turtlebot3_navigation2/share/turtlebot3_navigation2/package.dsv
[2.602s] -- Installing: /root/ros2_ws/install/turtlebot3_navigation2/share/ament_index/resource_index/packages/turtlebot3_navigation2
[2.602s] -- Installing: /root/ros2_ws/install/turtlebot3_navigation2/share/turtlebot3_navigation2/cmake/turtlebot3_navigation2Config.cmake
[2.603s] -- Installing: /root/ros2_ws/install/turtlebot3_navigation2/share/turtlebot3_navigation2/cmake/turtlebot3_navigation2Config-version.cmake
[2.603s] -- Up-to-date: /root/ros2_ws/install/turtlebot3_navigation2/share/turtlebot3_navigation2/package.xml
[2.611s] Invoked command in '/root/ros2_ws/build/turtlebot3_navigation2' returned '0': CMAKE_PREFIX_PATH=/opt/ros/humble /usr/bin/cmake --install /root/ros2_ws/build/turtlebot3_navigation2
