[0.869s] Invoking command in '/root/ros2_ws/src/turlebot3_ws/build/turtlebot3_teleop': PYTHONPATH=/root/ros2_ws/src/turlebot3_ws/build/turtlebot3_teleop/prefix_override:/usr/lib/python3/dist-packages/colcon_core/task/python/colcon_distutils_commands:/root/ros2_ws/src/turlebot3_ws/install/turtlebot3_teleop/lib/python3.10/site-packages:${PYTHONPATH} /usr/bin/python3 -W ignore:setup.py install is deprecated -W ignore:easy_install command is deprecated setup.py develop --editable --build-directory /root/ros2_ws/src/turlebot3_ws/build/turtlebot3_teleop/build --no-deps symlink_data
[1.633s] running develop
[1.633s] running egg_info
[1.634s] creating turtlebot3_teleop.egg-info
[1.634s] writing turtlebot3_teleop.egg-info/PKG-INFO
[1.634s] writing dependency_links to turtlebot3_teleop.egg-info/dependency_links.txt
[1.634s] writing entry points to turtlebot3_teleop.egg-info/entry_points.txt
[1.634s] writing requirements to turtlebot3_teleop.egg-info/requires.txt
[1.635s] writing top-level names to turtlebot3_teleop.egg-info/top_level.txt
[1.635s] writing manifest file 'turtlebot3_teleop.egg-info/SOURCES.txt'
[1.636s] reading manifest file 'turtlebot3_teleop.egg-info/SOURCES.txt'
[1.636s] writing manifest file 'turtlebot3_teleop.egg-info/SOURCES.txt'
[1.636s] running build_ext
[1.636s] Creating /root/ros2_ws/src/turlebot3_ws/install/turtlebot3_teleop/lib/python3.10/site-packages/turtlebot3-teleop.egg-link (link to .)
[1.636s] Installing teleop_keyboard script to /root/ros2_ws/src/turlebot3_ws/install/turtlebot3_teleop/lib/turtlebot3_teleop
[1.637s] 
[1.637s] Installed /root/ros2_ws/src/turlebot3_ws/build/turtlebot3_teleop
[1.637s] running symlink_data
[1.637s] creating /root/ros2_ws/src/turlebot3_ws/install/turtlebot3_teleop/share/ament_index
[1.637s] creating /root/ros2_ws/src/turlebot3_ws/install/turtlebot3_teleop/share/ament_index/resource_index
[1.637s] creating /root/ros2_ws/src/turlebot3_ws/install/turtlebot3_teleop/share/ament_index/resource_index/packages
[1.637s] symbolically linking /root/ros2_ws/src/turlebot3_ws/build/turtlebot3_teleop/resource/turtlebot3_teleop -> /root/ros2_ws/src/turlebot3_ws/install/turtlebot3_teleop/share/ament_index/resource_index/packages
[1.638s] symbolically linking /root/ros2_ws/src/turlebot3_ws/build/turtlebot3_teleop/package.xml -> /root/ros2_ws/src/turlebot3_ws/install/turtlebot3_teleop/share/turtlebot3_teleop
[1.642s] Invoked command in '/root/ros2_ws/src/turlebot3_ws/build/turtlebot3_teleop' returned '0': PYTHONPATH=/root/ros2_ws/src/turlebot3_ws/build/turtlebot3_teleop/prefix_override:/usr/lib/python3/dist-packages/colcon_core/task/python/colcon_distutils_commands:/root/ros2_ws/src/turlebot3_ws/install/turtlebot3_teleop/lib/python3.10/site-packages:${PYTHONPATH} /usr/bin/python3 -W ignore:setup.py install is deprecated -W ignore:easy_install command is deprecated setup.py develop --editable --build-directory /root/ros2_ws/src/turlebot3_ws/build/turtlebot3_teleop/build --no-deps symlink_data
