-- The C compiler identification is GNU 11.4.0
-- The CXX compiler identification is GNU 11.4.0
-- Detecting C compiler ABI info
-- Detecting C compiler ABI info - done
-- Check for working C compiler: /usr/bin/cc - skipped
-- Detecting C compile features
-- Detecting C compile features - done
-- Detecting CXX compiler ABI info
-- Detecting CXX compiler ABI info - done
-- Check for working CXX compiler: /usr/bin/c++ - skipped
-- Detecting CXX compile features
-- Detecting CXX compile features - done
-- Found ament_cmake: 1.3.11 (/opt/ros/humble/share/ament_cmake/cmake)
-- Found Python3: /usr/bin/python3 (found version "3.10.12") found components: Interpreter 
-- Found geometry_msgs: 4.2.4 (/opt/ros/humble/share/geometry_msgs/cmake)
-- Found rosidl_generator_c: 3.1.6 (/opt/ros/humble/share/rosidl_generator_c/cmake)
-- Found rosidl_adapter: 3.1.6 (/opt/ros/humble/share/rosidl_adapter/cmake)
-- Found rosidl_generator_cpp: 3.1.6 (/opt/ros/humble/share/rosidl_generator_cpp/cmake)
-- Using all available rosidl_typesupport_c: rosidl_typesupport_fastrtps_c;rosidl_typesupport_introspection_c
-- Using all available rosidl_typesupport_cpp: rosidl_typesupport_fastrtps_cpp;rosidl_typesupport_introspection_cpp
-- Found rosidl_default_generators: 1.2.0 (/opt/ros/humble/share/rosidl_default_generators/cmake)
-- Found ament_cmake_ros: 0.10.0 (/opt/ros/humble/share/ament_cmake_ros/cmake)
-- Using all available rosidl_typesupport_c: rosidl_typesupport_fastrtps_c;rosidl_typesupport_introspection_c
-- Using all available rosidl_typesupport_cpp: rosidl_typesupport_fastrtps_cpp;rosidl_typesupport_introspection_cpp
-- Found PythonInterp: /usr/bin/python3 (found suitable version "3.10.12", minimum required is "3.6") 
-- Found python_cmake_module: 0.10.0 (/opt/ros/humble/share/python_cmake_module/cmake)
-- Found PythonLibs: /usr/lib/x86_64-linux-gnu/libpython3.10.so (found suitable version "3.10.12", minimum required is "3.5") 
-- Using PYTHON_EXECUTABLE: /usr/bin/python3
-- Using PYTHON_INCLUDE_DIRS: /usr/include/python3.10
-- Using PYTHON_LIBRARIES: /usr/lib/x86_64-linux-gnu/libpython3.10.so
-- Found PythonExtra: .so  
-- Configuring done
-- Generating done
-- Build files have been written to: /root/ros2_ws/src/endicott_interfaces/build/endicott_interfaces
[  3%] [34m[1mGenerating C code for ROS interfaces[0m
[  6%] [34m[1mGenerating C++ code for ROS interfaces[0m
[  6%] Built target ament_cmake_python_copy_endicott_interfaces
[  6%] Built target endicott_interfaces__cpp
running egg_info
creating endicott_interfaces.egg-info
writing endicott_interfaces.egg-info/PKG-INFO
writing dependency_links to endicott_interfaces.egg-info/dependency_links.txt
writing top-level names to endicott_interfaces.egg-info/top_level.txt
[  9%] [34m[1mGenerating C++ type support for eProsima Fast-RTPS[0m
writing manifest file 'endicott_interfaces.egg-info/SOURCES.txt'
[ 12%] [34m[1mGenerating C++ introspection for ROS interfaces[0m
[ 16%] [34m[1mGenerating C++ type support dispatch for ROS interfaces[0m
reading manifest file 'endicott_interfaces.egg-info/SOURCES.txt'
writing manifest file 'endicott_interfaces.egg-info/SOURCES.txt'
[ 19%] [32mBuilding C object CMakeFiles/endicott_interfaces__rosidl_generator_c.dir/rosidl_generator_c/endicott_interfaces/msg/detail/move_status__functions.c.o[0m
[ 19%] Built target ament_cmake_python_build_endicott_interfaces_egg
[ 22%] [32m[1mLinking C shared library libendicott_interfaces__rosidl_generator_c.so[0m
[ 22%] Built target endicott_interfaces__rosidl_generator_c
[ 29%] [34m[1mGenerating C type support for eProsima Fast-RTPS[0m
[ 29%] [34m[1mGenerating C introspection for ROS interfaces[0m
[ 32%] [34m[1mGenerating C type support dispatch for ROS interfaces[0m
[ 35%] [32mBuilding CXX object CMakeFiles/endicott_interfaces__rosidl_typesupport_introspection_cpp.dir/rosidl_typesupport_introspection_cpp/endicott_interfaces/msg/detail/move_status__type_support.cpp.o[0m
[ 38%] [32mBuilding CXX object CMakeFiles/endicott_interfaces__rosidl_typesupport_cpp.dir/rosidl_typesupport_cpp/endicott_interfaces/msg/move_status__type_support.cpp.o[0m
[ 41%] [32mBuilding CXX object CMakeFiles/endicott_interfaces__rosidl_typesupport_fastrtps_cpp.dir/rosidl_typesupport_fastrtps_cpp/endicott_interfaces/msg/detail/dds_fastrtps/move_status__type_support.cpp.o[0m
[ 45%] [32mBuilding CXX object CMakeFiles/endicott_interfaces__rosidl_typesupport_c.dir/rosidl_typesupport_c/endicott_interfaces/msg/move_status__type_support.cpp.o[0m
[ 48%] [32mBuilding C object CMakeFiles/endicott_interfaces__rosidl_typesupport_introspection_c.dir/rosidl_typesupport_introspection_c/endicott_interfaces/msg/detail/move_status__type_support.c.o[0m
[ 51%] [32mBuilding CXX object CMakeFiles/endicott_interfaces__rosidl_typesupport_fastrtps_c.dir/rosidl_typesupport_fastrtps_c/endicott_interfaces/msg/detail/move_status__type_support_c.cpp.o[0m
[ 54%] [32m[1mLinking CXX shared library libendicott_interfaces__rosidl_typesupport_c.so[0m
[ 58%] [32m[1mLinking CXX shared library libendicott_interfaces__rosidl_typesupport_cpp.so[0m
[ 61%] [32m[1mLinking C shared library libendicott_interfaces__rosidl_typesupport_introspection_c.so[0m
[ 61%] Built target endicott_interfaces__rosidl_typesupport_c
[ 61%] Built target endicott_interfaces__rosidl_typesupport_cpp
[ 61%] Built target endicott_interfaces__rosidl_typesupport_introspection_c
[ 64%] [32m[1mLinking CXX shared library libendicott_interfaces__rosidl_typesupport_introspection_cpp.so[0m
[ 67%] [32m[1mLinking CXX shared library libendicott_interfaces__rosidl_typesupport_fastrtps_cpp.so[0m
[ 67%] Built target endicott_interfaces__rosidl_typesupport_introspection_cpp
[ 67%] Built target endicott_interfaces__rosidl_typesupport_fastrtps_cpp
[ 70%] [32m[1mLinking CXX shared library libendicott_interfaces__rosidl_typesupport_fastrtps_c.so[0m
[ 70%] Built target endicott_interfaces__rosidl_typesupport_fastrtps_c
[ 70%] Built target endicott_interfaces
[ 74%] [34m[1mGenerating Python code for ROS interfaces[0m
[ 74%] Built target endicott_interfaces__py
[ 77%] [32mBuilding C object CMakeFiles/endicott_interfaces__rosidl_generator_py.dir/rosidl_generator_py/endicott_interfaces/msg/_move_status_s.c.o[0m
[ 80%] [32m[1mLinking C shared library rosidl_generator_py/endicott_interfaces/libendicott_interfaces__rosidl_generator_py.so[0m
[ 80%] Built target endicott_interfaces__rosidl_generator_py
[ 83%] [32mBuilding C object CMakeFiles/endicott_interfaces__rosidl_typesupport_introspection_c__pyext.dir/rosidl_generator_py/endicott_interfaces/_endicott_interfaces_s.ep.rosidl_typesupport_introspection_c.c.o[0m
[ 87%] [32mBuilding C object CMakeFiles/endicott_interfaces__rosidl_typesupport_fastrtps_c__pyext.dir/rosidl_generator_py/endicott_interfaces/_endicott_interfaces_s.ep.rosidl_typesupport_fastrtps_c.c.o[0m
[ 90%] [32mBuilding C object CMakeFiles/endicott_interfaces__rosidl_typesupport_c__pyext.dir/rosidl_generator_py/endicott_interfaces/_endicott_interfaces_s.ep.rosidl_typesupport_c.c.o[0m
[ 93%] [32m[1mLinking C shared library rosidl_generator_py/endicott_interfaces/endicott_interfaces_s__rosidl_typesupport_c.cpython-310-x86_64-linux-gnu.so[0m
[ 96%] [32m[1mLinking C shared library rosidl_generator_py/endicott_interfaces/endicott_interfaces_s__rosidl_typesupport_fastrtps_c.cpython-310-x86_64-linux-gnu.so[0m
[100%] [32m[1mLinking C shared library rosidl_generator_py/endicott_interfaces/endicott_interfaces_s__rosidl_typesupport_introspection_c.cpython-310-x86_64-linux-gnu.so[0m
[100%] Built target endicott_interfaces__rosidl_typesupport_fastrtps_c__pyext
[100%] Built target endicott_interfaces__rosidl_typesupport_c__pyext
[100%] Built target endicott_interfaces__rosidl_typesupport_introspection_c__pyext
-- Install configuration: ""
-- Installing: /root/ros2_ws/src/endicott_interfaces/install/endicott_interfaces/share/ament_index/resource_index/rosidl_interfaces/endicott_interfaces
-- Installing: /root/ros2_ws/src/endicott_interfaces/install/endicott_interfaces/include/endicott_interfaces/endicott_interfaces
-- Installing: /root/ros2_ws/src/endicott_interfaces/install/endicott_interfaces/include/endicott_interfaces/endicott_interfaces/msg
-- Installing: /root/ros2_ws/src/endicott_interfaces/install/endicott_interfaces/include/endicott_interfaces/endicott_interfaces/msg/move_status.h
-- Installing: /root/ros2_ws/src/endicott_interfaces/install/endicott_interfaces/include/endicott_interfaces/endicott_interfaces/msg/rosidl_generator_c__visibility_control.h
-- Installing: /root/ros2_ws/src/endicott_interfaces/install/endicott_interfaces/include/endicott_interfaces/endicott_interfaces/msg/detail
-- Installing: /root/ros2_ws/src/endicott_interfaces/install/endicott_interfaces/include/endicott_interfaces/endicott_interfaces/msg/detail/move_status__functions.h
-- Installing: /root/ros2_ws/src/endicott_interfaces/install/endicott_interfaces/include/endicott_interfaces/endicott_interfaces/msg/detail/move_status__struct.h
-- Installing: /root/ros2_ws/src/endicott_interfaces/install/endicott_interfaces/include/endicott_interfaces/endicott_interfaces/msg/detail/move_status__functions.c
-- Installing: /root/ros2_ws/src/endicott_interfaces/install/endicott_interfaces/include/endicott_interfaces/endicott_interfaces/msg/detail/move_status__type_support.h
-- Installing: /root/ros2_ws/src/endicott_interfaces/install/endicott_interfaces/share/endicott_interfaces/environment/library_path.sh
-- Installing: /root/ros2_ws/src/endicott_interfaces/install/endicott_interfaces/share/endicott_interfaces/environment/library_path.dsv
-- Installing: /root/ros2_ws/src/endicott_interfaces/install/endicott_interfaces/lib/libendicott_interfaces__rosidl_generator_c.so
-- Set runtime path of "/root/ros2_ws/src/endicott_interfaces/install/endicott_interfaces/lib/libendicott_interfaces__rosidl_generator_c.so" to ""
-- Up-to-date: /root/ros2_ws/src/endicott_interfaces/install/endicott_interfaces/include/endicott_interfaces/endicott_interfaces
-- Up-to-date: /root/ros2_ws/src/endicott_interfaces/install/endicott_interfaces/include/endicott_interfaces/endicott_interfaces/msg
-- Installing: /root/ros2_ws/src/endicott_interfaces/install/endicott_interfaces/include/endicott_interfaces/endicott_interfaces/msg/rosidl_typesupport_fastrtps_c__visibility_control.h
-- Up-to-date: /root/ros2_ws/src/endicott_interfaces/install/endicott_interfaces/include/endicott_interfaces/endicott_interfaces/msg/detail
-- Installing: /root/ros2_ws/src/endicott_interfaces/install/endicott_interfaces/include/endicott_interfaces/endicott_interfaces/msg/detail/move_status__rosidl_typesupport_fastrtps_c.h
-- Installing: /root/ros2_ws/src/endicott_interfaces/install/endicott_interfaces/lib/libendicott_interfaces__rosidl_typesupport_fastrtps_c.so
-- Set runtime path of "/root/ros2_ws/src/endicott_interfaces/install/endicott_interfaces/lib/libendicott_interfaces__rosidl_typesupport_fastrtps_c.so" to ""
-- Up-to-date: /root/ros2_ws/src/endicott_interfaces/install/endicott_interfaces/include/endicott_interfaces/endicott_interfaces
-- Up-to-date: /root/ros2_ws/src/endicott_interfaces/install/endicott_interfaces/include/endicott_interfaces/endicott_interfaces/msg
-- Installing: /root/ros2_ws/src/endicott_interfaces/install/endicott_interfaces/include/endicott_interfaces/endicott_interfaces/msg/rosidl_generator_cpp__visibility_control.hpp
-- Installing: /root/ros2_ws/src/endicott_interfaces/install/endicott_interfaces/include/endicott_interfaces/endicott_interfaces/msg/move_status.hpp
-- Up-to-date: /root/ros2_ws/src/endicott_interfaces/install/endicott_interfaces/include/endicott_interfaces/endicott_interfaces/msg/detail
-- Installing: /root/ros2_ws/src/endicott_interfaces/install/endicott_interfaces/include/endicott_interfaces/endicott_interfaces/msg/detail/move_status__traits.hpp
-- Installing: /root/ros2_ws/src/endicott_interfaces/install/endicott_interfaces/include/endicott_interfaces/endicott_interfaces/msg/detail/move_status__struct.hpp
-- Installing: /root/ros2_ws/src/endicott_interfaces/install/endicott_interfaces/include/endicott_interfaces/endicott_interfaces/msg/detail/move_status__builder.hpp
-- Installing: /root/ros2_ws/src/endicott_interfaces/install/endicott_interfaces/include/endicott_interfaces/endicott_interfaces/msg/detail/move_status__type_support.hpp
-- Up-to-date: /root/ros2_ws/src/endicott_interfaces/install/endicott_interfaces/include/endicott_interfaces/endicott_interfaces
-- Up-to-date: /root/ros2_ws/src/endicott_interfaces/install/endicott_interfaces/include/endicott_interfaces/endicott_interfaces/msg
-- Installing: /root/ros2_ws/src/endicott_interfaces/install/endicott_interfaces/include/endicott_interfaces/endicott_interfaces/msg/rosidl_typesupport_fastrtps_cpp__visibility_control.h
-- Up-to-date: /root/ros2_ws/src/endicott_interfaces/install/endicott_interfaces/include/endicott_interfaces/endicott_interfaces/msg/detail
-- Installing: /root/ros2_ws/src/endicott_interfaces/install/endicott_interfaces/include/endicott_interfaces/endicott_interfaces/msg/detail/dds_fastrtps
-- Installing: /root/ros2_ws/src/endicott_interfaces/install/endicott_interfaces/include/endicott_interfaces/endicott_interfaces/msg/detail/move_status__rosidl_typesupport_fastrtps_cpp.hpp
-- Installing: /root/ros2_ws/src/endicott_interfaces/install/endicott_interfaces/lib/libendicott_interfaces__rosidl_typesupport_fastrtps_cpp.so
-- Set runtime path of "/root/ros2_ws/src/endicott_interfaces/install/endicott_interfaces/lib/libendicott_interfaces__rosidl_typesupport_fastrtps_cpp.so" to ""
-- Up-to-date: /root/ros2_ws/src/endicott_interfaces/install/endicott_interfaces/include/endicott_interfaces/endicott_interfaces
-- Up-to-date: /root/ros2_ws/src/endicott_interfaces/install/endicott_interfaces/include/endicott_interfaces/endicott_interfaces/msg
-- Installing: /root/ros2_ws/src/endicott_interfaces/install/endicott_interfaces/include/endicott_interfaces/endicott_interfaces/msg/rosidl_typesupport_introspection_c__visibility_control.h
-- Up-to-date: /root/ros2_ws/src/endicott_interfaces/install/endicott_interfaces/include/endicott_interfaces/endicott_interfaces/msg/detail
-- Installing: /root/ros2_ws/src/endicott_interfaces/install/endicott_interfaces/include/endicott_interfaces/endicott_interfaces/msg/detail/move_status__type_support.c
-- Installing: /root/ros2_ws/src/endicott_interfaces/install/endicott_interfaces/include/endicott_interfaces/endicott_interfaces/msg/detail/move_status__rosidl_typesupport_introspection_c.h
-- Installing: /root/ros2_ws/src/endicott_interfaces/install/endicott_interfaces/lib/libendicott_interfaces__rosidl_typesupport_introspection_c.so
-- Set runtime path of "/root/ros2_ws/src/endicott_interfaces/install/endicott_interfaces/lib/libendicott_interfaces__rosidl_typesupport_introspection_c.so" to ""
-- Installing: /root/ros2_ws/src/endicott_interfaces/install/endicott_interfaces/lib/libendicott_interfaces__rosidl_typesupport_c.so
-- Set runtime path of "/root/ros2_ws/src/endicott_interfaces/install/endicott_interfaces/lib/libendicott_interfaces__rosidl_typesupport_c.so" to ""
-- Up-to-date: /root/ros2_ws/src/endicott_interfaces/install/endicott_interfaces/include/endicott_interfaces/endicott_interfaces
-- Up-to-date: /root/ros2_ws/src/endicott_interfaces/install/endicott_interfaces/include/endicott_interfaces/endicott_interfaces/msg
-- Up-to-date: /root/ros2_ws/src/endicott_interfaces/install/endicott_interfaces/include/endicott_interfaces/endicott_interfaces/msg/detail
-- Installing: /root/ros2_ws/src/endicott_interfaces/install/endicott_interfaces/include/endicott_interfaces/endicott_interfaces/msg/detail/move_status__type_support.cpp
-- Installing: /root/ros2_ws/src/endicott_interfaces/install/endicott_interfaces/include/endicott_interfaces/endicott_interfaces/msg/detail/move_status__rosidl_typesupport_introspection_cpp.hpp
-- Installing: /root/ros2_ws/src/endicott_interfaces/install/endicott_interfaces/lib/libendicott_interfaces__rosidl_typesupport_introspection_cpp.so
-- Set runtime path of "/root/ros2_ws/src/endicott_interfaces/install/endicott_interfaces/lib/libendicott_interfaces__rosidl_typesupport_introspection_cpp.so" to ""
-- Installing: /root/ros2_ws/src/endicott_interfaces/install/endicott_interfaces/lib/libendicott_interfaces__rosidl_typesupport_cpp.so
-- Set runtime path of "/root/ros2_ws/src/endicott_interfaces/install/endicott_interfaces/lib/libendicott_interfaces__rosidl_typesupport_cpp.so" to ""
-- Installing: /root/ros2_ws/src/endicott_interfaces/install/endicott_interfaces/share/endicott_interfaces/environment/pythonpath.sh
-- Installing: /root/ros2_ws/src/endicott_interfaces/install/endicott_interfaces/share/endicott_interfaces/environment/pythonpath.dsv
-- Installing: /root/ros2_ws/src/endicott_interfaces/install/endicott_interfaces/local/lib/python3.10/dist-packages/endicott_interfaces-0.0.0-py3.10.egg-info
-- Installing: /root/ros2_ws/src/endicott_interfaces/install/endicott_interfaces/local/lib/python3.10/dist-packages/endicott_interfaces-0.0.0-py3.10.egg-info/top_level.txt
-- Installing: /root/ros2_ws/src/endicott_interfaces/install/endicott_interfaces/local/lib/python3.10/dist-packages/endicott_interfaces-0.0.0-py3.10.egg-info/dependency_links.txt
-- Installing: /root/ros2_ws/src/endicott_interfaces/install/endicott_interfaces/local/lib/python3.10/dist-packages/endicott_interfaces-0.0.0-py3.10.egg-info/SOURCES.txt
-- Installing: /root/ros2_ws/src/endicott_interfaces/install/endicott_interfaces/local/lib/python3.10/dist-packages/endicott_interfaces-0.0.0-py3.10.egg-info/PKG-INFO
-- Installing: /root/ros2_ws/src/endicott_interfaces/install/endicott_interfaces/local/lib/python3.10/dist-packages/endicott_interfaces
-- Installing: /root/ros2_ws/src/endicott_interfaces/install/endicott_interfaces/local/lib/python3.10/dist-packages/endicott_interfaces/endicott_interfaces_s__rosidl_typesupport_introspection_c.cpython-310-x86_64-linux-gnu.so
-- Installing: /root/ros2_ws/src/endicott_interfaces/install/endicott_interfaces/local/lib/python3.10/dist-packages/endicott_interfaces/_endicott_interfaces_s.ep.rosidl_typesupport_fastrtps_c.c
-- Installing: /root/ros2_ws/src/endicott_interfaces/install/endicott_interfaces/local/lib/python3.10/dist-packages/endicott_interfaces/_endicott_interfaces_s.ep.rosidl_typesupport_c.c
-- Installing: /root/ros2_ws/src/endicott_interfaces/install/endicott_interfaces/local/lib/python3.10/dist-packages/endicott_interfaces/endicott_interfaces_s__rosidl_typesupport_c.cpython-310-x86_64-linux-gnu.so
-- Installing: /root/ros2_ws/src/endicott_interfaces/install/endicott_interfaces/local/lib/python3.10/dist-packages/endicott_interfaces/msg
-- Installing: /root/ros2_ws/src/endicott_interfaces/install/endicott_interfaces/local/lib/python3.10/dist-packages/endicott_interfaces/msg/_move_status_s.c
-- Installing: /root/ros2_ws/src/endicott_interfaces/install/endicott_interfaces/local/lib/python3.10/dist-packages/endicott_interfaces/msg/_move_status.py
-- Installing: /root/ros2_ws/src/endicott_interfaces/install/endicott_interfaces/local/lib/python3.10/dist-packages/endicott_interfaces/msg/__init__.py
-- Installing: /root/ros2_ws/src/endicott_interfaces/install/endicott_interfaces/local/lib/python3.10/dist-packages/endicott_interfaces/_endicott_interfaces_s.ep.rosidl_typesupport_introspection_c.c
-- Installing: /root/ros2_ws/src/endicott_interfaces/install/endicott_interfaces/local/lib/python3.10/dist-packages/endicott_interfaces/endicott_interfaces_s__rosidl_typesupport_fastrtps_c.cpython-310-x86_64-linux-gnu.so
-- Installing: /root/ros2_ws/src/endicott_interfaces/install/endicott_interfaces/local/lib/python3.10/dist-packages/endicott_interfaces/libendicott_interfaces__rosidl_generator_py.so
-- Installing: /root/ros2_ws/src/endicott_interfaces/install/endicott_interfaces/local/lib/python3.10/dist-packages/endicott_interfaces/__init__.py
Listing '/root/ros2_ws/src/endicott_interfaces/install/endicott_interfaces/local/lib/python3.10/dist-packages/endicott_interfaces'...
Compiling '/root/ros2_ws/src/endicott_interfaces/install/endicott_interfaces/local/lib/python3.10/dist-packages/endicott_interfaces/__init__.py'...
Listing '/root/ros2_ws/src/endicott_interfaces/install/endicott_interfaces/local/lib/python3.10/dist-packages/endicott_interfaces/msg'...
Compiling '/root/ros2_ws/src/endicott_interfaces/install/endicott_interfaces/local/lib/python3.10/dist-packages/endicott_interfaces/msg/__init__.py'...
Compiling '/root/ros2_ws/src/endicott_interfaces/install/endicott_interfaces/local/lib/python3.10/dist-packages/endicott_interfaces/msg/_move_status.py'...
-- Installing: /root/ros2_ws/src/endicott_interfaces/install/endicott_interfaces/local/lib/python3.10/dist-packages/endicott_interfaces/endicott_interfaces_s__rosidl_typesupport_fastrtps_c.cpython-310-x86_64-linux-gnu.so
-- Set runtime path of "/root/ros2_ws/src/endicott_interfaces/install/endicott_interfaces/local/lib/python3.10/dist-packages/endicott_interfaces/endicott_interfaces_s__rosidl_typesupport_fastrtps_c.cpython-310-x86_64-linux-gnu.so" to ""
-- Installing: /root/ros2_ws/src/endicott_interfaces/install/endicott_interfaces/local/lib/python3.10/dist-packages/endicott_interfaces/endicott_interfaces_s__rosidl_typesupport_introspection_c.cpython-310-x86_64-linux-gnu.so
-- Set runtime path of "/root/ros2_ws/src/endicott_interfaces/install/endicott_interfaces/local/lib/python3.10/dist-packages/endicott_interfaces/endicott_interfaces_s__rosidl_typesupport_introspection_c.cpython-310-x86_64-linux-gnu.so" to ""
-- Installing: /root/ros2_ws/src/endicott_interfaces/install/endicott_interfaces/local/lib/python3.10/dist-packages/endicott_interfaces/endicott_interfaces_s__rosidl_typesupport_c.cpython-310-x86_64-linux-gnu.so
-- Set runtime path of "/root/ros2_ws/src/endicott_interfaces/install/endicott_interfaces/local/lib/python3.10/dist-packages/endicott_interfaces/endicott_interfaces_s__rosidl_typesupport_c.cpython-310-x86_64-linux-gnu.so" to ""
-- Installing: /root/ros2_ws/src/endicott_interfaces/install/endicott_interfaces/lib/libendicott_interfaces__rosidl_generator_py.so
-- Set runtime path of "/root/ros2_ws/src/endicott_interfaces/install/endicott_interfaces/lib/libendicott_interfaces__rosidl_generator_py.so" to ""
-- Installing: /root/ros2_ws/src/endicott_interfaces/install/endicott_interfaces/share/endicott_interfaces/msg/MoveStatus.idl
-- Installing: /root/ros2_ws/src/endicott_interfaces/install/endicott_interfaces/share/endicott_interfaces/msg/MoveStatus.msg
-- Installing: /root/ros2_ws/src/endicott_interfaces/install/endicott_interfaces/share/ament_index/resource_index/package_run_dependencies/endicott_interfaces
-- Installing: /root/ros2_ws/src/endicott_interfaces/install/endicott_interfaces/share/ament_index/resource_index/parent_prefix_path/endicott_interfaces
-- Installing: /root/ros2_ws/src/endicott_interfaces/install/endicott_interfaces/share/endicott_interfaces/environment/ament_prefix_path.sh
-- Installing: /root/ros2_ws/src/endicott_interfaces/install/endicott_interfaces/share/endicott_interfaces/environment/ament_prefix_path.dsv
-- Installing: /root/ros2_ws/src/endicott_interfaces/install/endicott_interfaces/share/endicott_interfaces/environment/path.sh
-- Installing: /root/ros2_ws/src/endicott_interfaces/install/endicott_interfaces/share/endicott_interfaces/environment/path.dsv
-- Installing: /root/ros2_ws/src/endicott_interfaces/install/endicott_interfaces/share/endicott_interfaces/local_setup.bash
-- Installing: /root/ros2_ws/src/endicott_interfaces/install/endicott_interfaces/share/endicott_interfaces/local_setup.sh
-- Installing: /root/ros2_ws/src/endicott_interfaces/install/endicott_interfaces/share/endicott_interfaces/local_setup.zsh
-- Installing: /root/ros2_ws/src/endicott_interfaces/install/endicott_interfaces/share/endicott_interfaces/local_setup.dsv
-- Installing: /root/ros2_ws/src/endicott_interfaces/install/endicott_interfaces/share/endicott_interfaces/package.dsv
-- Installing: /root/ros2_ws/src/endicott_interfaces/install/endicott_interfaces/share/ament_index/resource_index/packages/endicott_interfaces
-- Installing: /root/ros2_ws/src/endicott_interfaces/install/endicott_interfaces/share/endicott_interfaces/cmake/export_endicott_interfaces__rosidl_generator_cExport.cmake
-- Installing: /root/ros2_ws/src/endicott_interfaces/install/endicott_interfaces/share/endicott_interfaces/cmake/export_endicott_interfaces__rosidl_generator_cExport-noconfig.cmake
-- Installing: /root/ros2_ws/src/endicott_interfaces/install/endicott_interfaces/share/endicott_interfaces/cmake/export_endicott_interfaces__rosidl_typesupport_fastrtps_cExport.cmake
-- Installing: /root/ros2_ws/src/endicott_interfaces/install/endicott_interfaces/share/endicott_interfaces/cmake/export_endicott_interfaces__rosidl_typesupport_fastrtps_cExport-noconfig.cmake
-- Installing: /root/ros2_ws/src/endicott_interfaces/install/endicott_interfaces/share/endicott_interfaces/cmake/export_endicott_interfaces__rosidl_generator_cppExport.cmake
-- Installing: /root/ros2_ws/src/endicott_interfaces/install/endicott_interfaces/share/endicott_interfaces/cmake/export_endicott_interfaces__rosidl_typesupport_fastrtps_cppExport.cmake
-- Installing: /root/ros2_ws/src/endicott_interfaces/install/endicott_interfaces/share/endicott_interfaces/cmake/export_endicott_interfaces__rosidl_typesupport_fastrtps_cppExport-noconfig.cmake
-- Installing: /root/ros2_ws/src/endicott_interfaces/install/endicott_interfaces/share/endicott_interfaces/cmake/endicott_interfaces__rosidl_typesupport_introspection_cExport.cmake
-- Installing: /root/ros2_ws/src/endicott_interfaces/install/endicott_interfaces/share/endicott_interfaces/cmake/endicott_interfaces__rosidl_typesupport_introspection_cExport-noconfig.cmake
-- Installing: /root/ros2_ws/src/endicott_interfaces/install/endicott_interfaces/share/endicott_interfaces/cmake/endicott_interfaces__rosidl_typesupport_cExport.cmake
-- Installing: /root/ros2_ws/src/endicott_interfaces/install/endicott_interfaces/share/endicott_interfaces/cmake/endicott_interfaces__rosidl_typesupport_cExport-noconfig.cmake
-- Installing: /root/ros2_ws/src/endicott_interfaces/install/endicott_interfaces/share/endicott_interfaces/cmake/endicott_interfaces__rosidl_typesupport_introspection_cppExport.cmake
-- Installing: /root/ros2_ws/src/endicott_interfaces/install/endicott_interfaces/share/endicott_interfaces/cmake/endicott_interfaces__rosidl_typesupport_introspection_cppExport-noconfig.cmake
-- Installing: /root/ros2_ws/src/endicott_interfaces/install/endicott_interfaces/share/endicott_interfaces/cmake/endicott_interfaces__rosidl_typesupport_cppExport.cmake
-- Installing: /root/ros2_ws/src/endicott_interfaces/install/endicott_interfaces/share/endicott_interfaces/cmake/endicott_interfaces__rosidl_typesupport_cppExport-noconfig.cmake
-- Installing: /root/ros2_ws/src/endicott_interfaces/install/endicott_interfaces/share/endicott_interfaces/cmake/export_endicott_interfaces__rosidl_generator_pyExport.cmake
-- Installing: /root/ros2_ws/src/endicott_interfaces/install/endicott_interfaces/share/endicott_interfaces/cmake/export_endicott_interfaces__rosidl_generator_pyExport-noconfig.cmake
-- Installing: /root/ros2_ws/src/endicott_interfaces/install/endicott_interfaces/share/endicott_interfaces/cmake/rosidl_cmake-extras.cmake
-- Installing: /root/ros2_ws/src/endicott_interfaces/install/endicott_interfaces/share/endicott_interfaces/cmake/ament_cmake_export_dependencies-extras.cmake
-- Installing: /root/ros2_ws/src/endicott_interfaces/install/endicott_interfaces/share/endicott_interfaces/cmake/ament_cmake_export_include_directories-extras.cmake
-- Installing: /root/ros2_ws/src/endicott_interfaces/install/endicott_interfaces/share/endicott_interfaces/cmake/ament_cmake_export_libraries-extras.cmake
-- Installing: /root/ros2_ws/src/endicott_interfaces/install/endicott_interfaces/share/endicott_interfaces/cmake/ament_cmake_export_targets-extras.cmake
-- Installing: /root/ros2_ws/src/endicott_interfaces/install/endicott_interfaces/share/endicott_interfaces/cmake/rosidl_cmake_export_typesupport_targets-extras.cmake
-- Installing: /root/ros2_ws/src/endicott_interfaces/install/endicott_interfaces/share/endicott_interfaces/cmake/rosidl_cmake_export_typesupport_libraries-extras.cmake
-- Installing: /root/ros2_ws/src/endicott_interfaces/install/endicott_interfaces/share/endicott_interfaces/cmake/endicott_interfacesConfig.cmake
-- Installing: /root/ros2_ws/src/endicott_interfaces/install/endicott_interfaces/share/endicott_interfaces/cmake/endicott_interfacesConfig-version.cmake
-- Installing: /root/ros2_ws/src/endicott_interfaces/install/endicott_interfaces/share/endicott_interfaces/package.xml
