[0.049s] Invoking command in '/root/ros2_ws/src/turlebot3_ws/build/dynamixel_sdk': CMAKE_PREFIX_PATH=/opt/ros/humble /usr/bin/cmake /root/ros2_ws/src/turlebot3_ws/src/DynamixelSDK/ros/dynamixel_sdk -DAMENT_CMAKE_SYMLINK_INSTALL=1 -DCMAKE_INSTALL_PREFIX=/root/ros2_ws/src/turlebot3_ws/install/dynamixel_sdk
[0.342s] -- The C compiler identification is GNU 11.4.0
[0.685s] -- The CXX compiler identification is GNU 11.4.0
[0.981s] -- Detecting C compiler ABI info
[1.105s] -- Detecting C compiler ABI info - done
[1.112s] -- Check for working C compiler: /usr/bin/cc - skipped
[1.112s] -- Detecting C compile features
[1.113s] -- Detecting C compile features - done
[1.116s] -- Detecting CXX compiler ABI info
[1.252s] -- Detecting CXX compiler ABI info - done
[1.261s] -- Check for working CXX compiler: /usr/bin/c++ - skipped
[1.261s] -- Detecting CXX compile features
[1.262s] -- Detecting CXX compile features - done
[1.276s] -- Found ament_cmake: 1.3.11 (/opt/ros/humble/share/ament_cmake/cmake)
[1.460s] -- Found Python3: /usr/bin/python3 (found version "3.10.12") found components: Interpreter 
[1.538s] -- Override CMake install command with custom implementation using symlinks instead of copying resources
[1.668s] -- Configuring done
[1.675s] -- Generating done
[1.677s] -- Build files have been written to: /root/ros2_ws/src/turlebot3_ws/build/dynamixel_sdk
[1.703s] Invoked command in '/root/ros2_ws/src/turlebot3_ws/build/dynamixel_sdk' returned '0': CMAKE_PREFIX_PATH=/opt/ros/humble /usr/bin/cmake /root/ros2_ws/src/turlebot3_ws/src/DynamixelSDK/ros/dynamixel_sdk -DAMENT_CMAKE_SYMLINK_INSTALL=1 -DCMAKE_INSTALL_PREFIX=/root/ros2_ws/src/turlebot3_ws/install/dynamixel_sdk
[1.706s] Invoking command in '/root/ros2_ws/src/turlebot3_ws/build/dynamixel_sdk': CMAKE_PREFIX_PATH=/opt/ros/humble /usr/bin/cmake --build /root/ros2_ws/src/turlebot3_ws/build/dynamixel_sdk -- -j8 -l8
[1.754s] [ 15%] [32mBuilding CXX object CMakeFiles/dynamixel_sdk.dir/src/dynamixel_sdk/protocol1_packet_handler.cpp.o[0m
[1.755s] [ 23%] [32mBuilding CXX object CMakeFiles/dynamixel_sdk.dir/src/dynamixel_sdk/group_sync_read.cpp.o[0m
[1.755s] [ 30%] [32mBuilding CXX object CMakeFiles/dynamixel_sdk.dir/src/dynamixel_sdk/group_sync_write.cpp.o[0m
[1.756s] [ 15%] [32mBuilding CXX object CMakeFiles/dynamixel_sdk.dir/src/dynamixel_sdk/packet_handler.cpp.o[0m
[1.758s] [ 38%] [32mBuilding CXX object CMakeFiles/dynamixel_sdk.dir/src/dynamixel_sdk/protocol2_packet_handler.cpp.o[0m
[1.763s] [ 46%] [32mBuilding CXX object CMakeFiles/dynamixel_sdk.dir/src/dynamixel_sdk/group_fast_bulk_read.cpp.o[0m
[1.763s] [ 53%] [32mBuilding CXX object CMakeFiles/dynamixel_sdk.dir/src/dynamixel_sdk/group_bulk_write.cpp.o[0m
[1.764s] [ 61%] [32mBuilding CXX object CMakeFiles/dynamixel_sdk.dir/src/dynamixel_sdk/group_bulk_read.cpp.o[0m
[1.994s] [ 69%] [32mBuilding CXX object CMakeFiles/dynamixel_sdk.dir/src/dynamixel_sdk/group_fast_sync_read.cpp.o[0m
[2.210s] [ 76%] [32mBuilding CXX object CMakeFiles/dynamixel_sdk.dir/src/dynamixel_sdk/group_handler.cpp.o[0m
[2.249s] [01m[K/root/ros2_ws/src/turlebot3_ws/src/DynamixelSDK/ros/dynamixel_sdk/src/dynamixel_sdk/group_sync_read.cpp:[m[K In member function ‘[01m[Kbool dynamixel::GroupSyncRead::getError(uint8_t, uint8_t*)[m[K’:
[2.249s] [01m[K/root/ros2_ws/src/turlebot3_ws/src/DynamixelSDK/ros/dynamixel_sdk/src/dynamixel_sdk/group_sync_read.cpp:201:19:[m[K [01;35m[Kwarning: [m[Ksuggest parentheses around assignment used as truth value [[01;35m[K]8;;https://gcc.gnu.org/onlinedocs/gcc/Warning-Options.html#index-Wparentheses-Wparentheses]8;;[m[K]
[2.249s]   201 |   return [01;35m[Kerror[0] = error_list_[id][0][m[K;
[2.249s]       |          [01;35m[K~~~~~~~~~^~~~~~~~~~~~~~~~~~~~[m[K
[2.266s] [ 84%] [32mBuilding CXX object CMakeFiles/dynamixel_sdk.dir/src/dynamixel_sdk/port_handler.cpp.o[0m
[2.324s] [ 92%] [32mBuilding CXX object CMakeFiles/dynamixel_sdk.dir/src/dynamixel_sdk/port_handler_linux.cpp.o[0m
[2.328s] [01m[K/root/ros2_ws/src/turlebot3_ws/src/DynamixelSDK/ros/dynamixel_sdk/src/dynamixel_sdk/group_bulk_read.cpp:[m[K In member function ‘[01m[Kbool dynamixel::GroupBulkRead::getError(uint8_t, uint8_t*)[m[K’:
[2.328s] [01m[K/root/ros2_ws/src/turlebot3_ws/src/DynamixelSDK/ros/dynamixel_sdk/src/dynamixel_sdk/group_bulk_read.cpp:232:19:[m[K [01;35m[Kwarning: [m[Ksuggest parentheses around assignment used as truth value [[01;35m[K]8;;https://gcc.gnu.org/onlinedocs/gcc/Warning-Options.html#index-Wparentheses-Wparentheses]8;;[m[K]
[2.328s]   232 |   return [01;35m[Kerror[0] = error_list_[id][0][m[K;
[2.328s]       |          [01;35m[K~~~~~~~~~^~~~~~~~~~~~~~~~~~~~[m[K
[2.652s] [100%] [32m[1mLinking CXX shared library libdynamixel_sdk.so[0m
[2.797s] [100%] Built target dynamixel_sdk
[2.806s] Invoked command in '/root/ros2_ws/src/turlebot3_ws/build/dynamixel_sdk' returned '0': CMAKE_PREFIX_PATH=/opt/ros/humble /usr/bin/cmake --build /root/ros2_ws/src/turlebot3_ws/build/dynamixel_sdk -- -j8 -l8
[2.807s] Invoking command in '/root/ros2_ws/src/turlebot3_ws/build/dynamixel_sdk': CMAKE_PREFIX_PATH=/opt/ros/humble /usr/bin/cmake --install /root/ros2_ws/src/turlebot3_ws/build/dynamixel_sdk
[2.812s] -- Install configuration: ""
[2.813s] -- Execute custom install script
[2.814s] -- Symlinking: /root/ros2_ws/src/turlebot3_ws/install/dynamixel_sdk/include//dynamixel_sdk/dynamixel_sdk.h
[2.820s] -- Symlinking: /root/ros2_ws/src/turlebot3_ws/install/dynamixel_sdk/include//dynamixel_sdk/group_bulk_read.h
[2.829s] -- Symlinking: /root/ros2_ws/src/turlebot3_ws/install/dynamixel_sdk/include//dynamixel_sdk/group_bulk_write.h
[2.836s] -- Symlinking: /root/ros2_ws/src/turlebot3_ws/install/dynamixel_sdk/include//dynamixel_sdk/group_fast_bulk_read.h
[2.841s] -- Symlinking: /root/ros2_ws/src/turlebot3_ws/install/dynamixel_sdk/include//dynamixel_sdk/group_fast_sync_read.h
[2.848s] -- Symlinking: /root/ros2_ws/src/turlebot3_ws/install/dynamixel_sdk/include//dynamixel_sdk/group_handler.h
[2.855s] -- Symlinking: /root/ros2_ws/src/turlebot3_ws/install/dynamixel_sdk/include//dynamixel_sdk/group_sync_read.h
[2.867s] -- Symlinking: /root/ros2_ws/src/turlebot3_ws/install/dynamixel_sdk/include//dynamixel_sdk/group_sync_write.h
[2.873s] -- Symlinking: /root/ros2_ws/src/turlebot3_ws/install/dynamixel_sdk/include//dynamixel_sdk/packet_handler.h
[2.880s] -- Symlinking: /root/ros2_ws/src/turlebot3_ws/install/dynamixel_sdk/include//dynamixel_sdk/port_handler.h
[2.886s] -- Symlinking: /root/ros2_ws/src/turlebot3_ws/install/dynamixel_sdk/include//dynamixel_sdk/port_handler_arduino.h
[2.893s] -- Symlinking: /root/ros2_ws/src/turlebot3_ws/install/dynamixel_sdk/include//dynamixel_sdk/port_handler_linux.h
[2.898s] -- Symlinking: /root/ros2_ws/src/turlebot3_ws/install/dynamixel_sdk/include//dynamixel_sdk/port_handler_mac.h
[2.904s] -- Symlinking: /root/ros2_ws/src/turlebot3_ws/install/dynamixel_sdk/include//dynamixel_sdk/port_handler_windows.h
[2.910s] -- Symlinking: /root/ros2_ws/src/turlebot3_ws/install/dynamixel_sdk/include//dynamixel_sdk/protocol1_packet_handler.h
[2.917s] -- Symlinking: /root/ros2_ws/src/turlebot3_ws/install/dynamixel_sdk/include//dynamixel_sdk/protocol2_packet_handler.h
[2.924s] -- Symlinking: /root/ros2_ws/src/turlebot3_ws/install/dynamixel_sdk/lib/libdynamixel_sdk.so
[2.931s] -- Symlinking: /root/ros2_ws/src/turlebot3_ws/install/dynamixel_sdk/share/dynamixel_sdk/environment/library_path.sh
[2.939s] -- Symlinking: /root/ros2_ws/src/turlebot3_ws/install/dynamixel_sdk/share/dynamixel_sdk/environment/library_path.dsv
[2.946s] -- Symlinking: /root/ros2_ws/src/turlebot3_ws/install/dynamixel_sdk/share/ament_index/resource_index/package_run_dependencies/dynamixel_sdk
[2.954s] -- Symlinking: /root/ros2_ws/src/turlebot3_ws/install/dynamixel_sdk/share/ament_index/resource_index/parent_prefix_path/dynamixel_sdk
[2.962s] -- Symlinking: /root/ros2_ws/src/turlebot3_ws/install/dynamixel_sdk/share/dynamixel_sdk/environment/ament_prefix_path.sh
[2.970s] -- Symlinking: /root/ros2_ws/src/turlebot3_ws/install/dynamixel_sdk/share/dynamixel_sdk/environment/ament_prefix_path.dsv
[2.977s] -- Symlinking: /root/ros2_ws/src/turlebot3_ws/install/dynamixel_sdk/share/dynamixel_sdk/environment/path.sh
[2.983s] -- Symlinking: /root/ros2_ws/src/turlebot3_ws/install/dynamixel_sdk/share/dynamixel_sdk/environment/path.dsv
[2.989s] -- Symlinking: /root/ros2_ws/src/turlebot3_ws/install/dynamixel_sdk/share/dynamixel_sdk/local_setup.bash
[2.996s] -- Symlinking: /root/ros2_ws/src/turlebot3_ws/install/dynamixel_sdk/share/dynamixel_sdk/local_setup.sh
[3.003s] -- Symlinking: /root/ros2_ws/src/turlebot3_ws/install/dynamixel_sdk/share/dynamixel_sdk/local_setup.zsh
[3.010s] -- Symlinking: /root/ros2_ws/src/turlebot3_ws/install/dynamixel_sdk/share/dynamixel_sdk/local_setup.dsv
[3.015s] -- Symlinking: /root/ros2_ws/src/turlebot3_ws/install/dynamixel_sdk/share/dynamixel_sdk/package.dsv
[3.023s] -- Symlinking: /root/ros2_ws/src/turlebot3_ws/install/dynamixel_sdk/share/ament_index/resource_index/packages/dynamixel_sdk
[3.031s] -- Symlinking: /root/ros2_ws/src/turlebot3_ws/install/dynamixel_sdk/share/dynamixel_sdk/cmake/ament_cmake_export_include_directories-extras.cmake
[3.045s] -- Symlinking: /root/ros2_ws/src/turlebot3_ws/install/dynamixel_sdk/share/dynamixel_sdk/cmake/ament_cmake_export_libraries-extras.cmake
[3.046s] -- Symlinking: /root/ros2_ws/src/turlebot3_ws/install/dynamixel_sdk/share/dynamixel_sdk/cmake/dynamixel_sdkConfig.cmake
[3.052s] -- Symlinking: /root/ros2_ws/src/turlebot3_ws/install/dynamixel_sdk/share/dynamixel_sdk/cmake/dynamixel_sdkConfig-version.cmake
[3.058s] -- Symlinking: /root/ros2_ws/src/turlebot3_ws/install/dynamixel_sdk/share/dynamixel_sdk/package.xml
[3.067s] Invoked command in '/root/ros2_ws/src/turlebot3_ws/build/dynamixel_sdk' returned '0': CMAKE_PREFIX_PATH=/opt/ros/humble /usr/bin/cmake --install /root/ros2_ws/src/turlebot3_ws/build/dynamixel_sdk
