[0.096s] Invoking command in '/root/ros2_ws/src/turlebot3_ws/build/turtlebot3_simulations': AMENT_PREFIX_PATH=/root/ros2_ws/src/turlebot3_ws/install/turtlebot3_fake_node:/root/ros2_ws/src/turlebot3_ws/install/turtlebot3_msgs:/root/ros2_ws/src/turlebot3_ws/install/turtlebot3_gazebo:${AMENT_PREFIX_PATH} CMAKE_PREFIX_PATH=/root/ros2_ws/src/turlebot3_ws/install/turtlebot3_fake_node:/root/ros2_ws/src/turlebot3_ws/install/turtlebot3_msgs:/root/ros2_ws/src/turlebot3_ws/install/turtlebot3_gazebo:/opt/ros/humble LD_LIBRARY_PATH=/root/ros2_ws/src/turlebot3_ws/install/turtlebot3_msgs/lib:${LD_LIBRARY_PATH} PYTHONPATH=/root/ros2_ws/src/turlebot3_ws/install/turtlebot3_msgs/local/lib/python3.10/dist-packages:${PYTHONPATH} /usr/bin/cmake --build /root/ros2_ws/src/turlebot3_ws/build/turtlebot3_simulations -- -j8 -l8
[0.124s] Invoked command in '/root/ros2_ws/src/turlebot3_ws/build/turtlebot3_simulations' returned '0': AMENT_PREFIX_PATH=/root/ros2_ws/src/turlebot3_ws/install/turtlebot3_fake_node:/root/ros2_ws/src/turlebot3_ws/install/turtlebot3_msgs:/root/ros2_ws/src/turlebot3_ws/install/turtlebot3_gazebo:${AMENT_PREFIX_PATH} CMAKE_PREFIX_PATH=/root/ros2_ws/src/turlebot3_ws/install/turtlebot3_fake_node:/root/ros2_ws/src/turlebot3_ws/install/turtlebot3_msgs:/root/ros2_ws/src/turlebot3_ws/install/turtlebot3_gazebo:/opt/ros/humble LD_LIBRARY_PATH=/root/ros2_ws/src/turlebot3_ws/install/turtlebot3_msgs/lib:${LD_LIBRARY_PATH} PYTHONPATH=/root/ros2_ws/src/turlebot3_ws/install/turtlebot3_msgs/local/lib/python3.10/dist-packages:${PYTHONPATH} /usr/bin/cmake --build /root/ros2_ws/src/turlebot3_ws/build/turtlebot3_simulations -- -j8 -l8
[0.126s] Invoking command in '/root/ros2_ws/src/turlebot3_ws/build/turtlebot3_simulations': AMENT_PREFIX_PATH=/root/ros2_ws/src/turlebot3_ws/install/turtlebot3_fake_node:/root/ros2_ws/src/turlebot3_ws/install/turtlebot3_msgs:/root/ros2_ws/src/turlebot3_ws/install/turtlebot3_gazebo:${AMENT_PREFIX_PATH} CMAKE_PREFIX_PATH=/root/ros2_ws/src/turlebot3_ws/install/turtlebot3_fake_node:/root/ros2_ws/src/turlebot3_ws/install/turtlebot3_msgs:/root/ros2_ws/src/turlebot3_ws/install/turtlebot3_gazebo:/opt/ros/humble LD_LIBRARY_PATH=/root/ros2_ws/src/turlebot3_ws/install/turtlebot3_msgs/lib:${LD_LIBRARY_PATH} PYTHONPATH=/root/ros2_ws/src/turlebot3_ws/install/turtlebot3_msgs/local/lib/python3.10/dist-packages:${PYTHONPATH} /usr/bin/cmake --install /root/ros2_ws/src/turlebot3_ws/build/turtlebot3_simulations
[0.133s] -- Install configuration: ""
[0.134s] -- Up-to-date: /root/ros2_ws/src/turlebot3_ws/install/turtlebot3_simulations/share/ament_index/resource_index/package_run_dependencies/turtlebot3_simulations
[0.134s] -- Up-to-date: /root/ros2_ws/src/turlebot3_ws/install/turtlebot3_simulations/share/ament_index/resource_index/parent_prefix_path/turtlebot3_simulations
[0.134s] -- Up-to-date: /root/ros2_ws/src/turlebot3_ws/install/turtlebot3_simulations/share/turtlebot3_simulations/environment/ament_prefix_path.sh
[0.134s] -- Up-to-date: /root/ros2_ws/src/turlebot3_ws/install/turtlebot3_simulations/share/turtlebot3_simulations/environment/ament_prefix_path.dsv
[0.134s] -- Up-to-date: /root/ros2_ws/src/turlebot3_ws/install/turtlebot3_simulations/share/turtlebot3_simulations/environment/path.sh
[0.134s] -- Up-to-date: /root/ros2_ws/src/turlebot3_ws/install/turtlebot3_simulations/share/turtlebot3_simulations/environment/path.dsv
[0.134s] -- Up-to-date: /root/ros2_ws/src/turlebot3_ws/install/turtlebot3_simulations/share/turtlebot3_simulations/local_setup.bash
[0.134s] -- Up-to-date: /root/ros2_ws/src/turlebot3_ws/install/turtlebot3_simulations/share/turtlebot3_simulations/local_setup.sh
[0.134s] -- Up-to-date: /root/ros2_ws/src/turlebot3_ws/install/turtlebot3_simulations/share/turtlebot3_simulations/local_setup.zsh
[0.134s] -- Up-to-date: /root/ros2_ws/src/turlebot3_ws/install/turtlebot3_simulations/share/turtlebot3_simulations/local_setup.dsv
[0.134s] -- Installing: /root/ros2_ws/src/turlebot3_ws/install/turtlebot3_simulations/share/turtlebot3_simulations/package.dsv
[0.134s] -- Up-to-date: /root/ros2_ws/src/turlebot3_ws/install/turtlebot3_simulations/share/ament_index/resource_index/packages/turtlebot3_simulations
[0.135s] -- Up-to-date: /root/ros2_ws/src/turlebot3_ws/install/turtlebot3_simulations/share/turtlebot3_simulations/cmake/turtlebot3_simulationsConfig.cmake
[0.135s] -- Up-to-date: /root/ros2_ws/src/turlebot3_ws/install/turtlebot3_simulations/share/turtlebot3_simulations/cmake/turtlebot3_simulationsConfig-version.cmake
[0.135s] -- Up-to-date: /root/ros2_ws/src/turlebot3_ws/install/turtlebot3_simulations/share/turtlebot3_simulations/package.xml
[0.136s] Invoked command in '/root/ros2_ws/src/turlebot3_ws/build/turtlebot3_simulations' returned '0': AMENT_PREFIX_PATH=/root/ros2_ws/src/turlebot3_ws/install/turtlebot3_fake_node:/root/ros2_ws/src/turlebot3_ws/install/turtlebot3_msgs:/root/ros2_ws/src/turlebot3_ws/install/turtlebot3_gazebo:${AMENT_PREFIX_PATH} CMAKE_PREFIX_PATH=/root/ros2_ws/src/turlebot3_ws/install/turtlebot3_fake_node:/root/ros2_ws/src/turlebot3_ws/install/turtlebot3_msgs:/root/ros2_ws/src/turlebot3_ws/install/turtlebot3_gazebo:/opt/ros/humble LD_LIBRARY_PATH=/root/ros2_ws/src/turlebot3_ws/install/turtlebot3_msgs/lib:${LD_LIBRARY_PATH} PYTHONPATH=/root/ros2_ws/src/turlebot3_ws/install/turtlebot3_msgs/local/lib/python3.10/dist-packages:${PYTHONPATH} /usr/bin/cmake --install /root/ros2_ws/src/turlebot3_ws/build/turtlebot3_simulations
