[0.018s] Invoking command in '/root/ros2_ws/build/turtlesim': CMAKE_PREFIX_PATH=${CMAKE_PREFIX_PATH}:/opt/ros/humble /usr/bin/cmake --build /root/ros2_ws/build/turtlesim -- -j8 -l8
[0.065s] [  1%] Built target turtlesim__cpp
[0.066s] [ 11%] Built target turtlesim__rosidl_generator_c
[0.087s] [ 11%] Built target ament_cmake_python_copy_turtlesim
[0.095s] [ 41%] Built target turtlesim__rosidl_typesupport_fastrtps_cpp
[0.095s] [ 41%] Built target turtlesim__rosidl_typesupport_cpp
[0.096s] [ 44%] Built target turtlesim__rosidl_typesupport_fastrtps_c
[0.096s] [ 55%] Built target turtlesim__rosidl_typesupport_introspection_cpp
[0.097s] [ 61%] Built target turtlesim__rosidl_typesupport_introspection_c
[0.106s] [ 71%] Built target turtlesim__rosidl_typesupport_c
[0.127s] [ 73%] Built target draw_square
[0.128s] [ 77%] Built target mimic
[0.129s] [ 77%] Built target turtle_teleop_key
[0.129s] [ 77%] Built target turtlesim
[0.136s] [ 83%] Built target turtlesim_node
[0.152s] [ 84%] Built target turtlesim__py
[0.174s] [ 93%] Built target turtlesim__rosidl_generator_py
[0.195s] [ 97%] Built target turtlesim__rosidl_typesupport_introspection_c__pyext
[0.196s] [ 97%] Built target turtlesim__rosidl_typesupport_fastrtps_c__pyext
[0.196s] [100%] Built target turtlesim__rosidl_typesupport_c__pyext
[0.317s] running egg_info
[0.318s] writing turtlesim.egg-info/PKG-INFO
[0.319s] writing dependency_links to turtlesim.egg-info/dependency_links.txt
[0.319s] writing top-level names to turtlesim.egg-info/top_level.txt
[0.321s] reading manifest file 'turtlesim.egg-info/SOURCES.txt'
[0.322s] writing manifest file 'turtlesim.egg-info/SOURCES.txt'
[0.347s] [100%] Built target ament_cmake_python_build_turtlesim_egg
