[0.042s] Invoking command in '/root/ros2_ws/src/turlebot3_ws/build/turtlebot3_navigation2': CMAKE_PREFIX_PATH=/opt/ros/humble /usr/bin/cmake /root/ros2_ws/src/turlebot3_ws/src/turtlebot3/turtlebot3_navigation2 -DAMENT_CMAKE_SYMLINK_INSTALL=1 -DCMAKE_INSTALL_PREFIX=/root/ros2_ws/src/turlebot3_ws/install/turtlebot3_navigation2
[0.310s] -- The C compiler identification is GNU 11.4.0
[0.652s] -- The CXX compiler identification is GNU 11.4.0
[0.926s] -- Detecting C compiler ABI info
[1.048s] -- Detecting C compiler ABI info - done
[1.058s] -- Check for working C compiler: /usr/bin/cc - skipped
[1.059s] -- Detecting C compile features
[1.059s] -- Detecting C compile features - done
[1.064s] -- Detecting CXX compiler ABI info
[1.219s] -- Detecting CXX compiler ABI info - done
[1.228s] -- Check for working CXX compiler: /usr/bin/c++ - skipped
[1.229s] -- Detecting CXX compile features
[1.229s] -- Detecting CXX compile features - done
[1.243s] -- Found ament_cmake: 1.3.11 (/opt/ros/humble/share/ament_cmake/cmake)
[1.423s] -- Found Python3: /usr/bin/python3 (found version "3.10.12") found components: Interpreter 
[1.506s] -- Override CMake install command with custom implementation using symlinks instead of copying resources
[1.626s] -- Configuring done
[1.629s] -- Generating done
[1.631s] -- Build files have been written to: /root/ros2_ws/src/turlebot3_ws/build/turtlebot3_navigation2
[1.642s] Invoked command in '/root/ros2_ws/src/turlebot3_ws/build/turtlebot3_navigation2' returned '0': CMAKE_PREFIX_PATH=/opt/ros/humble /usr/bin/cmake /root/ros2_ws/src/turlebot3_ws/src/turtlebot3/turtlebot3_navigation2 -DAMENT_CMAKE_SYMLINK_INSTALL=1 -DCMAKE_INSTALL_PREFIX=/root/ros2_ws/src/turlebot3_ws/install/turtlebot3_navigation2
[1.644s] Invoking command in '/root/ros2_ws/src/turlebot3_ws/build/turtlebot3_navigation2': CMAKE_PREFIX_PATH=/opt/ros/humble /usr/bin/cmake --build /root/ros2_ws/src/turlebot3_ws/build/turtlebot3_navigation2 -- -j8 -l8
[1.680s] Invoked command in '/root/ros2_ws/src/turlebot3_ws/build/turtlebot3_navigation2' returned '0': CMAKE_PREFIX_PATH=/opt/ros/humble /usr/bin/cmake --build /root/ros2_ws/src/turlebot3_ws/build/turtlebot3_navigation2 -- -j8 -l8
[1.693s] Invoking command in '/root/ros2_ws/src/turlebot3_ws/build/turtlebot3_navigation2': CMAKE_PREFIX_PATH=/opt/ros/humble /usr/bin/cmake --install /root/ros2_ws/src/turlebot3_ws/build/turtlebot3_navigation2
[1.699s] -- Install configuration: ""
[1.700s] -- Execute custom install script
[1.700s] -- Symlinking: /root/ros2_ws/src/turlebot3_ws/install/turtlebot3_navigation2/share/turtlebot3_navigation2/launch/navigation2.launch.py
[1.708s] -- Symlinking: /root/ros2_ws/src/turlebot3_ws/install/turtlebot3_navigation2/share/turtlebot3_navigation2/map/map.pgm
[1.716s] -- Symlinking: /root/ros2_ws/src/turlebot3_ws/install/turtlebot3_navigation2/share/turtlebot3_navigation2/map/map.yaml
[1.725s] -- Symlinking: /root/ros2_ws/src/turlebot3_ws/install/turtlebot3_navigation2/share/turtlebot3_navigation2/param/burger.yaml
[1.746s] -- Symlinking: /root/ros2_ws/src/turlebot3_ws/install/turtlebot3_navigation2/share/turtlebot3_navigation2/param/waffle.yaml
[1.754s] -- Symlinking: /root/ros2_ws/src/turlebot3_ws/install/turtlebot3_navigation2/share/turtlebot3_navigation2/param/waffle_pi.yaml
[1.763s] -- Symlinking: /root/ros2_ws/src/turlebot3_ws/install/turtlebot3_navigation2/share/turtlebot3_navigation2/rviz/tb3_navigation2.rviz
[1.773s] -- Symlinking: /root/ros2_ws/src/turlebot3_ws/install/turtlebot3_navigation2/share/ament_index/resource_index/package_run_dependencies/turtlebot3_navigation2
[1.785s] -- Symlinking: /root/ros2_ws/src/turlebot3_ws/install/turtlebot3_navigation2/share/ament_index/resource_index/parent_prefix_path/turtlebot3_navigation2
[1.794s] -- Symlinking: /root/ros2_ws/src/turlebot3_ws/install/turtlebot3_navigation2/share/turtlebot3_navigation2/environment/ament_prefix_path.sh
[1.806s] -- Symlinking: /root/ros2_ws/src/turlebot3_ws/install/turtlebot3_navigation2/share/turtlebot3_navigation2/environment/ament_prefix_path.dsv
[1.841s] -- Symlinking: /root/ros2_ws/src/turlebot3_ws/install/turtlebot3_navigation2/share/turtlebot3_navigation2/environment/path.sh
[1.856s] -- Symlinking: /root/ros2_ws/src/turlebot3_ws/install/turtlebot3_navigation2/share/turtlebot3_navigation2/environment/path.dsv
[1.868s] -- Symlinking: /root/ros2_ws/src/turlebot3_ws/install/turtlebot3_navigation2/share/turtlebot3_navigation2/local_setup.bash
[1.898s] -- Symlinking: /root/ros2_ws/src/turlebot3_ws/install/turtlebot3_navigation2/share/turtlebot3_navigation2/local_setup.sh
[1.918s] -- Symlinking: /root/ros2_ws/src/turlebot3_ws/install/turtlebot3_navigation2/share/turtlebot3_navigation2/local_setup.zsh
[1.933s] -- Symlinking: /root/ros2_ws/src/turlebot3_ws/install/turtlebot3_navigation2/share/turtlebot3_navigation2/local_setup.dsv
[1.955s] -- Symlinking: /root/ros2_ws/src/turlebot3_ws/install/turtlebot3_navigation2/share/turtlebot3_navigation2/package.dsv
[1.971s] -- Symlinking: /root/ros2_ws/src/turlebot3_ws/install/turtlebot3_navigation2/share/ament_index/resource_index/packages/turtlebot3_navigation2
[1.983s] -- Symlinking: /root/ros2_ws/src/turlebot3_ws/install/turtlebot3_navigation2/share/turtlebot3_navigation2/cmake/turtlebot3_navigation2Config.cmake
[1.990s] -- Symlinking: /root/ros2_ws/src/turlebot3_ws/install/turtlebot3_navigation2/share/turtlebot3_navigation2/cmake/turtlebot3_navigation2Config-version.cmake
[2.005s] -- Symlinking: /root/ros2_ws/src/turlebot3_ws/install/turtlebot3_navigation2/share/turtlebot3_navigation2/package.xml
[2.036s] Invoked command in '/root/ros2_ws/src/turlebot3_ws/build/turtlebot3_navigation2' returned '0': CMAKE_PREFIX_PATH=/opt/ros/humble /usr/bin/cmake --install /root/ros2_ws/src/turlebot3_ws/build/turtlebot3_navigation2
