[0.026s] Invoking command in '/root/ros2_ws/build/turtlesim': CMAKE_PREFIX_PATH=${CMAKE_PREFIX_PATH}:/opt/ros/humble /usr/bin/cmake --build /root/ros2_ws/build/turtlesim -- -j8 -l8
[0.085s] [  1%] Built target turtlesim__cpp
[0.089s] [ 11%] Built target turtlesim__rosidl_generator_c
[0.118s] [ 21%] Built target turtlesim__rosidl_typesupport_cpp
[0.122s] [ 41%] Built target turtlesim__rosidl_typesupport_introspection_c
[0.123s] [ 39%] Built target turtlesim__rosidl_typesupport_c
[0.124s] [ 51%] Built target turtlesim__rosidl_typesupport_fastrtps_cpp
[0.133s] [ 61%] Built target turtlesim__rosidl_typesupport_introspection_cpp
[0.137s] [ 71%] Built target turtlesim__rosidl_typesupport_fastrtps_c
[0.145s] [ 71%] Built target ament_cmake_python_copy_turtlesim
[0.157s] [ 75%] Built target mimic
[0.157s] [ 75%] Built target draw_square
[0.157s] [ 77%] Built target turtle_teleop_key
[0.160s] [ 77%] Built target turtlesim
[0.164s] [ 83%] Built target turtlesim_node
[0.180s] [ 84%] Built target turtlesim__py
[0.201s] [ 93%] Built target turtlesim__rosidl_generator_py
[0.222s] [100%] Built target turtlesim__rosidl_typesupport_fastrtps_c__pyext
[0.222s] [100%] Built target turtlesim__rosidl_typesupport_introspection_c__pyext
[0.222s] [100%] Built target turtlesim__rosidl_typesupport_c__pyext
[0.335s] running egg_info
[0.335s] writing turtlesim.egg-info/PKG-INFO
[0.336s] writing dependency_links to turtlesim.egg-info/dependency_links.txt
[0.336s] writing top-level names to turtlesim.egg-info/top_level.txt
[0.340s] reading manifest file 'turtlesim.egg-info/SOURCES.txt'
[0.342s] writing manifest file 'turtlesim.egg-info/SOURCES.txt'
[0.365s] [100%] Built target ament_cmake_python_build_turtlesim_egg
