[0.017s] Invoking command in '/root/ros2_ws/src/build/turtlesim': CMAKE_PREFIX_PATH=${CMAKE_PREFIX_PATH}:/opt/ros/humble /usr/bin/cmake /root/ros2_ws/src/ros_tutorials/turtlesim -DCMAKE_INSTALL_PREFIX=/root/ros2_ws/src/install/turtlesim
[0.096s] -- The C compiler identification is GNU 11.4.0
[0.374s] -- The CXX compiler identification is GNU 11.4.0
[0.570s] -- Detecting C compiler ABI info
[0.675s] -- Detecting C compiler ABI info - done
[0.685s] -- Check for working C compiler: /usr/bin/cc - skipped
[0.686s] -- Detecting C compile features
[0.686s] -- Detecting C compile features - done
[0.689s] -- Detecting CXX compiler ABI info
[0.797s] -- Detecting CXX compiler ABI info - done
[0.803s] -- Check for working CXX compiler: /usr/bin/c++ - skipped
[0.804s] -- Detecting CXX compile features
[0.804s] -- Detecting CXX compile features - done
[0.806s] -- Found ament_cmake: 1.3.11 (/opt/ros/humble/share/ament_cmake/cmake)
[0.940s] -- Found Python3: /usr/bin/python3 (found version "3.10.12") found components: Interpreter 
[1.015s] -- Found ament_index_cpp: 1.4.0 (/opt/ros/humble/share/ament_index_cpp/cmake)
[1.016s] -- Found geometry_msgs: 4.2.4 (/opt/ros/humble/share/geometry_msgs/cmake)
[1.135s] -- Found rosidl_generator_c: 3.1.6 (/opt/ros/humble/share/rosidl_generator_c/cmake)
[1.138s] -- Found rosidl_adapter: 3.1.6 (/opt/ros/humble/share/rosidl_adapter/cmake)
[1.144s] -- Found rosidl_generator_cpp: 3.1.6 (/opt/ros/humble/share/rosidl_generator_cpp/cmake)
[1.154s] -- Using all available rosidl_typesupport_c: rosidl_typesupport_fastrtps_c;rosidl_typesupport_introspection_c
[1.168s] -- Using all available rosidl_typesupport_cpp: rosidl_typesupport_fastrtps_cpp;rosidl_typesupport_introspection_cpp
[1.257s] -- Found rclcpp: 16.0.11 (/opt/ros/humble/share/rclcpp/cmake)
[1.281s] -- Found rmw_implementation_cmake: 6.1.2 (/opt/ros/humble/share/rmw_implementation_cmake/cmake)
[1.283s] -- Found rmw_fastrtps_cpp: 6.2.7 (/opt/ros/humble/share/rmw_fastrtps_cpp/cmake)
[2.052s] -- Found OpenSSL: /usr/lib/x86_64-linux-gnu/libcrypto.so (found version "3.0.2")  
[2.837s] -- Found FastRTPS: /opt/ros/humble/include  
[4.226s] -- Using RMW implementation 'rmw_fastrtps_cpp' as default
[4.231s] -- Looking for pthread.h
[4.345s] -- Looking for pthread.h - found
[4.345s] -- Performing Test CMAKE_HAVE_LIBC_PTHREAD
[4.458s] -- Performing Test CMAKE_HAVE_LIBC_PTHREAD - Success
[4.459s] -- Found Threads: TRUE  
[4.491s] -- Found rclcpp_action: 16.0.11 (/opt/ros/humble/share/rclcpp_action/cmake)
[4.519s] -- Found rosidl_default_generators: 1.2.0 (/opt/ros/humble/share/rosidl_default_generators/cmake)
[4.526s] -- Found std_srvs: 4.2.4 (/opt/ros/humble/share/std_srvs/cmake)
[4.792s] -- Found ament_cmake_ros: 0.10.0 (/opt/ros/humble/share/ament_cmake_ros/cmake)
[5.053s] -- Using all available rosidl_typesupport_c: rosidl_typesupport_fastrtps_c;rosidl_typesupport_introspection_c
[5.149s] -- Using all available rosidl_typesupport_cpp: rosidl_typesupport_fastrtps_cpp;rosidl_typesupport_introspection_cpp
[5.238s] -- Found PythonInterp: /usr/bin/python3 (found suitable version "3.10.12", minimum required is "3.6") 
[5.239s] -- Found python_cmake_module: 0.10.0 (/opt/ros/humble/share/python_cmake_module/cmake)
[5.471s] -- Found PythonLibs: /usr/lib/x86_64-linux-gnu/libpython3.10.so (found suitable version "3.10.12", minimum required is "3.5") 
[5.471s] -- Using PYTHON_EXECUTABLE: /usr/bin/python3
[5.471s] -- Using PYTHON_INCLUDE_DIRS: /usr/include/python3.10
[5.471s] -- Using PYTHON_LIBRARIES: /usr/lib/x86_64-linux-gnu/libpython3.10.so
[5.488s] -- Found PythonExtra: .so  
[5.560s] -- Configuring done
[5.625s] -- Generating done
[5.643s] -- Build files have been written to: /root/ros2_ws/src/build/turtlesim
