[35m[1mConsolidate compiler generated dependencies of target endicott_turtle_controler[0m
[ 50%] [32mBuilding CXX object CMakeFiles/endicott_turtle_controler.dir/src/endicott_turtle_controler.cpp.o[0m
[100%] [32m[1mLinking CXX executable endicott_turtle_controler[0m
[100%] Built target endicott_turtle_controler
-- Install configuration: ""
-- Installing: /root/ros2_ws/install/endicott/lib/endicott/endicott_turtle_controler
-- Set runtime path of "/root/ros2_ws/install/endicott/lib/endicott/endicott_turtle_controler" to ""
-- Installing: /root/ros2_ws/install/endicott/share/ament_index/resource_index/package_run_dependencies/endicott
-- Installing: /root/ros2_ws/install/endicott/share/ament_index/resource_index/parent_prefix_path/endicott
-- Up-to-date: /root/ros2_ws/install/endicott/share/endicott/environment/ament_prefix_path.sh
-- Installing: /root/ros2_ws/install/endicott/share/endicott/environment/ament_prefix_path.dsv
-- Up-to-date: /root/ros2_ws/install/endicott/share/endicott/environment/path.sh
-- Installing: /root/ros2_ws/install/endicott/share/endicott/environment/path.dsv
-- Up-to-date: /root/ros2_ws/install/endicott/share/endicott/local_setup.bash
-- Up-to-date: /root/ros2_ws/install/endicott/share/endicott/local_setup.sh
-- Up-to-date: /root/ros2_ws/install/endicott/share/endicott/local_setup.zsh
-- Installing: /root/ros2_ws/install/endicott/share/endicott/local_setup.dsv
-- Installing: /root/ros2_ws/install/endicott/share/endicott/package.dsv
-- Up-to-date: /root/ros2_ws/install/endicott/share/ament_index/resource_index/packages/endicott
-- Up-to-date: /root/ros2_ws/install/endicott/share/endicott/cmake/endicottConfig.cmake
-- Up-to-date: /root/ros2_ws/install/endicott/share/endicott/cmake/endicottConfig-version.cmake
-- Installing: /root/ros2_ws/install/endicott/share/endicott/package.xml
