[0.017s] Invoking command in '/root/ros2_ws/build/turtlesim': CMAKE_PREFIX_PATH=${CMAKE_PREFIX_PATH}:/opt/ros/humble /usr/bin/cmake --build /root/ros2_ws/build/turtlesim -- -j8 -l8
[0.057s] [  1%] Built target turtlesim__cpp
[0.058s] [ 11%] Built target turtlesim__rosidl_generator_c
[0.073s] [ 11%] Built target ament_cmake_python_copy_turtlesim
[0.086s] [ 31%] Built target turtlesim__rosidl_typesupport_introspection_cpp
[0.087s] [ 31%] Built target turtlesim__rosidl_typesupport_cpp
[0.087s] [ 41%] Built target turtlesim__rosidl_typesupport_introspection_c
[0.087s] [ 51%] Built target turtlesim__rosidl_typesupport_c
[0.096s] [ 61%] Built target turtlesim__rosidl_typesupport_fastrtps_cpp
[0.097s] [ 71%] Built target turtlesim__rosidl_typesupport_fastrtps_c
[0.110s] [ 73%] Built target turtle_teleop_key
[0.110s] [ 75%] Built target draw_square
[0.111s] [ 77%] Built target mimic
[0.115s] [ 83%] Built target turtlesim_node
[0.116s] [ 83%] Built target turtlesim
[0.133s] [ 84%] Built target turtlesim__py
[0.151s] [ 93%] Built target turtlesim__rosidl_generator_py
[0.167s] [ 97%] Built target turtlesim__rosidl_typesupport_c__pyext
[0.167s] [ 97%] Built target turtlesim__rosidl_typesupport_fastrtps_c__pyext
[0.171s] [100%] Built target turtlesim__rosidl_typesupport_introspection_c__pyext
[0.257s] running egg_info
[0.257s] writing turtlesim.egg-info/PKG-INFO
[0.257s] writing dependency_links to turtlesim.egg-info/dependency_links.txt
[0.257s] writing top-level names to turtlesim.egg-info/top_level.txt
[0.260s] reading manifest file 'turtlesim.egg-info/SOURCES.txt'
[0.260s] writing manifest file 'turtlesim.egg-info/SOURCES.txt'
[0.281s] [100%] Built target ament_cmake_python_build_turtlesim_egg
