[0.169s] Invoking command in '/root/ros2_ws/src/turlebot3_ws/src/build/turtlebot3_bringup': AMENT_PREFIX_PATH=/root/ros2_ws/src/turlebot3_ws/src/install/turtlebot3_node:/root/ros2_ws/src/turlebot3_ws/src/install/turtlebot3_msgs:/root/ros2_ws/src/turlebot3_ws/src/install/turtlebot3_description:/root/ros2_ws/src/turlebot3_ws/src/install/dynamixel_sdk:${AMENT_PREFIX_PATH} CMAKE_PREFIX_PATH=/root/ros2_ws/src/turlebot3_ws/src/install/turtlebot3_node:/root/ros2_ws/src/turlebot3_ws/src/install/turtlebot3_msgs:/root/ros2_ws/src/turlebot3_ws/src/install/turtlebot3_description:/root/ros2_ws/src/turlebot3_ws/src/install/dynamixel_sdk:/opt/ros/humble LD_LIBRARY_PATH=/root/ros2_ws/src/turlebot3_ws/src/install/turtlebot3_msgs/lib:/root/ros2_ws/src/turlebot3_ws/src/install/dynamixel_sdk/lib:${LD_LIBRARY_PATH} PYTHONPATH=/root/ros2_ws/src/turlebot3_ws/src/install/turtlebot3_msgs/local/lib/python3.10/dist-packages:${PYTHONPATH} /usr/bin/cmake /root/ros2_ws/src/turlebot3_ws/src/turtlebot3/turtlebot3_bringup -DCMAKE_INSTALL_PREFIX=/root/ros2_ws/src/turlebot3_ws/src/install/turtlebot3_bringup
[0.266s] -- The C compiler identification is GNU 11.4.0
[0.622s] -- The CXX compiler identification is GNU 11.4.0
[0.890s] -- Detecting C compiler ABI info
[1.001s] -- Detecting C compiler ABI info - done
[1.006s] -- Check for working C compiler: /usr/bin/cc - skipped
[1.007s] -- Detecting C compile features
[1.007s] -- Detecting C compile features - done
[1.009s] -- Detecting CXX compiler ABI info
[1.126s] -- Detecting CXX compiler ABI info - done
[1.132s] -- Check for working CXX compiler: /usr/bin/c++ - skipped
[1.132s] -- Detecting CXX compile features
[1.132s] -- Detecting CXX compile features - done
[1.134s] -- Found ament_cmake: 1.3.11 (/opt/ros/humble/share/ament_cmake/cmake)
[1.246s] -- Found Python3: /usr/bin/python3 (found version "3.10.12") found components: Interpreter 
[1.363s] -- Configuring done
[1.364s] -- Generating done
[1.366s] -- Build files have been written to: /root/ros2_ws/src/turlebot3_ws/src/build/turtlebot3_bringup
[1.370s] Invoked command in '/root/ros2_ws/src/turlebot3_ws/src/build/turtlebot3_bringup' returned '0': AMENT_PREFIX_PATH=/root/ros2_ws/src/turlebot3_ws/src/install/turtlebot3_node:/root/ros2_ws/src/turlebot3_ws/src/install/turtlebot3_msgs:/root/ros2_ws/src/turlebot3_ws/src/install/turtlebot3_description:/root/ros2_ws/src/turlebot3_ws/src/install/dynamixel_sdk:${AMENT_PREFIX_PATH} CMAKE_PREFIX_PATH=/root/ros2_ws/src/turlebot3_ws/src/install/turtlebot3_node:/root/ros2_ws/src/turlebot3_ws/src/install/turtlebot3_msgs:/root/ros2_ws/src/turlebot3_ws/src/install/turtlebot3_description:/root/ros2_ws/src/turlebot3_ws/src/install/dynamixel_sdk:/opt/ros/humble LD_LIBRARY_PATH=/root/ros2_ws/src/turlebot3_ws/src/install/turtlebot3_msgs/lib:/root/ros2_ws/src/turlebot3_ws/src/install/dynamixel_sdk/lib:${LD_LIBRARY_PATH} PYTHONPATH=/root/ros2_ws/src/turlebot3_ws/src/install/turtlebot3_msgs/local/lib/python3.10/dist-packages:${PYTHONPATH} /usr/bin/cmake /root/ros2_ws/src/turlebot3_ws/src/turtlebot3/turtlebot3_bringup -DCMAKE_INSTALL_PREFIX=/root/ros2_ws/src/turlebot3_ws/src/install/turtlebot3_bringup
[1.370s] Invoking command in '/root/ros2_ws/src/turlebot3_ws/src/build/turtlebot3_bringup': AMENT_PREFIX_PATH=/root/ros2_ws/src/turlebot3_ws/src/install/turtlebot3_node:/root/ros2_ws/src/turlebot3_ws/src/install/turtlebot3_msgs:/root/ros2_ws/src/turlebot3_ws/src/install/turtlebot3_description:/root/ros2_ws/src/turlebot3_ws/src/install/dynamixel_sdk:${AMENT_PREFIX_PATH} CMAKE_PREFIX_PATH=/root/ros2_ws/src/turlebot3_ws/src/install/turtlebot3_node:/root/ros2_ws/src/turlebot3_ws/src/install/turtlebot3_msgs:/root/ros2_ws/src/turlebot3_ws/src/install/turtlebot3_description:/root/ros2_ws/src/turlebot3_ws/src/install/dynamixel_sdk:/opt/ros/humble LD_LIBRARY_PATH=/root/ros2_ws/src/turlebot3_ws/src/install/turtlebot3_msgs/lib:/root/ros2_ws/src/turlebot3_ws/src/install/dynamixel_sdk/lib:${LD_LIBRARY_PATH} PYTHONPATH=/root/ros2_ws/src/turlebot3_ws/src/install/turtlebot3_msgs/local/lib/python3.10/dist-packages:${PYTHONPATH} /usr/bin/cmake --build /root/ros2_ws/src/turlebot3_ws/src/build/turtlebot3_bringup -- -j8 -l8
[1.395s] Invoked command in '/root/ros2_ws/src/turlebot3_ws/src/build/turtlebot3_bringup' returned '0': AMENT_PREFIX_PATH=/root/ros2_ws/src/turlebot3_ws/src/install/turtlebot3_node:/root/ros2_ws/src/turlebot3_ws/src/install/turtlebot3_msgs:/root/ros2_ws/src/turlebot3_ws/src/install/turtlebot3_description:/root/ros2_ws/src/turlebot3_ws/src/install/dynamixel_sdk:${AMENT_PREFIX_PATH} CMAKE_PREFIX_PATH=/root/ros2_ws/src/turlebot3_ws/src/install/turtlebot3_node:/root/ros2_ws/src/turlebot3_ws/src/install/turtlebot3_msgs:/root/ros2_ws/src/turlebot3_ws/src/install/turtlebot3_description:/root/ros2_ws/src/turlebot3_ws/src/install/dynamixel_sdk:/opt/ros/humble LD_LIBRARY_PATH=/root/ros2_ws/src/turlebot3_ws/src/install/turtlebot3_msgs/lib:/root/ros2_ws/src/turlebot3_ws/src/install/dynamixel_sdk/lib:${LD_LIBRARY_PATH} PYTHONPATH=/root/ros2_ws/src/turlebot3_ws/src/install/turtlebot3_msgs/local/lib/python3.10/dist-packages:${PYTHONPATH} /usr/bin/cmake --build /root/ros2_ws/src/turlebot3_ws/src/build/turtlebot3_bringup -- -j8 -l8
[1.397s] Invoking command in '/root/ros2_ws/src/turlebot3_ws/src/build/turtlebot3_bringup': AMENT_PREFIX_PATH=/root/ros2_ws/src/turlebot3_ws/src/install/turtlebot3_node:/root/ros2_ws/src/turlebot3_ws/src/install/turtlebot3_msgs:/root/ros2_ws/src/turlebot3_ws/src/install/turtlebot3_description:/root/ros2_ws/src/turlebot3_ws/src/install/dynamixel_sdk:${AMENT_PREFIX_PATH} CMAKE_PREFIX_PATH=/root/ros2_ws/src/turlebot3_ws/src/install/turtlebot3_node:/root/ros2_ws/src/turlebot3_ws/src/install/turtlebot3_msgs:/root/ros2_ws/src/turlebot3_ws/src/install/turtlebot3_description:/root/ros2_ws/src/turlebot3_ws/src/install/dynamixel_sdk:/opt/ros/humble LD_LIBRARY_PATH=/root/ros2_ws/src/turlebot3_ws/src/install/turtlebot3_msgs/lib:/root/ros2_ws/src/turlebot3_ws/src/install/dynamixel_sdk/lib:${LD_LIBRARY_PATH} PYTHONPATH=/root/ros2_ws/src/turlebot3_ws/src/install/turtlebot3_msgs/local/lib/python3.10/dist-packages:${PYTHONPATH} /usr/bin/cmake --install /root/ros2_ws/src/turlebot3_ws/src/build/turtlebot3_bringup
[1.402s] -- Install configuration: ""
[1.402s] -- Installing: /root/ros2_ws/src/turlebot3_ws/src/install/turtlebot3_bringup/share/turtlebot3_bringup/launch
[1.402s] -- Installing: /root/ros2_ws/src/turlebot3_ws/src/install/turtlebot3_bringup/share/turtlebot3_bringup/launch/turtlebot3_state_publisher.launch.py
[1.403s] -- Installing: /root/ros2_ws/src/turlebot3_ws/src/install/turtlebot3_bringup/share/turtlebot3_bringup/launch/rviz2.launch.py
[1.403s] -- Installing: /root/ros2_ws/src/turlebot3_ws/src/install/turtlebot3_bringup/share/turtlebot3_bringup/launch/robot.launch.py
[1.404s] -- Installing: /root/ros2_ws/src/turlebot3_ws/src/install/turtlebot3_bringup/share/turtlebot3_bringup/param
[1.404s] -- Installing: /root/ros2_ws/src/turlebot3_ws/src/install/turtlebot3_bringup/share/turtlebot3_bringup/param/waffle.yaml
[1.405s] -- Installing: /root/ros2_ws/src/turlebot3_ws/src/install/turtlebot3_bringup/share/turtlebot3_bringup/param/waffle_pi.yaml
[1.405s] -- Installing: /root/ros2_ws/src/turlebot3_ws/src/install/turtlebot3_bringup/share/turtlebot3_bringup/param/burger.yaml
[1.406s] -- Installing: /root/ros2_ws/src/turlebot3_ws/src/install/turtlebot3_bringup/share/turtlebot3_bringup/script
[1.406s] -- Installing: /root/ros2_ws/src/turlebot3_ws/src/install/turtlebot3_bringup/share/turtlebot3_bringup/script/create_udev_rules
[1.406s] -- Installing: /root/ros2_ws/src/turlebot3_ws/src/install/turtlebot3_bringup/share/turtlebot3_bringup/script/99-turtlebot3-cdc.rules
[1.407s] -- Installing: /root/ros2_ws/src/turlebot3_ws/src/install/turtlebot3_bringup/share/ament_index/resource_index/package_run_dependencies/turtlebot3_bringup
[1.407s] -- Installing: /root/ros2_ws/src/turlebot3_ws/src/install/turtlebot3_bringup/share/ament_index/resource_index/parent_prefix_path/turtlebot3_bringup
[1.407s] -- Installing: /root/ros2_ws/src/turlebot3_ws/src/install/turtlebot3_bringup/share/turtlebot3_bringup/environment/ament_prefix_path.sh
[1.407s] -- Installing: /root/ros2_ws/src/turlebot3_ws/src/install/turtlebot3_bringup/share/turtlebot3_bringup/environment/ament_prefix_path.dsv
[1.407s] -- Installing: /root/ros2_ws/src/turlebot3_ws/src/install/turtlebot3_bringup/share/turtlebot3_bringup/environment/path.sh
[1.407s] -- Installing: /root/ros2_ws/src/turlebot3_ws/src/install/turtlebot3_bringup/share/turtlebot3_bringup/environment/path.dsv
[1.408s] -- Installing: /root/ros2_ws/src/turlebot3_ws/src/install/turtlebot3_bringup/share/turtlebot3_bringup/local_setup.bash
[1.408s] -- Installing: /root/ros2_ws/src/turlebot3_ws/src/install/turtlebot3_bringup/share/turtlebot3_bringup/local_setup.sh
[1.408s] -- Installing: /root/ros2_ws/src/turlebot3_ws/src/install/turtlebot3_bringup/share/turtlebot3_bringup/local_setup.zsh
[1.408s] -- Installing: /root/ros2_ws/src/turlebot3_ws/src/install/turtlebot3_bringup/share/turtlebot3_bringup/local_setup.dsv
[1.408s] -- Installing: /root/ros2_ws/src/turlebot3_ws/src/install/turtlebot3_bringup/share/turtlebot3_bringup/package.dsv
[1.408s] -- Installing: /root/ros2_ws/src/turlebot3_ws/src/install/turtlebot3_bringup/share/ament_index/resource_index/packages/turtlebot3_bringup
[1.408s] -- Installing: /root/ros2_ws/src/turlebot3_ws/src/install/turtlebot3_bringup/share/turtlebot3_bringup/cmake/turtlebot3_bringupConfig.cmake
[1.408s] -- Installing: /root/ros2_ws/src/turlebot3_ws/src/install/turtlebot3_bringup/share/turtlebot3_bringup/cmake/turtlebot3_bringupConfig-version.cmake
[1.408s] -- Installing: /root/ros2_ws/src/turlebot3_ws/src/install/turtlebot3_bringup/share/turtlebot3_bringup/package.xml
[1.410s] Invoked command in '/root/ros2_ws/src/turlebot3_ws/src/build/turtlebot3_bringup' returned '0': AMENT_PREFIX_PATH=/root/ros2_ws/src/turlebot3_ws/src/install/turtlebot3_node:/root/ros2_ws/src/turlebot3_ws/src/install/turtlebot3_msgs:/root/ros2_ws/src/turlebot3_ws/src/install/turtlebot3_description:/root/ros2_ws/src/turlebot3_ws/src/install/dynamixel_sdk:${AMENT_PREFIX_PATH} CMAKE_PREFIX_PATH=/root/ros2_ws/src/turlebot3_ws/src/install/turtlebot3_node:/root/ros2_ws/src/turlebot3_ws/src/install/turtlebot3_msgs:/root/ros2_ws/src/turlebot3_ws/src/install/turtlebot3_description:/root/ros2_ws/src/turlebot3_ws/src/install/dynamixel_sdk:/opt/ros/humble LD_LIBRARY_PATH=/root/ros2_ws/src/turlebot3_ws/src/install/turtlebot3_msgs/lib:/root/ros2_ws/src/turlebot3_ws/src/install/dynamixel_sdk/lib:${LD_LIBRARY_PATH} PYTHONPATH=/root/ros2_ws/src/turlebot3_ws/src/install/turtlebot3_msgs/local/lib/python3.10/dist-packages:${PYTHONPATH} /usr/bin/cmake --install /root/ros2_ws/src/turlebot3_ws/src/build/turtlebot3_bringup
