[0.058s] Invoking command in '/root/ros2_ws/build/turtlebot3_navigation2': CMAKE_PREFIX_PATH=${CMAKE_PREFIX_PATH}:/root/ros2_ws/install/turtlebot3_teleop:/root/ros2_ws/install/turtlebot3_example:/opt/ros/humble /usr/bin/cmake --build /root/ros2_ws/build/turtlebot3_navigation2 -- -j8 -l8
[0.149s] Invoked command in '/root/ros2_ws/build/turtlebot3_navigation2' returned '0': CMAKE_PREFIX_PATH=${CMAKE_PREFIX_PATH}:/root/ros2_ws/install/turtlebot3_teleop:/root/ros2_ws/install/turtlebot3_example:/opt/ros/humble /usr/bin/cmake --build /root/ros2_ws/build/turtlebot3_navigation2 -- -j8 -l8
[0.156s] Invoking command in '/root/ros2_ws/build/turtlebot3_navigation2': CMAKE_PREFIX_PATH=${CMAKE_PREFIX_PATH}:/root/ros2_ws/install/turtlebot3_teleop:/root/ros2_ws/install/turtlebot3_example:/opt/ros/humble /usr/bin/cmake --install /root/ros2_ws/build/turtlebot3_navigation2
[0.174s] -- Install configuration: ""
[0.175s] -- Up-to-date: /root/ros2_ws/install/turtlebot3_navigation2/share/turtlebot3_navigation2/launch
[0.175s] -- Up-to-date: /root/ros2_ws/install/turtlebot3_navigation2/share/turtlebot3_navigation2/launch/navigation2.launch.py
[0.175s] -- Up-to-date: /root/ros2_ws/install/turtlebot3_navigation2/share/turtlebot3_navigation2/map
[0.175s] -- Up-to-date: /root/ros2_ws/install/turtlebot3_navigation2/share/turtlebot3_navigation2/map/map.pgm
[0.175s] -- Up-to-date: /root/ros2_ws/install/turtlebot3_navigation2/share/turtlebot3_navigation2/map/map.yaml
[0.175s] -- Up-to-date: /root/ros2_ws/install/turtlebot3_navigation2/share/turtlebot3_navigation2/param
[0.175s] -- Up-to-date: /root/ros2_ws/install/turtlebot3_navigation2/share/turtlebot3_navigation2/param/waffle.yaml
[0.175s] -- Up-to-date: /root/ros2_ws/install/turtlebot3_navigation2/share/turtlebot3_navigation2/param/waffle_pi.yaml
[0.175s] -- Up-to-date: /root/ros2_ws/install/turtlebot3_navigation2/share/turtlebot3_navigation2/param/burger.yaml
[0.175s] -- Up-to-date: /root/ros2_ws/install/turtlebot3_navigation2/share/turtlebot3_navigation2/rviz
[0.176s] -- Up-to-date: /root/ros2_ws/install/turtlebot3_navigation2/share/turtlebot3_navigation2/rviz/tb3_navigation2.rviz
[0.176s] -- Up-to-date: /root/ros2_ws/install/turtlebot3_navigation2/share/ament_index/resource_index/package_run_dependencies/turtlebot3_navigation2
[0.176s] -- Up-to-date: /root/ros2_ws/install/turtlebot3_navigation2/share/ament_index/resource_index/parent_prefix_path/turtlebot3_navigation2
[0.176s] -- Up-to-date: /root/ros2_ws/install/turtlebot3_navigation2/share/turtlebot3_navigation2/environment/ament_prefix_path.sh
[0.176s] -- Up-to-date: /root/ros2_ws/install/turtlebot3_navigation2/share/turtlebot3_navigation2/environment/ament_prefix_path.dsv
[0.176s] -- Up-to-date: /root/ros2_ws/install/turtlebot3_navigation2/share/turtlebot3_navigation2/environment/path.sh
[0.176s] -- Up-to-date: /root/ros2_ws/install/turtlebot3_navigation2/share/turtlebot3_navigation2/environment/path.dsv
[0.176s] -- Up-to-date: /root/ros2_ws/install/turtlebot3_navigation2/share/turtlebot3_navigation2/local_setup.bash
[0.177s] -- Up-to-date: /root/ros2_ws/install/turtlebot3_navigation2/share/turtlebot3_navigation2/local_setup.sh
[0.177s] -- Up-to-date: /root/ros2_ws/install/turtlebot3_navigation2/share/turtlebot3_navigation2/local_setup.zsh
[0.180s] -- Up-to-date: /root/ros2_ws/install/turtlebot3_navigation2/share/turtlebot3_navigation2/local_setup.dsv
[0.180s] -- Installing: /root/ros2_ws/install/turtlebot3_navigation2/share/turtlebot3_navigation2/package.dsv
[0.183s] -- Up-to-date: /root/ros2_ws/install/turtlebot3_navigation2/share/ament_index/resource_index/packages/turtlebot3_navigation2
[0.184s] -- Up-to-date: /root/ros2_ws/install/turtlebot3_navigation2/share/turtlebot3_navigation2/cmake/turtlebot3_navigation2Config.cmake
[0.184s] -- Up-to-date: /root/ros2_ws/install/turtlebot3_navigation2/share/turtlebot3_navigation2/cmake/turtlebot3_navigation2Config-version.cmake
[0.184s] -- Up-to-date: /root/ros2_ws/install/turtlebot3_navigation2/share/turtlebot3_navigation2/package.xml
[0.297s] Invoked command in '/root/ros2_ws/build/turtlebot3_navigation2' returned '0': CMAKE_PREFIX_PATH=${CMAKE_PREFIX_PATH}:/root/ros2_ws/install/turtlebot3_teleop:/root/ros2_ws/install/turtlebot3_example:/opt/ros/humble /usr/bin/cmake --install /root/ros2_ws/build/turtlebot3_navigation2
