[0.018s] Invoking command in '/root/ros2_ws/build/turtlesim': CMAKE_PREFIX_PATH=${CMAKE_PREFIX_PATH}:/opt/ros/humble /usr/bin/cmake --build /root/ros2_ws/build/turtlesim -- -j8 -l8
[0.060s] [  1%] Built target turtlesim__cpp
[0.071s] [  1%] Built target ament_cmake_python_copy_turtlesim
[0.071s] [ 11%] Built target turtlesim__rosidl_generator_c
[0.089s] [ 22%] Built target turtlesim__rosidl_typesupport_cpp
[0.089s] [ 31%] Built target turtlesim__rosidl_typesupport_fastrtps_cpp
[0.093s] [ 41%] Built target turtlesim__rosidl_typesupport_introspection_cpp
[0.096s] [ 51%] Built target turtlesim__rosidl_typesupport_introspection_c
[0.101s] [ 61%] Built target turtlesim__rosidl_typesupport_c
[0.103s] [ 71%] Built target turtlesim__rosidl_typesupport_fastrtps_c
[0.117s] [ 73%] Built target turtle_teleop_key
[0.120s] [ 75%] Built target mimic
[0.121s] [ 77%] Built target draw_square
[0.122s] [ 77%] Built target turtlesim
[0.125s] [ 83%] Built target turtlesim_node
[0.138s] [ 84%] Built target turtlesim__py
[0.155s] [ 93%] Built target turtlesim__rosidl_generator_py
[0.173s] [100%] Built target turtlesim__rosidl_typesupport_fastrtps_c__pyext
[0.173s] [100%] Built target turtlesim__rosidl_typesupport_c__pyext
[0.173s] [100%] Built target turtlesim__rosidl_typesupport_introspection_c__pyext
[0.261s] running egg_info
[0.262s] writing turtlesim.egg-info/PKG-INFO
[0.263s] writing dependency_links to turtlesim.egg-info/dependency_links.txt
[0.263s] writing top-level names to turtlesim.egg-info/top_level.txt
[0.265s] reading manifest file 'turtlesim.egg-info/SOURCES.txt'
[0.265s] writing manifest file 'turtlesim.egg-info/SOURCES.txt'
[0.286s] [100%] Built target ament_cmake_python_build_turtlesim_egg
