[0.021s] Invoking command in '/root/ros2_ws/build/turtlesim': CMAKE_PREFIX_PATH=${CMAKE_PREFIX_PATH}:/opt/ros/humble /usr/bin/cmake --build /root/ros2_ws/build/turtlesim -- -j8 -l8
[0.117s] [  1%] Built target turtlesim__cpp
[0.120s] [ 11%] Built target turtlesim__rosidl_generator_c
[0.147s] [ 21%] Built target turtlesim__rosidl_typesupport_c
[0.150s] [ 31%] Built target turtlesim__rosidl_typesupport_introspection_c
[0.151s] [ 33%] Built target ament_cmake_python_copy_turtlesim
[0.152s] [ 55%] Built target turtlesim__rosidl_typesupport_introspection_cpp
[0.153s] [ 61%] Built target turtlesim__rosidl_typesupport_fastrtps_cpp
[0.154s] [ 58%] Built target turtlesim__rosidl_typesupport_cpp
[0.168s] [ 71%] Built target turtlesim__rosidl_typesupport_fastrtps_c
[0.188s] [ 71%] Built target turtlesim
[0.196s] [ 78%] Built target turtlesim_node
[0.196s] [ 80%] Built target turtle_teleop_key
[0.196s] [ 81%] Built target mimic
[0.197s] [ 83%] Built target draw_square
[0.209s] [ 84%] Built target turtlesim__py
[0.234s] [ 93%] Built target turtlesim__rosidl_generator_py
[0.255s] [100%] Built target turtlesim__rosidl_typesupport_introspection_c__pyext
[0.255s] [100%] Built target turtlesim__rosidl_typesupport_c__pyext
[0.255s] [100%] Built target turtlesim__rosidl_typesupport_fastrtps_c__pyext
[0.365s] running egg_info
[0.365s] writing turtlesim.egg-info/PKG-INFO
[0.365s] writing dependency_links to turtlesim.egg-info/dependency_links.txt
[0.366s] writing top-level names to turtlesim.egg-info/top_level.txt
[0.369s] reading manifest file 'turtlesim.egg-info/SOURCES.txt'
[0.370s] writing manifest file 'turtlesim.egg-info/SOURCES.txt'
[0.390s] [100%] Built target ament_cmake_python_build_turtlesim_egg
