[0.018s] Invoking command in '/root/ros2_ws/build/endicott': CMAKE_PREFIX_PATH=/opt/ros/humble /usr/bin/cmake --build /root/ros2_ws/build/endicott -- -j8 -l8
[0.051s] [35m[1mConsolidate compiler generated dependencies of target endicott_turtle_controler[0m
[0.071s] [ 50%] [32mBuilding CXX object CMakeFiles/endicott_turtle_controler.dir/src/endicott_turtle_controler.cpp.o[0m
[7.601s] [100%] [32m[1mLinking CXX executable endicott_turtle_controler[0m
[8.147s] [100%] Built target endicott_turtle_controler
[8.157s] Invoked command in '/root/ros2_ws/build/endicott' returned '0': CMAKE_PREFIX_PATH=/opt/ros/humble /usr/bin/cmake --build /root/ros2_ws/build/endicott -- -j8 -l8
[8.159s] Invoking command in '/root/ros2_ws/build/endicott': CMAKE_PREFIX_PATH=/opt/ros/humble /usr/bin/cmake --install /root/ros2_ws/build/endicott
[8.166s] -- Install configuration: ""
[8.169s] -- Installing: /root/ros2_ws/install/endicott/lib/endicott/endicott_turtle_controler
[8.173s] -- Set runtime path of "/root/ros2_ws/install/endicott/lib/endicott/endicott_turtle_controler" to ""
[8.173s] -- Up-to-date: /root/ros2_ws/install/endicott/share/ament_index/resource_index/package_run_dependencies/endicott
[8.173s] -- Up-to-date: /root/ros2_ws/install/endicott/share/ament_index/resource_index/parent_prefix_path/endicott
[8.174s] -- Up-to-date: /root/ros2_ws/install/endicott/share/endicott/environment/ament_prefix_path.sh
[8.174s] -- Up-to-date: /root/ros2_ws/install/endicott/share/endicott/environment/ament_prefix_path.dsv
[8.174s] -- Up-to-date: /root/ros2_ws/install/endicott/share/endicott/environment/path.sh
[8.174s] -- Up-to-date: /root/ros2_ws/install/endicott/share/endicott/environment/path.dsv
[8.174s] -- Up-to-date: /root/ros2_ws/install/endicott/share/endicott/local_setup.bash
[8.174s] -- Up-to-date: /root/ros2_ws/install/endicott/share/endicott/local_setup.sh
[8.174s] -- Up-to-date: /root/ros2_ws/install/endicott/share/endicott/local_setup.zsh
[8.174s] -- Up-to-date: /root/ros2_ws/install/endicott/share/endicott/local_setup.dsv
[8.174s] -- Installing: /root/ros2_ws/install/endicott/share/endicott/package.dsv
[8.174s] -- Up-to-date: /root/ros2_ws/install/endicott/share/ament_index/resource_index/packages/endicott
[8.174s] -- Up-to-date: /root/ros2_ws/install/endicott/share/endicott/cmake/endicottConfig.cmake
[8.175s] -- Up-to-date: /root/ros2_ws/install/endicott/share/endicott/cmake/endicottConfig-version.cmake
[8.175s] -- Up-to-date: /root/ros2_ws/install/endicott/share/endicott/package.xml
[8.178s] Invoked command in '/root/ros2_ws/build/endicott' returned '0': CMAKE_PREFIX_PATH=/opt/ros/humble /usr/bin/cmake --install /root/ros2_ws/build/endicott
