[0.027s] Invoking command in '/root/ros2_ws/src/turlebot3_ws/src/build/turtlebot3_cartographer': CMAKE_PREFIX_PATH=/opt/ros/humble /usr/bin/cmake /root/ros2_ws/src/turlebot3_ws/src/turtlebot3/turtlebot3_cartographer -DCMAKE_INSTALL_PREFIX=/root/ros2_ws/src/turlebot3_ws/src/install/turtlebot3_cartographer
[0.242s] -- The C compiler identification is GNU 11.4.0
[0.570s] -- The CXX compiler identification is GNU 11.4.0
[0.735s] -- Detecting C compiler ABI info
[0.851s] -- Detecting C compiler ABI info - done
[0.859s] -- Check for working C compiler: /usr/bin/cc - skipped
[0.860s] -- Detecting C compile features
[0.860s] -- Detecting C compile features - done
[0.865s] -- Detecting CXX compiler ABI info
[0.990s] -- Detecting CXX compiler ABI info - done
[1.000s] -- Check for working CXX compiler: /usr/bin/c++ - skipped
[1.000s] -- Detecting CXX compile features
[1.000s] -- Detecting CXX compile features - done
[1.003s] -- Found ament_cmake: 1.3.11 (/opt/ros/humble/share/ament_cmake/cmake)
[1.148s] -- Found Python3: /usr/bin/python3 (found version "3.10.12") found components: Interpreter 
[1.302s] -- Configuring done
[1.305s] -- Generating done
[1.306s] -- Build files have been written to: /root/ros2_ws/src/turlebot3_ws/src/build/turtlebot3_cartographer
[1.335s] Invoked command in '/root/ros2_ws/src/turlebot3_ws/src/build/turtlebot3_cartographer' returned '0': CMAKE_PREFIX_PATH=/opt/ros/humble /usr/bin/cmake /root/ros2_ws/src/turlebot3_ws/src/turtlebot3/turtlebot3_cartographer -DCMAKE_INSTALL_PREFIX=/root/ros2_ws/src/turlebot3_ws/src/install/turtlebot3_cartographer
[1.337s] Invoking command in '/root/ros2_ws/src/turlebot3_ws/src/build/turtlebot3_cartographer': CMAKE_PREFIX_PATH=/opt/ros/humble /usr/bin/cmake --build /root/ros2_ws/src/turlebot3_ws/src/build/turtlebot3_cartographer -- -j8 -l8
[1.367s] Invoked command in '/root/ros2_ws/src/turlebot3_ws/src/build/turtlebot3_cartographer' returned '0': CMAKE_PREFIX_PATH=/opt/ros/humble /usr/bin/cmake --build /root/ros2_ws/src/turlebot3_ws/src/build/turtlebot3_cartographer -- -j8 -l8
[1.369s] Invoking command in '/root/ros2_ws/src/turlebot3_ws/src/build/turtlebot3_cartographer': CMAKE_PREFIX_PATH=/opt/ros/humble /usr/bin/cmake --install /root/ros2_ws/src/turlebot3_ws/src/build/turtlebot3_cartographer
[1.379s] -- Install configuration: ""
[1.382s] -- Installing: /root/ros2_ws/src/turlebot3_ws/src/install/turtlebot3_cartographer/share/turtlebot3_cartographer/config
[1.382s] -- Installing: /root/ros2_ws/src/turlebot3_ws/src/install/turtlebot3_cartographer/share/turtlebot3_cartographer/config/turtlebot3_lds_2d.lua
[1.382s] -- Installing: /root/ros2_ws/src/turlebot3_ws/src/install/turtlebot3_cartographer/share/turtlebot3_cartographer/launch
[1.383s] -- Installing: /root/ros2_ws/src/turlebot3_ws/src/install/turtlebot3_cartographer/share/turtlebot3_cartographer/launch/occupancy_grid.launch.py
[1.383s] -- Installing: /root/ros2_ws/src/turlebot3_ws/src/install/turtlebot3_cartographer/share/turtlebot3_cartographer/launch/cartographer.launch.py
[1.383s] -- Installing: /root/ros2_ws/src/turlebot3_ws/src/install/turtlebot3_cartographer/share/turtlebot3_cartographer/rviz
[1.384s] -- Installing: /root/ros2_ws/src/turlebot3_ws/src/install/turtlebot3_cartographer/share/turtlebot3_cartographer/rviz/tb3_cartographer.rviz
[1.384s] -- Installing: /root/ros2_ws/src/turlebot3_ws/src/install/turtlebot3_cartographer/share/ament_index/resource_index/package_run_dependencies/turtlebot3_cartographer
[1.389s] -- Installing: /root/ros2_ws/src/turlebot3_ws/src/install/turtlebot3_cartographer/share/ament_index/resource_index/parent_prefix_path/turtlebot3_cartographer
[1.389s] -- Installing: /root/ros2_ws/src/turlebot3_ws/src/install/turtlebot3_cartographer/share/turtlebot3_cartographer/environment/ament_prefix_path.sh
[1.389s] -- Installing: /root/ros2_ws/src/turlebot3_ws/src/install/turtlebot3_cartographer/share/turtlebot3_cartographer/environment/ament_prefix_path.dsv
[1.389s] -- Installing: /root/ros2_ws/src/turlebot3_ws/src/install/turtlebot3_cartographer/share/turtlebot3_cartographer/environment/path.sh
[1.389s] -- Installing: /root/ros2_ws/src/turlebot3_ws/src/install/turtlebot3_cartographer/share/turtlebot3_cartographer/environment/path.dsv
[1.389s] -- Installing: /root/ros2_ws/src/turlebot3_ws/src/install/turtlebot3_cartographer/share/turtlebot3_cartographer/local_setup.bash
[1.389s] -- Installing: /root/ros2_ws/src/turlebot3_ws/src/install/turtlebot3_cartographer/share/turtlebot3_cartographer/local_setup.sh
[1.389s] -- Installing: /root/ros2_ws/src/turlebot3_ws/src/install/turtlebot3_cartographer/share/turtlebot3_cartographer/local_setup.zsh
[1.389s] -- Installing: /root/ros2_ws/src/turlebot3_ws/src/install/turtlebot3_cartographer/share/turtlebot3_cartographer/local_setup.dsv
[1.390s] -- Installing: /root/ros2_ws/src/turlebot3_ws/src/install/turtlebot3_cartographer/share/turtlebot3_cartographer/package.dsv
[1.390s] -- Installing: /root/ros2_ws/src/turlebot3_ws/src/install/turtlebot3_cartographer/share/ament_index/resource_index/packages/turtlebot3_cartographer
[1.390s] -- Installing: /root/ros2_ws/src/turlebot3_ws/src/install/turtlebot3_cartographer/share/turtlebot3_cartographer/cmake/turtlebot3_cartographerConfig.cmake
[1.391s] -- Installing: /root/ros2_ws/src/turlebot3_ws/src/install/turtlebot3_cartographer/share/turtlebot3_cartographer/cmake/turtlebot3_cartographerConfig-version.cmake
[1.391s] -- Installing: /root/ros2_ws/src/turlebot3_ws/src/install/turtlebot3_cartographer/share/turtlebot3_cartographer/package.xml
[1.395s] Invoked command in '/root/ros2_ws/src/turlebot3_ws/src/build/turtlebot3_cartographer' returned '0': CMAKE_PREFIX_PATH=/opt/ros/humble /usr/bin/cmake --install /root/ros2_ws/src/turlebot3_ws/src/build/turtlebot3_cartographer
