[0.195s] Invoking command in '/root/ros2_ws/src/turlebot3_ws/src/build/dynamixel_sdk_examples': AMENT_PREFIX_PATH=/root/ros2_ws/src/turlebot3_ws/src/install/dynamixel_sdk_custom_interfaces:/root/ros2_ws/src/turlebot3_ws/src/install/dynamixel_sdk:${AMENT_PREFIX_PATH} CMAKE_PREFIX_PATH=/root/ros2_ws/src/turlebot3_ws/src/install/dynamixel_sdk_custom_interfaces:/root/ros2_ws/src/turlebot3_ws/src/install/dynamixel_sdk:/opt/ros/humble LD_LIBRARY_PATH=/root/ros2_ws/src/turlebot3_ws/src/install/dynamixel_sdk_custom_interfaces/lib:/root/ros2_ws/src/turlebot3_ws/src/install/dynamixel_sdk/lib:${LD_LIBRARY_PATH} PYTHONPATH=/root/ros2_ws/src/turlebot3_ws/src/install/dynamixel_sdk_custom_interfaces/local/lib/python3.10/dist-packages:${PYTHONPATH} /usr/bin/cmake /root/ros2_ws/src/turlebot3_ws/src/DynamixelSDK/ros/dynamixel_sdk_examples -DCMAKE_INSTALL_PREFIX=/root/ros2_ws/src/turlebot3_ws/src/install/dynamixel_sdk_examples
[0.357s] -- The C compiler identification is GNU 11.4.0
[0.961s] -- The CXX compiler identification is GNU 11.4.0
[1.488s] -- Detecting C compiler ABI info
[1.682s] -- Detecting C compiler ABI info - done
[1.691s] -- Check for working C compiler: /usr/bin/cc - skipped
[1.691s] -- Detecting C compile features
[1.691s] -- Detecting C compile features - done
[1.695s] -- Detecting CXX compiler ABI info
[1.885s] -- Detecting CXX compiler ABI info - done
[1.893s] -- Check for working CXX compiler: /usr/bin/c++ - skipped
[1.893s] -- Detecting CXX compile features
[1.894s] -- Detecting CXX compile features - done
[1.896s] -- Found ament_cmake: 1.3.11 (/opt/ros/humble/share/ament_cmake/cmake)
[2.073s] -- Found Python3: /usr/bin/python3 (found version "3.10.12") found components: Interpreter 
[2.181s] -- Found dynamixel_sdk: 3.8.1 (/root/ros2_ws/src/turlebot3_ws/src/install/dynamixel_sdk/share/dynamixel_sdk/cmake)
[2.183s] -- Found dynamixel_sdk_custom_interfaces: 3.8.1 (/root/ros2_ws/src/turlebot3_ws/src/install/dynamixel_sdk_custom_interfaces/share/dynamixel_sdk_custom_interfaces/cmake)
[2.353s] -- Found rosidl_generator_c: 3.1.6 (/opt/ros/humble/share/rosidl_generator_c/cmake)
[2.358s] -- Found rosidl_adapter: 3.1.6 (/opt/ros/humble/share/rosidl_adapter/cmake)
[2.367s] -- Found rosidl_generator_cpp: 3.1.6 (/opt/ros/humble/share/rosidl_generator_cpp/cmake)
[2.379s] -- Using all available rosidl_typesupport_c: rosidl_typesupport_fastrtps_c;rosidl_typesupport_introspection_c
[2.395s] -- Using all available rosidl_typesupport_cpp: rosidl_typesupport_fastrtps_cpp;rosidl_typesupport_introspection_cpp
[2.426s] -- Found rclcpp: 16.0.11 (/opt/ros/humble/share/rclcpp/cmake)
[2.506s] -- Found rmw_implementation_cmake: 6.1.2 (/opt/ros/humble/share/rmw_implementation_cmake/cmake)
[2.513s] -- Found rmw_fastrtps_cpp: 6.2.7 (/opt/ros/humble/share/rmw_fastrtps_cpp/cmake)
[3.966s] -- Found OpenSSL: /usr/lib/x86_64-linux-gnu/libcrypto.so (found version "3.0.2")  
[5.584s] -- Found FastRTPS: /opt/ros/humble/include  
[8.187s] -- Using RMW implementation 'rmw_fastrtps_cpp' as default
[8.200s] -- Looking for pthread.h
[8.330s] -- Looking for pthread.h - found
[8.330s] -- Performing Test CMAKE_HAVE_LIBC_PTHREAD
[8.475s] -- Performing Test CMAKE_HAVE_LIBC_PTHREAD - Success
[8.476s] -- Found Threads: TRUE  
[8.550s] -- Found ament_lint_auto: 0.12.11 (/opt/ros/humble/share/ament_lint_auto/cmake)
[8.635s] -- Added test 'copyright' to check source files copyright and LICENSE
[8.637s] -- Added test 'cppcheck' to perform static code analysis on C / C++ code
[8.637s] -- Configured cppcheck include dirs: /root/ros2_ws/src/turlebot3_ws/src/DynamixelSDK/ros/dynamixel_sdk_examples/include
[8.637s] -- Configured cppcheck exclude dirs and/or files: 
[8.638s] -- Added test 'cpplint' to check C / C++ code against the Google style
[8.638s] -- Configured cpplint exclude dirs and/or files: 
[8.639s] -- Added test 'lint_cmake' to check CMake code style
[8.641s] -- Added test 'uncrustify' to check C / C++ code style
[8.641s] -- Configured uncrustify additional arguments: 
[8.642s] -- Added test 'xmllint' to check XML markup files
[8.643s] -- Configuring done
[8.652s] -- Generating done
[8.655s] -- Build files have been written to: /root/ros2_ws/src/turlebot3_ws/src/build/dynamixel_sdk_examples
[8.664s] Invoked command in '/root/ros2_ws/src/turlebot3_ws/src/build/dynamixel_sdk_examples' returned '0': AMENT_PREFIX_PATH=/root/ros2_ws/src/turlebot3_ws/src/install/dynamixel_sdk_custom_interfaces:/root/ros2_ws/src/turlebot3_ws/src/install/dynamixel_sdk:${AMENT_PREFIX_PATH} CMAKE_PREFIX_PATH=/root/ros2_ws/src/turlebot3_ws/src/install/dynamixel_sdk_custom_interfaces:/root/ros2_ws/src/turlebot3_ws/src/install/dynamixel_sdk:/opt/ros/humble LD_LIBRARY_PATH=/root/ros2_ws/src/turlebot3_ws/src/install/dynamixel_sdk_custom_interfaces/lib:/root/ros2_ws/src/turlebot3_ws/src/install/dynamixel_sdk/lib:${LD_LIBRARY_PATH} PYTHONPATH=/root/ros2_ws/src/turlebot3_ws/src/install/dynamixel_sdk_custom_interfaces/local/lib/python3.10/dist-packages:${PYTHONPATH} /usr/bin/cmake /root/ros2_ws/src/turlebot3_ws/src/DynamixelSDK/ros/dynamixel_sdk_examples -DCMAKE_INSTALL_PREFIX=/root/ros2_ws/src/turlebot3_ws/src/install/dynamixel_sdk_examples
[8.666s] Invoking command in '/root/ros2_ws/src/turlebot3_ws/src/build/dynamixel_sdk_examples': AMENT_PREFIX_PATH=/root/ros2_ws/src/turlebot3_ws/src/install/dynamixel_sdk_custom_interfaces:/root/ros2_ws/src/turlebot3_ws/src/install/dynamixel_sdk:${AMENT_PREFIX_PATH} CMAKE_PREFIX_PATH=/root/ros2_ws/src/turlebot3_ws/src/install/dynamixel_sdk_custom_interfaces:/root/ros2_ws/src/turlebot3_ws/src/install/dynamixel_sdk:/opt/ros/humble LD_LIBRARY_PATH=/root/ros2_ws/src/turlebot3_ws/src/install/dynamixel_sdk_custom_interfaces/lib:/root/ros2_ws/src/turlebot3_ws/src/install/dynamixel_sdk/lib:${LD_LIBRARY_PATH} PYTHONPATH=/root/ros2_ws/src/turlebot3_ws/src/install/dynamixel_sdk_custom_interfaces/local/lib/python3.10/dist-packages:${PYTHONPATH} /usr/bin/cmake --build /root/ros2_ws/src/turlebot3_ws/src/build/dynamixel_sdk_examples -- -j8 -l8
[8.713s] [ 50%] [32mBuilding CXX object CMakeFiles/read_write_node.dir/src/read_write_node.cpp.o[0m
[24.866s] [100%] [32m[1mLinking CXX executable read_write_node[0m
[25.944s] [100%] Built target read_write_node
[25.964s] Invoked command in '/root/ros2_ws/src/turlebot3_ws/src/build/dynamixel_sdk_examples' returned '0': AMENT_PREFIX_PATH=/root/ros2_ws/src/turlebot3_ws/src/install/dynamixel_sdk_custom_interfaces:/root/ros2_ws/src/turlebot3_ws/src/install/dynamixel_sdk:${AMENT_PREFIX_PATH} CMAKE_PREFIX_PATH=/root/ros2_ws/src/turlebot3_ws/src/install/dynamixel_sdk_custom_interfaces:/root/ros2_ws/src/turlebot3_ws/src/install/dynamixel_sdk:/opt/ros/humble LD_LIBRARY_PATH=/root/ros2_ws/src/turlebot3_ws/src/install/dynamixel_sdk_custom_interfaces/lib:/root/ros2_ws/src/turlebot3_ws/src/install/dynamixel_sdk/lib:${LD_LIBRARY_PATH} PYTHONPATH=/root/ros2_ws/src/turlebot3_ws/src/install/dynamixel_sdk_custom_interfaces/local/lib/python3.10/dist-packages:${PYTHONPATH} /usr/bin/cmake --build /root/ros2_ws/src/turlebot3_ws/src/build/dynamixel_sdk_examples -- -j8 -l8
[25.967s] Invoking command in '/root/ros2_ws/src/turlebot3_ws/src/build/dynamixel_sdk_examples': AMENT_PREFIX_PATH=/root/ros2_ws/src/turlebot3_ws/src/install/dynamixel_sdk_custom_interfaces:/root/ros2_ws/src/turlebot3_ws/src/install/dynamixel_sdk:${AMENT_PREFIX_PATH} CMAKE_PREFIX_PATH=/root/ros2_ws/src/turlebot3_ws/src/install/dynamixel_sdk_custom_interfaces:/root/ros2_ws/src/turlebot3_ws/src/install/dynamixel_sdk:/opt/ros/humble LD_LIBRARY_PATH=/root/ros2_ws/src/turlebot3_ws/src/install/dynamixel_sdk_custom_interfaces/lib:/root/ros2_ws/src/turlebot3_ws/src/install/dynamixel_sdk/lib:${LD_LIBRARY_PATH} PYTHONPATH=/root/ros2_ws/src/turlebot3_ws/src/install/dynamixel_sdk_custom_interfaces/local/lib/python3.10/dist-packages:${PYTHONPATH} /usr/bin/cmake --install /root/ros2_ws/src/turlebot3_ws/src/build/dynamixel_sdk_examples
[25.980s] -- Install configuration: ""
[25.980s] -- Installing: /root/ros2_ws/src/turlebot3_ws/src/install/dynamixel_sdk_examples/lib/dynamixel_sdk_examples/read_write_node
[25.988s] -- Set runtime path of "/root/ros2_ws/src/turlebot3_ws/src/install/dynamixel_sdk_examples/lib/dynamixel_sdk_examples/read_write_node" to ""
[25.988s] -- Installing: /root/ros2_ws/src/turlebot3_ws/src/install/dynamixel_sdk_examples/share/ament_index/resource_index/package_run_dependencies/dynamixel_sdk_examples
[25.989s] -- Installing: /root/ros2_ws/src/turlebot3_ws/src/install/dynamixel_sdk_examples/share/ament_index/resource_index/parent_prefix_path/dynamixel_sdk_examples
[25.989s] -- Installing: /root/ros2_ws/src/turlebot3_ws/src/install/dynamixel_sdk_examples/share/dynamixel_sdk_examples/environment/ament_prefix_path.sh
[25.990s] -- Installing: /root/ros2_ws/src/turlebot3_ws/src/install/dynamixel_sdk_examples/share/dynamixel_sdk_examples/environment/ament_prefix_path.dsv
[25.990s] -- Installing: /root/ros2_ws/src/turlebot3_ws/src/install/dynamixel_sdk_examples/share/dynamixel_sdk_examples/environment/path.sh
[25.990s] -- Installing: /root/ros2_ws/src/turlebot3_ws/src/install/dynamixel_sdk_examples/share/dynamixel_sdk_examples/environment/path.dsv
[25.990s] -- Installing: /root/ros2_ws/src/turlebot3_ws/src/install/dynamixel_sdk_examples/share/dynamixel_sdk_examples/local_setup.bash
[25.991s] -- Installing: /root/ros2_ws/src/turlebot3_ws/src/install/dynamixel_sdk_examples/share/dynamixel_sdk_examples/local_setup.sh
[25.991s] -- Installing: /root/ros2_ws/src/turlebot3_ws/src/install/dynamixel_sdk_examples/share/dynamixel_sdk_examples/local_setup.zsh
[25.991s] -- Installing: /root/ros2_ws/src/turlebot3_ws/src/install/dynamixel_sdk_examples/share/dynamixel_sdk_examples/local_setup.dsv
[25.991s] -- Installing: /root/ros2_ws/src/turlebot3_ws/src/install/dynamixel_sdk_examples/share/dynamixel_sdk_examples/package.dsv
[25.991s] -- Installing: /root/ros2_ws/src/turlebot3_ws/src/install/dynamixel_sdk_examples/share/ament_index/resource_index/packages/dynamixel_sdk_examples
[25.992s] -- Installing: /root/ros2_ws/src/turlebot3_ws/src/install/dynamixel_sdk_examples/share/dynamixel_sdk_examples/cmake/dynamixel_sdk_examplesConfig.cmake
[25.992s] -- Installing: /root/ros2_ws/src/turlebot3_ws/src/install/dynamixel_sdk_examples/share/dynamixel_sdk_examples/cmake/dynamixel_sdk_examplesConfig-version.cmake
[25.992s] -- Installing: /root/ros2_ws/src/turlebot3_ws/src/install/dynamixel_sdk_examples/share/dynamixel_sdk_examples/package.xml
[25.996s] Invoked command in '/root/ros2_ws/src/turlebot3_ws/src/build/dynamixel_sdk_examples' returned '0': AMENT_PREFIX_PATH=/root/ros2_ws/src/turlebot3_ws/src/install/dynamixel_sdk_custom_interfaces:/root/ros2_ws/src/turlebot3_ws/src/install/dynamixel_sdk:${AMENT_PREFIX_PATH} CMAKE_PREFIX_PATH=/root/ros2_ws/src/turlebot3_ws/src/install/dynamixel_sdk_custom_interfaces:/root/ros2_ws/src/turlebot3_ws/src/install/dynamixel_sdk:/opt/ros/humble LD_LIBRARY_PATH=/root/ros2_ws/src/turlebot3_ws/src/install/dynamixel_sdk_custom_interfaces/lib:/root/ros2_ws/src/turlebot3_ws/src/install/dynamixel_sdk/lib:${LD_LIBRARY_PATH} PYTHONPATH=/root/ros2_ws/src/turlebot3_ws/src/install/dynamixel_sdk_custom_interfaces/local/lib/python3.10/dist-packages:${PYTHONPATH} /usr/bin/cmake --install /root/ros2_ws/src/turlebot3_ws/src/build/dynamixel_sdk_examples
