[0.024s] Invoking command in '/root/ros2_ws/build/turtlesim': CMAKE_PREFIX_PATH=${CMAKE_PREFIX_PATH}:/opt/ros/humble /usr/bin/cmake --build /root/ros2_ws/build/turtlesim -- -j8 -l8
[0.120s] [  1%] Built target turtlesim__cpp
[0.125s] [ 11%] Built target turtlesim__rosidl_generator_c
[0.159s] [ 30%] Built target turtlesim__rosidl_typesupport_fastrtps_cpp
[0.159s] [ 31%] Built target turtlesim__rosidl_typesupport_introspection_cpp
[0.161s] [ 41%] Built target turtlesim__rosidl_typesupport_cpp
[0.165s] [ 51%] Built target turtlesim__rosidl_typesupport_c
[0.168s] [ 61%] Built target turtlesim__rosidl_typesupport_introspection_c
[0.170s] [ 71%] Built target turtlesim__rosidl_typesupport_fastrtps_c
[0.173s] [ 71%] Built target ament_cmake_python_copy_turtlesim
[0.199s] [ 71%] Built target turtlesim
[0.201s] [ 75%] Built target turtle_teleop_key
[0.201s] [ 75%] Built target draw_square
[0.205s] [ 77%] Built target mimic
[0.208s] [ 83%] Built target turtlesim_node
[0.218s] [ 84%] Built target turtlesim__py
[0.242s] [ 93%] Built target turtlesim__rosidl_generator_py
[0.263s] [100%] Built target turtlesim__rosidl_typesupport_introspection_c__pyext
[0.263s] [100%] Built target turtlesim__rosidl_typesupport_fastrtps_c__pyext
[0.263s] [100%] Built target turtlesim__rosidl_typesupport_c__pyext
[0.395s] running egg_info
[0.395s] writing turtlesim.egg-info/PKG-INFO
[0.396s] writing dependency_links to turtlesim.egg-info/dependency_links.txt
[0.396s] writing top-level names to turtlesim.egg-info/top_level.txt
[0.402s] reading manifest file 'turtlesim.egg-info/SOURCES.txt'
[0.403s] writing manifest file 'turtlesim.egg-info/SOURCES.txt'
[0.426s] [100%] Built target ament_cmake_python_build_turtlesim_egg
