[0.134s] Invoking command in '/root/ros2_ws/src/turlebot3_ws/build/dynamixel_sdk_examples': CMAKE_PREFIX_PATH=/root/ros2_ws/src/turlebot3_ws/install/dynamixel_sdk_custom_interfaces:/root/ros2_ws/src/turlebot3_ws/install/dynamixel_sdk:/root/ros2_ws/src/turlebot3_ws/install/turtlebot3:/root/ros2_ws/src/turlebot3_ws/install/turtlebot3_bringup:/root/ros2_ws/src/turlebot3_ws/install/turtlebot3_node:/root/ros2_ws/src/turlebot3_ws/install/turtlebot3_navigation2:/root/ros2_ws/src/turlebot3_ws/install/turtlebot3_msgs:/root/ros2_ws/src/turlebot3_ws/install/turtlebot3_description:/root/ros2_ws/src/turlebot3_ws/install/turtlebot3_cartographer:/root/ros2_ws/src/turlebot3_ws/install/dynamixel_sdk_examples:/root/ros2_ws/src/turlebot3_ws/install/turtlebot3_teleop:/root/ros2_ws/src/turlebot3_ws/install/turtlebot3_example:/opt/ros/humble LD_LIBRARY_PATH=/root/ros2_ws/src/turlebot3_ws/install/dynamixel_sdk_custom_interfaces/lib:/root/ros2_ws/src/turlebot3_ws/install/dynamixel_sdk/lib:/root/ros2_ws/src/turlebot3_ws/install/turtlebot3_msgs/lib:/usr/lib/x86_64-linux-gnu/gazebo-11/plugins:/opt/ros/humble/opt/rviz_ogre_vendor/lib:/opt/ros/humble/lib/x86_64-linux-gnu:/opt/ros/humble/lib /usr/bin/cmake /root/ros2_ws/src/turlebot3_ws/src/DynamixelSDK/ros/dynamixel_sdk_examples -DCMAKE_INSTALL_PREFIX=/root/ros2_ws/src/turlebot3_ws/install/dynamixel_sdk_examples
[0.143s] -- Found ament_cmake: 1.3.11 (/opt/ros/humble/share/ament_cmake/cmake)
[0.243s] -- Override CMake install command with custom implementation using symlinks instead of copying resources
[0.249s] -- Found dynamixel_sdk: 3.8.1 (/root/ros2_ws/src/turlebot3_ws/install/dynamixel_sdk/share/dynamixel_sdk/cmake)
[0.250s] -- Found dynamixel_sdk_custom_interfaces: 3.8.1 (/root/ros2_ws/src/turlebot3_ws/install/dynamixel_sdk_custom_interfaces/share/dynamixel_sdk_custom_interfaces/cmake)
[0.349s] -- Found rosidl_generator_c: 3.1.6 (/opt/ros/humble/share/rosidl_generator_c/cmake)
[0.350s] -- Found rosidl_adapter: 3.1.6 (/opt/ros/humble/share/rosidl_adapter/cmake)
[0.355s] -- Found rosidl_generator_cpp: 3.1.6 (/opt/ros/humble/share/rosidl_generator_cpp/cmake)
[0.366s] -- Using all available rosidl_typesupport_c: rosidl_typesupport_fastrtps_c;rosidl_typesupport_introspection_c
[0.377s] -- Using all available rosidl_typesupport_cpp: rosidl_typesupport_fastrtps_cpp;rosidl_typesupport_introspection_cpp
[0.399s] -- Found rclcpp: 16.0.11 (/opt/ros/humble/share/rclcpp/cmake)
[0.421s] -- Found rmw_implementation_cmake: 6.1.2 (/opt/ros/humble/share/rmw_implementation_cmake/cmake)
[0.423s] -- Found rmw_fastrtps_cpp: 6.2.7 (/opt/ros/humble/share/rmw_fastrtps_cpp/cmake)
[3.762s] -- Using RMW implementation 'rmw_fastrtps_cpp' as default
[3.808s] -- Found ament_lint_auto: 0.12.11 (/opt/ros/humble/share/ament_lint_auto/cmake)
[3.870s] -- Added test 'copyright' to check source files copyright and LICENSE
[3.871s] -- Added test 'cppcheck' to perform static code analysis on C / C++ code
[3.871s] -- Configured cppcheck include dirs: /root/ros2_ws/src/turlebot3_ws/src/DynamixelSDK/ros/dynamixel_sdk_examples/include
[3.871s] -- Configured cppcheck exclude dirs and/or files: 
[3.871s] -- Added test 'cpplint' to check C / C++ code against the Google style
[3.871s] -- Configured cpplint exclude dirs and/or files: 
[3.872s] -- Added test 'lint_cmake' to check CMake code style
[3.872s] -- Added test 'uncrustify' to check C / C++ code style
[3.872s] -- Configured uncrustify additional arguments: 
[3.873s] -- Added test 'xmllint' to check XML markup files
[3.874s] -- Configuring done
[3.887s] -- Generating done
[3.890s] -- Build files have been written to: /root/ros2_ws/src/turlebot3_ws/build/dynamixel_sdk_examples
[3.897s] Invoked command in '/root/ros2_ws/src/turlebot3_ws/build/dynamixel_sdk_examples' returned '0': CMAKE_PREFIX_PATH=/root/ros2_ws/src/turlebot3_ws/install/dynamixel_sdk_custom_interfaces:/root/ros2_ws/src/turlebot3_ws/install/dynamixel_sdk:/root/ros2_ws/src/turlebot3_ws/install/turtlebot3:/root/ros2_ws/src/turlebot3_ws/install/turtlebot3_bringup:/root/ros2_ws/src/turlebot3_ws/install/turtlebot3_node:/root/ros2_ws/src/turlebot3_ws/install/turtlebot3_navigation2:/root/ros2_ws/src/turlebot3_ws/install/turtlebot3_msgs:/root/ros2_ws/src/turlebot3_ws/install/turtlebot3_description:/root/ros2_ws/src/turlebot3_ws/install/turtlebot3_cartographer:/root/ros2_ws/src/turlebot3_ws/install/dynamixel_sdk_examples:/root/ros2_ws/src/turlebot3_ws/install/turtlebot3_teleop:/root/ros2_ws/src/turlebot3_ws/install/turtlebot3_example:/opt/ros/humble LD_LIBRARY_PATH=/root/ros2_ws/src/turlebot3_ws/install/dynamixel_sdk_custom_interfaces/lib:/root/ros2_ws/src/turlebot3_ws/install/dynamixel_sdk/lib:/root/ros2_ws/src/turlebot3_ws/install/turtlebot3_msgs/lib:/usr/lib/x86_64-linux-gnu/gazebo-11/plugins:/opt/ros/humble/opt/rviz_ogre_vendor/lib:/opt/ros/humble/lib/x86_64-linux-gnu:/opt/ros/humble/lib /usr/bin/cmake /root/ros2_ws/src/turlebot3_ws/src/DynamixelSDK/ros/dynamixel_sdk_examples -DCMAKE_INSTALL_PREFIX=/root/ros2_ws/src/turlebot3_ws/install/dynamixel_sdk_examples
[3.898s] Invoking command in '/root/ros2_ws/src/turlebot3_ws/build/dynamixel_sdk_examples': CMAKE_PREFIX_PATH=/root/ros2_ws/src/turlebot3_ws/install/dynamixel_sdk_custom_interfaces:/root/ros2_ws/src/turlebot3_ws/install/dynamixel_sdk:/root/ros2_ws/src/turlebot3_ws/install/turtlebot3:/root/ros2_ws/src/turlebot3_ws/install/turtlebot3_bringup:/root/ros2_ws/src/turlebot3_ws/install/turtlebot3_node:/root/ros2_ws/src/turlebot3_ws/install/turtlebot3_navigation2:/root/ros2_ws/src/turlebot3_ws/install/turtlebot3_msgs:/root/ros2_ws/src/turlebot3_ws/install/turtlebot3_description:/root/ros2_ws/src/turlebot3_ws/install/turtlebot3_cartographer:/root/ros2_ws/src/turlebot3_ws/install/dynamixel_sdk_examples:/root/ros2_ws/src/turlebot3_ws/install/turtlebot3_teleop:/root/ros2_ws/src/turlebot3_ws/install/turtlebot3_example:/opt/ros/humble LD_LIBRARY_PATH=/root/ros2_ws/src/turlebot3_ws/install/dynamixel_sdk_custom_interfaces/lib:/root/ros2_ws/src/turlebot3_ws/install/dynamixel_sdk/lib:/root/ros2_ws/src/turlebot3_ws/install/turtlebot3_msgs/lib:/usr/lib/x86_64-linux-gnu/gazebo-11/plugins:/opt/ros/humble/opt/rviz_ogre_vendor/lib:/opt/ros/humble/lib/x86_64-linux-gnu:/opt/ros/humble/lib /usr/bin/cmake --build /root/ros2_ws/src/turlebot3_ws/build/dynamixel_sdk_examples -- -j8 -l8
[3.930s] [35m[1mConsolidate compiler generated dependencies of target read_write_node[0m
[3.948s] [100%] Built target read_write_node
[3.958s] Invoked command in '/root/ros2_ws/src/turlebot3_ws/build/dynamixel_sdk_examples' returned '0': CMAKE_PREFIX_PATH=/root/ros2_ws/src/turlebot3_ws/install/dynamixel_sdk_custom_interfaces:/root/ros2_ws/src/turlebot3_ws/install/dynamixel_sdk:/root/ros2_ws/src/turlebot3_ws/install/turtlebot3:/root/ros2_ws/src/turlebot3_ws/install/turtlebot3_bringup:/root/ros2_ws/src/turlebot3_ws/install/turtlebot3_node:/root/ros2_ws/src/turlebot3_ws/install/turtlebot3_navigation2:/root/ros2_ws/src/turlebot3_ws/install/turtlebot3_msgs:/root/ros2_ws/src/turlebot3_ws/install/turtlebot3_description:/root/ros2_ws/src/turlebot3_ws/install/turtlebot3_cartographer:/root/ros2_ws/src/turlebot3_ws/install/dynamixel_sdk_examples:/root/ros2_ws/src/turlebot3_ws/install/turtlebot3_teleop:/root/ros2_ws/src/turlebot3_ws/install/turtlebot3_example:/opt/ros/humble LD_LIBRARY_PATH=/root/ros2_ws/src/turlebot3_ws/install/dynamixel_sdk_custom_interfaces/lib:/root/ros2_ws/src/turlebot3_ws/install/dynamixel_sdk/lib:/root/ros2_ws/src/turlebot3_ws/install/turtlebot3_msgs/lib:/usr/lib/x86_64-linux-gnu/gazebo-11/plugins:/opt/ros/humble/opt/rviz_ogre_vendor/lib:/opt/ros/humble/lib/x86_64-linux-gnu:/opt/ros/humble/lib /usr/bin/cmake --build /root/ros2_ws/src/turlebot3_ws/build/dynamixel_sdk_examples -- -j8 -l8
[3.960s] Invoking command in '/root/ros2_ws/src/turlebot3_ws/build/dynamixel_sdk_examples': CMAKE_PREFIX_PATH=/root/ros2_ws/src/turlebot3_ws/install/dynamixel_sdk_custom_interfaces:/root/ros2_ws/src/turlebot3_ws/install/dynamixel_sdk:/root/ros2_ws/src/turlebot3_ws/install/turtlebot3:/root/ros2_ws/src/turlebot3_ws/install/turtlebot3_bringup:/root/ros2_ws/src/turlebot3_ws/install/turtlebot3_node:/root/ros2_ws/src/turlebot3_ws/install/turtlebot3_navigation2:/root/ros2_ws/src/turlebot3_ws/install/turtlebot3_msgs:/root/ros2_ws/src/turlebot3_ws/install/turtlebot3_description:/root/ros2_ws/src/turlebot3_ws/install/turtlebot3_cartographer:/root/ros2_ws/src/turlebot3_ws/install/dynamixel_sdk_examples:/root/ros2_ws/src/turlebot3_ws/install/turtlebot3_teleop:/root/ros2_ws/src/turlebot3_ws/install/turtlebot3_example:/opt/ros/humble LD_LIBRARY_PATH=/root/ros2_ws/src/turlebot3_ws/install/dynamixel_sdk_custom_interfaces/lib:/root/ros2_ws/src/turlebot3_ws/install/dynamixel_sdk/lib:/root/ros2_ws/src/turlebot3_ws/install/turtlebot3_msgs/lib:/usr/lib/x86_64-linux-gnu/gazebo-11/plugins:/opt/ros/humble/opt/rviz_ogre_vendor/lib:/opt/ros/humble/lib/x86_64-linux-gnu:/opt/ros/humble/lib /usr/bin/cmake --install /root/ros2_ws/src/turlebot3_ws/build/dynamixel_sdk_examples
[3.965s] -- Install configuration: ""
[3.965s] -- Execute custom install script
[3.966s] -- Up-to-date symlink: /root/ros2_ws/src/turlebot3_ws/install/dynamixel_sdk_examples/lib/dynamixel_sdk_examples/read_write_node
[3.966s] -- Up-to-date symlink: /root/ros2_ws/src/turlebot3_ws/install/dynamixel_sdk_examples/share/ament_index/resource_index/package_run_dependencies/dynamixel_sdk_examples
[3.966s] -- Up-to-date symlink: /root/ros2_ws/src/turlebot3_ws/install/dynamixel_sdk_examples/share/ament_index/resource_index/parent_prefix_path/dynamixel_sdk_examples
[3.967s] -- Up-to-date symlink: /root/ros2_ws/src/turlebot3_ws/install/dynamixel_sdk_examples/share/dynamixel_sdk_examples/environment/ament_prefix_path.sh
[3.967s] -- Up-to-date symlink: /root/ros2_ws/src/turlebot3_ws/install/dynamixel_sdk_examples/share/dynamixel_sdk_examples/environment/ament_prefix_path.dsv
[3.968s] -- Up-to-date symlink: /root/ros2_ws/src/turlebot3_ws/install/dynamixel_sdk_examples/share/dynamixel_sdk_examples/environment/path.sh
[3.968s] -- Up-to-date symlink: /root/ros2_ws/src/turlebot3_ws/install/dynamixel_sdk_examples/share/dynamixel_sdk_examples/environment/path.dsv
[3.968s] -- Up-to-date symlink: /root/ros2_ws/src/turlebot3_ws/install/dynamixel_sdk_examples/share/dynamixel_sdk_examples/local_setup.bash
[3.968s] -- Up-to-date symlink: /root/ros2_ws/src/turlebot3_ws/install/dynamixel_sdk_examples/share/dynamixel_sdk_examples/local_setup.sh
[3.969s] -- Up-to-date symlink: /root/ros2_ws/src/turlebot3_ws/install/dynamixel_sdk_examples/share/dynamixel_sdk_examples/local_setup.zsh
[3.969s] -- Up-to-date symlink: /root/ros2_ws/src/turlebot3_ws/install/dynamixel_sdk_examples/share/dynamixel_sdk_examples/local_setup.dsv
[3.969s] -- Symlinking: /root/ros2_ws/src/turlebot3_ws/install/dynamixel_sdk_examples/share/dynamixel_sdk_examples/package.dsv
[3.976s] -- Up-to-date symlink: /root/ros2_ws/src/turlebot3_ws/install/dynamixel_sdk_examples/share/ament_index/resource_index/packages/dynamixel_sdk_examples
[3.976s] -- Up-to-date symlink: /root/ros2_ws/src/turlebot3_ws/install/dynamixel_sdk_examples/share/dynamixel_sdk_examples/cmake/dynamixel_sdk_examplesConfig.cmake
[3.976s] -- Up-to-date symlink: /root/ros2_ws/src/turlebot3_ws/install/dynamixel_sdk_examples/share/dynamixel_sdk_examples/cmake/dynamixel_sdk_examplesConfig-version.cmake
[3.977s] -- Up-to-date symlink: /root/ros2_ws/src/turlebot3_ws/install/dynamixel_sdk_examples/share/dynamixel_sdk_examples/package.xml
[3.979s] Invoked command in '/root/ros2_ws/src/turlebot3_ws/build/dynamixel_sdk_examples' returned '0': CMAKE_PREFIX_PATH=/root/ros2_ws/src/turlebot3_ws/install/dynamixel_sdk_custom_interfaces:/root/ros2_ws/src/turlebot3_ws/install/dynamixel_sdk:/root/ros2_ws/src/turlebot3_ws/install/turtlebot3:/root/ros2_ws/src/turlebot3_ws/install/turtlebot3_bringup:/root/ros2_ws/src/turlebot3_ws/install/turtlebot3_node:/root/ros2_ws/src/turlebot3_ws/install/turtlebot3_navigation2:/root/ros2_ws/src/turlebot3_ws/install/turtlebot3_msgs:/root/ros2_ws/src/turlebot3_ws/install/turtlebot3_description:/root/ros2_ws/src/turlebot3_ws/install/turtlebot3_cartographer:/root/ros2_ws/src/turlebot3_ws/install/dynamixel_sdk_examples:/root/ros2_ws/src/turlebot3_ws/install/turtlebot3_teleop:/root/ros2_ws/src/turlebot3_ws/install/turtlebot3_example:/opt/ros/humble LD_LIBRARY_PATH=/root/ros2_ws/src/turlebot3_ws/install/dynamixel_sdk_custom_interfaces/lib:/root/ros2_ws/src/turlebot3_ws/install/dynamixel_sdk/lib:/root/ros2_ws/src/turlebot3_ws/install/turtlebot3_msgs/lib:/usr/lib/x86_64-linux-gnu/gazebo-11/plugins:/opt/ros/humble/opt/rviz_ogre_vendor/lib:/opt/ros/humble/lib/x86_64-linux-gnu:/opt/ros/humble/lib /usr/bin/cmake --install /root/ros2_ws/src/turlebot3_ws/build/dynamixel_sdk_examples
