[0.037s] Invoking command in '/root/ros2_ws/build/turtlebot3_gazebo': CMAKE_PREFIX_PATH=${CMAKE_PREFIX_PATH}:/root/ros2_ws/install/turtlebot3_teleop:/root/ros2_ws/install/turtlebot3_example:/opt/ros/humble /usr/bin/cmake /root/ros2_ws/src/turlebot3_ws/src/turtlebot3_simulations/turtlebot3_gazebo -DCMAKE_INSTALL_PREFIX=/root/ros2_ws/install/turtlebot3_gazebo
[1.787s] -- The C compiler identification is GNU 11.4.0
[1.788s] -- The CXX compiler identification is GNU 11.4.0
[1.789s] -- Detecting C compiler ABI info
[1.789s] -- Detecting C compiler ABI info - done
[1.789s] -- Check for working C compiler: /usr/bin/cc - skipped
[1.789s] -- Detecting C compile features
[1.789s] -- Detecting C compile features - done
[1.789s] -- Detecting CXX compiler ABI info
[1.789s] -- Detecting CXX compiler ABI info - done
[1.790s] -- Check for working CXX compiler: /usr/bin/c++ - skipped
[1.790s] -- Detecting CXX compile features
[1.790s] -- Detecting CXX compile features - done
[1.791s] -- Found ament_cmake: 1.3.11 (/opt/ros/humble/share/ament_cmake/cmake)
[1.791s] -- Found Python3: /usr/bin/python3 (found version "3.10.12") found components: Interpreter 
[1.791s] -- Found PkgConfig: /usr/bin/pkg-config (found version "0.29.2") 
[1.791s] -- Checking for module 'bullet>=2.82'
[1.791s] --   Found bullet, version 3.05
[1.792s] [33mCMake Warning (dev) at /usr/share/cmake-3.22/Modules/FindPackageHandleStandardArgs.cmake:438 (message):
[1.792s]   The package name passed to `find_package_handle_standard_args` (PkgConfig)
[1.792s]   does not match the name of the calling package (gazebo).  This can lead to
[1.793s]   problems in calling code that expects `find_package` result variables
[1.793s]   (e.g., `_FOUND`) to follow a certain pattern.
[1.793s] Call Stack (most recent call first):
[1.793s]   /usr/share/cmake-3.22/Modules/FindPkgConfig.cmake:99 (find_package_handle_standard_args)
[1.793s]   /usr/lib/x86_64-linux-gnu/cmake/gazebo/gazebo-config.cmake:72 (include)
[1.793s]   CMakeLists.txt:23 (find_package)
[1.793s] This warning is for project developers.  Use -Wno-dev to suppress it.
[1.793s] [0m
[2.087s] -- Found fcl: /usr/include (found suitable version "0.7.0", minimum required is "0.5.0") 
[2.505s] -- Found assimp: /usr/include (found version "5.2.0") 
[2.567s] -- Found DART: /usr/include (Required is at least version "6.6") found components: dart 
[3.145s] -- Found Boost: /usr/lib/x86_64-linux-gnu/cmake/Boost-1.74.0/BoostConfig.cmake (found suitable version "1.74.0", minimum required is "1.40.0") found components: thread system filesystem program_options regex iostreams date_time 
[3.654s] -- Found Protobuf: /usr/lib/x86_64-linux-gnu/libprotobuf.so (found version "3.12.4") 
[3.662s] -- Looking for ignition-math6 -- found version 6.15.1
[3.676s] -- Searching for dependencies of ignition-math6
[3.680s] -- Looking for OGRE...
[3.681s] -- OGRE_PREFIX_WATCH changed.
[3.688s] -- Checking for module 'OGRE'
[3.705s] --   Found OGRE, version 1.9.0
[3.743s] -- Found Ogre Ghadamon (1.9.0)
[4.149s] -- Found OGRE: optimized;/usr/lib/x86_64-linux-gnu/libOgreMain.so;debug;/usr/lib/x86_64-linux-gnu/libOgreMain.so
[4.167s] -- Looking for OGRE_Paging...
[4.556s] -- Found OGRE_Paging: optimized;/usr/lib/x86_64-linux-gnu/libOgrePaging.so;debug;/usr/lib/x86_64-linux-gnu/libOgrePaging.so
[4.556s] -- Looking for OGRE_Terrain...
[4.876s] -- Found OGRE_Terrain: optimized;/usr/lib/x86_64-linux-gnu/libOgreTerrain.so;debug;/usr/lib/x86_64-linux-gnu/libOgreTerrain.so
[4.876s] -- Looking for OGRE_Property...
[5.590s] -- Found OGRE_Property: optimized;/usr/lib/x86_64-linux-gnu/libOgreProperty.so;debug;/usr/lib/x86_64-linux-gnu/libOgreProperty.so
[5.590s] -- Looking for OGRE_RTShaderSystem...
[5.999s] -- Found OGRE_RTShaderSystem: optimized;/usr/lib/x86_64-linux-gnu/libOgreRTShaderSystem.so;debug;/usr/lib/x86_64-linux-gnu/libOgreRTShaderSystem.so
[5.999s] -- Looking for OGRE_Volume...
[6.340s] -- Found OGRE_Volume: optimized;/usr/lib/x86_64-linux-gnu/libOgreVolume.so;debug;/usr/lib/x86_64-linux-gnu/libOgreVolume.so
[6.340s] -- Looking for OGRE_Overlay...
[6.703s] -- Found OGRE_Overlay: optimized;/usr/lib/x86_64-linux-gnu/libOgreOverlay.so;debug;/usr/lib/x86_64-linux-gnu/libOgreOverlay.so
[37.970s] -- Looking for ignition-math6 -- found version 6.15.1
[37.982s] -- Looking for ignition-transport8 -- found version 8.2.1
[37.985s] -- Searching for dependencies of ignition-transport8
[40.046s] -- Found Protobuf: /usr/lib/x86_64-linux-gnu/libprotobuf.so (found suitable version "3.12.4", minimum required is "3") 
[42.207s] -- Config-file not installed for ZeroMQ -- checking for pkg-config
[42.233s] -- Checking for module 'libzmq >= 4'
[42.391s] --   Found libzmq , version 4.3.4
[42.669s] -- Found ZeroMQ: TRUE (Required is at least version "4") 
[42.778s] -- Checking for module 'uuid'
[42.908s] --   Found uuid, version 2.37.2
[43.104s] -- Found UUID: TRUE  
[43.136s] -- Looking for ignition-msgs5 -- found version 5.8.1
[43.137s] -- Searching for dependencies of ignition-msgs5
[44.750s] -- Looking for ignition-math6 -- found version 6.15.1
[44.786s] -- Checking for module 'tinyxml2'
[44.882s] --   Found tinyxml2, version 9.0.0
[45.259s] -- Looking for ignition-msgs5 -- found version 5.8.1
[45.276s] -- Looking for ignition-common3 -- found version 3.14.0
[45.278s] -- Searching for dependencies of ignition-common3
[45.361s] -- Looking for dlfcn.h - found
[45.417s] -- Looking for libdl - found
[45.418s] -- Found DL: TRUE  
[45.653s] -- Found tinyobjloader: /usr/lib/x86_64-linux-gnu/cmake/tinyobjloader/tinyobjloader-config.cmake (found version "2.0.0") 
[45.656s] -- Searching for <ignition-common3> component [graphics]
[45.665s] -- Looking for ignition-common3-graphics -- found version 3.14.0
[45.667s] -- Searching for dependencies of ignition-common3-graphics
[45.669s] -- Looking for ignition-math6 -- found version 6.15.1
[45.696s] -- Looking for ignition-fuel_tools4 -- found version 4.4.0
[45.698s] -- Searching for dependencies of ignition-fuel_tools4
[49.407s] -- Found CURL: /usr/lib/x86_64-linux-gnu/libcurl.so (found version "7.81.0")  
[49.528s] -- Checking for module 'jsoncpp'
[49.631s] --   Found jsoncpp, version 1.9.5
[49.851s] -- Found JSONCPP: TRUE  
[49.894s] -- Checking for module 'libzip'
[50.069s] --   Found libzip, version 1.7.3
[50.420s] -- Found ZIP: TRUE  
[50.422s] -- Looking for ignition-common3 -- found version 3.14.0
[50.423s] -- Looking for ignition-math6 -- found version 6.15.1
[50.424s] -- Looking for ignition-msgs5 -- found version 5.8.1
[50.492s] -- Found gazebo_ros_pkgs: 3.9.0 (/opt/ros/humble/share/gazebo_ros_pkgs/cmake)
[50.520s] -- Found geometry_msgs: 4.2.4 (/opt/ros/humble/share/geometry_msgs/cmake)
[50.758s] -- Found rosidl_generator_c: 3.1.6 (/opt/ros/humble/share/rosidl_generator_c/cmake)
[50.807s] -- Found rosidl_adapter: 3.1.6 (/opt/ros/humble/share/rosidl_adapter/cmake)
[50.854s] -- Found rosidl_generator_cpp: 3.1.6 (/opt/ros/humble/share/rosidl_generator_cpp/cmake)
[50.910s] -- Using all available rosidl_typesupport_c: rosidl_typesupport_fastrtps_c;rosidl_typesupport_introspection_c
[50.989s] -- Using all available rosidl_typesupport_cpp: rosidl_typesupport_fastrtps_cpp;rosidl_typesupport_introspection_cpp
[51.168s] -- Found nav_msgs: 4.2.4 (/opt/ros/humble/share/nav_msgs/cmake)
[51.254s] -- Found rclcpp: 16.0.11 (/opt/ros/humble/share/rclcpp/cmake)
[51.542s] -- Found rmw_implementation_cmake: 6.1.2 (/opt/ros/humble/share/rmw_implementation_cmake/cmake)
[51.564s] -- Found rmw_fastrtps_cpp: 6.2.7 (/opt/ros/humble/share/rmw_fastrtps_cpp/cmake)
[54.332s] -- Found OpenSSL: /usr/lib/x86_64-linux-gnu/libcrypto.so (found version "3.0.2")  
[56.752s] -- Found FastRTPS: /opt/ros/humble/include  
[62.229s] -- Using RMW implementation 'rmw_fastrtps_cpp' as default
[62.327s] -- Found Threads: TRUE  
[62.496s] -- Found sensor_msgs: 4.2.4 (/opt/ros/humble/share/sensor_msgs/cmake)
[62.619s] -- Found tf2: 0.25.11 (/opt/ros/humble/share/tf2/cmake)
[63.096s] -- Configuring done
[63.296s] -- Generating done
[63.314s] -- Build files have been written to: /root/ros2_ws/build/turtlebot3_gazebo
