[0.019s] Invoking command in '/root/ros2_ws/build/turtlesim': CMAKE_PREFIX_PATH=${CMAKE_PREFIX_PATH}:/opt/ros/humble /usr/bin/cmake --build /root/ros2_ws/build/turtlesim -- -j8 -l8
[0.068s] [  1%] Built target turtlesim__cpp
[0.070s] [ 11%] Built target turtlesim__rosidl_generator_c
[0.088s] [ 11%] Built target ament_cmake_python_copy_turtlesim
[0.099s] [ 43%] Built target turtlesim__rosidl_typesupport_fastrtps_cpp
[0.099s] [ 53%] Built target turtlesim__rosidl_typesupport_fastrtps_c
[0.100s] [ 60%] Built target turtlesim__rosidl_typesupport_introspection_cpp
[0.100s] [ 60%] Built target turtlesim__rosidl_typesupport_c
[0.100s] [ 61%] Built target turtlesim__rosidl_typesupport_introspection_c
[0.102s] [ 71%] Built target turtlesim__rosidl_typesupport_cpp
[0.124s] [ 71%] Built target turtlesim
[0.131s] [ 73%] Built target draw_square
[0.131s] [ 77%] Built target turtle_teleop_key
[0.131s] [ 77%] Built target mimic
[0.134s] [ 83%] Built target turtlesim_node
[0.145s] [ 84%] Built target turtlesim__py
[0.167s] [ 93%] Built target turtlesim__rosidl_generator_py
[0.187s] [ 97%] Built target turtlesim__rosidl_typesupport_fastrtps_c__pyext
[0.187s] [ 97%] Built target turtlesim__rosidl_typesupport_introspection_c__pyext
[0.187s] [100%] Built target turtlesim__rosidl_typesupport_c__pyext
[0.313s] running egg_info
[0.314s] writing turtlesim.egg-info/PKG-INFO
[0.314s] writing dependency_links to turtlesim.egg-info/dependency_links.txt
[0.314s] writing top-level names to turtlesim.egg-info/top_level.txt
[0.316s] reading manifest file 'turtlesim.egg-info/SOURCES.txt'
[0.317s] writing manifest file 'turtlesim.egg-info/SOURCES.txt'
[0.347s] [100%] Built target ament_cmake_python_build_turtlesim_egg
