-- The C compiler identification is GNU 11.4.0
-- The CXX compiler identification is GNU 11.4.0
-- Detecting C compiler ABI info
-- Detecting C compiler ABI info - done
-- Check for working C compiler: /usr/bin/cc - skipped
-- Detecting C compile features
-- Detecting C compile features - done
-- Detecting CXX compiler ABI info
-- Detecting CXX compiler ABI info - done
-- Check for working CXX compiler: /usr/bin/c++ - skipped
-- Detecting CXX compile features
-- Detecting CXX compile features - done
-- Found ament_cmake: 1.3.11 (/opt/ros/humble/share/ament_cmake/cmake)
-- Found Python3: /usr/bin/python3 (found version "3.10.12") found components: Interpreter 
-- Configuring done
-- Generating done
-- Build files have been written to: /root/ros2_ws/build/dynamixel_sdk
[  7%] [32mBuilding CXX object CMakeFiles/dynamixel_sdk.dir/src/dynamixel_sdk/packet_handler.cpp.o[0m
[ 15%] [32mBuilding CXX object CMakeFiles/dynamixel_sdk.dir/src/dynamixel_sdk/protocol1_packet_handler.cpp.o[0m
[ 23%] [32mBuilding CXX object CMakeFiles/dynamixel_sdk.dir/src/dynamixel_sdk/protocol2_packet_handler.cpp.o[0m
[ 30%] [32mBuilding CXX object CMakeFiles/dynamixel_sdk.dir/src/dynamixel_sdk/group_sync_read.cpp.o[0m
[ 38%] [32mBuilding CXX object CMakeFiles/dynamixel_sdk.dir/src/dynamixel_sdk/group_sync_write.cpp.o[0m
[ 46%] [32mBuilding CXX object CMakeFiles/dynamixel_sdk.dir/src/dynamixel_sdk/group_bulk_read.cpp.o[0m
[ 53%] [32mBuilding CXX object CMakeFiles/dynamixel_sdk.dir/src/dynamixel_sdk/group_fast_bulk_read.cpp.o[0m
[ 61%] [32mBuilding CXX object CMakeFiles/dynamixel_sdk.dir/src/dynamixel_sdk/group_bulk_write.cpp.o[0m
[ 69%] [32mBuilding CXX object CMakeFiles/dynamixel_sdk.dir/src/dynamixel_sdk/group_fast_sync_read.cpp.o[0m
[ 76%] [32mBuilding CXX object CMakeFiles/dynamixel_sdk.dir/src/dynamixel_sdk/group_handler.cpp.o[0m
[ 84%] [32mBuilding CXX object CMakeFiles/dynamixel_sdk.dir/src/dynamixel_sdk/port_handler.cpp.o[0m
[ 92%] [32mBuilding CXX object CMakeFiles/dynamixel_sdk.dir/src/dynamixel_sdk/port_handler_linux.cpp.o[0m
[100%] [32m[1mLinking CXX shared library libdynamixel_sdk.so[0m
[100%] Built target dynamixel_sdk
-- Install configuration: ""
-- Up-to-date: /root/ros2_ws/install/dynamixel_sdk/include/
-- Up-to-date: /root/ros2_ws/install/dynamixel_sdk/include//dynamixel_sdk
-- Up-to-date: /root/ros2_ws/install/dynamixel_sdk/include//dynamixel_sdk/protocol1_packet_handler.h
-- Up-to-date: /root/ros2_ws/install/dynamixel_sdk/include//dynamixel_sdk/port_handler.h
-- Up-to-date: /root/ros2_ws/install/dynamixel_sdk/include//dynamixel_sdk/port_handler_linux.h
-- Up-to-date: /root/ros2_ws/install/dynamixel_sdk/include//dynamixel_sdk/group_fast_bulk_read.h
-- Up-to-date: /root/ros2_ws/install/dynamixel_sdk/include//dynamixel_sdk/group_bulk_write.h
-- Up-to-date: /root/ros2_ws/install/dynamixel_sdk/include//dynamixel_sdk/dynamixel_sdk.h
-- Up-to-date: /root/ros2_ws/install/dynamixel_sdk/include//dynamixel_sdk/port_handler_windows.h
-- Up-to-date: /root/ros2_ws/install/dynamixel_sdk/include//dynamixel_sdk/packet_handler.h
-- Up-to-date: /root/ros2_ws/install/dynamixel_sdk/include//dynamixel_sdk/port_handler_arduino.h
-- Up-to-date: /root/ros2_ws/install/dynamixel_sdk/include//dynamixel_sdk/group_bulk_read.h
-- Up-to-date: /root/ros2_ws/install/dynamixel_sdk/include//dynamixel_sdk/group_fast_sync_read.h
-- Up-to-date: /root/ros2_ws/install/dynamixel_sdk/include//dynamixel_sdk/port_handler_mac.h
-- Up-to-date: /root/ros2_ws/install/dynamixel_sdk/include//dynamixel_sdk/group_handler.h
-- Up-to-date: /root/ros2_ws/install/dynamixel_sdk/include//dynamixel_sdk/group_sync_write.h
-- Up-to-date: /root/ros2_ws/install/dynamixel_sdk/include//dynamixel_sdk/protocol2_packet_handler.h
-- Up-to-date: /root/ros2_ws/install/dynamixel_sdk/include//dynamixel_sdk/group_sync_read.h
-- Installing: /root/ros2_ws/install/dynamixel_sdk/lib/libdynamixel_sdk.so
-- Up-to-date: /root/ros2_ws/install/dynamixel_sdk/share/dynamixel_sdk/environment/library_path.sh
-- Installing: /root/ros2_ws/install/dynamixel_sdk/share/dynamixel_sdk/environment/library_path.dsv
-- Installing: /root/ros2_ws/install/dynamixel_sdk/share/ament_index/resource_index/package_run_dependencies/dynamixel_sdk
-- Installing: /root/ros2_ws/install/dynamixel_sdk/share/ament_index/resource_index/parent_prefix_path/dynamixel_sdk
-- Up-to-date: /root/ros2_ws/install/dynamixel_sdk/share/dynamixel_sdk/environment/ament_prefix_path.sh
-- Installing: /root/ros2_ws/install/dynamixel_sdk/share/dynamixel_sdk/environment/ament_prefix_path.dsv
-- Up-to-date: /root/ros2_ws/install/dynamixel_sdk/share/dynamixel_sdk/environment/path.sh
-- Installing: /root/ros2_ws/install/dynamixel_sdk/share/dynamixel_sdk/environment/path.dsv
-- Installing: /root/ros2_ws/install/dynamixel_sdk/share/dynamixel_sdk/local_setup.bash
-- Installing: /root/ros2_ws/install/dynamixel_sdk/share/dynamixel_sdk/local_setup.sh
-- Installing: /root/ros2_ws/install/dynamixel_sdk/share/dynamixel_sdk/local_setup.zsh
-- Installing: /root/ros2_ws/install/dynamixel_sdk/share/dynamixel_sdk/local_setup.dsv
-- Installing: /root/ros2_ws/install/dynamixel_sdk/share/dynamixel_sdk/package.dsv
-- Installing: /root/ros2_ws/install/dynamixel_sdk/share/ament_index/resource_index/packages/dynamixel_sdk
-- Installing: /root/ros2_ws/install/dynamixel_sdk/share/dynamixel_sdk/cmake/ament_cmake_export_include_directories-extras.cmake
-- Installing: /root/ros2_ws/install/dynamixel_sdk/share/dynamixel_sdk/cmake/ament_cmake_export_libraries-extras.cmake
-- Installing: /root/ros2_ws/install/dynamixel_sdk/share/dynamixel_sdk/cmake/dynamixel_sdkConfig.cmake
-- Installing: /root/ros2_ws/install/dynamixel_sdk/share/dynamixel_sdk/cmake/dynamixel_sdkConfig-version.cmake
-- Up-to-date: /root/ros2_ws/install/dynamixel_sdk/share/dynamixel_sdk/package.xml
