[0.029s] Invoking command in '/root/ros2_ws/build/dynamixel_sdk': CMAKE_PREFIX_PATH=/opt/ros/humble /usr/bin/cmake /root/ros2_ws/src/turlebot3_ws/src/DynamixelSDK/ros/dynamixel_sdk -DCMAKE_INSTALL_PREFIX=/root/ros2_ws/install/dynamixel_sdk
[0.150s] -- The C compiler identification is GNU 11.4.0
[0.440s] -- The CXX compiler identification is GNU 11.4.0
[0.755s] -- Detecting C compiler ABI info
[0.873s] -- Detecting C compiler ABI info - done
[0.882s] -- Check for working C compiler: /usr/bin/cc - skipped
[0.882s] -- Detecting C compile features
[0.883s] -- Detecting C compile features - done
[0.889s] -- Detecting CXX compiler ABI info
[1.039s] -- Detecting CXX compiler ABI info - done
[1.045s] -- Check for working CXX compiler: /usr/bin/c++ - skipped
[1.045s] -- Detecting CXX compile features
[1.045s] -- Detecting CXX compile features - done
[1.055s] -- Found ament_cmake: 1.3.11 (/opt/ros/humble/share/ament_cmake/cmake)
[1.276s] -- Found Python3: /usr/bin/python3 (found version "3.10.12") found components: Interpreter 
[1.466s] -- Configuring done
[1.473s] -- Generating done
[1.475s] -- Build files have been written to: /root/ros2_ws/build/dynamixel_sdk
[1.492s] Invoked command in '/root/ros2_ws/build/dynamixel_sdk' returned '0': CMAKE_PREFIX_PATH=/opt/ros/humble /usr/bin/cmake /root/ros2_ws/src/turlebot3_ws/src/DynamixelSDK/ros/dynamixel_sdk -DCMAKE_INSTALL_PREFIX=/root/ros2_ws/install/dynamixel_sdk
[1.492s] Invoking command in '/root/ros2_ws/build/dynamixel_sdk': CMAKE_PREFIX_PATH=/opt/ros/humble /usr/bin/cmake --build /root/ros2_ws/build/dynamixel_sdk -- -j8 -l8
[1.541s] [  7%] [32mBuilding CXX object CMakeFiles/dynamixel_sdk.dir/src/dynamixel_sdk/packet_handler.cpp.o[0m
[1.543s] [ 15%] [32mBuilding CXX object CMakeFiles/dynamixel_sdk.dir/src/dynamixel_sdk/protocol1_packet_handler.cpp.o[0m
[1.546s] [ 23%] [32mBuilding CXX object CMakeFiles/dynamixel_sdk.dir/src/dynamixel_sdk/protocol2_packet_handler.cpp.o[0m
[1.551s] [ 30%] [32mBuilding CXX object CMakeFiles/dynamixel_sdk.dir/src/dynamixel_sdk/group_sync_read.cpp.o[0m
[1.552s] [ 38%] [32mBuilding CXX object CMakeFiles/dynamixel_sdk.dir/src/dynamixel_sdk/group_sync_write.cpp.o[0m
[1.568s] [ 46%] [32mBuilding CXX object CMakeFiles/dynamixel_sdk.dir/src/dynamixel_sdk/group_bulk_read.cpp.o[0m
[1.590s] [ 53%] [32mBuilding CXX object CMakeFiles/dynamixel_sdk.dir/src/dynamixel_sdk/group_fast_bulk_read.cpp.o[0m
[1.603s] [ 61%] [32mBuilding CXX object CMakeFiles/dynamixel_sdk.dir/src/dynamixel_sdk/group_bulk_write.cpp.o[0m
[1.717s] [ 69%] [32mBuilding CXX object CMakeFiles/dynamixel_sdk.dir/src/dynamixel_sdk/group_fast_sync_read.cpp.o[0m
[1.961s] [01m[K/root/ros2_ws/src/turlebot3_ws/src/DynamixelSDK/ros/dynamixel_sdk/src/dynamixel_sdk/group_sync_read.cpp:[m[K In member function ‘[01m[Kbool dynamixel::GroupSyncRead::getError(uint8_t, uint8_t*)[m[K’:
[1.961s] [01m[K/root/ros2_ws/src/turlebot3_ws/src/DynamixelSDK/ros/dynamixel_sdk/src/dynamixel_sdk/group_sync_read.cpp:201:19:[m[K [01;35m[Kwarning: [m[Ksuggest parentheses around assignment used as truth value [[01;35m[K]8;;https://gcc.gnu.org/onlinedocs/gcc/Warning-Options.html#index-Wparentheses-Wparentheses]8;;[m[K]
[1.961s]   201 |   return [01;35m[Kerror[0] = error_list_[id][0][m[K;
[1.961s]       |          [01;35m[K~~~~~~~~~^~~~~~~~~~~~~~~~~~~~[m[K
[2.046s] [01m[K/root/ros2_ws/src/turlebot3_ws/src/DynamixelSDK/ros/dynamixel_sdk/src/dynamixel_sdk/group_bulk_read.cpp:[m[K In member function ‘[01m[Kbool dynamixel::GroupBulkRead::getError(uint8_t, uint8_t*)[m[K’:
[2.046s] [01m[K/root/ros2_ws/src/turlebot3_ws/src/DynamixelSDK/ros/dynamixel_sdk/src/dynamixel_sdk/group_bulk_read.cpp:232:19:[m[K [01;35m[Kwarning: [m[Ksuggest parentheses around assignment used as truth value [[01;35m[K]8;;https://gcc.gnu.org/onlinedocs/gcc/Warning-Options.html#index-Wparentheses-Wparentheses]8;;[m[K]
[2.046s]   232 |   return [01;35m[Kerror[0] = error_list_[id][0][m[K;
[2.046s]       |          [01;35m[K~~~~~~~~~^~~~~~~~~~~~~~~~~~~~[m[K
[2.049s] [ 76%] [32mBuilding CXX object CMakeFiles/dynamixel_sdk.dir/src/dynamixel_sdk/group_handler.cpp.o[0m
[2.177s] [ 84%] [32mBuilding CXX object CMakeFiles/dynamixel_sdk.dir/src/dynamixel_sdk/port_handler.cpp.o[0m
[2.280s] [ 92%] [32mBuilding CXX object CMakeFiles/dynamixel_sdk.dir/src/dynamixel_sdk/port_handler_linux.cpp.o[0m
[2.458s] [100%] [32m[1mLinking CXX shared library libdynamixel_sdk.so[0m
[2.604s] [100%] Built target dynamixel_sdk
[2.624s] Invoked command in '/root/ros2_ws/build/dynamixel_sdk' returned '0': CMAKE_PREFIX_PATH=/opt/ros/humble /usr/bin/cmake --build /root/ros2_ws/build/dynamixel_sdk -- -j8 -l8
[2.627s] Invoking command in '/root/ros2_ws/build/dynamixel_sdk': CMAKE_PREFIX_PATH=/opt/ros/humble /usr/bin/cmake --install /root/ros2_ws/build/dynamixel_sdk
[2.653s] -- Install configuration: ""
[2.654s] -- Up-to-date: /root/ros2_ws/install/dynamixel_sdk/include/
[2.654s] -- Up-to-date: /root/ros2_ws/install/dynamixel_sdk/include//dynamixel_sdk
[2.654s] -- Up-to-date: /root/ros2_ws/install/dynamixel_sdk/include//dynamixel_sdk/protocol1_packet_handler.h
[2.654s] -- Up-to-date: /root/ros2_ws/install/dynamixel_sdk/include//dynamixel_sdk/port_handler.h
[2.654s] -- Up-to-date: /root/ros2_ws/install/dynamixel_sdk/include//dynamixel_sdk/port_handler_linux.h
[2.654s] -- Up-to-date: /root/ros2_ws/install/dynamixel_sdk/include//dynamixel_sdk/group_fast_bulk_read.h
[2.655s] -- Up-to-date: /root/ros2_ws/install/dynamixel_sdk/include//dynamixel_sdk/group_bulk_write.h
[2.655s] -- Up-to-date: /root/ros2_ws/install/dynamixel_sdk/include//dynamixel_sdk/dynamixel_sdk.h
[2.655s] -- Up-to-date: /root/ros2_ws/install/dynamixel_sdk/include//dynamixel_sdk/port_handler_windows.h
[2.655s] -- Up-to-date: /root/ros2_ws/install/dynamixel_sdk/include//dynamixel_sdk/packet_handler.h
[2.656s] -- Up-to-date: /root/ros2_ws/install/dynamixel_sdk/include//dynamixel_sdk/port_handler_arduino.h
[2.656s] -- Up-to-date: /root/ros2_ws/install/dynamixel_sdk/include//dynamixel_sdk/group_bulk_read.h
[2.656s] -- Up-to-date: /root/ros2_ws/install/dynamixel_sdk/include//dynamixel_sdk/group_fast_sync_read.h
[2.656s] -- Up-to-date: /root/ros2_ws/install/dynamixel_sdk/include//dynamixel_sdk/port_handler_mac.h
[2.656s] -- Up-to-date: /root/ros2_ws/install/dynamixel_sdk/include//dynamixel_sdk/group_handler.h
[2.656s] -- Up-to-date: /root/ros2_ws/install/dynamixel_sdk/include//dynamixel_sdk/group_sync_write.h
[2.656s] -- Up-to-date: /root/ros2_ws/install/dynamixel_sdk/include//dynamixel_sdk/protocol2_packet_handler.h
[2.656s] -- Up-to-date: /root/ros2_ws/install/dynamixel_sdk/include//dynamixel_sdk/group_sync_read.h
[2.656s] -- Installing: /root/ros2_ws/install/dynamixel_sdk/lib/libdynamixel_sdk.so
[2.656s] -- Up-to-date: /root/ros2_ws/install/dynamixel_sdk/share/dynamixel_sdk/environment/library_path.sh
[2.656s] -- Installing: /root/ros2_ws/install/dynamixel_sdk/share/dynamixel_sdk/environment/library_path.dsv
[2.656s] -- Installing: /root/ros2_ws/install/dynamixel_sdk/share/ament_index/resource_index/package_run_dependencies/dynamixel_sdk
[2.656s] -- Installing: /root/ros2_ws/install/dynamixel_sdk/share/ament_index/resource_index/parent_prefix_path/dynamixel_sdk
[2.656s] -- Up-to-date: /root/ros2_ws/install/dynamixel_sdk/share/dynamixel_sdk/environment/ament_prefix_path.sh
[2.656s] -- Installing: /root/ros2_ws/install/dynamixel_sdk/share/dynamixel_sdk/environment/ament_prefix_path.dsv
[2.656s] -- Up-to-date: /root/ros2_ws/install/dynamixel_sdk/share/dynamixel_sdk/environment/path.sh
[2.656s] -- Installing: /root/ros2_ws/install/dynamixel_sdk/share/dynamixel_sdk/environment/path.dsv
[2.656s] -- Installing: /root/ros2_ws/install/dynamixel_sdk/share/dynamixel_sdk/local_setup.bash
[2.656s] -- Installing: /root/ros2_ws/install/dynamixel_sdk/share/dynamixel_sdk/local_setup.sh
[2.657s] -- Installing: /root/ros2_ws/install/dynamixel_sdk/share/dynamixel_sdk/local_setup.zsh
[2.657s] -- Installing: /root/ros2_ws/install/dynamixel_sdk/share/dynamixel_sdk/local_setup.dsv
[2.657s] -- Installing: /root/ros2_ws/install/dynamixel_sdk/share/dynamixel_sdk/package.dsv
[2.657s] -- Installing: /root/ros2_ws/install/dynamixel_sdk/share/ament_index/resource_index/packages/dynamixel_sdk
[2.657s] -- Installing: /root/ros2_ws/install/dynamixel_sdk/share/dynamixel_sdk/cmake/ament_cmake_export_include_directories-extras.cmake
[2.657s] -- Installing: /root/ros2_ws/install/dynamixel_sdk/share/dynamixel_sdk/cmake/ament_cmake_export_libraries-extras.cmake
[2.657s] -- Installing: /root/ros2_ws/install/dynamixel_sdk/share/dynamixel_sdk/cmake/dynamixel_sdkConfig.cmake
[2.657s] -- Installing: /root/ros2_ws/install/dynamixel_sdk/share/dynamixel_sdk/cmake/dynamixel_sdkConfig-version.cmake
[2.657s] -- Up-to-date: /root/ros2_ws/install/dynamixel_sdk/share/dynamixel_sdk/package.xml
[2.921s] Invoked command in '/root/ros2_ws/build/dynamixel_sdk' returned '0': CMAKE_PREFIX_PATH=/opt/ros/humble /usr/bin/cmake --install /root/ros2_ws/build/dynamixel_sdk
