[0.893s] Invoking command in '/root/ros2_ws/src/turlebot3_ws/src/turtlebot3/turtlebot3_example': AMENT_PREFIX_PATH=/root/ros2_ws/src/turlebot3_ws/src/install/turtlebot3_msgs:${AMENT_PREFIX_PATH} CMAKE_PREFIX_PATH=/root/ros2_ws/src/turlebot3_ws/src/install/turtlebot3_msgs LD_LIBRARY_PATH=/root/ros2_ws/src/turlebot3_ws/src/install/turtlebot3_msgs/lib:${LD_LIBRARY_PATH} PYTHONPATH=/root/ros2_ws/src/turlebot3_ws/src/build/turtlebot3_example/prefix_override:/usr/lib/python3/dist-packages/colcon_core/task/python/colcon_distutils_commands:/root/ros2_ws/src/turlebot3_ws/src/install/turtlebot3_example/lib/python3.10/site-packages:/root/ros2_ws/src/turlebot3_ws/src/install/turtlebot3_msgs/local/lib/python3.10/dist-packages:${PYTHONPATH} /usr/bin/python3 -W ignore:setup.py install is deprecated -W ignore:easy_install command is deprecated setup.py egg_info --egg-base ../../build/turtlebot3_example build --build-base /root/ros2_ws/src/turlebot3_ws/src/build/turtlebot3_example/build install --record /root/ros2_ws/src/turlebot3_ws/src/build/turtlebot3_example/install.log --single-version-externally-managed install_data
[1.183s] running egg_info
[1.184s] creating ../../build/turtlebot3_example/turtlebot3_example.egg-info
[1.184s] writing ../../build/turtlebot3_example/turtlebot3_example.egg-info/PKG-INFO
[1.184s] writing dependency_links to ../../build/turtlebot3_example/turtlebot3_example.egg-info/dependency_links.txt
[1.185s] writing entry points to ../../build/turtlebot3_example/turtlebot3_example.egg-info/entry_points.txt
[1.185s] writing requirements to ../../build/turtlebot3_example/turtlebot3_example.egg-info/requires.txt
[1.185s] writing top-level names to ../../build/turtlebot3_example/turtlebot3_example.egg-info/top_level.txt
[1.185s] writing manifest file '../../build/turtlebot3_example/turtlebot3_example.egg-info/SOURCES.txt'
[1.187s] reading manifest file '../../build/turtlebot3_example/turtlebot3_example.egg-info/SOURCES.txt'
[1.188s] writing manifest file '../../build/turtlebot3_example/turtlebot3_example.egg-info/SOURCES.txt'
[1.189s] running build
[1.189s] running build_py
[1.189s] creating /root/ros2_ws/src/turlebot3_ws/src/build/turtlebot3_example/build
[1.190s] creating /root/ros2_ws/src/turlebot3_ws/src/build/turtlebot3_example/build/lib
[1.190s] creating /root/ros2_ws/src/turlebot3_ws/src/build/turtlebot3_example/build/lib/turtlebot3_example
[1.190s] copying turtlebot3_example/__init__.py -> /root/ros2_ws/src/turlebot3_ws/src/build/turtlebot3_example/build/lib/turtlebot3_example
[1.190s] creating /root/ros2_ws/src/turlebot3_ws/src/build/turtlebot3_example/build/lib/turtlebot3_example/turtlebot3_patrol_server
[1.190s] copying turtlebot3_example/turtlebot3_patrol_server/main.py -> /root/ros2_ws/src/turlebot3_ws/src/build/turtlebot3_example/build/lib/turtlebot3_example/turtlebot3_patrol_server
[1.195s] copying turtlebot3_example/turtlebot3_patrol_server/turtlebot3_path.py -> /root/ros2_ws/src/turlebot3_ws/src/build/turtlebot3_example/build/lib/turtlebot3_example/turtlebot3_patrol_server
[1.196s] copying turtlebot3_example/turtlebot3_patrol_server/turtlebot3_patrol_server.py -> /root/ros2_ws/src/turlebot3_ws/src/build/turtlebot3_example/build/lib/turtlebot3_example/turtlebot3_patrol_server
[1.197s] copying turtlebot3_example/turtlebot3_patrol_server/__init__.py -> /root/ros2_ws/src/turlebot3_ws/src/build/turtlebot3_example/build/lib/turtlebot3_example/turtlebot3_patrol_server
[1.197s] creating /root/ros2_ws/src/turlebot3_ws/src/build/turtlebot3_example/build/lib/turtlebot3_example/turtlebot3_obstacle_detection
[1.197s] copying turtlebot3_example/turtlebot3_obstacle_detection/main.py -> /root/ros2_ws/src/turlebot3_ws/src/build/turtlebot3_example/build/lib/turtlebot3_example/turtlebot3_obstacle_detection
[1.197s] copying turtlebot3_example/turtlebot3_obstacle_detection/turtlebot3_obstacle_detection.py -> /root/ros2_ws/src/turlebot3_ws/src/build/turtlebot3_example/build/lib/turtlebot3_example/turtlebot3_obstacle_detection
[1.198s] copying turtlebot3_example/turtlebot3_obstacle_detection/__init__.py -> /root/ros2_ws/src/turlebot3_ws/src/build/turtlebot3_example/build/lib/turtlebot3_example/turtlebot3_obstacle_detection
[1.198s] creating /root/ros2_ws/src/turlebot3_ws/src/build/turtlebot3_example/build/lib/turtlebot3_example/turtlebot3_patrol_client
[1.199s] copying turtlebot3_example/turtlebot3_patrol_client/main.py -> /root/ros2_ws/src/turlebot3_ws/src/build/turtlebot3_example/build/lib/turtlebot3_example/turtlebot3_patrol_client
[1.199s] copying turtlebot3_example/turtlebot3_patrol_client/turtlebot3_patrol_client.py -> /root/ros2_ws/src/turlebot3_ws/src/build/turtlebot3_example/build/lib/turtlebot3_example/turtlebot3_patrol_client
[1.199s] copying turtlebot3_example/turtlebot3_patrol_client/__init__.py -> /root/ros2_ws/src/turlebot3_ws/src/build/turtlebot3_example/build/lib/turtlebot3_example/turtlebot3_patrol_client
[1.199s] creating /root/ros2_ws/src/turlebot3_ws/src/build/turtlebot3_example/build/lib/turtlebot3_example/turtlebot3_position_control
[1.200s] copying turtlebot3_example/turtlebot3_position_control/main.py -> /root/ros2_ws/src/turlebot3_ws/src/build/turtlebot3_example/build/lib/turtlebot3_example/turtlebot3_position_control
[1.200s] copying turtlebot3_example/turtlebot3_position_control/turtlebot3_path.py -> /root/ros2_ws/src/turlebot3_ws/src/build/turtlebot3_example/build/lib/turtlebot3_example/turtlebot3_position_control
[1.201s] copying turtlebot3_example/turtlebot3_position_control/turtlebot3_position_control.py -> /root/ros2_ws/src/turlebot3_ws/src/build/turtlebot3_example/build/lib/turtlebot3_example/turtlebot3_position_control
[1.201s] copying turtlebot3_example/turtlebot3_position_control/__init__.py -> /root/ros2_ws/src/turlebot3_ws/src/build/turtlebot3_example/build/lib/turtlebot3_example/turtlebot3_position_control
[1.202s] running install
[1.202s] running install_lib
[1.203s] creating /root/ros2_ws/src/turlebot3_ws/src/install/turtlebot3_example/lib/python3.10/site-packages/turtlebot3_example
[1.203s] creating /root/ros2_ws/src/turlebot3_ws/src/install/turtlebot3_example/lib/python3.10/site-packages/turtlebot3_example/turtlebot3_patrol_server
[1.204s] copying /root/ros2_ws/src/turlebot3_ws/src/build/turtlebot3_example/build/lib/turtlebot3_example/turtlebot3_patrol_server/main.py -> /root/ros2_ws/src/turlebot3_ws/src/install/turtlebot3_example/lib/python3.10/site-packages/turtlebot3_example/turtlebot3_patrol_server
[1.204s] copying /root/ros2_ws/src/turlebot3_ws/src/build/turtlebot3_example/build/lib/turtlebot3_example/turtlebot3_patrol_server/turtlebot3_path.py -> /root/ros2_ws/src/turlebot3_ws/src/install/turtlebot3_example/lib/python3.10/site-packages/turtlebot3_example/turtlebot3_patrol_server
[1.204s] copying /root/ros2_ws/src/turlebot3_ws/src/build/turtlebot3_example/build/lib/turtlebot3_example/turtlebot3_patrol_server/turtlebot3_patrol_server.py -> /root/ros2_ws/src/turlebot3_ws/src/install/turtlebot3_example/lib/python3.10/site-packages/turtlebot3_example/turtlebot3_patrol_server
[1.204s] copying /root/ros2_ws/src/turlebot3_ws/src/build/turtlebot3_example/build/lib/turtlebot3_example/turtlebot3_patrol_server/__init__.py -> /root/ros2_ws/src/turlebot3_ws/src/install/turtlebot3_example/lib/python3.10/site-packages/turtlebot3_example/turtlebot3_patrol_server
[1.205s] creating /root/ros2_ws/src/turlebot3_ws/src/install/turtlebot3_example/lib/python3.10/site-packages/turtlebot3_example/turtlebot3_obstacle_detection
[1.205s] copying /root/ros2_ws/src/turlebot3_ws/src/build/turtlebot3_example/build/lib/turtlebot3_example/turtlebot3_obstacle_detection/main.py -> /root/ros2_ws/src/turlebot3_ws/src/install/turtlebot3_example/lib/python3.10/site-packages/turtlebot3_example/turtlebot3_obstacle_detection
[1.205s] copying /root/ros2_ws/src/turlebot3_ws/src/build/turtlebot3_example/build/lib/turtlebot3_example/turtlebot3_obstacle_detection/turtlebot3_obstacle_detection.py -> /root/ros2_ws/src/turlebot3_ws/src/install/turtlebot3_example/lib/python3.10/site-packages/turtlebot3_example/turtlebot3_obstacle_detection
[1.206s] copying /root/ros2_ws/src/turlebot3_ws/src/build/turtlebot3_example/build/lib/turtlebot3_example/turtlebot3_obstacle_detection/__init__.py -> /root/ros2_ws/src/turlebot3_ws/src/install/turtlebot3_example/lib/python3.10/site-packages/turtlebot3_example/turtlebot3_obstacle_detection
[1.206s] creating /root/ros2_ws/src/turlebot3_ws/src/install/turtlebot3_example/lib/python3.10/site-packages/turtlebot3_example/turtlebot3_patrol_client
[1.206s] copying /root/ros2_ws/src/turlebot3_ws/src/build/turtlebot3_example/build/lib/turtlebot3_example/turtlebot3_patrol_client/main.py -> /root/ros2_ws/src/turlebot3_ws/src/install/turtlebot3_example/lib/python3.10/site-packages/turtlebot3_example/turtlebot3_patrol_client
[1.206s] copying /root/ros2_ws/src/turlebot3_ws/src/build/turtlebot3_example/build/lib/turtlebot3_example/turtlebot3_patrol_client/turtlebot3_patrol_client.py -> /root/ros2_ws/src/turlebot3_ws/src/install/turtlebot3_example/lib/python3.10/site-packages/turtlebot3_example/turtlebot3_patrol_client
[1.206s] copying /root/ros2_ws/src/turlebot3_ws/src/build/turtlebot3_example/build/lib/turtlebot3_example/turtlebot3_patrol_client/__init__.py -> /root/ros2_ws/src/turlebot3_ws/src/install/turtlebot3_example/lib/python3.10/site-packages/turtlebot3_example/turtlebot3_patrol_client
[1.207s] creating /root/ros2_ws/src/turlebot3_ws/src/install/turtlebot3_example/lib/python3.10/site-packages/turtlebot3_example/turtlebot3_position_control
[1.207s] copying /root/ros2_ws/src/turlebot3_ws/src/build/turtlebot3_example/build/lib/turtlebot3_example/turtlebot3_position_control/main.py -> /root/ros2_ws/src/turlebot3_ws/src/install/turtlebot3_example/lib/python3.10/site-packages/turtlebot3_example/turtlebot3_position_control
[1.207s] copying /root/ros2_ws/src/turlebot3_ws/src/build/turtlebot3_example/build/lib/turtlebot3_example/turtlebot3_position_control/turtlebot3_path.py -> /root/ros2_ws/src/turlebot3_ws/src/install/turtlebot3_example/lib/python3.10/site-packages/turtlebot3_example/turtlebot3_position_control
[1.207s] copying /root/ros2_ws/src/turlebot3_ws/src/build/turtlebot3_example/build/lib/turtlebot3_example/turtlebot3_position_control/turtlebot3_position_control.py -> /root/ros2_ws/src/turlebot3_ws/src/install/turtlebot3_example/lib/python3.10/site-packages/turtlebot3_example/turtlebot3_position_control
[1.207s] copying /root/ros2_ws/src/turlebot3_ws/src/build/turtlebot3_example/build/lib/turtlebot3_example/turtlebot3_position_control/__init__.py -> /root/ros2_ws/src/turlebot3_ws/src/install/turtlebot3_example/lib/python3.10/site-packages/turtlebot3_example/turtlebot3_position_control
[1.207s] copying /root/ros2_ws/src/turlebot3_ws/src/build/turtlebot3_example/build/lib/turtlebot3_example/__init__.py -> /root/ros2_ws/src/turlebot3_ws/src/install/turtlebot3_example/lib/python3.10/site-packages/turtlebot3_example
[1.207s] byte-compiling /root/ros2_ws/src/turlebot3_ws/src/install/turtlebot3_example/lib/python3.10/site-packages/turtlebot3_example/turtlebot3_patrol_server/main.py to main.cpython-310.pyc
[1.208s] byte-compiling /root/ros2_ws/src/turlebot3_ws/src/install/turtlebot3_example/lib/python3.10/site-packages/turtlebot3_example/turtlebot3_patrol_server/turtlebot3_path.py to turtlebot3_path.cpython-310.pyc
[1.208s] byte-compiling /root/ros2_ws/src/turlebot3_ws/src/install/turtlebot3_example/lib/python3.10/site-packages/turtlebot3_example/turtlebot3_patrol_server/turtlebot3_patrol_server.py to turtlebot3_patrol_server.cpython-310.pyc
[1.209s] byte-compiling /root/ros2_ws/src/turlebot3_ws/src/install/turtlebot3_example/lib/python3.10/site-packages/turtlebot3_example/turtlebot3_patrol_server/__init__.py to __init__.cpython-310.pyc
[1.209s] byte-compiling /root/ros2_ws/src/turlebot3_ws/src/install/turtlebot3_example/lib/python3.10/site-packages/turtlebot3_example/turtlebot3_obstacle_detection/main.py to main.cpython-310.pyc
[1.210s] byte-compiling /root/ros2_ws/src/turlebot3_ws/src/install/turtlebot3_example/lib/python3.10/site-packages/turtlebot3_example/turtlebot3_obstacle_detection/turtlebot3_obstacle_detection.py to turtlebot3_obstacle_detection.cpython-310.pyc
[1.210s] byte-compiling /root/ros2_ws/src/turlebot3_ws/src/install/turtlebot3_example/lib/python3.10/site-packages/turtlebot3_example/turtlebot3_obstacle_detection/__init__.py to __init__.cpython-310.pyc
[1.211s] byte-compiling /root/ros2_ws/src/turlebot3_ws/src/install/turtlebot3_example/lib/python3.10/site-packages/turtlebot3_example/turtlebot3_patrol_client/main.py to main.cpython-310.pyc
[1.211s] byte-compiling /root/ros2_ws/src/turlebot3_ws/src/install/turtlebot3_example/lib/python3.10/site-packages/turtlebot3_example/turtlebot3_patrol_client/turtlebot3_patrol_client.py to turtlebot3_patrol_client.cpython-310.pyc
[1.212s] byte-compiling /root/ros2_ws/src/turlebot3_ws/src/install/turtlebot3_example/lib/python3.10/site-packages/turtlebot3_example/turtlebot3_patrol_client/__init__.py to __init__.cpython-310.pyc
[1.212s] byte-compiling /root/ros2_ws/src/turlebot3_ws/src/install/turtlebot3_example/lib/python3.10/site-packages/turtlebot3_example/turtlebot3_position_control/main.py to main.cpython-310.pyc
[1.213s] byte-compiling /root/ros2_ws/src/turlebot3_ws/src/install/turtlebot3_example/lib/python3.10/site-packages/turtlebot3_example/turtlebot3_position_control/turtlebot3_path.py to turtlebot3_path.cpython-310.pyc
[1.213s] byte-compiling /root/ros2_ws/src/turlebot3_ws/src/install/turtlebot3_example/lib/python3.10/site-packages/turtlebot3_example/turtlebot3_position_control/turtlebot3_position_control.py to turtlebot3_position_control.cpython-310.pyc
[1.215s] byte-compiling /root/ros2_ws/src/turlebot3_ws/src/install/turtlebot3_example/lib/python3.10/site-packages/turtlebot3_example/turtlebot3_position_control/__init__.py to __init__.cpython-310.pyc
[1.215s] byte-compiling /root/ros2_ws/src/turlebot3_ws/src/install/turtlebot3_example/lib/python3.10/site-packages/turtlebot3_example/__init__.py to __init__.cpython-310.pyc
[1.215s] running install_data
[1.216s] creating /root/ros2_ws/src/turlebot3_ws/src/install/turtlebot3_example/share/ament_index
[1.216s] creating /root/ros2_ws/src/turlebot3_ws/src/install/turtlebot3_example/share/ament_index/resource_index
[1.216s] creating /root/ros2_ws/src/turlebot3_ws/src/install/turtlebot3_example/share/ament_index/resource_index/packages
[1.217s] copying resource/turtlebot3_example -> /root/ros2_ws/src/turlebot3_ws/src/install/turtlebot3_example/share/ament_index/resource_index/packages
[1.217s] copying package.xml -> /root/ros2_ws/src/turlebot3_ws/src/install/turtlebot3_example/share/turtlebot3_example
[1.217s] running install_egg_info
[1.219s] Copying ../../build/turtlebot3_example/turtlebot3_example.egg-info to /root/ros2_ws/src/turlebot3_ws/src/install/turtlebot3_example/lib/python3.10/site-packages/turtlebot3_example-2.2.0-py3.10.egg-info
[1.220s] running install_scripts
[1.248s] Installing turtlebot3_obstacle_detection script to /root/ros2_ws/src/turlebot3_ws/src/install/turtlebot3_example/lib/turtlebot3_example
[1.249s] Installing turtlebot3_patrol_client script to /root/ros2_ws/src/turlebot3_ws/src/install/turtlebot3_example/lib/turtlebot3_example
[1.249s] Installing turtlebot3_patrol_server script to /root/ros2_ws/src/turlebot3_ws/src/install/turtlebot3_example/lib/turtlebot3_example
[1.249s] Installing turtlebot3_position_control script to /root/ros2_ws/src/turlebot3_ws/src/install/turtlebot3_example/lib/turtlebot3_example
[1.250s] writing list of installed files to '/root/ros2_ws/src/turlebot3_ws/src/build/turtlebot3_example/install.log'
[1.278s] Invoked command in '/root/ros2_ws/src/turlebot3_ws/src/turtlebot3/turtlebot3_example' returned '0': AMENT_PREFIX_PATH=/root/ros2_ws/src/turlebot3_ws/src/install/turtlebot3_msgs:${AMENT_PREFIX_PATH} CMAKE_PREFIX_PATH=/root/ros2_ws/src/turlebot3_ws/src/install/turtlebot3_msgs LD_LIBRARY_PATH=/root/ros2_ws/src/turlebot3_ws/src/install/turtlebot3_msgs/lib:${LD_LIBRARY_PATH} PYTHONPATH=/root/ros2_ws/src/turlebot3_ws/src/build/turtlebot3_example/prefix_override:/usr/lib/python3/dist-packages/colcon_core/task/python/colcon_distutils_commands:/root/ros2_ws/src/turlebot3_ws/src/install/turtlebot3_example/lib/python3.10/site-packages:/root/ros2_ws/src/turlebot3_ws/src/install/turtlebot3_msgs/local/lib/python3.10/dist-packages:${PYTHONPATH} /usr/bin/python3 -W ignore:setup.py install is deprecated -W ignore:easy_install command is deprecated setup.py egg_info --egg-base ../../build/turtlebot3_example build --build-base /root/ros2_ws/src/turlebot3_ws/src/build/turtlebot3_example/build install --record /root/ros2_ws/src/turlebot3_ws/src/build/turtlebot3_example/install.log --single-version-externally-managed install_data
