[0.017s] Invoking command in '/root/ros2_ws/build/endicott': CMAKE_PREFIX_PATH=${CMAKE_PREFIX_PATH}:/opt/ros/humble /usr/bin/cmake --build /root/ros2_ws/build/endicott -- -j8 -l8
[0.047s] -- Found ament_cmake: 1.3.11 (/opt/ros/humble/share/ament_cmake/cmake)
[0.206s] -- Found ament_index_cpp: 1.4.0 (/opt/ros/humble/share/ament_index_cpp/cmake)
[0.209s] -- Found geometry_msgs: 4.2.4 (/opt/ros/humble/share/geometry_msgs/cmake)
[0.320s] -- Found rosidl_generator_c: 3.1.6 (/opt/ros/humble/share/rosidl_generator_c/cmake)
[0.322s] -- Found rosidl_adapter: 3.1.6 (/opt/ros/humble/share/rosidl_adapter/cmake)
[0.335s] -- Found rosidl_generator_cpp: 3.1.6 (/opt/ros/humble/share/rosidl_generator_cpp/cmake)
[0.348s] -- Using all available rosidl_typesupport_c: rosidl_typesupport_fastrtps_c;rosidl_typesupport_introspection_c
[0.365s] -- Using all available rosidl_typesupport_cpp: rosidl_typesupport_fastrtps_cpp;rosidl_typesupport_introspection_cpp
[0.483s] -- Found rclcpp: 16.0.11 (/opt/ros/humble/share/rclcpp/cmake)
[0.542s] -- Found rmw_implementation_cmake: 6.1.2 (/opt/ros/humble/share/rmw_implementation_cmake/cmake)
[0.549s] -- Found rmw_fastrtps_cpp: 6.2.7 (/opt/ros/humble/share/rmw_fastrtps_cpp/cmake)
[3.041s] -- Using RMW implementation 'rmw_fastrtps_cpp' as default
[3.109s] -- Found rclcpp_action: 16.0.11 (/opt/ros/humble/share/rclcpp_action/cmake)
[3.152s] -- Found rosidl_default_generators: 1.2.0 (/opt/ros/humble/share/rosidl_default_generators/cmake)
[3.159s] -- Found std_srvs: 4.2.4 (/opt/ros/humble/share/std_srvs/cmake)
[3.171s] -- Found turtlesim: 1.4.2 (/root/ros2_ws/install/turtlesim/share/turtlesim/cmake)
[3.185s] -- Found ament_lint_auto: 0.12.11 (/opt/ros/humble/share/ament_lint_auto/cmake)
[3.267s] -- Added test 'cppcheck' to perform static code analysis on C / C++ code
[3.268s] -- Configured cppcheck include dirs: $<BUILD_INTERFACE:/root/ros2_ws/src/endicott/include>
[3.268s] -- Configured cppcheck exclude dirs and/or files: 
[3.268s] -- Added test 'lint_cmake' to check CMake code style
[3.269s] -- Added test 'uncrustify' to check C / C++ code style
[3.269s] -- Configured uncrustify additional arguments: 
[3.269s] -- Added test 'xmllint' to check XML markup files
[3.271s] -- Configuring done
[3.280s] -- Generating done
[3.284s] -- Build files have been written to: /root/ros2_ws/build/endicott
[3.303s] [35m[1mConsolidate compiler generated dependencies of target endicott_turtle_controler[0m
[3.312s] [ 50%] [32mBuilding CXX object CMakeFiles/endicott_turtle_controler.dir/src/endicott_turtle_controler.cpp.o[0m
[3.321s] [01m[K/root/ros2_ws/src/endicott/src/endicott_turtle_controler.cpp:2:10:[m[K [01;31m[Kfatal error: [m[Kturtlesim/msg/pose.hpp: No such file or directory
[3.321s]     2 | #include [01;31m[K<turtlesim/msg/pose.hpp>[m[K
[3.321s]       |          [01;31m[K^~~~~~~~~~~~~~~~~~~~~~~~[m[K
[3.321s] compilation terminated.
[3.322s] gmake[2]: *** [CMakeFiles/endicott_turtle_controler.dir/build.make:76: CMakeFiles/endicott_turtle_controler.dir/src/endicott_turtle_controler.cpp.o] Error 1
[3.322s] gmake[1]: *** [CMakeFiles/Makefile2:137: CMakeFiles/endicott_turtle_controler.dir/all] Error 2
[3.322s] gmake: *** [Makefile:146: all] Error 2
[3.326s] Invoked command in '/root/ros2_ws/build/endicott' returned '2': CMAKE_PREFIX_PATH=${CMAKE_PREFIX_PATH}:/opt/ros/humble /usr/bin/cmake --build /root/ros2_ws/build/endicott -- -j8 -l8
