[0.040s] Invoking command in '/root/ros2_ws/build/endicott_interfaces': CMAKE_PREFIX_PATH=${CMAKE_PREFIX_PATH}:/root/ros2_ws/install/turtlebot3_teleop:/root/ros2_ws/install/turtlebot3_example:/opt/ros/humble /usr/bin/cmake /root/ros2_ws/src/endicott_interfaces -DCMAKE_INSTALL_PREFIX=/root/ros2_ws/install/endicott_interfaces
[0.169s] -- The C compiler identification is GNU 11.4.0
[0.535s] -- The CXX compiler identification is GNU 11.4.0
[0.918s] -- Detecting C compiler ABI info
[1.076s] -- Detecting C compiler ABI info - done
[1.094s] -- Check for working C compiler: /usr/bin/cc - skipped
[1.097s] -- Detecting C compile features
[1.097s] -- Detecting C compile features - done
[1.105s] -- Detecting CXX compiler ABI info
[1.325s] -- Detecting CXX compiler ABI info - done
[1.325s] -- Check for working CXX compiler: /usr/bin/c++ - skipped
[1.326s] -- Detecting CXX compile features
[1.326s] -- Detecting CXX compile features - done
[1.326s] -- Found ament_cmake: 1.3.11 (/opt/ros/humble/share/ament_cmake/cmake)
[1.542s] -- Found Python3: /usr/bin/python3 (found version "3.10.12") found components: Interpreter 
[1.676s] -- Found geometry_msgs: 4.2.4 (/opt/ros/humble/share/geometry_msgs/cmake)
[1.931s] -- Found rosidl_generator_c: 3.1.6 (/opt/ros/humble/share/rosidl_generator_c/cmake)
[1.949s] -- Found rosidl_adapter: 3.1.6 (/opt/ros/humble/share/rosidl_adapter/cmake)
[1.964s] -- Found rosidl_generator_cpp: 3.1.6 (/opt/ros/humble/share/rosidl_generator_cpp/cmake)
[1.996s] -- Using all available rosidl_typesupport_c: rosidl_typesupport_fastrtps_c;rosidl_typesupport_introspection_c
[2.117s] -- Using all available rosidl_typesupport_cpp: rosidl_typesupport_fastrtps_cpp;rosidl_typesupport_introspection_cpp
[2.219s] -- Found rosidl_default_generators: 1.2.0 (/opt/ros/humble/share/rosidl_default_generators/cmake)
[3.048s] -- Found ament_cmake_ros: 0.10.0 (/opt/ros/humble/share/ament_cmake_ros/cmake)
[3.590s] -- Using all available rosidl_typesupport_c: rosidl_typesupport_fastrtps_c;rosidl_typesupport_introspection_c
[3.794s] -- Using all available rosidl_typesupport_cpp: rosidl_typesupport_fastrtps_cpp;rosidl_typesupport_introspection_cpp
[3.939s] -- Found PythonInterp: /usr/bin/python3 (found suitable version "3.10.12", minimum required is "3.6") 
[3.939s] -- Found python_cmake_module: 0.10.0 (/opt/ros/humble/share/python_cmake_module/cmake)
[4.282s] -- Found PythonLibs: /usr/lib/x86_64-linux-gnu/libpython3.10.so (found suitable version "3.10.12", minimum required is "3.5") 
[4.283s] -- Using PYTHON_EXECUTABLE: /usr/bin/python3
[4.284s] -- Using PYTHON_INCLUDE_DIRS: /usr/include/python3.10
[4.284s] -- Using PYTHON_LIBRARIES: /usr/lib/x86_64-linux-gnu/libpython3.10.so
[4.313s] -- Found PythonExtra: .so  
[4.521s] -- Configuring done
[4.575s] -- Generating done
[4.601s] -- Build files have been written to: /root/ros2_ws/build/endicott_interfaces
[4.625s] Invoked command in '/root/ros2_ws/build/endicott_interfaces' returned '0': CMAKE_PREFIX_PATH=${CMAKE_PREFIX_PATH}:/root/ros2_ws/install/turtlebot3_teleop:/root/ros2_ws/install/turtlebot3_example:/opt/ros/humble /usr/bin/cmake /root/ros2_ws/src/endicott_interfaces -DCMAKE_INSTALL_PREFIX=/root/ros2_ws/install/endicott_interfaces
[4.625s] Invoking command in '/root/ros2_ws/build/endicott_interfaces': CMAKE_PREFIX_PATH=${CMAKE_PREFIX_PATH}:/root/ros2_ws/install/turtlebot3_teleop:/root/ros2_ws/install/turtlebot3_example:/opt/ros/humble /usr/bin/cmake --build /root/ros2_ws/build/endicott_interfaces -- -j8 -l8
[5.085s] [  3%] [34m[1mGenerating C code for ROS interfaces[0m
[5.085s] [  6%] [34m[1mGenerating C++ code for ROS interfaces[0m
[5.085s] [  6%] Built target ament_cmake_python_copy_endicott_interfaces
[5.406s] [  9%] [32mBuilding C object CMakeFiles/endicott_interfaces__rosidl_generator_c.dir/rosidl_generator_c/endicott_interfaces/msg/detail/move_status__functions.c.o[0m
[5.608s] [  9%] Built target endicott_interfaces__cpp
[5.633s] [ 12%] [32m[1mLinking C shared library libendicott_interfaces__rosidl_generator_c.so[0m
[5.673s] [ 16%] [34m[1mGenerating C++ type support for eProsima Fast-RTPS[0m
[5.674s] running egg_info
[5.686s] [ 19%] [34m[1mGenerating C++ introspection for ROS interfaces[0m
[5.688s] creating endicott_interfaces.egg-info
[5.689s] writing endicott_interfaces.egg-info/PKG-INFO
[5.689s] writing dependency_links to endicott_interfaces.egg-info/dependency_links.txt
[5.690s] writing top-level names to endicott_interfaces.egg-info/top_level.txt
[5.690s] writing manifest file 'endicott_interfaces.egg-info/SOURCES.txt'
[5.693s] reading manifest file 'endicott_interfaces.egg-info/SOURCES.txt'
[5.694s] writing manifest file 'endicott_interfaces.egg-info/SOURCES.txt'
[5.697s] [ 22%] [34m[1mGenerating C++ type support dispatch for ROS interfaces[0m
[5.951s] [ 22%] Built target ament_cmake_python_build_endicott_interfaces_egg
[5.976s] [ 22%] Built target endicott_interfaces__rosidl_generator_c
[6.090s] [ 25%] [34m[1mGenerating C type support for eProsima Fast-RTPS[0m
[6.097s] [ 29%] [34m[1mGenerating C introspection for ROS interfaces[0m
[6.133s] [ 32%] [34m[1mGenerating C type support dispatch for ROS interfaces[0m
[6.808s] [ 35%] [32mBuilding CXX object CMakeFiles/endicott_interfaces__rosidl_typesupport_cpp.dir/rosidl_typesupport_cpp/endicott_interfaces/msg/move_status__type_support.cpp.o[0m
[6.880s] [ 38%] [32mBuilding CXX object CMakeFiles/endicott_interfaces__rosidl_typesupport_introspection_cpp.dir/rosidl_typesupport_introspection_cpp/endicott_interfaces/msg/detail/move_status__type_support.cpp.o[0m
[6.956s] [ 41%] [32mBuilding CXX object CMakeFiles/endicott_interfaces__rosidl_typesupport_fastrtps_cpp.dir/rosidl_typesupport_fastrtps_cpp/endicott_interfaces/msg/detail/dds_fastrtps/move_status__type_support.cpp.o[0m
[7.169s] [ 45%] [32mBuilding CXX object CMakeFiles/endicott_interfaces__rosidl_typesupport_c.dir/rosidl_typesupport_c/endicott_interfaces/msg/move_status__type_support.cpp.o[0m
[7.337s] [ 48%] [32m[1mLinking CXX shared library libendicott_interfaces__rosidl_typesupport_c.so[0m
[7.366s] [ 51%] [32mBuilding CXX object CMakeFiles/endicott_interfaces__rosidl_typesupport_fastrtps_c.dir/rosidl_typesupport_fastrtps_c/endicott_interfaces/msg/detail/move_status__type_support_c.cpp.o[0m
[7.435s] [ 54%] [32mBuilding C object CMakeFiles/endicott_interfaces__rosidl_typesupport_introspection_c.dir/rosidl_typesupport_introspection_c/endicott_interfaces/msg/detail/move_status__type_support.c.o[0m
[7.635s] [ 58%] [32m[1mLinking C shared library libendicott_interfaces__rosidl_typesupport_introspection_c.so[0m
[7.663s] [ 58%] Built target endicott_interfaces__rosidl_typesupport_c
[7.885s] [ 58%] Built target endicott_interfaces__rosidl_typesupport_introspection_c
[8.055s] [ 61%] [32m[1mLinking CXX shared library libendicott_interfaces__rosidl_typesupport_cpp.so[0m
[8.330s] [ 61%] Built target endicott_interfaces__rosidl_typesupport_cpp
[8.472s] [ 64%] [32m[1mLinking CXX shared library libendicott_interfaces__rosidl_typesupport_fastrtps_c.so[0m
[8.584s] [ 67%] [32m[1mLinking CXX shared library libendicott_interfaces__rosidl_typesupport_fastrtps_cpp.so[0m
[8.592s] [ 70%] [32m[1mLinking CXX shared library libendicott_interfaces__rosidl_typesupport_introspection_cpp.so[0m
[8.742s] [ 70%] Built target endicott_interfaces__rosidl_typesupport_fastrtps_c
[8.797s] [ 70%] Built target endicott_interfaces__rosidl_typesupport_fastrtps_cpp
[8.802s] [ 70%] Built target endicott_interfaces__rosidl_typesupport_introspection_cpp
[8.828s] [ 70%] Built target endicott_interfaces
[8.859s] [ 74%] [34m[1mGenerating Python code for ROS interfaces[0m
[9.445s] [ 74%] Built target endicott_interfaces__py
[9.472s] [ 77%] [32mBuilding C object CMakeFiles/endicott_interfaces__rosidl_generator_py.dir/rosidl_generator_py/endicott_interfaces/msg/_move_status_s.c.o[0m
[9.656s] [ 80%] [32m[1mLinking C shared library rosidl_generator_py/endicott_interfaces/libendicott_interfaces__rosidl_generator_py.so[0m
[9.900s] [ 80%] Built target endicott_interfaces__rosidl_generator_py
[10.034s] [ 83%] [32mBuilding C object CMakeFiles/endicott_interfaces__rosidl_typesupport_introspection_c__pyext.dir/rosidl_generator_py/endicott_interfaces/_endicott_interfaces_s.ep.rosidl_typesupport_introspection_c.c.o[0m
[10.051s] [ 87%] [32mBuilding C object CMakeFiles/endicott_interfaces__rosidl_typesupport_fastrtps_c__pyext.dir/rosidl_generator_py/endicott_interfaces/_endicott_interfaces_s.ep.rosidl_typesupport_fastrtps_c.c.o[0m
[10.070s] [ 90%] [32mBuilding C object CMakeFiles/endicott_interfaces__rosidl_typesupport_c__pyext.dir/rosidl_generator_py/endicott_interfaces/_endicott_interfaces_s.ep.rosidl_typesupport_c.c.o[0m
[10.292s] [ 93%] [32m[1mLinking C shared library rosidl_generator_py/endicott_interfaces/endicott_interfaces_s__rosidl_typesupport_introspection_c.cpython-310-x86_64-linux-gnu.so[0m
[10.453s] [ 96%] [32m[1mLinking C shared library rosidl_generator_py/endicott_interfaces/endicott_interfaces_s__rosidl_typesupport_fastrtps_c.cpython-310-x86_64-linux-gnu.so[0m
[10.485s] [100%] [32m[1mLinking C shared library rosidl_generator_py/endicott_interfaces/endicott_interfaces_s__rosidl_typesupport_c.cpython-310-x86_64-linux-gnu.so[0m
[10.579s] [100%] Built target endicott_interfaces__rosidl_typesupport_introspection_c__pyext
[10.678s] [100%] Built target endicott_interfaces__rosidl_typesupport_fastrtps_c__pyext
[10.720s] [100%] Built target endicott_interfaces__rosidl_typesupport_c__pyext
[10.759s] Invoked command in '/root/ros2_ws/build/endicott_interfaces' returned '0': CMAKE_PREFIX_PATH=${CMAKE_PREFIX_PATH}:/root/ros2_ws/install/turtlebot3_teleop:/root/ros2_ws/install/turtlebot3_example:/opt/ros/humble /usr/bin/cmake --build /root/ros2_ws/build/endicott_interfaces -- -j8 -l8
[10.760s] Invoking command in '/root/ros2_ws/build/endicott_interfaces': CMAKE_PREFIX_PATH=${CMAKE_PREFIX_PATH}:/root/ros2_ws/install/turtlebot3_teleop:/root/ros2_ws/install/turtlebot3_example:/opt/ros/humble /usr/bin/cmake --install /root/ros2_ws/build/endicott_interfaces
[10.786s] -- Install configuration: ""
[10.786s] -- Installing: /root/ros2_ws/install/endicott_interfaces/share/ament_index/resource_index/rosidl_interfaces/endicott_interfaces
[10.786s] -- Installing: /root/ros2_ws/install/endicott_interfaces/include/endicott_interfaces/endicott_interfaces
[10.786s] -- Installing: /root/ros2_ws/install/endicott_interfaces/include/endicott_interfaces/endicott_interfaces/msg
[10.787s] -- Installing: /root/ros2_ws/install/endicott_interfaces/include/endicott_interfaces/endicott_interfaces/msg/move_status.h
[10.788s] -- Installing: /root/ros2_ws/install/endicott_interfaces/include/endicott_interfaces/endicott_interfaces/msg/rosidl_generator_c__visibility_control.h
[10.788s] -- Installing: /root/ros2_ws/install/endicott_interfaces/include/endicott_interfaces/endicott_interfaces/msg/detail
[10.788s] -- Installing: /root/ros2_ws/install/endicott_interfaces/include/endicott_interfaces/endicott_interfaces/msg/detail/move_status__functions.h
[10.789s] -- Installing: /root/ros2_ws/install/endicott_interfaces/include/endicott_interfaces/endicott_interfaces/msg/detail/move_status__struct.h
[10.789s] -- Installing: /root/ros2_ws/install/endicott_interfaces/include/endicott_interfaces/endicott_interfaces/msg/detail/move_status__functions.c
[10.789s] -- Installing: /root/ros2_ws/install/endicott_interfaces/include/endicott_interfaces/endicott_interfaces/msg/detail/move_status__type_support.h
[10.789s] -- Installing: /root/ros2_ws/install/endicott_interfaces/share/endicott_interfaces/environment/library_path.sh
[10.807s] -- Installing: /root/ros2_ws/install/endicott_interfaces/share/endicott_interfaces/environment/library_path.dsv
[10.807s] -- Installing: /root/ros2_ws/install/endicott_interfaces/lib/libendicott_interfaces__rosidl_generator_c.so
[10.810s] -- Set runtime path of "/root/ros2_ws/install/endicott_interfaces/lib/libendicott_interfaces__rosidl_generator_c.so" to ""
[10.810s] -- Up-to-date: /root/ros2_ws/install/endicott_interfaces/include/endicott_interfaces/endicott_interfaces
[10.810s] -- Up-to-date: /root/ros2_ws/install/endicott_interfaces/include/endicott_interfaces/endicott_interfaces/msg
[10.810s] -- Installing: /root/ros2_ws/install/endicott_interfaces/include/endicott_interfaces/endicott_interfaces/msg/rosidl_typesupport_fastrtps_c__visibility_control.h
[10.810s] -- Up-to-date: /root/ros2_ws/install/endicott_interfaces/include/endicott_interfaces/endicott_interfaces/msg/detail
[10.810s] -- Installing: /root/ros2_ws/install/endicott_interfaces/include/endicott_interfaces/endicott_interfaces/msg/detail/move_status__rosidl_typesupport_fastrtps_c.h
[10.810s] -- Installing: /root/ros2_ws/install/endicott_interfaces/lib/libendicott_interfaces__rosidl_typesupport_fastrtps_c.so
[10.811s] -- Set runtime path of "/root/ros2_ws/install/endicott_interfaces/lib/libendicott_interfaces__rosidl_typesupport_fastrtps_c.so" to ""
[10.811s] -- Up-to-date: /root/ros2_ws/install/endicott_interfaces/include/endicott_interfaces/endicott_interfaces
[10.811s] -- Up-to-date: /root/ros2_ws/install/endicott_interfaces/include/endicott_interfaces/endicott_interfaces/msg
[10.811s] -- Installing: /root/ros2_ws/install/endicott_interfaces/include/endicott_interfaces/endicott_interfaces/msg/rosidl_generator_cpp__visibility_control.hpp
[10.811s] -- Installing: /root/ros2_ws/install/endicott_interfaces/include/endicott_interfaces/endicott_interfaces/msg/move_status.hpp
[10.811s] -- Up-to-date: /root/ros2_ws/install/endicott_interfaces/include/endicott_interfaces/endicott_interfaces/msg/detail
[10.811s] -- Installing: /root/ros2_ws/install/endicott_interfaces/include/endicott_interfaces/endicott_interfaces/msg/detail/move_status__traits.hpp
[10.811s] -- Installing: /root/ros2_ws/install/endicott_interfaces/include/endicott_interfaces/endicott_interfaces/msg/detail/move_status__struct.hpp
[10.811s] -- Installing: /root/ros2_ws/install/endicott_interfaces/include/endicott_interfaces/endicott_interfaces/msg/detail/move_status__builder.hpp
[10.811s] -- Installing: /root/ros2_ws/install/endicott_interfaces/include/endicott_interfaces/endicott_interfaces/msg/detail/move_status__type_support.hpp
[10.811s] -- Up-to-date: /root/ros2_ws/install/endicott_interfaces/include/endicott_interfaces/endicott_interfaces
[10.811s] -- Up-to-date: /root/ros2_ws/install/endicott_interfaces/include/endicott_interfaces/endicott_interfaces/msg
[10.811s] -- Installing: /root/ros2_ws/install/endicott_interfaces/include/endicott_interfaces/endicott_interfaces/msg/rosidl_typesupport_fastrtps_cpp__visibility_control.h
[10.811s] -- Up-to-date: /root/ros2_ws/install/endicott_interfaces/include/endicott_interfaces/endicott_interfaces/msg/detail
[10.812s] -- Installing: /root/ros2_ws/install/endicott_interfaces/include/endicott_interfaces/endicott_interfaces/msg/detail/dds_fastrtps
[10.812s] -- Installing: /root/ros2_ws/install/endicott_interfaces/include/endicott_interfaces/endicott_interfaces/msg/detail/move_status__rosidl_typesupport_fastrtps_cpp.hpp
[10.812s] -- Installing: /root/ros2_ws/install/endicott_interfaces/lib/libendicott_interfaces__rosidl_typesupport_fastrtps_cpp.so
[10.812s] -- Set runtime path of "/root/ros2_ws/install/endicott_interfaces/lib/libendicott_interfaces__rosidl_typesupport_fastrtps_cpp.so" to ""
[10.812s] -- Up-to-date: /root/ros2_ws/install/endicott_interfaces/include/endicott_interfaces/endicott_interfaces
[10.812s] -- Up-to-date: /root/ros2_ws/install/endicott_interfaces/include/endicott_interfaces/endicott_interfaces/msg
[10.812s] -- Installing: /root/ros2_ws/install/endicott_interfaces/include/endicott_interfaces/endicott_interfaces/msg/rosidl_typesupport_introspection_c__visibility_control.h
[10.812s] -- Up-to-date: /root/ros2_ws/install/endicott_interfaces/include/endicott_interfaces/endicott_interfaces/msg/detail
[10.812s] -- Installing: /root/ros2_ws/install/endicott_interfaces/include/endicott_interfaces/endicott_interfaces/msg/detail/move_status__type_support.c
[10.812s] -- Installing: /root/ros2_ws/install/endicott_interfaces/include/endicott_interfaces/endicott_interfaces/msg/detail/move_status__rosidl_typesupport_introspection_c.h
[10.812s] -- Installing: /root/ros2_ws/install/endicott_interfaces/lib/libendicott_interfaces__rosidl_typesupport_introspection_c.so
[10.813s] -- Set runtime path of "/root/ros2_ws/install/endicott_interfaces/lib/libendicott_interfaces__rosidl_typesupport_introspection_c.so" to ""
[10.813s] -- Installing: /root/ros2_ws/install/endicott_interfaces/lib/libendicott_interfaces__rosidl_typesupport_c.so
[10.813s] -- Set runtime path of "/root/ros2_ws/install/endicott_interfaces/lib/libendicott_interfaces__rosidl_typesupport_c.so" to ""
[10.813s] -- Up-to-date: /root/ros2_ws/install/endicott_interfaces/include/endicott_interfaces/endicott_interfaces
[10.813s] -- Up-to-date: /root/ros2_ws/install/endicott_interfaces/include/endicott_interfaces/endicott_interfaces/msg
[10.813s] -- Up-to-date: /root/ros2_ws/install/endicott_interfaces/include/endicott_interfaces/endicott_interfaces/msg/detail
[10.813s] -- Installing: /root/ros2_ws/install/endicott_interfaces/include/endicott_interfaces/endicott_interfaces/msg/detail/move_status__type_support.cpp
[10.813s] -- Installing: /root/ros2_ws/install/endicott_interfaces/include/endicott_interfaces/endicott_interfaces/msg/detail/move_status__rosidl_typesupport_introspection_cpp.hpp
[10.817s] -- Installing: /root/ros2_ws/install/endicott_interfaces/lib/libendicott_interfaces__rosidl_typesupport_introspection_cpp.so
[10.818s] -- Set runtime path of "/root/ros2_ws/install/endicott_interfaces/lib/libendicott_interfaces__rosidl_typesupport_introspection_cpp.so" to ""
[10.818s] -- Installing: /root/ros2_ws/install/endicott_interfaces/lib/libendicott_interfaces__rosidl_typesupport_cpp.so
[10.818s] -- Set runtime path of "/root/ros2_ws/install/endicott_interfaces/lib/libendicott_interfaces__rosidl_typesupport_cpp.so" to ""
[10.818s] -- Installing: /root/ros2_ws/install/endicott_interfaces/share/endicott_interfaces/environment/pythonpath.sh
[10.818s] -- Installing: /root/ros2_ws/install/endicott_interfaces/share/endicott_interfaces/environment/pythonpath.dsv
[10.818s] -- Installing: /root/ros2_ws/install/endicott_interfaces/local/lib/python3.10/dist-packages/endicott_interfaces-0.0.0-py3.10.egg-info
[10.819s] -- Installing: /root/ros2_ws/install/endicott_interfaces/local/lib/python3.10/dist-packages/endicott_interfaces-0.0.0-py3.10.egg-info/top_level.txt
[10.819s] -- Installing: /root/ros2_ws/install/endicott_interfaces/local/lib/python3.10/dist-packages/endicott_interfaces-0.0.0-py3.10.egg-info/dependency_links.txt
[10.819s] -- Installing: /root/ros2_ws/install/endicott_interfaces/local/lib/python3.10/dist-packages/endicott_interfaces-0.0.0-py3.10.egg-info/SOURCES.txt
[10.820s] -- Installing: /root/ros2_ws/install/endicott_interfaces/local/lib/python3.10/dist-packages/endicott_interfaces-0.0.0-py3.10.egg-info/PKG-INFO
[10.820s] -- Installing: /root/ros2_ws/install/endicott_interfaces/local/lib/python3.10/dist-packages/endicott_interfaces
[10.820s] -- Installing: /root/ros2_ws/install/endicott_interfaces/local/lib/python3.10/dist-packages/endicott_interfaces/endicott_interfaces_s__rosidl_typesupport_introspection_c.cpython-310-x86_64-linux-gnu.so
[10.820s] -- Installing: /root/ros2_ws/install/endicott_interfaces/local/lib/python3.10/dist-packages/endicott_interfaces/_endicott_interfaces_s.ep.rosidl_typesupport_fastrtps_c.c
[10.820s] -- Installing: /root/ros2_ws/install/endicott_interfaces/local/lib/python3.10/dist-packages/endicott_interfaces/_endicott_interfaces_s.ep.rosidl_typesupport_c.c
[10.820s] -- Installing: /root/ros2_ws/install/endicott_interfaces/local/lib/python3.10/dist-packages/endicott_interfaces/endicott_interfaces_s__rosidl_typesupport_c.cpython-310-x86_64-linux-gnu.so
[10.820s] -- Installing: /root/ros2_ws/install/endicott_interfaces/local/lib/python3.10/dist-packages/endicott_interfaces/msg
[10.820s] -- Installing: /root/ros2_ws/install/endicott_interfaces/local/lib/python3.10/dist-packages/endicott_interfaces/msg/_move_status_s.c
[10.820s] -- Installing: /root/ros2_ws/install/endicott_interfaces/local/lib/python3.10/dist-packages/endicott_interfaces/msg/_move_status.py
[10.820s] -- Installing: /root/ros2_ws/install/endicott_interfaces/local/lib/python3.10/dist-packages/endicott_interfaces/msg/__init__.py
[10.820s] -- Installing: /root/ros2_ws/install/endicott_interfaces/local/lib/python3.10/dist-packages/endicott_interfaces/_endicott_interfaces_s.ep.rosidl_typesupport_introspection_c.c
[10.821s] -- Installing: /root/ros2_ws/install/endicott_interfaces/local/lib/python3.10/dist-packages/endicott_interfaces/endicott_interfaces_s__rosidl_typesupport_fastrtps_c.cpython-310-x86_64-linux-gnu.so
[10.821s] -- Installing: /root/ros2_ws/install/endicott_interfaces/local/lib/python3.10/dist-packages/endicott_interfaces/libendicott_interfaces__rosidl_generator_py.so
[10.821s] -- Installing: /root/ros2_ws/install/endicott_interfaces/local/lib/python3.10/dist-packages/endicott_interfaces/__init__.py
[10.982s] Listing '/root/ros2_ws/install/endicott_interfaces/local/lib/python3.10/dist-packages/endicott_interfaces'...
[10.982s] Compiling '/root/ros2_ws/install/endicott_interfaces/local/lib/python3.10/dist-packages/endicott_interfaces/__init__.py'...
[10.982s] Listing '/root/ros2_ws/install/endicott_interfaces/local/lib/python3.10/dist-packages/endicott_interfaces/msg'...
[10.982s] Compiling '/root/ros2_ws/install/endicott_interfaces/local/lib/python3.10/dist-packages/endicott_interfaces/msg/__init__.py'...
[10.983s] Compiling '/root/ros2_ws/install/endicott_interfaces/local/lib/python3.10/dist-packages/endicott_interfaces/msg/_move_status.py'...
[11.009s] -- Installing: /root/ros2_ws/install/endicott_interfaces/local/lib/python3.10/dist-packages/endicott_interfaces/endicott_interfaces_s__rosidl_typesupport_fastrtps_c.cpython-310-x86_64-linux-gnu.so
[11.009s] -- Set runtime path of "/root/ros2_ws/install/endicott_interfaces/local/lib/python3.10/dist-packages/endicott_interfaces/endicott_interfaces_s__rosidl_typesupport_fastrtps_c.cpython-310-x86_64-linux-gnu.so" to ""
[11.009s] -- Installing: /root/ros2_ws/install/endicott_interfaces/local/lib/python3.10/dist-packages/endicott_interfaces/endicott_interfaces_s__rosidl_typesupport_introspection_c.cpython-310-x86_64-linux-gnu.so
[11.009s] -- Set runtime path of "/root/ros2_ws/install/endicott_interfaces/local/lib/python3.10/dist-packages/endicott_interfaces/endicott_interfaces_s__rosidl_typesupport_introspection_c.cpython-310-x86_64-linux-gnu.so" to ""
[11.009s] -- Installing: /root/ros2_ws/install/endicott_interfaces/local/lib/python3.10/dist-packages/endicott_interfaces/endicott_interfaces_s__rosidl_typesupport_c.cpython-310-x86_64-linux-gnu.so
[11.009s] -- Set runtime path of "/root/ros2_ws/install/endicott_interfaces/local/lib/python3.10/dist-packages/endicott_interfaces/endicott_interfaces_s__rosidl_typesupport_c.cpython-310-x86_64-linux-gnu.so" to ""
[11.009s] -- Installing: /root/ros2_ws/install/endicott_interfaces/lib/libendicott_interfaces__rosidl_generator_py.so
[11.009s] -- Set runtime path of "/root/ros2_ws/install/endicott_interfaces/lib/libendicott_interfaces__rosidl_generator_py.so" to ""
[11.009s] -- Installing: /root/ros2_ws/install/endicott_interfaces/share/endicott_interfaces/msg/MoveStatus.idl
[11.009s] -- Installing: /root/ros2_ws/install/endicott_interfaces/share/endicott_interfaces/msg/MoveStatus.msg
[11.009s] -- Installing: /root/ros2_ws/install/endicott_interfaces/share/ament_index/resource_index/package_run_dependencies/endicott_interfaces
[11.010s] -- Installing: /root/ros2_ws/install/endicott_interfaces/share/ament_index/resource_index/parent_prefix_path/endicott_interfaces
[11.010s] -- Installing: /root/ros2_ws/install/endicott_interfaces/share/endicott_interfaces/environment/ament_prefix_path.sh
[11.010s] -- Installing: /root/ros2_ws/install/endicott_interfaces/share/endicott_interfaces/environment/ament_prefix_path.dsv
[11.010s] -- Installing: /root/ros2_ws/install/endicott_interfaces/share/endicott_interfaces/environment/path.sh
[11.010s] -- Installing: /root/ros2_ws/install/endicott_interfaces/share/endicott_interfaces/environment/path.dsv
[11.010s] -- Installing: /root/ros2_ws/install/endicott_interfaces/share/endicott_interfaces/local_setup.bash
[11.010s] -- Installing: /root/ros2_ws/install/endicott_interfaces/share/endicott_interfaces/local_setup.sh
[11.010s] -- Installing: /root/ros2_ws/install/endicott_interfaces/share/endicott_interfaces/local_setup.zsh
[11.010s] -- Installing: /root/ros2_ws/install/endicott_interfaces/share/endicott_interfaces/local_setup.dsv
[11.010s] -- Installing: /root/ros2_ws/install/endicott_interfaces/share/endicott_interfaces/package.dsv
[11.011s] -- Installing: /root/ros2_ws/install/endicott_interfaces/share/ament_index/resource_index/packages/endicott_interfaces
[11.011s] -- Installing: /root/ros2_ws/install/endicott_interfaces/share/endicott_interfaces/cmake/export_endicott_interfaces__rosidl_generator_cExport.cmake
[11.011s] -- Installing: /root/ros2_ws/install/endicott_interfaces/share/endicott_interfaces/cmake/export_endicott_interfaces__rosidl_generator_cExport-noconfig.cmake
[11.012s] -- Installing: /root/ros2_ws/install/endicott_interfaces/share/endicott_interfaces/cmake/export_endicott_interfaces__rosidl_typesupport_fastrtps_cExport.cmake
[11.012s] -- Installing: /root/ros2_ws/install/endicott_interfaces/share/endicott_interfaces/cmake/export_endicott_interfaces__rosidl_typesupport_fastrtps_cExport-noconfig.cmake
[11.012s] -- Installing: /root/ros2_ws/install/endicott_interfaces/share/endicott_interfaces/cmake/export_endicott_interfaces__rosidl_generator_cppExport.cmake
[11.012s] -- Installing: /root/ros2_ws/install/endicott_interfaces/share/endicott_interfaces/cmake/export_endicott_interfaces__rosidl_typesupport_fastrtps_cppExport.cmake
[11.012s] -- Installing: /root/ros2_ws/install/endicott_interfaces/share/endicott_interfaces/cmake/export_endicott_interfaces__rosidl_typesupport_fastrtps_cppExport-noconfig.cmake
[11.013s] -- Installing: /root/ros2_ws/install/endicott_interfaces/share/endicott_interfaces/cmake/endicott_interfaces__rosidl_typesupport_introspection_cExport.cmake
[11.013s] -- Installing: /root/ros2_ws/install/endicott_interfaces/share/endicott_interfaces/cmake/endicott_interfaces__rosidl_typesupport_introspection_cExport-noconfig.cmake
[11.013s] -- Installing: /root/ros2_ws/install/endicott_interfaces/share/endicott_interfaces/cmake/endicott_interfaces__rosidl_typesupport_cExport.cmake
[11.013s] -- Installing: /root/ros2_ws/install/endicott_interfaces/share/endicott_interfaces/cmake/endicott_interfaces__rosidl_typesupport_cExport-noconfig.cmake
[11.013s] -- Installing: /root/ros2_ws/install/endicott_interfaces/share/endicott_interfaces/cmake/endicott_interfaces__rosidl_typesupport_introspection_cppExport.cmake
[11.015s] -- Installing: /root/ros2_ws/install/endicott_interfaces/share/endicott_interfaces/cmake/endicott_interfaces__rosidl_typesupport_introspection_cppExport-noconfig.cmake
[11.017s] -- Installing: /root/ros2_ws/install/endicott_interfaces/share/endicott_interfaces/cmake/endicott_interfaces__rosidl_typesupport_cppExport.cmake
[11.017s] -- Installing: /root/ros2_ws/install/endicott_interfaces/share/endicott_interfaces/cmake/endicott_interfaces__rosidl_typesupport_cppExport-noconfig.cmake
[11.017s] -- Installing: /root/ros2_ws/install/endicott_interfaces/share/endicott_interfaces/cmake/export_endicott_interfaces__rosidl_generator_pyExport.cmake
[11.017s] -- Installing: /root/ros2_ws/install/endicott_interfaces/share/endicott_interfaces/cmake/export_endicott_interfaces__rosidl_generator_pyExport-noconfig.cmake
[11.017s] -- Installing: /root/ros2_ws/install/endicott_interfaces/share/endicott_interfaces/cmake/rosidl_cmake-extras.cmake
[11.018s] -- Installing: /root/ros2_ws/install/endicott_interfaces/share/endicott_interfaces/cmake/ament_cmake_export_dependencies-extras.cmake
[11.018s] -- Installing: /root/ros2_ws/install/endicott_interfaces/share/endicott_interfaces/cmake/ament_cmake_export_include_directories-extras.cmake
[11.018s] -- Installing: /root/ros2_ws/install/endicott_interfaces/share/endicott_interfaces/cmake/ament_cmake_export_libraries-extras.cmake
[11.018s] -- Installing: /root/ros2_ws/install/endicott_interfaces/share/endicott_interfaces/cmake/ament_cmake_export_targets-extras.cmake
[11.018s] -- Installing: /root/ros2_ws/install/endicott_interfaces/share/endicott_interfaces/cmake/rosidl_cmake_export_typesupport_targets-extras.cmake
[11.018s] -- Installing: /root/ros2_ws/install/endicott_interfaces/share/endicott_interfaces/cmake/rosidl_cmake_export_typesupport_libraries-extras.cmake
[11.019s] -- Installing: /root/ros2_ws/install/endicott_interfaces/share/endicott_interfaces/cmake/endicott_interfacesConfig.cmake
[11.019s] -- Installing: /root/ros2_ws/install/endicott_interfaces/share/endicott_interfaces/cmake/endicott_interfacesConfig-version.cmake
[11.019s] -- Installing: /root/ros2_ws/install/endicott_interfaces/share/endicott_interfaces/package.xml
[11.026s] Invoked command in '/root/ros2_ws/build/endicott_interfaces' returned '0': CMAKE_PREFIX_PATH=${CMAKE_PREFIX_PATH}:/root/ros2_ws/install/turtlebot3_teleop:/root/ros2_ws/install/turtlebot3_example:/opt/ros/humble /usr/bin/cmake --install /root/ros2_ws/build/endicott_interfaces
