running egg_info
creating ../../../../../build/turtlebot3_teleop/turtlebot3_teleop.egg-info
writing ../../../../../build/turtlebot3_teleop/turtlebot3_teleop.egg-info/PKG-INFO
writing dependency_links to ../../../../../build/turtlebot3_teleop/turtlebot3_teleop.egg-info/dependency_links.txt
writing entry points to ../../../../../build/turtlebot3_teleop/turtlebot3_teleop.egg-info/entry_points.txt
writing requirements to ../../../../../build/turtlebot3_teleop/turtlebot3_teleop.egg-info/requires.txt
writing top-level names to ../../../../../build/turtlebot3_teleop/turtlebot3_teleop.egg-info/top_level.txt
writing manifest file '../../../../../build/turtlebot3_teleop/turtlebot3_teleop.egg-info/SOURCES.txt'
reading manifest file '../../../../../build/turtlebot3_teleop/turtlebot3_teleop.egg-info/SOURCES.txt'
writing manifest file '../../../../../build/turtlebot3_teleop/turtlebot3_teleop.egg-info/SOURCES.txt'
running build
running build_py
creating /root/ros2_ws/build/turtlebot3_teleop/build
creating /root/ros2_ws/build/turtlebot3_teleop/build/lib
creating /root/ros2_ws/build/turtlebot3_teleop/build/lib/turtlebot3_teleop
copying turtlebot3_teleop/__init__.py -> /root/ros2_ws/build/turtlebot3_teleop/build/lib/turtlebot3_teleop
creating /root/ros2_ws/build/turtlebot3_teleop/build/lib/turtlebot3_teleop/script
copying turtlebot3_teleop/script/teleop_keyboard.py -> /root/ros2_ws/build/turtlebot3_teleop/build/lib/turtlebot3_teleop/script
copying turtlebot3_teleop/script/__init__.py -> /root/ros2_ws/build/turtlebot3_teleop/build/lib/turtlebot3_teleop/script
running install
running install_lib
running install_data
running install_egg_info
removing '/root/ros2_ws/install/turtlebot3_teleop/lib/python3.10/site-packages/turtlebot3_teleop-2.2.0-py3.10.egg-info' (and everything under it)
Copying ../../../../../build/turtlebot3_teleop/turtlebot3_teleop.egg-info to /root/ros2_ws/install/turtlebot3_teleop/lib/python3.10/site-packages/turtlebot3_teleop-2.2.0-py3.10.egg-info
running install_scripts
Installing teleop_keyboard script to /root/ros2_ws/install/turtlebot3_teleop/lib/turtlebot3_teleop
writing list of installed files to '/root/ros2_ws/build/turtlebot3_teleop/install.log'
