[0.748s] Invoking command in '/root/ros2_ws/src/turlebot3_ws/src/turtlebot3/turtlebot3_teleop': PYTHONPATH=/root/ros2_ws/build/turtlebot3_teleop/prefix_override:/usr/lib/python3/dist-packages/colcon_core/task/python/colcon_distutils_commands:/root/ros2_ws/install/turtlebot3_teleop/lib/python3.10/site-packages:${PYTHONPATH} /usr/bin/python3 -W ignore:setup.py install is deprecated -W ignore:easy_install command is deprecated setup.py egg_info --egg-base ../../../../../build/turtlebot3_teleop build --build-base /root/ros2_ws/build/turtlebot3_teleop/build install --record /root/ros2_ws/build/turtlebot3_teleop/install.log --single-version-externally-managed install_data
[1.117s] running egg_info
[1.118s] creating ../../../../../build/turtlebot3_teleop/turtlebot3_teleop.egg-info
[1.119s] writing ../../../../../build/turtlebot3_teleop/turtlebot3_teleop.egg-info/PKG-INFO
[1.120s] writing dependency_links to ../../../../../build/turtlebot3_teleop/turtlebot3_teleop.egg-info/dependency_links.txt
[1.120s] writing entry points to ../../../../../build/turtlebot3_teleop/turtlebot3_teleop.egg-info/entry_points.txt
[1.120s] writing requirements to ../../../../../build/turtlebot3_teleop/turtlebot3_teleop.egg-info/requires.txt
[1.121s] writing top-level names to ../../../../../build/turtlebot3_teleop/turtlebot3_teleop.egg-info/top_level.txt
[1.121s] writing manifest file '../../../../../build/turtlebot3_teleop/turtlebot3_teleop.egg-info/SOURCES.txt'
[1.125s] reading manifest file '../../../../../build/turtlebot3_teleop/turtlebot3_teleop.egg-info/SOURCES.txt'
[1.126s] writing manifest file '../../../../../build/turtlebot3_teleop/turtlebot3_teleop.egg-info/SOURCES.txt'
[1.127s] running build
[1.127s] running build_py
[1.128s] creating /root/ros2_ws/build/turtlebot3_teleop/build
[1.128s] creating /root/ros2_ws/build/turtlebot3_teleop/build/lib
[1.128s] creating /root/ros2_ws/build/turtlebot3_teleop/build/lib/turtlebot3_teleop
[1.128s] copying turtlebot3_teleop/__init__.py -> /root/ros2_ws/build/turtlebot3_teleop/build/lib/turtlebot3_teleop
[1.128s] creating /root/ros2_ws/build/turtlebot3_teleop/build/lib/turtlebot3_teleop/script
[1.128s] copying turtlebot3_teleop/script/teleop_keyboard.py -> /root/ros2_ws/build/turtlebot3_teleop/build/lib/turtlebot3_teleop/script
[1.129s] copying turtlebot3_teleop/script/__init__.py -> /root/ros2_ws/build/turtlebot3_teleop/build/lib/turtlebot3_teleop/script
[1.129s] running install
[1.130s] running install_lib
[1.131s] running install_data
[1.132s] running install_egg_info
[1.133s] removing '/root/ros2_ws/install/turtlebot3_teleop/lib/python3.10/site-packages/turtlebot3_teleop-2.2.0-py3.10.egg-info' (and everything under it)
[1.134s] Copying ../../../../../build/turtlebot3_teleop/turtlebot3_teleop.egg-info to /root/ros2_ws/install/turtlebot3_teleop/lib/python3.10/site-packages/turtlebot3_teleop-2.2.0-py3.10.egg-info
[1.135s] running install_scripts
[1.169s] Installing teleop_keyboard script to /root/ros2_ws/install/turtlebot3_teleop/lib/turtlebot3_teleop
[1.169s] writing list of installed files to '/root/ros2_ws/build/turtlebot3_teleop/install.log'
[1.214s] Invoked command in '/root/ros2_ws/src/turlebot3_ws/src/turtlebot3/turtlebot3_teleop' returned '0': PYTHONPATH=/root/ros2_ws/build/turtlebot3_teleop/prefix_override:/usr/lib/python3/dist-packages/colcon_core/task/python/colcon_distutils_commands:/root/ros2_ws/install/turtlebot3_teleop/lib/python3.10/site-packages:${PYTHONPATH} /usr/bin/python3 -W ignore:setup.py install is deprecated -W ignore:easy_install command is deprecated setup.py egg_info --egg-base ../../../../../build/turtlebot3_teleop build --build-base /root/ros2_ws/build/turtlebot3_teleop/build install --record /root/ros2_ws/build/turtlebot3_teleop/install.log --single-version-externally-managed install_data
