[0.034s] Invoking command in '/root/ros2_ws/src/turlebot3_ws/build/turtlebot3_gazebo': CMAKE_PREFIX_PATH=${CMAKE_PREFIX_PATH}:/root/ros2_ws/src/turlebot3_ws/install/turtlebot3_teleop:/root/ros2_ws/src/turlebot3_ws/install/turtlebot3_example:/opt/ros/humble /usr/bin/cmake /root/ros2_ws/src/turlebot3_ws/src/turtlebot3_simulations/turtlebot3_gazebo -DCMAKE_INSTALL_PREFIX=/root/ros2_ws/src/turlebot3_ws/install/turtlebot3_gazebo
[0.160s] -- The C compiler identification is GNU 11.4.0
[0.605s] -- The CXX compiler identification is GNU 11.4.0
[0.861s] -- Detecting C compiler ABI info
[0.964s] -- Detecting C compiler ABI info - done
[0.970s] -- Check for working C compiler: /usr/bin/cc - skipped
[0.970s] -- Detecting C compile features
[0.970s] -- Detecting C compile features - done
[0.973s] -- Detecting CXX compiler ABI info
[1.080s] -- Detecting CXX compiler ABI info - done
[1.088s] -- Check for working CXX compiler: /usr/bin/c++ - skipped
[1.089s] -- Detecting CXX compile features
[1.089s] -- Detecting CXX compile features - done
[1.092s] -- Found ament_cmake: 1.3.11 (/opt/ros/humble/share/ament_cmake/cmake)
[1.249s] -- Found Python3: /usr/bin/python3 (found version "3.10.12") found components: Interpreter 
[1.367s] [33mCMake Warning (dev) at /usr/share/cmake-3.22/Modules/FindPackageHandleStandardArgs.cmake:438 (message):
[1.367s]   The package name passed to `find_package_handle_standard_args` (PkgConfig)
[1.367s]   does not match the name of the calling package (gazebo).  This can lead to
[1.367s]   problems in calling code that expects `find_package` result variables
[1.367s]   (e.g., `_FOUND`) to follow a certain pattern.
[1.367s] Call Stack (most recent call first):
[1.367s]   /usr/share/cmake-3.22/Modules/FindPkgConfig.cmake:99 (find_package_handle_standard_args)
[1.367s]   /usr/lib/x86_64-linux-gnu/cmake/gazebo/gazebo-config.cmake:72 (include)
[1.367s]   CMakeLists.txt:23 (find_package)
[1.367s] This warning is for project developers.  Use -Wno-dev to suppress it.
[1.368s] [0m
[1.368s] -- Found PkgConfig: /usr/bin/pkg-config (found version "0.29.2") 
[1.369s] -- Checking for module 'bullet>=2.82'
[1.381s] --   Found bullet, version 3.05
[1.499s] -- Found fcl: /usr/include (found suitable version "0.7.0", minimum required is "0.5.0") 
[1.542s] -- Found assimp: /usr/include (found version "5.2.0") 
[1.572s] -- Found DART: /usr/include (Required is at least version "6.6") found components: dart 
[1.840s] -- Found Boost: /usr/lib/x86_64-linux-gnu/cmake/Boost-1.74.0/BoostConfig.cmake (found suitable version "1.74.0", minimum required is "1.40.0") found components: thread system filesystem program_options regex iostreams date_time 
[2.158s] -- Found Protobuf: /usr/lib/x86_64-linux-gnu/libprotobuf.so (found version "3.12.4") 
[2.166s] -- Looking for ignition-math6 -- found version 6.15.1
[2.176s] -- Searching for dependencies of ignition-math6
[2.178s] -- Looking for OGRE...
[2.179s] -- OGRE_PREFIX_WATCH changed.
[2.182s] -- Checking for module 'OGRE'
[2.191s] --   Found OGRE, version 1.9.0
[2.214s] -- Found Ogre Ghadamon (1.9.0)
[2.529s] -- Found OGRE: optimized;/usr/lib/x86_64-linux-gnu/libOgreMain.so;debug;/usr/lib/x86_64-linux-gnu/libOgreMain.so
[2.540s] -- Looking for OGRE_Paging...
[2.779s] -- Found OGRE_Paging: optimized;/usr/lib/x86_64-linux-gnu/libOgrePaging.so;debug;/usr/lib/x86_64-linux-gnu/libOgrePaging.so
[2.779s] -- Looking for OGRE_Terrain...
[3.037s] -- Found OGRE_Terrain: optimized;/usr/lib/x86_64-linux-gnu/libOgreTerrain.so;debug;/usr/lib/x86_64-linux-gnu/libOgreTerrain.so
[3.037s] -- Looking for OGRE_Property...
[3.303s] -- Found OGRE_Property: optimized;/usr/lib/x86_64-linux-gnu/libOgreProperty.so;debug;/usr/lib/x86_64-linux-gnu/libOgreProperty.so
[3.303s] -- Looking for OGRE_RTShaderSystem...
[3.524s] -- Found OGRE_RTShaderSystem: optimized;/usr/lib/x86_64-linux-gnu/libOgreRTShaderSystem.so;debug;/usr/lib/x86_64-linux-gnu/libOgreRTShaderSystem.so
[3.524s] -- Looking for OGRE_Volume...
[3.733s] -- Found OGRE_Volume: optimized;/usr/lib/x86_64-linux-gnu/libOgreVolume.so;debug;/usr/lib/x86_64-linux-gnu/libOgreVolume.so
[3.733s] -- Looking for OGRE_Overlay...
[4.002s] -- Found OGRE_Overlay: optimized;/usr/lib/x86_64-linux-gnu/libOgreOverlay.so;debug;/usr/lib/x86_64-linux-gnu/libOgreOverlay.so
[19.003s] -- Looking for ignition-math6 -- found version 6.15.1
[19.006s] -- Looking for ignition-transport8 -- found version 8.2.1
[19.007s] -- Searching for dependencies of ignition-transport8
[19.969s] -- Found Protobuf: /usr/lib/x86_64-linux-gnu/libprotobuf.so (found suitable version "3.12.4", minimum required is "3") 
[20.879s] -- Config-file not installed for ZeroMQ -- checking for pkg-config
[20.883s] -- Checking for module 'libzmq >= 4'
[20.897s] --   Found libzmq , version 4.3.4
[20.919s] -- Found ZeroMQ: TRUE (Required is at least version "4") 
[20.958s] -- Checking for module 'uuid'
[20.967s] --   Found uuid, version 2.37.2
[20.987s] -- Found UUID: TRUE  
[20.993s] -- Looking for ignition-msgs5 -- found version 5.8.1
[20.993s] -- Searching for dependencies of ignition-msgs5
[21.959s] -- Looking for ignition-math6 -- found version 6.15.1
[21.964s] -- Checking for module 'tinyxml2'
[21.973s] --   Found tinyxml2, version 9.0.0
[21.995s] -- Looking for ignition-msgs5 -- found version 5.8.1
[22.000s] -- Looking for ignition-common3 -- found version 3.14.0
[22.000s] -- Searching for dependencies of ignition-common3
[22.035s] -- Looking for dlfcn.h - found
[22.063s] -- Looking for libdl - found
[22.064s] -- Found DL: TRUE  
[22.133s] -- Found tinyobjloader: /usr/lib/x86_64-linux-gnu/cmake/tinyobjloader/tinyobjloader-config.cmake (found version "2.0.0") 
[22.134s] -- Searching for <ignition-common3> component [graphics]
[22.137s] -- Looking for ignition-common3-graphics -- found version 3.14.0
[22.137s] -- Searching for dependencies of ignition-common3-graphics
[22.137s] -- Looking for ignition-math6 -- found version 6.15.1
[22.141s] -- Looking for ignition-fuel_tools4 -- found version 4.4.0
[22.142s] -- Searching for dependencies of ignition-fuel_tools4
[23.977s] -- Found CURL: /usr/lib/x86_64-linux-gnu/libcurl.so (found version "7.81.0")  
[23.990s] -- Checking for module 'jsoncpp'
[24.001s] --   Found jsoncpp, version 1.9.5
[24.028s] -- Found JSONCPP: TRUE  
[24.035s] -- Checking for module 'libzip'
[24.047s] --   Found libzip, version 1.7.3
[24.075s] -- Found ZIP: TRUE  
[24.075s] -- Looking for ignition-common3 -- found version 3.14.0
[24.076s] -- Looking for ignition-math6 -- found version 6.15.1
[24.076s] -- Looking for ignition-msgs5 -- found version 5.8.1
[24.087s] -- Found gazebo_ros_pkgs: 3.9.0 (/opt/ros/humble/share/gazebo_ros_pkgs/cmake)
[24.090s] -- Found geometry_msgs: 4.2.4 (/opt/ros/humble/share/geometry_msgs/cmake)
[24.196s] -- Found rosidl_generator_c: 3.1.6 (/opt/ros/humble/share/rosidl_generator_c/cmake)
[24.200s] -- Found rosidl_adapter: 3.1.6 (/opt/ros/humble/share/rosidl_adapter/cmake)
[24.209s] -- Found rosidl_generator_cpp: 3.1.6 (/opt/ros/humble/share/rosidl_generator_cpp/cmake)
[24.220s] -- Using all available rosidl_typesupport_c: rosidl_typesupport_fastrtps_c;rosidl_typesupport_introspection_c
[24.236s] -- Using all available rosidl_typesupport_cpp: rosidl_typesupport_fastrtps_cpp;rosidl_typesupport_introspection_cpp
[24.272s] -- Found nav_msgs: 4.2.4 (/opt/ros/humble/share/nav_msgs/cmake)
[24.289s] -- Found rclcpp: 16.0.11 (/opt/ros/humble/share/rclcpp/cmake)
[24.324s] -- Found rmw_implementation_cmake: 6.1.2 (/opt/ros/humble/share/rmw_implementation_cmake/cmake)
[24.327s] -- Found rmw_fastrtps_cpp: 6.2.7 (/opt/ros/humble/share/rmw_fastrtps_cpp/cmake)
[25.373s] -- Found OpenSSL: /usr/lib/x86_64-linux-gnu/libcrypto.so (found version "3.0.2")  
[26.452s] -- Found FastRTPS: /opt/ros/humble/include  
[28.401s] -- Using RMW implementation 'rmw_fastrtps_cpp' as default
[28.409s] -- Found Threads: TRUE  
[28.440s] -- Found sensor_msgs: 4.2.4 (/opt/ros/humble/share/sensor_msgs/cmake)
[28.453s] -- Found tf2: 0.25.11 (/opt/ros/humble/share/tf2/cmake)
[28.515s] -- Configuring done
[28.565s] -- Generating done
[28.571s] -- Build files have been written to: /root/ros2_ws/src/turlebot3_ws/build/turtlebot3_gazebo
[28.582s] Invoked command in '/root/ros2_ws/src/turlebot3_ws/build/turtlebot3_gazebo' returned '0': CMAKE_PREFIX_PATH=${CMAKE_PREFIX_PATH}:/root/ros2_ws/src/turlebot3_ws/install/turtlebot3_teleop:/root/ros2_ws/src/turlebot3_ws/install/turtlebot3_example:/opt/ros/humble /usr/bin/cmake /root/ros2_ws/src/turlebot3_ws/src/turtlebot3_simulations/turtlebot3_gazebo -DCMAKE_INSTALL_PREFIX=/root/ros2_ws/src/turlebot3_ws/install/turtlebot3_gazebo
[28.584s] Invoking command in '/root/ros2_ws/src/turlebot3_ws/build/turtlebot3_gazebo': CMAKE_PREFIX_PATH=${CMAKE_PREFIX_PATH}:/root/ros2_ws/src/turlebot3_ws/install/turtlebot3_teleop:/root/ros2_ws/src/turlebot3_ws/install/turtlebot3_example:/opt/ros/humble /usr/bin/cmake --build /root/ros2_ws/src/turlebot3_ws/build/turtlebot3_gazebo -- -j8 -l8
[28.620s] [ 37%] [32mBuilding CXX object CMakeFiles/turtlebot3_drive.dir/src/turtlebot3_drive.cpp.o[0m
[28.620s] [ 37%] [32mBuilding CXX object CMakeFiles/obstacle1.dir/models/turtlebot3_dqn_world/obstacle_plugin/obstacle1.cc.o[0m
[28.620s] [ 37%] [32mBuilding CXX object CMakeFiles/obstacles.dir/models/turtlebot3_dqn_world/obstacle_plugin/obstacles.cc.o[0m
[28.621s] [ 50%] [32mBuilding CXX object CMakeFiles/obstacle2.dir/models/turtlebot3_dqn_world/obstacle_plugin/obstacle2.cc.o[0m
[44.788s] [ 62%] [32m[1mLinking CXX executable turtlebot3_drive[0m
[45.470s] [ 75%] [32m[1mLinking CXX shared library libobstacles.so[0m
[45.672s] [ 87%] [32m[1mLinking CXX shared library libobstacle1.so[0m
[45.759s] [100%] [32m[1mLinking CXX shared library libobstacle2.so[0m
[45.783s] [100%] Built target turtlebot3_drive
[46.009s] [100%] Built target obstacles
[46.117s] [100%] Built target obstacle1
[46.139s] [100%] Built target obstacle2
[46.151s] Invoked command in '/root/ros2_ws/src/turlebot3_ws/build/turtlebot3_gazebo' returned '0': CMAKE_PREFIX_PATH=${CMAKE_PREFIX_PATH}:/root/ros2_ws/src/turlebot3_ws/install/turtlebot3_teleop:/root/ros2_ws/src/turlebot3_ws/install/turtlebot3_example:/opt/ros/humble /usr/bin/cmake --build /root/ros2_ws/src/turlebot3_ws/build/turtlebot3_gazebo -- -j8 -l8
[46.153s] Invoking command in '/root/ros2_ws/src/turlebot3_ws/build/turtlebot3_gazebo': CMAKE_PREFIX_PATH=${CMAKE_PREFIX_PATH}:/root/ros2_ws/src/turlebot3_ws/install/turtlebot3_teleop:/root/ros2_ws/src/turlebot3_ws/install/turtlebot3_example:/opt/ros/humble /usr/bin/cmake --install /root/ros2_ws/src/turlebot3_ws/build/turtlebot3_gazebo
[46.162s] -- Install configuration: ""
[46.162s] -- Installing: /root/ros2_ws/src/turlebot3_ws/install/turtlebot3_gazebo/lib/turtlebot3_gazebo/turtlebot3_drive
[46.167s] -- Set runtime path of "/root/ros2_ws/src/turlebot3_ws/install/turtlebot3_gazebo/lib/turtlebot3_gazebo/turtlebot3_drive" to ""
[46.167s] -- Installing: /root/ros2_ws/src/turlebot3_ws/install/turtlebot3_gazebo/share/turtlebot3_gazebo//launch
[46.167s] -- Installing: /root/ros2_ws/src/turlebot3_ws/install/turtlebot3_gazebo/share/turtlebot3_gazebo//launch/turtlebot3_dqn_stage2.launch.py
[46.168s] -- Installing: /root/ros2_ws/src/turlebot3_ws/install/turtlebot3_gazebo/share/turtlebot3_gazebo//launch/turtlebot3_dqn_stage1.launch.py
[46.168s] -- Installing: /root/ros2_ws/src/turlebot3_ws/install/turtlebot3_gazebo/share/turtlebot3_gazebo//launch/turtlebot3_dqn_stage4.launch.py
[46.168s] -- Installing: /root/ros2_ws/src/turlebot3_ws/install/turtlebot3_gazebo/share/turtlebot3_gazebo//launch/turtlebot3_world.launch.py
[46.168s] -- Installing: /root/ros2_ws/src/turlebot3_ws/install/turtlebot3_gazebo/share/turtlebot3_gazebo//launch/empty_world.launch.py
[46.168s] -- Installing: /root/ros2_ws/src/turlebot3_ws/install/turtlebot3_gazebo/share/turtlebot3_gazebo//launch/turtlebot3_dqn_stage3.launch.py
[46.168s] -- Installing: /root/ros2_ws/src/turlebot3_ws/install/turtlebot3_gazebo/share/turtlebot3_gazebo//launch/robot_state_publisher.launch.py
[46.169s] -- Installing: /root/ros2_ws/src/turlebot3_ws/install/turtlebot3_gazebo/share/turtlebot3_gazebo//launch/turtlebot3_house.launch.py
[46.169s] -- Installing: /root/ros2_ws/src/turlebot3_ws/install/turtlebot3_gazebo/share/turtlebot3_gazebo//launch/spawn_turtlebot3.launch.py
[46.169s] -- Installing: /root/ros2_ws/src/turlebot3_ws/install/turtlebot3_gazebo/share/turtlebot3_gazebo//models
[46.169s] -- Installing: /root/ros2_ws/src/turlebot3_ws/install/turtlebot3_gazebo/share/turtlebot3_gazebo//models/turtlebot3_dqn_world
[46.169s] -- Installing: /root/ros2_ws/src/turlebot3_ws/install/turtlebot3_gazebo/share/turtlebot3_gazebo//models/turtlebot3_dqn_world/inner_walls
[46.169s] -- Installing: /root/ros2_ws/src/turlebot3_ws/install/turtlebot3_gazebo/share/turtlebot3_gazebo//models/turtlebot3_dqn_world/inner_walls/model.config
[46.169s] -- Installing: /root/ros2_ws/src/turlebot3_ws/install/turtlebot3_gazebo/share/turtlebot3_gazebo//models/turtlebot3_dqn_world/inner_walls/model.sdf
[46.170s] -- Installing: /root/ros2_ws/src/turlebot3_ws/install/turtlebot3_gazebo/share/turtlebot3_gazebo//models/turtlebot3_dqn_world/obstacle1
[46.170s] -- Installing: /root/ros2_ws/src/turlebot3_ws/install/turtlebot3_gazebo/share/turtlebot3_gazebo//models/turtlebot3_dqn_world/obstacle1/model.config
[46.170s] -- Installing: /root/ros2_ws/src/turlebot3_ws/install/turtlebot3_gazebo/share/turtlebot3_gazebo//models/turtlebot3_dqn_world/obstacle1/model.sdf
[46.170s] -- Installing: /root/ros2_ws/src/turlebot3_ws/install/turtlebot3_gazebo/share/turtlebot3_gazebo//models/turtlebot3_dqn_world/obstacle_plugin
[46.170s] -- Installing: /root/ros2_ws/src/turlebot3_ws/install/turtlebot3_gazebo/share/turtlebot3_gazebo//models/turtlebot3_dqn_world/obstacle_plugin/obstacles.cc
[46.170s] -- Installing: /root/ros2_ws/src/turlebot3_ws/install/turtlebot3_gazebo/share/turtlebot3_gazebo//models/turtlebot3_dqn_world/obstacle_plugin/obstacle2.cc
[46.170s] -- Installing: /root/ros2_ws/src/turlebot3_ws/install/turtlebot3_gazebo/share/turtlebot3_gazebo//models/turtlebot3_dqn_world/obstacle_plugin/CMakeLists.txt
[46.170s] -- Installing: /root/ros2_ws/src/turlebot3_ws/install/turtlebot3_gazebo/share/turtlebot3_gazebo//models/turtlebot3_dqn_world/obstacle_plugin/obstacle1.cc
[46.171s] -- Installing: /root/ros2_ws/src/turlebot3_ws/install/turtlebot3_gazebo/share/turtlebot3_gazebo//models/turtlebot3_dqn_world/model.config
[46.171s] -- Installing: /root/ros2_ws/src/turlebot3_ws/install/turtlebot3_gazebo/share/turtlebot3_gazebo//models/turtlebot3_dqn_world/obstacles
[46.171s] -- Installing: /root/ros2_ws/src/turlebot3_ws/install/turtlebot3_gazebo/share/turtlebot3_gazebo//models/turtlebot3_dqn_world/obstacles/model.config
[46.171s] -- Installing: /root/ros2_ws/src/turlebot3_ws/install/turtlebot3_gazebo/share/turtlebot3_gazebo//models/turtlebot3_dqn_world/obstacles/model.sdf
[46.171s] -- Installing: /root/ros2_ws/src/turlebot3_ws/install/turtlebot3_gazebo/share/turtlebot3_gazebo//models/turtlebot3_dqn_world/obstacle2
[46.171s] -- Installing: /root/ros2_ws/src/turlebot3_ws/install/turtlebot3_gazebo/share/turtlebot3_gazebo//models/turtlebot3_dqn_world/obstacle2/model.config
[46.172s] -- Installing: /root/ros2_ws/src/turlebot3_ws/install/turtlebot3_gazebo/share/turtlebot3_gazebo//models/turtlebot3_dqn_world/obstacle2/model.sdf
[46.172s] -- Installing: /root/ros2_ws/src/turlebot3_ws/install/turtlebot3_gazebo/share/turtlebot3_gazebo//models/turtlebot3_dqn_world/model.sdf
[46.172s] -- Installing: /root/ros2_ws/src/turlebot3_ws/install/turtlebot3_gazebo/share/turtlebot3_gazebo//models/turtlebot3_dqn_world/goal_box
[46.172s] -- Installing: /root/ros2_ws/src/turlebot3_ws/install/turtlebot3_gazebo/share/turtlebot3_gazebo//models/turtlebot3_dqn_world/goal_box/model.config
[46.173s] -- Installing: /root/ros2_ws/src/turlebot3_ws/install/turtlebot3_gazebo/share/turtlebot3_gazebo//models/turtlebot3_dqn_world/goal_box/model.sdf
[46.173s] -- Installing: /root/ros2_ws/src/turlebot3_ws/install/turtlebot3_gazebo/share/turtlebot3_gazebo//models/turtlebot3_burger
[46.173s] -- Installing: /root/ros2_ws/src/turlebot3_ws/install/turtlebot3_gazebo/share/turtlebot3_gazebo//models/turtlebot3_burger/model.config
[46.173s] -- Installing: /root/ros2_ws/src/turlebot3_ws/install/turtlebot3_gazebo/share/turtlebot3_gazebo//models/turtlebot3_burger/model.sdf
[46.173s] -- Installing: /root/ros2_ws/src/turlebot3_ws/install/turtlebot3_gazebo/share/turtlebot3_gazebo//models/turtlebot3_burger/model-1_4.sdf
[46.174s] -- Installing: /root/ros2_ws/src/turlebot3_ws/install/turtlebot3_gazebo/share/turtlebot3_gazebo//models/turtlebot3_waffle_pi
[46.174s] -- Installing: /root/ros2_ws/src/turlebot3_ws/install/turtlebot3_gazebo/share/turtlebot3_gazebo//models/turtlebot3_waffle_pi/model.config
[46.174s] -- Installing: /root/ros2_ws/src/turlebot3_ws/install/turtlebot3_gazebo/share/turtlebot3_gazebo//models/turtlebot3_waffle_pi/model.sdf
[46.174s] -- Installing: /root/ros2_ws/src/turlebot3_ws/install/turtlebot3_gazebo/share/turtlebot3_gazebo//models/turtlebot3_waffle_pi/model-1_4_.sdf
[46.174s] -- Installing: /root/ros2_ws/src/turlebot3_ws/install/turtlebot3_gazebo/share/turtlebot3_gazebo//models/turtlebot3_house
[46.174s] -- Installing: /root/ros2_ws/src/turlebot3_ws/install/turtlebot3_gazebo/share/turtlebot3_gazebo//models/turtlebot3_house/model.config
[46.175s] -- Installing: /root/ros2_ws/src/turlebot3_ws/install/turtlebot3_gazebo/share/turtlebot3_gazebo//models/turtlebot3_house/model.sdf
[46.175s] -- Installing: /root/ros2_ws/src/turlebot3_ws/install/turtlebot3_gazebo/share/turtlebot3_gazebo//models/turtlebot3_waffle
[46.175s] -- Installing: /root/ros2_ws/src/turlebot3_ws/install/turtlebot3_gazebo/share/turtlebot3_gazebo//models/turtlebot3_waffle/model.config
[46.176s] -- Installing: /root/ros2_ws/src/turlebot3_ws/install/turtlebot3_gazebo/share/turtlebot3_gazebo//models/turtlebot3_waffle/model.sdf
[46.176s] -- Installing: /root/ros2_ws/src/turlebot3_ws/install/turtlebot3_gazebo/share/turtlebot3_gazebo//models/turtlebot3_waffle/model-1_4.sdf
[46.176s] -- Installing: /root/ros2_ws/src/turlebot3_ws/install/turtlebot3_gazebo/share/turtlebot3_gazebo//models/turtlebot3_world
[46.176s] -- Installing: /root/ros2_ws/src/turlebot3_ws/install/turtlebot3_gazebo/share/turtlebot3_gazebo//models/turtlebot3_world/model.config
[46.176s] -- Installing: /root/ros2_ws/src/turlebot3_ws/install/turtlebot3_gazebo/share/turtlebot3_gazebo//models/turtlebot3_world/meshes
[46.177s] -- Installing: /root/ros2_ws/src/turlebot3_ws/install/turtlebot3_gazebo/share/turtlebot3_gazebo//models/turtlebot3_world/meshes/hexagon.dae
[46.177s] -- Installing: /root/ros2_ws/src/turlebot3_ws/install/turtlebot3_gazebo/share/turtlebot3_gazebo//models/turtlebot3_world/meshes/wall.dae
[46.178s] -- Installing: /root/ros2_ws/src/turlebot3_ws/install/turtlebot3_gazebo/share/turtlebot3_gazebo//models/turtlebot3_world/model.sdf
[46.178s] -- Installing: /root/ros2_ws/src/turlebot3_ws/install/turtlebot3_gazebo/share/turtlebot3_gazebo//models/turtlebot3_world/model-1_4.sdf
[46.178s] -- Installing: /root/ros2_ws/src/turlebot3_ws/install/turtlebot3_gazebo/share/turtlebot3_gazebo//models/turtlebot3_common
[46.178s] -- Installing: /root/ros2_ws/src/turlebot3_ws/install/turtlebot3_gazebo/share/turtlebot3_gazebo//models/turtlebot3_common/model.config
[46.178s] -- Installing: /root/ros2_ws/src/turlebot3_ws/install/turtlebot3_gazebo/share/turtlebot3_gazebo//models/turtlebot3_common/meshes
[46.178s] -- Installing: /root/ros2_ws/src/turlebot3_ws/install/turtlebot3_gazebo/share/turtlebot3_gazebo//models/turtlebot3_common/meshes/r200.dae
[46.179s] -- Installing: /root/ros2_ws/src/turlebot3_ws/install/turtlebot3_gazebo/share/turtlebot3_gazebo//models/turtlebot3_common/meshes/waffle_pi_base.dae
[46.179s] -- Installing: /root/ros2_ws/src/turlebot3_ws/install/turtlebot3_gazebo/share/turtlebot3_gazebo//models/turtlebot3_common/meshes/tire.dae
[46.179s] -- Installing: /root/ros2_ws/src/turlebot3_ws/install/turtlebot3_gazebo/share/turtlebot3_gazebo//models/turtlebot3_common/meshes/burger_base.dae
[46.179s] -- Installing: /root/ros2_ws/src/turlebot3_ws/install/turtlebot3_gazebo/share/turtlebot3_gazebo//models/turtlebot3_common/meshes/waffle_base.dae
[46.179s] -- Installing: /root/ros2_ws/src/turlebot3_ws/install/turtlebot3_gazebo/share/turtlebot3_gazebo//models/turtlebot3_common/meshes/lds.dae
[46.179s] -- Installing: /root/ros2_ws/src/turlebot3_ws/install/turtlebot3_gazebo/share/turtlebot3_gazebo//rviz
[46.180s] -- Installing: /root/ros2_ws/src/turlebot3_ws/install/turtlebot3_gazebo/share/turtlebot3_gazebo//rviz/tb3_gazebo.rviz
[46.180s] -- Installing: /root/ros2_ws/src/turlebot3_ws/install/turtlebot3_gazebo/share/turtlebot3_gazebo//urdf
[46.180s] -- Installing: /root/ros2_ws/src/turlebot3_ws/install/turtlebot3_gazebo/share/turtlebot3_gazebo//urdf/turtlebot3_waffle_pi.urdf
[46.180s] -- Installing: /root/ros2_ws/src/turlebot3_ws/install/turtlebot3_gazebo/share/turtlebot3_gazebo//urdf/common_properties.urdf
[46.180s] -- Installing: /root/ros2_ws/src/turlebot3_ws/install/turtlebot3_gazebo/share/turtlebot3_gazebo//urdf/turtlebot3_burger.urdf
[46.180s] -- Installing: /root/ros2_ws/src/turlebot3_ws/install/turtlebot3_gazebo/share/turtlebot3_gazebo//urdf/turtlebot3_waffle.urdf
[46.180s] -- Installing: /root/ros2_ws/src/turlebot3_ws/install/turtlebot3_gazebo/share/turtlebot3_gazebo//worlds
[46.181s] -- Installing: /root/ros2_ws/src/turlebot3_ws/install/turtlebot3_gazebo/share/turtlebot3_gazebo//worlds/turtlebot3_dqn_stage3.world
[46.181s] -- Installing: /root/ros2_ws/src/turlebot3_ws/install/turtlebot3_gazebo/share/turtlebot3_gazebo//worlds/empty_world.world
[46.181s] -- Installing: /root/ros2_ws/src/turlebot3_ws/install/turtlebot3_gazebo/share/turtlebot3_gazebo//worlds/turtlebot3_dqn_stage4.world
[46.181s] -- Installing: /root/ros2_ws/src/turlebot3_ws/install/turtlebot3_gazebo/share/turtlebot3_gazebo//worlds/turtlebot3_house.world
[46.181s] -- Installing: /root/ros2_ws/src/turlebot3_ws/install/turtlebot3_gazebo/share/turtlebot3_gazebo//worlds/turtlebot3_world.world
[46.181s] -- Installing: /root/ros2_ws/src/turlebot3_ws/install/turtlebot3_gazebo/share/turtlebot3_gazebo//worlds/turtlebot3_dqn_stage2.world
[46.181s] -- Installing: /root/ros2_ws/src/turlebot3_ws/install/turtlebot3_gazebo/share/turtlebot3_gazebo//worlds/turtlebot3_dqn_stage1.world
[46.181s] -- Installing: /root/ros2_ws/src/turlebot3_ws/install/turtlebot3_gazebo/include/
[46.181s] -- Installing: /root/ros2_ws/src/turlebot3_ws/install/turtlebot3_gazebo/include//turtlebot3_gazebo
[46.181s] -- Installing: /root/ros2_ws/src/turlebot3_ws/install/turtlebot3_gazebo/include//turtlebot3_gazebo/turtlebot3_drive.hpp
[46.181s] -- Installing: /root/ros2_ws/src/turlebot3_ws/install/turtlebot3_gazebo/share/ament_index/resource_index/package_run_dependencies/turtlebot3_gazebo
[46.182s] -- Installing: /root/ros2_ws/src/turlebot3_ws/install/turtlebot3_gazebo/share/ament_index/resource_index/parent_prefix_path/turtlebot3_gazebo
[46.182s] -- Installing: /root/ros2_ws/src/turlebot3_ws/install/turtlebot3_gazebo/share/turtlebot3_gazebo/environment/ament_prefix_path.sh
[46.182s] -- Installing: /root/ros2_ws/src/turlebot3_ws/install/turtlebot3_gazebo/share/turtlebot3_gazebo/environment/ament_prefix_path.dsv
[46.182s] -- Installing: /root/ros2_ws/src/turlebot3_ws/install/turtlebot3_gazebo/share/turtlebot3_gazebo/environment/path.sh
[46.182s] -- Installing: /root/ros2_ws/src/turlebot3_ws/install/turtlebot3_gazebo/share/turtlebot3_gazebo/environment/path.dsv
[46.182s] -- Installing: /root/ros2_ws/src/turlebot3_ws/install/turtlebot3_gazebo/share/turtlebot3_gazebo/local_setup.bash
[46.182s] -- Installing: /root/ros2_ws/src/turlebot3_ws/install/turtlebot3_gazebo/share/turtlebot3_gazebo/local_setup.sh
[46.182s] -- Installing: /root/ros2_ws/src/turlebot3_ws/install/turtlebot3_gazebo/share/turtlebot3_gazebo/local_setup.zsh
[46.182s] -- Installing: /root/ros2_ws/src/turlebot3_ws/install/turtlebot3_gazebo/share/turtlebot3_gazebo/local_setup.dsv
[46.182s] -- Installing: /root/ros2_ws/src/turlebot3_ws/install/turtlebot3_gazebo/share/turtlebot3_gazebo/package.dsv
[46.182s] -- Installing: /root/ros2_ws/src/turlebot3_ws/install/turtlebot3_gazebo/share/ament_index/resource_index/packages/turtlebot3_gazebo
[46.182s] -- Installing: /root/ros2_ws/src/turlebot3_ws/install/turtlebot3_gazebo/share/turtlebot3_gazebo/cmake/ament_cmake_export_include_directories-extras.cmake
[46.183s] -- Installing: /root/ros2_ws/src/turlebot3_ws/install/turtlebot3_gazebo/share/turtlebot3_gazebo/cmake/ament_cmake_export_dependencies-extras.cmake
[46.183s] -- Installing: /root/ros2_ws/src/turlebot3_ws/install/turtlebot3_gazebo/share/turtlebot3_gazebo/cmake/turtlebot3_gazeboConfig.cmake
[46.184s] -- Installing: /root/ros2_ws/src/turlebot3_ws/install/turtlebot3_gazebo/share/turtlebot3_gazebo/cmake/turtlebot3_gazeboConfig-version.cmake
[46.185s] -- Installing: /root/ros2_ws/src/turlebot3_ws/install/turtlebot3_gazebo/share/turtlebot3_gazebo/package.xml
[46.186s] Invoked command in '/root/ros2_ws/src/turlebot3_ws/build/turtlebot3_gazebo' returned '0': CMAKE_PREFIX_PATH=${CMAKE_PREFIX_PATH}:/root/ros2_ws/src/turlebot3_ws/install/turtlebot3_teleop:/root/ros2_ws/src/turlebot3_ws/install/turtlebot3_example:/opt/ros/humble /usr/bin/cmake --install /root/ros2_ws/src/turlebot3_ws/build/turtlebot3_gazebo
