[0.027s] Invoking command in '/root/ros2_ws/build/endicott_interfaces': CMAKE_PREFIX_PATH=/opt/ros/humble /usr/bin/cmake /root/ros2_ws/src/endicott_interfaces -DCMAKE_INSTALL_PREFIX=/root/ros2_ws/install/endicott_interfaces
[0.136s] -- The C compiler identification is GNU 11.4.0
[0.460s] -- The CXX compiler identification is GNU 11.4.0
[0.755s] -- Detecting C compiler ABI info
[0.889s] -- Detecting C compiler ABI info - done
[0.903s] -- Check for working C compiler: /usr/bin/cc - skipped
[0.903s] -- Detecting C compile features
[0.904s] -- Detecting C compile features - done
[0.906s] -- Detecting CXX compiler ABI info
[1.031s] -- Detecting CXX compiler ABI info - done
[1.038s] -- Check for working CXX compiler: /usr/bin/c++ - skipped
[1.039s] -- Detecting CXX compile features
[1.039s] -- Detecting CXX compile features - done
[1.044s] -- Found ament_cmake: 1.3.11 (/opt/ros/humble/share/ament_cmake/cmake)
[1.247s] -- Found Python3: /usr/bin/python3 (found version "3.10.12") found components: Interpreter 
[1.366s] -- Found geometry_msgs: 4.2.4 (/opt/ros/humble/share/geometry_msgs/cmake)
[1.497s] -- Found rosidl_generator_c: 3.1.6 (/opt/ros/humble/share/rosidl_generator_c/cmake)
[1.505s] -- Found rosidl_adapter: 3.1.6 (/opt/ros/humble/share/rosidl_adapter/cmake)
[1.521s] -- Found rosidl_generator_cpp: 3.1.6 (/opt/ros/humble/share/rosidl_generator_cpp/cmake)
[1.549s] -- Using all available rosidl_typesupport_c: rosidl_typesupport_fastrtps_c;rosidl_typesupport_introspection_c
[1.582s] -- Using all available rosidl_typesupport_cpp: rosidl_typesupport_fastrtps_cpp;rosidl_typesupport_introspection_cpp
[1.685s] -- Found rosidl_default_generators: 1.2.0 (/opt/ros/humble/share/rosidl_default_generators/cmake)
[2.329s] -- Found ament_cmake_ros: 0.10.0 (/opt/ros/humble/share/ament_cmake_ros/cmake)
[2.687s] -- Using all available rosidl_typesupport_c: rosidl_typesupport_fastrtps_c;rosidl_typesupport_introspection_c
[2.825s] -- Using all available rosidl_typesupport_cpp: rosidl_typesupport_fastrtps_cpp;rosidl_typesupport_introspection_cpp
[2.906s] -- Found PythonInterp: /usr/bin/python3 (found suitable version "3.10.12", minimum required is "3.6") 
[2.908s] -- Found python_cmake_module: 0.10.0 (/opt/ros/humble/share/python_cmake_module/cmake)
[3.145s] -- Found PythonLibs: /usr/lib/x86_64-linux-gnu/libpython3.10.so (found suitable version "3.10.12", minimum required is "3.5") 
[3.146s] -- Using PYTHON_EXECUTABLE: /usr/bin/python3
[3.146s] -- Using PYTHON_INCLUDE_DIRS: /usr/include/python3.10
[3.146s] -- Using PYTHON_LIBRARIES: /usr/lib/x86_64-linux-gnu/libpython3.10.so
[3.169s] -- Found PythonExtra: .so  
[3.279s] -- Configuring done
[3.325s] -- Generating done
[3.340s] -- Build files have been written to: /root/ros2_ws/build/endicott_interfaces
[3.352s] Invoked command in '/root/ros2_ws/build/endicott_interfaces' returned '0': CMAKE_PREFIX_PATH=/opt/ros/humble /usr/bin/cmake /root/ros2_ws/src/endicott_interfaces -DCMAKE_INSTALL_PREFIX=/root/ros2_ws/install/endicott_interfaces
[3.352s] Invoking command in '/root/ros2_ws/build/endicott_interfaces': CMAKE_PREFIX_PATH=/opt/ros/humble /usr/bin/cmake --build /root/ros2_ws/build/endicott_interfaces -- -j8 -l8
[3.811s] [  3%] [34m[1mGenerating C code for ROS interfaces[0m
[3.811s] [  3%] Built target ament_cmake_python_copy_endicott_interfaces
[3.811s] [  6%] [34m[1mGenerating C++ code for ROS interfaces[0m
[3.839s] [  9%] [32mBuilding C object CMakeFiles/endicott_interfaces__rosidl_generator_c.dir/rosidl_generator_c/endicott_interfaces/msg/detail/move_status__functions.c.o[0m
[3.839s] [  9%] Built target endicott_interfaces__cpp
[3.851s] [ 12%] [34m[1mGenerating C++ type support dispatch for ROS interfaces[0m
[3.852s] [ 16%] [34m[1mGenerating C++ introspection for ROS interfaces[0m
[3.853s] [ 19%] [34m[1mGenerating C++ type support for eProsima Fast-RTPS[0m
[3.898s] running egg_info
[3.898s] creating endicott_interfaces.egg-info
[3.899s] writing endicott_interfaces.egg-info/PKG-INFO
[3.899s] writing dependency_links to endicott_interfaces.egg-info/dependency_links.txt
[3.899s] writing top-level names to endicott_interfaces.egg-info/top_level.txt
[3.899s] writing manifest file 'endicott_interfaces.egg-info/SOURCES.txt'
[3.902s] reading manifest file 'endicott_interfaces.egg-info/SOURCES.txt'
[3.903s] writing manifest file 'endicott_interfaces.egg-info/SOURCES.txt'
[3.944s] [ 22%] [32m[1mLinking C shared library libendicott_interfaces__rosidl_generator_c.so[0m
[3.967s] [ 22%] Built target ament_cmake_python_build_endicott_interfaces_egg
[4.127s] [ 22%] Built target endicott_interfaces__rosidl_generator_c
[4.196s] [ 25%] [34m[1mGenerating C type support for eProsima Fast-RTPS[0m
[4.217s] [ 29%] [34m[1mGenerating C introspection for ROS interfaces[0m
[4.249s] [ 32%] [34m[1mGenerating C type support dispatch for ROS interfaces[0m
[4.416s] [ 35%] [32mBuilding CXX object CMakeFiles/endicott_interfaces__rosidl_typesupport_cpp.dir/rosidl_typesupport_cpp/endicott_interfaces/msg/move_status__type_support.cpp.o[0m
[4.428s] [ 38%] [32mBuilding CXX object CMakeFiles/endicott_interfaces__rosidl_typesupport_introspection_cpp.dir/rosidl_typesupport_introspection_cpp/endicott_interfaces/msg/detail/move_status__type_support.cpp.o[0m
[4.506s] [ 41%] [32mBuilding CXX object CMakeFiles/endicott_interfaces__rosidl_typesupport_fastrtps_cpp.dir/rosidl_typesupport_fastrtps_cpp/endicott_interfaces/msg/detail/dds_fastrtps/move_status__type_support.cpp.o[0m
[4.906s] [ 45%] [32m[1mLinking CXX shared library libendicott_interfaces__rosidl_typesupport_cpp.so[0m
[4.985s] [ 48%] [32mBuilding CXX object CMakeFiles/endicott_interfaces__rosidl_typesupport_fastrtps_c.dir/rosidl_typesupport_fastrtps_c/endicott_interfaces/msg/detail/move_status__type_support_c.cpp.o[0m
[4.989s] [ 51%] [32mBuilding CXX object CMakeFiles/endicott_interfaces__rosidl_typesupport_c.dir/rosidl_typesupport_c/endicott_interfaces/msg/move_status__type_support.cpp.o[0m
[5.094s] [ 54%] [32mBuilding C object CMakeFiles/endicott_interfaces__rosidl_typesupport_introspection_c.dir/rosidl_typesupport_introspection_c/endicott_interfaces/msg/detail/move_status__type_support.c.o[0m
[5.148s] [ 54%] Built target endicott_interfaces__rosidl_typesupport_cpp
[5.149s] [ 58%] [32m[1mLinking CXX shared library libendicott_interfaces__rosidl_typesupport_c.so[0m
[5.229s] [ 61%] [32m[1mLinking C shared library libendicott_interfaces__rosidl_typesupport_introspection_c.so[0m
[5.387s] [ 61%] Built target endicott_interfaces__rosidl_typesupport_c
[5.439s] [ 61%] Built target endicott_interfaces__rosidl_typesupport_introspection_c
[5.625s] [ 64%] [32m[1mLinking CXX shared library libendicott_interfaces__rosidl_typesupport_introspection_cpp.so[0m
[5.659s] [ 67%] [32m[1mLinking CXX shared library libendicott_interfaces__rosidl_typesupport_fastrtps_c.so[0m
[5.801s] [ 70%] [32m[1mLinking CXX shared library libendicott_interfaces__rosidl_typesupport_fastrtps_cpp.so[0m
[5.854s] [ 70%] Built target endicott_interfaces__rosidl_typesupport_introspection_cpp
[5.957s] [ 70%] Built target endicott_interfaces__rosidl_typesupport_fastrtps_c
[6.059s] [ 70%] Built target endicott_interfaces__rosidl_typesupport_fastrtps_cpp
[6.084s] [ 70%] Built target endicott_interfaces
[6.111s] [ 74%] [34m[1mGenerating Python code for ROS interfaces[0m
[6.566s] [ 74%] Built target endicott_interfaces__py
[6.590s] [ 77%] [32mBuilding C object CMakeFiles/endicott_interfaces__rosidl_generator_py.dir/rosidl_generator_py/endicott_interfaces/msg/_move_status_s.c.o[0m
[6.756s] [ 80%] [32m[1mLinking C shared library rosidl_generator_py/endicott_interfaces/libendicott_interfaces__rosidl_generator_py.so[0m
[6.882s] [ 80%] Built target endicott_interfaces__rosidl_generator_py
[6.957s] [ 83%] [32mBuilding C object CMakeFiles/endicott_interfaces__rosidl_typesupport_fastrtps_c__pyext.dir/rosidl_generator_py/endicott_interfaces/_endicott_interfaces_s.ep.rosidl_typesupport_fastrtps_c.c.o[0m
[6.971s] [ 87%] [32mBuilding C object CMakeFiles/endicott_interfaces__rosidl_typesupport_c__pyext.dir/rosidl_generator_py/endicott_interfaces/_endicott_interfaces_s.ep.rosidl_typesupport_c.c.o[0m
[6.990s] [ 90%] [32mBuilding C object CMakeFiles/endicott_interfaces__rosidl_typesupport_introspection_c__pyext.dir/rosidl_generator_py/endicott_interfaces/_endicott_interfaces_s.ep.rosidl_typesupport_introspection_c.c.o[0m
[7.214s] [ 93%] [32m[1mLinking C shared library rosidl_generator_py/endicott_interfaces/endicott_interfaces_s__rosidl_typesupport_fastrtps_c.cpython-310-x86_64-linux-gnu.so[0m
[7.222s] [ 96%] [32m[1mLinking C shared library rosidl_generator_py/endicott_interfaces/endicott_interfaces_s__rosidl_typesupport_c.cpython-310-x86_64-linux-gnu.so[0m
[7.282s] [100%] [32m[1mLinking C shared library rosidl_generator_py/endicott_interfaces/endicott_interfaces_s__rosidl_typesupport_introspection_c.cpython-310-x86_64-linux-gnu.so[0m
[7.403s] [100%] Built target endicott_interfaces__rosidl_typesupport_fastrtps_c__pyext
[7.411s] [100%] Built target endicott_interfaces__rosidl_typesupport_c__pyext
[7.453s] [100%] Built target endicott_interfaces__rosidl_typesupport_introspection_c__pyext
[7.467s] Invoked command in '/root/ros2_ws/build/endicott_interfaces' returned '0': CMAKE_PREFIX_PATH=/opt/ros/humble /usr/bin/cmake --build /root/ros2_ws/build/endicott_interfaces -- -j8 -l8
[7.467s] Invoking command in '/root/ros2_ws/build/endicott_interfaces': CMAKE_PREFIX_PATH=/opt/ros/humble /usr/bin/cmake --install /root/ros2_ws/build/endicott_interfaces
[7.481s] -- Install configuration: ""
[7.482s] -- Installing: /root/ros2_ws/install/endicott_interfaces/share/ament_index/resource_index/rosidl_interfaces/endicott_interfaces
[7.482s] -- Up-to-date: /root/ros2_ws/install/endicott_interfaces/include/endicott_interfaces/endicott_interfaces
[7.482s] -- Up-to-date: /root/ros2_ws/install/endicott_interfaces/include/endicott_interfaces/endicott_interfaces/msg
[7.482s] -- Installing: /root/ros2_ws/install/endicott_interfaces/include/endicott_interfaces/endicott_interfaces/msg/move_status.h
[7.483s] -- Installing: /root/ros2_ws/install/endicott_interfaces/include/endicott_interfaces/endicott_interfaces/msg/rosidl_generator_c__visibility_control.h
[7.483s] -- Up-to-date: /root/ros2_ws/install/endicott_interfaces/include/endicott_interfaces/endicott_interfaces/msg/detail
[7.483s] -- Installing: /root/ros2_ws/install/endicott_interfaces/include/endicott_interfaces/endicott_interfaces/msg/detail/move_status__functions.h
[7.483s] -- Installing: /root/ros2_ws/install/endicott_interfaces/include/endicott_interfaces/endicott_interfaces/msg/detail/move_status__struct.h
[7.484s] -- Installing: /root/ros2_ws/install/endicott_interfaces/include/endicott_interfaces/endicott_interfaces/msg/detail/move_status__functions.c
[7.484s] -- Installing: /root/ros2_ws/install/endicott_interfaces/include/endicott_interfaces/endicott_interfaces/msg/detail/move_status__type_support.h
[7.484s] -- Up-to-date: /root/ros2_ws/install/endicott_interfaces/share/endicott_interfaces/environment/library_path.sh
[7.484s] -- Installing: /root/ros2_ws/install/endicott_interfaces/share/endicott_interfaces/environment/library_path.dsv
[7.485s] -- Installing: /root/ros2_ws/install/endicott_interfaces/lib/libendicott_interfaces__rosidl_generator_c.so
[7.486s] -- Set runtime path of "/root/ros2_ws/install/endicott_interfaces/lib/libendicott_interfaces__rosidl_generator_c.so" to ""
[7.486s] -- Up-to-date: /root/ros2_ws/install/endicott_interfaces/include/endicott_interfaces/endicott_interfaces
[7.486s] -- Up-to-date: /root/ros2_ws/install/endicott_interfaces/include/endicott_interfaces/endicott_interfaces/msg
[7.486s] -- Installing: /root/ros2_ws/install/endicott_interfaces/include/endicott_interfaces/endicott_interfaces/msg/rosidl_typesupport_fastrtps_c__visibility_control.h
[7.487s] -- Up-to-date: /root/ros2_ws/install/endicott_interfaces/include/endicott_interfaces/endicott_interfaces/msg/detail
[7.487s] -- Installing: /root/ros2_ws/install/endicott_interfaces/include/endicott_interfaces/endicott_interfaces/msg/detail/move_status__rosidl_typesupport_fastrtps_c.h
[7.487s] -- Installing: /root/ros2_ws/install/endicott_interfaces/lib/libendicott_interfaces__rosidl_typesupport_fastrtps_c.so
[7.488s] -- Set runtime path of "/root/ros2_ws/install/endicott_interfaces/lib/libendicott_interfaces__rosidl_typesupport_fastrtps_c.so" to ""
[7.488s] -- Up-to-date: /root/ros2_ws/install/endicott_interfaces/include/endicott_interfaces/endicott_interfaces
[7.488s] -- Up-to-date: /root/ros2_ws/install/endicott_interfaces/include/endicott_interfaces/endicott_interfaces/msg
[7.488s] -- Installing: /root/ros2_ws/install/endicott_interfaces/include/endicott_interfaces/endicott_interfaces/msg/rosidl_generator_cpp__visibility_control.hpp
[7.489s] -- Installing: /root/ros2_ws/install/endicott_interfaces/include/endicott_interfaces/endicott_interfaces/msg/move_status.hpp
[7.489s] -- Up-to-date: /root/ros2_ws/install/endicott_interfaces/include/endicott_interfaces/endicott_interfaces/msg/detail
[7.489s] -- Installing: /root/ros2_ws/install/endicott_interfaces/include/endicott_interfaces/endicott_interfaces/msg/detail/move_status__traits.hpp
[7.490s] -- Installing: /root/ros2_ws/install/endicott_interfaces/include/endicott_interfaces/endicott_interfaces/msg/detail/move_status__struct.hpp
[7.490s] -- Installing: /root/ros2_ws/install/endicott_interfaces/include/endicott_interfaces/endicott_interfaces/msg/detail/move_status__builder.hpp
[7.490s] -- Installing: /root/ros2_ws/install/endicott_interfaces/include/endicott_interfaces/endicott_interfaces/msg/detail/move_status__type_support.hpp
[7.490s] -- Up-to-date: /root/ros2_ws/install/endicott_interfaces/include/endicott_interfaces/endicott_interfaces
[7.491s] -- Up-to-date: /root/ros2_ws/install/endicott_interfaces/include/endicott_interfaces/endicott_interfaces/msg
[7.491s] -- Installing: /root/ros2_ws/install/endicott_interfaces/include/endicott_interfaces/endicott_interfaces/msg/rosidl_typesupport_fastrtps_cpp__visibility_control.h
[7.491s] -- Up-to-date: /root/ros2_ws/install/endicott_interfaces/include/endicott_interfaces/endicott_interfaces/msg/detail
[7.491s] -- Up-to-date: /root/ros2_ws/install/endicott_interfaces/include/endicott_interfaces/endicott_interfaces/msg/detail/dds_fastrtps
[7.491s] -- Installing: /root/ros2_ws/install/endicott_interfaces/include/endicott_interfaces/endicott_interfaces/msg/detail/move_status__rosidl_typesupport_fastrtps_cpp.hpp
[7.492s] -- Installing: /root/ros2_ws/install/endicott_interfaces/lib/libendicott_interfaces__rosidl_typesupport_fastrtps_cpp.so
[7.493s] -- Set runtime path of "/root/ros2_ws/install/endicott_interfaces/lib/libendicott_interfaces__rosidl_typesupport_fastrtps_cpp.so" to ""
[7.493s] -- Up-to-date: /root/ros2_ws/install/endicott_interfaces/include/endicott_interfaces/endicott_interfaces
[7.493s] -- Up-to-date: /root/ros2_ws/install/endicott_interfaces/include/endicott_interfaces/endicott_interfaces/msg
[7.493s] -- Installing: /root/ros2_ws/install/endicott_interfaces/include/endicott_interfaces/endicott_interfaces/msg/rosidl_typesupport_introspection_c__visibility_control.h
[7.494s] -- Up-to-date: /root/ros2_ws/install/endicott_interfaces/include/endicott_interfaces/endicott_interfaces/msg/detail
[7.494s] -- Installing: /root/ros2_ws/install/endicott_interfaces/include/endicott_interfaces/endicott_interfaces/msg/detail/move_status__type_support.c
[7.494s] -- Installing: /root/ros2_ws/install/endicott_interfaces/include/endicott_interfaces/endicott_interfaces/msg/detail/move_status__rosidl_typesupport_introspection_c.h
[7.494s] -- Installing: /root/ros2_ws/install/endicott_interfaces/lib/libendicott_interfaces__rosidl_typesupport_introspection_c.so
[7.495s] -- Set runtime path of "/root/ros2_ws/install/endicott_interfaces/lib/libendicott_interfaces__rosidl_typesupport_introspection_c.so" to ""
[7.495s] -- Installing: /root/ros2_ws/install/endicott_interfaces/lib/libendicott_interfaces__rosidl_typesupport_c.so
[7.495s] -- Set runtime path of "/root/ros2_ws/install/endicott_interfaces/lib/libendicott_interfaces__rosidl_typesupport_c.so" to ""
[7.496s] -- Up-to-date: /root/ros2_ws/install/endicott_interfaces/include/endicott_interfaces/endicott_interfaces
[7.496s] -- Up-to-date: /root/ros2_ws/install/endicott_interfaces/include/endicott_interfaces/endicott_interfaces/msg
[7.496s] -- Up-to-date: /root/ros2_ws/install/endicott_interfaces/include/endicott_interfaces/endicott_interfaces/msg/detail
[7.496s] -- Installing: /root/ros2_ws/install/endicott_interfaces/include/endicott_interfaces/endicott_interfaces/msg/detail/move_status__type_support.cpp
[7.496s] -- Installing: /root/ros2_ws/install/endicott_interfaces/include/endicott_interfaces/endicott_interfaces/msg/detail/move_status__rosidl_typesupport_introspection_cpp.hpp
[7.497s] -- Installing: /root/ros2_ws/install/endicott_interfaces/lib/libendicott_interfaces__rosidl_typesupport_introspection_cpp.so
[7.497s] -- Set runtime path of "/root/ros2_ws/install/endicott_interfaces/lib/libendicott_interfaces__rosidl_typesupport_introspection_cpp.so" to ""
[7.498s] -- Installing: /root/ros2_ws/install/endicott_interfaces/lib/libendicott_interfaces__rosidl_typesupport_cpp.so
[7.499s] -- Set runtime path of "/root/ros2_ws/install/endicott_interfaces/lib/libendicott_interfaces__rosidl_typesupport_cpp.so" to ""
[7.499s] -- Installing: /root/ros2_ws/install/endicott_interfaces/share/endicott_interfaces/environment/pythonpath.sh
[7.499s] -- Installing: /root/ros2_ws/install/endicott_interfaces/share/endicott_interfaces/environment/pythonpath.dsv
[7.500s] -- Up-to-date: /root/ros2_ws/install/endicott_interfaces/local/lib/python3.10/dist-packages/endicott_interfaces-0.0.0-py3.10.egg-info
[7.500s] -- Installing: /root/ros2_ws/install/endicott_interfaces/local/lib/python3.10/dist-packages/endicott_interfaces-0.0.0-py3.10.egg-info/top_level.txt
[7.502s] -- Installing: /root/ros2_ws/install/endicott_interfaces/local/lib/python3.10/dist-packages/endicott_interfaces-0.0.0-py3.10.egg-info/dependency_links.txt
[7.504s] -- Installing: /root/ros2_ws/install/endicott_interfaces/local/lib/python3.10/dist-packages/endicott_interfaces-0.0.0-py3.10.egg-info/SOURCES.txt
[7.504s] -- Installing: /root/ros2_ws/install/endicott_interfaces/local/lib/python3.10/dist-packages/endicott_interfaces-0.0.0-py3.10.egg-info/PKG-INFO
[7.504s] -- Up-to-date: /root/ros2_ws/install/endicott_interfaces/local/lib/python3.10/dist-packages/endicott_interfaces
[7.504s] -- Installing: /root/ros2_ws/install/endicott_interfaces/local/lib/python3.10/dist-packages/endicott_interfaces/endicott_interfaces_s__rosidl_typesupport_introspection_c.cpython-310-x86_64-linux-gnu.so
[7.505s] -- Installing: /root/ros2_ws/install/endicott_interfaces/local/lib/python3.10/dist-packages/endicott_interfaces/_endicott_interfaces_s.ep.rosidl_typesupport_fastrtps_c.c
[7.505s] -- Installing: /root/ros2_ws/install/endicott_interfaces/local/lib/python3.10/dist-packages/endicott_interfaces/_endicott_interfaces_s.ep.rosidl_typesupport_c.c
[7.505s] -- Installing: /root/ros2_ws/install/endicott_interfaces/local/lib/python3.10/dist-packages/endicott_interfaces/endicott_interfaces_s__rosidl_typesupport_c.cpython-310-x86_64-linux-gnu.so
[7.505s] -- Up-to-date: /root/ros2_ws/install/endicott_interfaces/local/lib/python3.10/dist-packages/endicott_interfaces/msg
[7.506s] -- Installing: /root/ros2_ws/install/endicott_interfaces/local/lib/python3.10/dist-packages/endicott_interfaces/msg/_move_status_s.c
[7.506s] -- Installing: /root/ros2_ws/install/endicott_interfaces/local/lib/python3.10/dist-packages/endicott_interfaces/msg/_move_status.py
[7.506s] -- Installing: /root/ros2_ws/install/endicott_interfaces/local/lib/python3.10/dist-packages/endicott_interfaces/msg/__init__.py
[7.506s] -- Installing: /root/ros2_ws/install/endicott_interfaces/local/lib/python3.10/dist-packages/endicott_interfaces/_endicott_interfaces_s.ep.rosidl_typesupport_introspection_c.c
[7.507s] -- Installing: /root/ros2_ws/install/endicott_interfaces/local/lib/python3.10/dist-packages/endicott_interfaces/endicott_interfaces_s__rosidl_typesupport_fastrtps_c.cpython-310-x86_64-linux-gnu.so
[7.507s] -- Installing: /root/ros2_ws/install/endicott_interfaces/local/lib/python3.10/dist-packages/endicott_interfaces/libendicott_interfaces__rosidl_generator_py.so
[7.507s] -- Installing: /root/ros2_ws/install/endicott_interfaces/local/lib/python3.10/dist-packages/endicott_interfaces/__init__.py
[7.618s] Listing '/root/ros2_ws/install/endicott_interfaces/local/lib/python3.10/dist-packages/endicott_interfaces'...
[7.618s] Compiling '/root/ros2_ws/install/endicott_interfaces/local/lib/python3.10/dist-packages/endicott_interfaces/__init__.py'...
[7.618s] Listing '/root/ros2_ws/install/endicott_interfaces/local/lib/python3.10/dist-packages/endicott_interfaces/msg'...
[7.619s] Compiling '/root/ros2_ws/install/endicott_interfaces/local/lib/python3.10/dist-packages/endicott_interfaces/msg/__init__.py'...
[7.619s] Compiling '/root/ros2_ws/install/endicott_interfaces/local/lib/python3.10/dist-packages/endicott_interfaces/msg/_move_status.py'...
[7.627s] -- Installing: /root/ros2_ws/install/endicott_interfaces/local/lib/python3.10/dist-packages/endicott_interfaces/endicott_interfaces_s__rosidl_typesupport_fastrtps_c.cpython-310-x86_64-linux-gnu.so
[7.627s] -- Set runtime path of "/root/ros2_ws/install/endicott_interfaces/local/lib/python3.10/dist-packages/endicott_interfaces/endicott_interfaces_s__rosidl_typesupport_fastrtps_c.cpython-310-x86_64-linux-gnu.so" to ""
[7.627s] -- Installing: /root/ros2_ws/install/endicott_interfaces/local/lib/python3.10/dist-packages/endicott_interfaces/endicott_interfaces_s__rosidl_typesupport_introspection_c.cpython-310-x86_64-linux-gnu.so
[7.627s] -- Set runtime path of "/root/ros2_ws/install/endicott_interfaces/local/lib/python3.10/dist-packages/endicott_interfaces/endicott_interfaces_s__rosidl_typesupport_introspection_c.cpython-310-x86_64-linux-gnu.so" to ""
[7.627s] -- Installing: /root/ros2_ws/install/endicott_interfaces/local/lib/python3.10/dist-packages/endicott_interfaces/endicott_interfaces_s__rosidl_typesupport_c.cpython-310-x86_64-linux-gnu.so
[7.627s] -- Set runtime path of "/root/ros2_ws/install/endicott_interfaces/local/lib/python3.10/dist-packages/endicott_interfaces/endicott_interfaces_s__rosidl_typesupport_c.cpython-310-x86_64-linux-gnu.so" to ""
[7.627s] -- Installing: /root/ros2_ws/install/endicott_interfaces/lib/libendicott_interfaces__rosidl_generator_py.so
[7.627s] -- Set runtime path of "/root/ros2_ws/install/endicott_interfaces/lib/libendicott_interfaces__rosidl_generator_py.so" to ""
[7.627s] -- Installing: /root/ros2_ws/install/endicott_interfaces/share/endicott_interfaces/msg/MoveStatus.idl
[7.629s] -- Up-to-date: /root/ros2_ws/install/endicott_interfaces/share/endicott_interfaces/msg/MoveStatus.msg
[7.631s] [31mCMake Error at cmake_install.cmake:367 (file):
[7.631s]   file INSTALL cannot find "/root/ros2_ws/build/endicott_interfaces/include":
[7.631s]   No such file or directory.
[7.631s] 
[7.631s] [0m
[7.632s] Invoked command in '/root/ros2_ws/build/endicott_interfaces' returned '1': CMAKE_PREFIX_PATH=/opt/ros/humble /usr/bin/cmake --install /root/ros2_ws/build/endicott_interfaces
