[0.031s] Invoking command in '/root/ros2_ws/src/turlebot3_ws/build/turtlebot3_cartographer': CMAKE_PREFIX_PATH=/opt/ros/humble /usr/bin/cmake --build /root/ros2_ws/src/turlebot3_ws/build/turtlebot3_cartographer -- -j8 -l8
[0.328s] Invoked command in '/root/ros2_ws/src/turlebot3_ws/build/turtlebot3_cartographer' returned '0': CMAKE_PREFIX_PATH=/opt/ros/humble /usr/bin/cmake --build /root/ros2_ws/src/turlebot3_ws/build/turtlebot3_cartographer -- -j8 -l8
[0.330s] Invoking command in '/root/ros2_ws/src/turlebot3_ws/build/turtlebot3_cartographer': CMAKE_PREFIX_PATH=/opt/ros/humble /usr/bin/cmake --install /root/ros2_ws/src/turlebot3_ws/build/turtlebot3_cartographer
[0.341s] -- Install configuration: ""
[0.341s] -- Execute custom install script
[0.341s] -- Up-to-date symlink: /root/ros2_ws/src/turlebot3_ws/install/turtlebot3_cartographer/share/turtlebot3_cartographer/config/turtlebot3_lds_2d.lua
[0.342s] -- Up-to-date symlink: /root/ros2_ws/src/turlebot3_ws/install/turtlebot3_cartographer/share/turtlebot3_cartographer/launch/cartographer.launch.py
[0.342s] -- Up-to-date symlink: /root/ros2_ws/src/turlebot3_ws/install/turtlebot3_cartographer/share/turtlebot3_cartographer/launch/occupancy_grid.launch.py
[0.342s] -- Up-to-date symlink: /root/ros2_ws/src/turlebot3_ws/install/turtlebot3_cartographer/share/turtlebot3_cartographer/rviz/tb3_cartographer.rviz
[0.342s] -- Up-to-date symlink: /root/ros2_ws/src/turlebot3_ws/install/turtlebot3_cartographer/share/ament_index/resource_index/package_run_dependencies/turtlebot3_cartographer
[0.344s] -- Up-to-date symlink: /root/ros2_ws/src/turlebot3_ws/install/turtlebot3_cartographer/share/ament_index/resource_index/parent_prefix_path/turtlebot3_cartographer
[0.346s] -- Up-to-date symlink: /root/ros2_ws/src/turlebot3_ws/install/turtlebot3_cartographer/share/turtlebot3_cartographer/environment/ament_prefix_path.sh
[0.346s] -- Up-to-date symlink: /root/ros2_ws/src/turlebot3_ws/install/turtlebot3_cartographer/share/turtlebot3_cartographer/environment/ament_prefix_path.dsv
[0.346s] -- Up-to-date symlink: /root/ros2_ws/src/turlebot3_ws/install/turtlebot3_cartographer/share/turtlebot3_cartographer/environment/path.sh
[0.346s] -- Up-to-date symlink: /root/ros2_ws/src/turlebot3_ws/install/turtlebot3_cartographer/share/turtlebot3_cartographer/environment/path.dsv
[0.346s] -- Up-to-date symlink: /root/ros2_ws/src/turlebot3_ws/install/turtlebot3_cartographer/share/turtlebot3_cartographer/local_setup.bash
[0.347s] -- Up-to-date symlink: /root/ros2_ws/src/turlebot3_ws/install/turtlebot3_cartographer/share/turtlebot3_cartographer/local_setup.sh
[0.347s] -- Up-to-date symlink: /root/ros2_ws/src/turlebot3_ws/install/turtlebot3_cartographer/share/turtlebot3_cartographer/local_setup.zsh
[0.347s] -- Up-to-date symlink: /root/ros2_ws/src/turlebot3_ws/install/turtlebot3_cartographer/share/turtlebot3_cartographer/local_setup.dsv
[0.347s] -- Symlinking: /root/ros2_ws/src/turlebot3_ws/install/turtlebot3_cartographer/share/turtlebot3_cartographer/package.dsv
[0.356s] -- Up-to-date symlink: /root/ros2_ws/src/turlebot3_ws/install/turtlebot3_cartographer/share/ament_index/resource_index/packages/turtlebot3_cartographer
[0.356s] -- Up-to-date symlink: /root/ros2_ws/src/turlebot3_ws/install/turtlebot3_cartographer/share/turtlebot3_cartographer/cmake/turtlebot3_cartographerConfig.cmake
[0.356s] -- Up-to-date symlink: /root/ros2_ws/src/turlebot3_ws/install/turtlebot3_cartographer/share/turtlebot3_cartographer/cmake/turtlebot3_cartographerConfig-version.cmake
[0.357s] -- Up-to-date symlink: /root/ros2_ws/src/turlebot3_ws/install/turtlebot3_cartographer/share/turtlebot3_cartographer/package.xml
[0.372s] Invoked command in '/root/ros2_ws/src/turlebot3_ws/build/turtlebot3_cartographer' returned '0': CMAKE_PREFIX_PATH=/opt/ros/humble /usr/bin/cmake --install /root/ros2_ws/src/turlebot3_ws/build/turtlebot3_cartographer
