[0.618s] Invoking command in '/root/ros2_ws/src/turlebot3_ws/src/turtlebot3/turtlebot3_example': CMAKE_PREFIX_PATH=/root/ros2_ws/src/turlebot3_ws/install/turtlebot3_msgs:/root/ros2_ws/src/turlebot3_ws/install/turtlebot3:/root/ros2_ws/src/turlebot3_ws/install/turtlebot3_bringup:/root/ros2_ws/src/turlebot3_ws/install/turtlebot3_node:/root/ros2_ws/src/turlebot3_ws/install/turtlebot3_navigation2:/root/ros2_ws/src/turlebot3_ws/install/turtlebot3_description:/root/ros2_ws/src/turlebot3_ws/install/turtlebot3_cartographer:/root/ros2_ws/src/turlebot3_ws/install/dynamixel_sdk_examples:/root/ros2_ws/src/turlebot3_ws/install/dynamixel_sdk_custom_interfaces:/root/ros2_ws/src/turlebot3_ws/install/dynamixel_sdk PYTHONPATH=/root/ros2_ws/src/turlebot3_ws/build/turtlebot3_example/prefix_override:/usr/lib/python3/dist-packages/colcon_core/task/python/colcon_distutils_commands:/root/ros2_ws/src/turlebot3_ws/install/turtlebot3_example/lib/python3.10/site-packages:${PYTHONPATH} /usr/bin/python3 -W ignore:setup.py install is deprecated -W ignore:easy_install command is deprecated setup.py egg_info --egg-base ../../../build/turtlebot3_example build --build-base /root/ros2_ws/src/turlebot3_ws/build/turtlebot3_example/build install --record /root/ros2_ws/src/turlebot3_ws/build/turtlebot3_example/install.log --single-version-externally-managed install_data
[0.766s] running egg_info
[0.766s] writing ../../../build/turtlebot3_example/turtlebot3_example.egg-info/PKG-INFO
[0.766s] writing dependency_links to ../../../build/turtlebot3_example/turtlebot3_example.egg-info/dependency_links.txt
[0.766s] writing entry points to ../../../build/turtlebot3_example/turtlebot3_example.egg-info/entry_points.txt
[0.766s] writing requirements to ../../../build/turtlebot3_example/turtlebot3_example.egg-info/requires.txt
[0.766s] writing top-level names to ../../../build/turtlebot3_example/turtlebot3_example.egg-info/top_level.txt
[0.768s] reading manifest file '../../../build/turtlebot3_example/turtlebot3_example.egg-info/SOURCES.txt'
[0.768s] writing manifest file '../../../build/turtlebot3_example/turtlebot3_example.egg-info/SOURCES.txt'
[0.768s] running build
[0.768s] running build_py
[0.769s] running install
[0.769s] running install_lib
[0.771s] running install_data
[0.771s] running install_egg_info
[0.772s] removing '/root/ros2_ws/src/turlebot3_ws/install/turtlebot3_example/lib/python3.10/site-packages/turtlebot3_example-2.2.0-py3.10.egg-info' (and everything under it)
[0.772s] Copying ../../../build/turtlebot3_example/turtlebot3_example.egg-info to /root/ros2_ws/src/turlebot3_ws/install/turtlebot3_example/lib/python3.10/site-packages/turtlebot3_example-2.2.0-py3.10.egg-info
[0.773s] running install_scripts
[0.787s] Installing turtlebot3_obstacle_detection script to /root/ros2_ws/src/turlebot3_ws/install/turtlebot3_example/lib/turtlebot3_example
[0.787s] Installing turtlebot3_patrol_client script to /root/ros2_ws/src/turlebot3_ws/install/turtlebot3_example/lib/turtlebot3_example
[0.788s] Installing turtlebot3_patrol_server script to /root/ros2_ws/src/turlebot3_ws/install/turtlebot3_example/lib/turtlebot3_example
[0.788s] Installing turtlebot3_position_control script to /root/ros2_ws/src/turlebot3_ws/install/turtlebot3_example/lib/turtlebot3_example
[0.788s] writing list of installed files to '/root/ros2_ws/src/turlebot3_ws/build/turtlebot3_example/install.log'
[0.806s] Invoked command in '/root/ros2_ws/src/turlebot3_ws/src/turtlebot3/turtlebot3_example' returned '0': CMAKE_PREFIX_PATH=/root/ros2_ws/src/turlebot3_ws/install/turtlebot3_msgs:/root/ros2_ws/src/turlebot3_ws/install/turtlebot3:/root/ros2_ws/src/turlebot3_ws/install/turtlebot3_bringup:/root/ros2_ws/src/turlebot3_ws/install/turtlebot3_node:/root/ros2_ws/src/turlebot3_ws/install/turtlebot3_navigation2:/root/ros2_ws/src/turlebot3_ws/install/turtlebot3_description:/root/ros2_ws/src/turlebot3_ws/install/turtlebot3_cartographer:/root/ros2_ws/src/turlebot3_ws/install/dynamixel_sdk_examples:/root/ros2_ws/src/turlebot3_ws/install/dynamixel_sdk_custom_interfaces:/root/ros2_ws/src/turlebot3_ws/install/dynamixel_sdk PYTHONPATH=/root/ros2_ws/src/turlebot3_ws/build/turtlebot3_example/prefix_override:/usr/lib/python3/dist-packages/colcon_core/task/python/colcon_distutils_commands:/root/ros2_ws/src/turlebot3_ws/install/turtlebot3_example/lib/python3.10/site-packages:${PYTHONPATH} /usr/bin/python3 -W ignore:setup.py install is deprecated -W ignore:easy_install command is deprecated setup.py egg_info --egg-base ../../../build/turtlebot3_example build --build-base /root/ros2_ws/src/turlebot3_ws/build/turtlebot3_example/build install --record /root/ros2_ws/src/turlebot3_ws/build/turtlebot3_example/install.log --single-version-externally-managed install_data
