[0.130s] Invoking command in '/root/ros2_ws/src/turlebot3_ws/build/dynamixel_sdk_examples': AMENT_PREFIX_PATH=/root/ros2_ws/src/turlebot3_ws/install/dynamixel_sdk_custom_interfaces:/root/ros2_ws/src/turlebot3_ws/install/dynamixel_sdk:${AMENT_PREFIX_PATH} CMAKE_PREFIX_PATH=/root/ros2_ws/src/turlebot3_ws/install/dynamixel_sdk_custom_interfaces:/root/ros2_ws/src/turlebot3_ws/install/dynamixel_sdk:/opt/ros/humble LD_LIBRARY_PATH=/root/ros2_ws/src/turlebot3_ws/install/dynamixel_sdk_custom_interfaces/lib:/root/ros2_ws/src/turlebot3_ws/install/dynamixel_sdk/lib:${LD_LIBRARY_PATH} PYTHONPATH=/root/ros2_ws/src/turlebot3_ws/install/dynamixel_sdk_custom_interfaces/local/lib/python3.10/dist-packages:${PYTHONPATH} /usr/bin/cmake /root/ros2_ws/src/turlebot3_ws/src/DynamixelSDK/ros/dynamixel_sdk_examples -DAMENT_CMAKE_SYMLINK_INSTALL=1 -DCMAKE_INSTALL_PREFIX=/root/ros2_ws/src/turlebot3_ws/install/dynamixel_sdk_examples
[0.221s] -- The C compiler identification is GNU 11.4.0
[0.504s] -- The CXX compiler identification is GNU 11.4.0
[0.705s] -- Detecting C compiler ABI info
[0.801s] -- Detecting C compiler ABI info - done
[0.806s] -- Check for working C compiler: /usr/bin/cc - skipped
[0.806s] -- Detecting C compile features
[0.806s] -- Detecting C compile features - done
[0.808s] -- Detecting CXX compiler ABI info
[0.915s] -- Detecting CXX compiler ABI info - done
[0.920s] -- Check for working CXX compiler: /usr/bin/c++ - skipped
[0.921s] -- Detecting CXX compile features
[0.921s] -- Detecting CXX compile features - done
[0.922s] -- Found ament_cmake: 1.3.11 (/opt/ros/humble/share/ament_cmake/cmake)
[1.033s] -- Found Python3: /usr/bin/python3 (found version "3.10.12") found components: Interpreter 
[1.075s] -- Override CMake install command with custom implementation using symlinks instead of copying resources
[1.091s] -- Found dynamixel_sdk: 3.8.1 (/root/ros2_ws/src/turlebot3_ws/install/dynamixel_sdk/share/dynamixel_sdk/cmake)
[1.092s] -- Found dynamixel_sdk_custom_interfaces: 3.8.1 (/root/ros2_ws/src/turlebot3_ws/install/dynamixel_sdk_custom_interfaces/share/dynamixel_sdk_custom_interfaces/cmake)
[1.185s] -- Found rosidl_generator_c: 3.1.6 (/opt/ros/humble/share/rosidl_generator_c/cmake)
[1.188s] -- Found rosidl_adapter: 3.1.6 (/opt/ros/humble/share/rosidl_adapter/cmake)
[1.194s] -- Found rosidl_generator_cpp: 3.1.6 (/opt/ros/humble/share/rosidl_generator_cpp/cmake)
[1.201s] -- Using all available rosidl_typesupport_c: rosidl_typesupport_fastrtps_c;rosidl_typesupport_introspection_c
[1.211s] -- Using all available rosidl_typesupport_cpp: rosidl_typesupport_fastrtps_cpp;rosidl_typesupport_introspection_cpp
[1.237s] -- Found rclcpp: 16.0.11 (/opt/ros/humble/share/rclcpp/cmake)
[1.306s] -- Found rmw_implementation_cmake: 6.1.2 (/opt/ros/humble/share/rmw_implementation_cmake/cmake)
[1.311s] -- Found rmw_fastrtps_cpp: 6.2.7 (/opt/ros/humble/share/rmw_fastrtps_cpp/cmake)
[2.152s] -- Found OpenSSL: /usr/lib/x86_64-linux-gnu/libcrypto.so (found version "3.0.2")  
[2.968s] -- Found FastRTPS: /opt/ros/humble/include  
[4.755s] -- Using RMW implementation 'rmw_fastrtps_cpp' as default
[4.771s] -- Looking for pthread.h
[4.902s] -- Looking for pthread.h - found
[4.902s] -- Performing Test CMAKE_HAVE_LIBC_PTHREAD
[5.062s] -- Performing Test CMAKE_HAVE_LIBC_PTHREAD - Success
[5.063s] -- Found Threads: TRUE  
[5.137s] -- Found ament_lint_auto: 0.12.11 (/opt/ros/humble/share/ament_lint_auto/cmake)
[5.223s] -- Added test 'copyright' to check source files copyright and LICENSE
[5.225s] -- Added test 'cppcheck' to perform static code analysis on C / C++ code
[5.225s] -- Configured cppcheck include dirs: /root/ros2_ws/src/turlebot3_ws/src/DynamixelSDK/ros/dynamixel_sdk_examples/include
[5.225s] -- Configured cppcheck exclude dirs and/or files: 
[5.226s] -- Added test 'cpplint' to check C / C++ code against the Google style
[5.227s] -- Configured cpplint exclude dirs and/or files: 
[5.228s] -- Added test 'lint_cmake' to check CMake code style
[5.229s] -- Added test 'uncrustify' to check C / C++ code style
[5.229s] -- Configured uncrustify additional arguments: 
[5.230s] -- Added test 'xmllint' to check XML markup files
[5.232s] -- Configuring done
[5.241s] -- Generating done
[5.244s] -- Build files have been written to: /root/ros2_ws/src/turlebot3_ws/build/dynamixel_sdk_examples
[5.253s] Invoked command in '/root/ros2_ws/src/turlebot3_ws/build/dynamixel_sdk_examples' returned '0': AMENT_PREFIX_PATH=/root/ros2_ws/src/turlebot3_ws/install/dynamixel_sdk_custom_interfaces:/root/ros2_ws/src/turlebot3_ws/install/dynamixel_sdk:${AMENT_PREFIX_PATH} CMAKE_PREFIX_PATH=/root/ros2_ws/src/turlebot3_ws/install/dynamixel_sdk_custom_interfaces:/root/ros2_ws/src/turlebot3_ws/install/dynamixel_sdk:/opt/ros/humble LD_LIBRARY_PATH=/root/ros2_ws/src/turlebot3_ws/install/dynamixel_sdk_custom_interfaces/lib:/root/ros2_ws/src/turlebot3_ws/install/dynamixel_sdk/lib:${LD_LIBRARY_PATH} PYTHONPATH=/root/ros2_ws/src/turlebot3_ws/install/dynamixel_sdk_custom_interfaces/local/lib/python3.10/dist-packages:${PYTHONPATH} /usr/bin/cmake /root/ros2_ws/src/turlebot3_ws/src/DynamixelSDK/ros/dynamixel_sdk_examples -DAMENT_CMAKE_SYMLINK_INSTALL=1 -DCMAKE_INSTALL_PREFIX=/root/ros2_ws/src/turlebot3_ws/install/dynamixel_sdk_examples
[5.255s] Invoking command in '/root/ros2_ws/src/turlebot3_ws/build/dynamixel_sdk_examples': AMENT_PREFIX_PATH=/root/ros2_ws/src/turlebot3_ws/install/dynamixel_sdk_custom_interfaces:/root/ros2_ws/src/turlebot3_ws/install/dynamixel_sdk:${AMENT_PREFIX_PATH} CMAKE_PREFIX_PATH=/root/ros2_ws/src/turlebot3_ws/install/dynamixel_sdk_custom_interfaces:/root/ros2_ws/src/turlebot3_ws/install/dynamixel_sdk:/opt/ros/humble LD_LIBRARY_PATH=/root/ros2_ws/src/turlebot3_ws/install/dynamixel_sdk_custom_interfaces/lib:/root/ros2_ws/src/turlebot3_ws/install/dynamixel_sdk/lib:${LD_LIBRARY_PATH} PYTHONPATH=/root/ros2_ws/src/turlebot3_ws/install/dynamixel_sdk_custom_interfaces/local/lib/python3.10/dist-packages:${PYTHONPATH} /usr/bin/cmake --build /root/ros2_ws/src/turlebot3_ws/build/dynamixel_sdk_examples -- -j8 -l8
[5.302s] [ 50%] [32mBuilding CXX object CMakeFiles/read_write_node.dir/src/read_write_node.cpp.o[0m
[19.917s] [100%] [32m[1mLinking CXX executable read_write_node[0m
[21.603s] [100%] Built target read_write_node
[21.624s] Invoked command in '/root/ros2_ws/src/turlebot3_ws/build/dynamixel_sdk_examples' returned '0': AMENT_PREFIX_PATH=/root/ros2_ws/src/turlebot3_ws/install/dynamixel_sdk_custom_interfaces:/root/ros2_ws/src/turlebot3_ws/install/dynamixel_sdk:${AMENT_PREFIX_PATH} CMAKE_PREFIX_PATH=/root/ros2_ws/src/turlebot3_ws/install/dynamixel_sdk_custom_interfaces:/root/ros2_ws/src/turlebot3_ws/install/dynamixel_sdk:/opt/ros/humble LD_LIBRARY_PATH=/root/ros2_ws/src/turlebot3_ws/install/dynamixel_sdk_custom_interfaces/lib:/root/ros2_ws/src/turlebot3_ws/install/dynamixel_sdk/lib:${LD_LIBRARY_PATH} PYTHONPATH=/root/ros2_ws/src/turlebot3_ws/install/dynamixel_sdk_custom_interfaces/local/lib/python3.10/dist-packages:${PYTHONPATH} /usr/bin/cmake --build /root/ros2_ws/src/turlebot3_ws/build/dynamixel_sdk_examples -- -j8 -l8
[21.627s] Invoking command in '/root/ros2_ws/src/turlebot3_ws/build/dynamixel_sdk_examples': AMENT_PREFIX_PATH=/root/ros2_ws/src/turlebot3_ws/install/dynamixel_sdk_custom_interfaces:/root/ros2_ws/src/turlebot3_ws/install/dynamixel_sdk:${AMENT_PREFIX_PATH} CMAKE_PREFIX_PATH=/root/ros2_ws/src/turlebot3_ws/install/dynamixel_sdk_custom_interfaces:/root/ros2_ws/src/turlebot3_ws/install/dynamixel_sdk:/opt/ros/humble LD_LIBRARY_PATH=/root/ros2_ws/src/turlebot3_ws/install/dynamixel_sdk_custom_interfaces/lib:/root/ros2_ws/src/turlebot3_ws/install/dynamixel_sdk/lib:${LD_LIBRARY_PATH} PYTHONPATH=/root/ros2_ws/src/turlebot3_ws/install/dynamixel_sdk_custom_interfaces/local/lib/python3.10/dist-packages:${PYTHONPATH} /usr/bin/cmake --install /root/ros2_ws/src/turlebot3_ws/build/dynamixel_sdk_examples
[21.640s] -- Install configuration: ""
[21.641s] -- Execute custom install script
[21.642s] -- Symlinking: /root/ros2_ws/src/turlebot3_ws/install/dynamixel_sdk_examples/lib/dynamixel_sdk_examples/read_write_node
[21.659s] -- Symlinking: /root/ros2_ws/src/turlebot3_ws/install/dynamixel_sdk_examples/share/ament_index/resource_index/package_run_dependencies/dynamixel_sdk_examples
[21.675s] -- Symlinking: /root/ros2_ws/src/turlebot3_ws/install/dynamixel_sdk_examples/share/ament_index/resource_index/parent_prefix_path/dynamixel_sdk_examples
[21.690s] -- Symlinking: /root/ros2_ws/src/turlebot3_ws/install/dynamixel_sdk_examples/share/dynamixel_sdk_examples/environment/ament_prefix_path.sh
[21.702s] -- Symlinking: /root/ros2_ws/src/turlebot3_ws/install/dynamixel_sdk_examples/share/dynamixel_sdk_examples/environment/ament_prefix_path.dsv
[21.717s] -- Symlinking: /root/ros2_ws/src/turlebot3_ws/install/dynamixel_sdk_examples/share/dynamixel_sdk_examples/environment/path.sh
[21.732s] -- Symlinking: /root/ros2_ws/src/turlebot3_ws/install/dynamixel_sdk_examples/share/dynamixel_sdk_examples/environment/path.dsv
[21.747s] -- Symlinking: /root/ros2_ws/src/turlebot3_ws/install/dynamixel_sdk_examples/share/dynamixel_sdk_examples/local_setup.bash
[21.761s] -- Symlinking: /root/ros2_ws/src/turlebot3_ws/install/dynamixel_sdk_examples/share/dynamixel_sdk_examples/local_setup.sh
[21.777s] -- Symlinking: /root/ros2_ws/src/turlebot3_ws/install/dynamixel_sdk_examples/share/dynamixel_sdk_examples/local_setup.zsh
[21.793s] -- Symlinking: /root/ros2_ws/src/turlebot3_ws/install/dynamixel_sdk_examples/share/dynamixel_sdk_examples/local_setup.dsv
[21.803s] -- Symlinking: /root/ros2_ws/src/turlebot3_ws/install/dynamixel_sdk_examples/share/dynamixel_sdk_examples/package.dsv
[21.818s] -- Symlinking: /root/ros2_ws/src/turlebot3_ws/install/dynamixel_sdk_examples/share/ament_index/resource_index/packages/dynamixel_sdk_examples
[21.835s] -- Symlinking: /root/ros2_ws/src/turlebot3_ws/install/dynamixel_sdk_examples/share/dynamixel_sdk_examples/cmake/dynamixel_sdk_examplesConfig.cmake
[21.847s] -- Symlinking: /root/ros2_ws/src/turlebot3_ws/install/dynamixel_sdk_examples/share/dynamixel_sdk_examples/cmake/dynamixel_sdk_examplesConfig-version.cmake
[21.864s] -- Symlinking: /root/ros2_ws/src/turlebot3_ws/install/dynamixel_sdk_examples/share/dynamixel_sdk_examples/package.xml
[21.884s] Invoked command in '/root/ros2_ws/src/turlebot3_ws/build/dynamixel_sdk_examples' returned '0': AMENT_PREFIX_PATH=/root/ros2_ws/src/turlebot3_ws/install/dynamixel_sdk_custom_interfaces:/root/ros2_ws/src/turlebot3_ws/install/dynamixel_sdk:${AMENT_PREFIX_PATH} CMAKE_PREFIX_PATH=/root/ros2_ws/src/turlebot3_ws/install/dynamixel_sdk_custom_interfaces:/root/ros2_ws/src/turlebot3_ws/install/dynamixel_sdk:/opt/ros/humble LD_LIBRARY_PATH=/root/ros2_ws/src/turlebot3_ws/install/dynamixel_sdk_custom_interfaces/lib:/root/ros2_ws/src/turlebot3_ws/install/dynamixel_sdk/lib:${LD_LIBRARY_PATH} PYTHONPATH=/root/ros2_ws/src/turlebot3_ws/install/dynamixel_sdk_custom_interfaces/local/lib/python3.10/dist-packages:${PYTHONPATH} /usr/bin/cmake --install /root/ros2_ws/src/turlebot3_ws/build/dynamixel_sdk_examples
