[0.014s] Invoking command in '/root/ros2_ws/build/turtlesim': CMAKE_PREFIX_PATH=${CMAKE_PREFIX_PATH}:/opt/ros/humble /usr/bin/cmake --build /root/ros2_ws/build/turtlesim -- -j8 -l8
[0.053s] [  1%] Built target turtlesim__cpp
[0.055s] [ 11%] Built target turtlesim__rosidl_generator_c
[0.063s] [ 11%] Built target ament_cmake_python_copy_turtlesim
[0.078s] [ 21%] Built target turtlesim__rosidl_typesupport_cpp
[0.082s] [ 31%] Built target turtlesim__rosidl_typesupport_fastrtps_cpp
[0.083s] [ 44%] Built target turtlesim__rosidl_typesupport_fastrtps_c
[0.084s] [ 54%] Built target turtlesim__rosidl_typesupport_c
[0.085s] [ 61%] Built target turtlesim__rosidl_typesupport_introspection_cpp
[0.093s] [ 71%] Built target turtlesim__rosidl_typesupport_introspection_c
[0.107s] [ 73%] Built target turtle_teleop_key
[0.107s] [ 75%] Built target draw_square
[0.107s] [ 77%] Built target mimic
[0.112s] [ 77%] Built target turtlesim
[0.112s] [ 83%] Built target turtlesim_node
[0.128s] [ 84%] Built target turtlesim__py
[0.147s] [ 93%] Built target turtlesim__rosidl_generator_py
[0.164s] [ 97%] Built target turtlesim__rosidl_typesupport_introspection_c__pyext
[0.164s] [ 97%] Built target turtlesim__rosidl_typesupport_fastrtps_c__pyext
[0.165s] [100%] Built target turtlesim__rosidl_typesupport_c__pyext
[0.255s] running egg_info
[0.255s] writing turtlesim.egg-info/PKG-INFO
[0.255s] writing dependency_links to turtlesim.egg-info/dependency_links.txt
[0.255s] writing top-level names to turtlesim.egg-info/top_level.txt
[0.258s] reading manifest file 'turtlesim.egg-info/SOURCES.txt'
[0.258s] writing manifest file 'turtlesim.egg-info/SOURCES.txt'
[0.278s] [100%] Built target ament_cmake_python_build_turtlesim_egg
