[0.019s] Invoking command in '/root/ros2_ws/build/turtlesim': CMAKE_PREFIX_PATH=${CMAKE_PREFIX_PATH}:/opt/ros/humble /usr/bin/cmake --build /root/ros2_ws/build/turtlesim -- -j8 -l8
[0.068s] [  1%] Built target turtlesim__cpp
[0.070s] [ 11%] Built target turtlesim__rosidl_generator_c
[0.079s] [ 11%] Built target ament_cmake_python_copy_turtlesim
[0.098s] [ 21%] Built target turtlesim__rosidl_typesupport_cpp
[0.102s] [ 31%] Built target turtlesim__rosidl_typesupport_introspection_cpp
[0.104s] [ 41%] Built target turtlesim__rosidl_typesupport_introspection_c
[0.107s] [ 51%] Built target turtlesim__rosidl_typesupport_c
[0.109s] [ 61%] Built target turtlesim__rosidl_typesupport_fastrtps_cpp
[0.118s] [ 71%] Built target turtlesim__rosidl_typesupport_fastrtps_c
[0.137s] [ 73%] Built target mimic
[0.137s] [ 75%] Built target draw_square
[0.138s] [ 77%] Built target turtle_teleop_key
[0.138s] [ 83%] Built target turtlesim_node
[0.138s] [ 83%] Built target turtlesim
[0.158s] [ 84%] Built target turtlesim__py
[0.179s] [ 93%] Built target turtlesim__rosidl_generator_py
[0.199s] [ 95%] Built target turtlesim__rosidl_typesupport_c__pyext
[0.200s] [ 97%] Built target turtlesim__rosidl_typesupport_fastrtps_c__pyext
[0.201s] [100%] Built target turtlesim__rosidl_typesupport_introspection_c__pyext
[0.314s] running egg_info
[0.315s] writing turtlesim.egg-info/PKG-INFO
[0.316s] writing dependency_links to turtlesim.egg-info/dependency_links.txt
[0.316s] writing top-level names to turtlesim.egg-info/top_level.txt
[0.318s] reading manifest file 'turtlesim.egg-info/SOURCES.txt'
[0.319s] writing manifest file 'turtlesim.egg-info/SOURCES.txt'
[0.346s] [100%] Built target ament_cmake_python_build_turtlesim_egg
