[2.034s] Invoking command in '/root/ros2_ws/build/turtlebot3_node': CMAKE_PREFIX_PATH=/root/ros2_ws/install/turtlebot3_msgs:/root/ros2_ws/install/dynamixel_sdk:/root/ros2_ws/install/turtlesim:/root/ros2_ws/install/turtlebot3:/root/ros2_ws/install/turtlebot3_simulations:/root/ros2_ws/install/turtlebot3_bringup:/root/ros2_ws/install/turtlebot3_node:/root/ros2_ws/install/turtlebot3_navigation2:/root/ros2_ws/install/turtlebot3_fake_node:/root/ros2_ws/install/turtlebot3_gazebo:/root/ros2_ws/install/turtlebot3_description:/root/ros2_ws/install/turtlebot3_cartographer:/root/ros2_ws/install/goto_node:/root/ros2_ws/install/endicott_interfaces:/root/ros2_ws/install/dynamixel_sdk_examples:/root/ros2_ws/install/dynamixel_sdk_custom_interfaces:/root/ros2_ws/install/turtlebot3_teleop:/root/ros2_ws/install/turtlebot3_example:/opt/ros/humble LD_LIBRARY_PATH=/root/ros2_ws/install/turtlebot3_msgs/lib:/root/ros2_ws/install/dynamixel_sdk/lib:/root/ros2_ws/install/turtlesim/lib:/root/ros2_ws/install/endicott_interfaces/lib:/root/ros2_ws/install/dynamixel_sdk_custom_interfaces/lib:/usr/lib/x86_64-linux-gnu/gazebo-11/plugins:/opt/ros/humble/opt/rviz_ogre_vendor/lib:/opt/ros/humble/lib/x86_64-linux-gnu:/opt/ros/humble/lib /usr/bin/cmake /root/ros2_ws/src/turlebot3_ws/src/turtlebot3/turtlebot3_node -DCMAKE_INSTALL_PREFIX=/root/ros2_ws/install/turtlebot3_node
[3.390s] -- The C compiler identification is GNU 11.4.0
[3.889s] -- The CXX compiler identification is GNU 11.4.0
[4.499s] -- Detecting C compiler ABI info
[5.222s] -- Detecting C compiler ABI info - done
[5.301s] -- Check for working C compiler: /usr/bin/cc - skipped
[5.303s] -- Detecting C compile features
[5.305s] -- Detecting C compile features - done
[5.319s] -- Detecting CXX compiler ABI info
[6.181s] -- Detecting CXX compiler ABI info - done
[6.234s] -- Check for working CXX compiler: /usr/bin/c++ - skipped
[6.236s] -- Detecting CXX compile features
[6.237s] -- Detecting CXX compile features - done
[6.248s] -- Found ament_cmake: 1.3.11 (/opt/ros/humble/share/ament_cmake/cmake)
[7.300s] -- Found Python3: /usr/bin/python3 (found version "3.10.12") found components: Interpreter 
[7.916s] -- Found dynamixel_sdk: 3.8.1 (/root/ros2_ws/install/dynamixel_sdk/share/dynamixel_sdk/cmake)
[7.924s] -- Found geometry_msgs: 4.2.4 (/opt/ros/humble/share/geometry_msgs/cmake)
[8.390s] -- Found rosidl_generator_c: 3.1.6 (/opt/ros/humble/share/rosidl_generator_c/cmake)
[8.421s] -- Found rosidl_adapter: 3.1.6 (/opt/ros/humble/share/rosidl_adapter/cmake)
[8.515s] -- Found rosidl_generator_cpp: 3.1.6 (/opt/ros/humble/share/rosidl_generator_cpp/cmake)
[8.621s] -- Using all available rosidl_typesupport_c: rosidl_typesupport_fastrtps_c;rosidl_typesupport_introspection_c
[8.773s] -- Using all available rosidl_typesupport_cpp: rosidl_typesupport_fastrtps_cpp;rosidl_typesupport_introspection_cpp
[9.083s] -- Found message_filters: 4.3.5 (/opt/ros/humble/share/message_filters/cmake)
[9.347s] -- Found rmw_implementation_cmake: 6.1.2 (/opt/ros/humble/share/rmw_implementation_cmake/cmake)
[9.379s] -- Found rmw_fastrtps_cpp: 6.2.7 (/opt/ros/humble/share/rmw_fastrtps_cpp/cmake)
[10.872s] -- Found OpenSSL: /usr/lib/x86_64-linux-gnu/libcrypto.so (found version "3.0.2")  
[12.755s] -- Found FastRTPS: /opt/ros/humble/include  
[17.075s] -- Using RMW implementation 'rmw_fastrtps_cpp' as default
[17.159s] -- Looking for pthread.h
[17.862s] -- Looking for pthread.h - found
[17.862s] -- Performing Test CMAKE_HAVE_LIBC_PTHREAD
[18.551s] -- Performing Test CMAKE_HAVE_LIBC_PTHREAD - Success
[18.556s] -- Found Threads: TRUE  
[18.809s] -- Found nav_msgs: 4.2.4 (/opt/ros/humble/share/nav_msgs/cmake)
[18.950s] -- Found sensor_msgs: 4.2.4 (/opt/ros/humble/share/sensor_msgs/cmake)
[19.121s] -- Found std_srvs: 4.2.4 (/opt/ros/humble/share/std_srvs/cmake)
[19.191s] -- Found tf2: 0.25.11 (/opt/ros/humble/share/tf2/cmake)
[19.252s] -- Found tf2_ros: 0.25.11 (/opt/ros/humble/share/tf2_ros/cmake)
[20.449s] -- Found turtlebot3_msgs: 2.3.0 (/root/ros2_ws/install/turtlebot3_msgs/share/turtlebot3_msgs/cmake)
[21.159s] -- Configuring done
[21.327s] -- Generating done
[21.392s] -- Build files have been written to: /root/ros2_ws/build/turtlebot3_node
[21.591s] Invoked command in '/root/ros2_ws/build/turtlebot3_node' returned '0': CMAKE_PREFIX_PATH=/root/ros2_ws/install/turtlebot3_msgs:/root/ros2_ws/install/dynamixel_sdk:/root/ros2_ws/install/turtlesim:/root/ros2_ws/install/turtlebot3:/root/ros2_ws/install/turtlebot3_simulations:/root/ros2_ws/install/turtlebot3_bringup:/root/ros2_ws/install/turtlebot3_node:/root/ros2_ws/install/turtlebot3_navigation2:/root/ros2_ws/install/turtlebot3_fake_node:/root/ros2_ws/install/turtlebot3_gazebo:/root/ros2_ws/install/turtlebot3_description:/root/ros2_ws/install/turtlebot3_cartographer:/root/ros2_ws/install/goto_node:/root/ros2_ws/install/endicott_interfaces:/root/ros2_ws/install/dynamixel_sdk_examples:/root/ros2_ws/install/dynamixel_sdk_custom_interfaces:/root/ros2_ws/install/turtlebot3_teleop:/root/ros2_ws/install/turtlebot3_example:/opt/ros/humble LD_LIBRARY_PATH=/root/ros2_ws/install/turtlebot3_msgs/lib:/root/ros2_ws/install/dynamixel_sdk/lib:/root/ros2_ws/install/turtlesim/lib:/root/ros2_ws/install/endicott_interfaces/lib:/root/ros2_ws/install/dynamixel_sdk_custom_interfaces/lib:/usr/lib/x86_64-linux-gnu/gazebo-11/plugins:/opt/ros/humble/opt/rviz_ogre_vendor/lib:/opt/ros/humble/lib/x86_64-linux-gnu:/opt/ros/humble/lib /usr/bin/cmake /root/ros2_ws/src/turlebot3_ws/src/turtlebot3/turtlebot3_node -DCMAKE_INSTALL_PREFIX=/root/ros2_ws/install/turtlebot3_node
[21.592s] Invoking command in '/root/ros2_ws/build/turtlebot3_node': CMAKE_PREFIX_PATH=/root/ros2_ws/install/turtlebot3_msgs:/root/ros2_ws/install/dynamixel_sdk:/root/ros2_ws/install/turtlesim:/root/ros2_ws/install/turtlebot3:/root/ros2_ws/install/turtlebot3_simulations:/root/ros2_ws/install/turtlebot3_bringup:/root/ros2_ws/install/turtlebot3_node:/root/ros2_ws/install/turtlebot3_navigation2:/root/ros2_ws/install/turtlebot3_fake_node:/root/ros2_ws/install/turtlebot3_gazebo:/root/ros2_ws/install/turtlebot3_description:/root/ros2_ws/install/turtlebot3_cartographer:/root/ros2_ws/install/goto_node:/root/ros2_ws/install/endicott_interfaces:/root/ros2_ws/install/dynamixel_sdk_examples:/root/ros2_ws/install/dynamixel_sdk_custom_interfaces:/root/ros2_ws/install/turtlebot3_teleop:/root/ros2_ws/install/turtlebot3_example:/opt/ros/humble LD_LIBRARY_PATH=/root/ros2_ws/install/turtlebot3_msgs/lib:/root/ros2_ws/install/dynamixel_sdk/lib:/root/ros2_ws/install/turtlesim/lib:/root/ros2_ws/install/endicott_interfaces/lib:/root/ros2_ws/install/dynamixel_sdk_custom_interfaces/lib:/usr/lib/x86_64-linux-gnu/gazebo-11/plugins:/opt/ros/humble/opt/rviz_ogre_vendor/lib:/opt/ros/humble/lib/x86_64-linux-gnu:/opt/ros/humble/lib /usr/bin/cmake --build /root/ros2_ws/build/turtlebot3_node -- -j8 -l8
[30.900s] [  7%] [32mBuilding CXX object CMakeFiles/turtlebot3_node_lib.dir/src/devices/motor_power.cpp.o[0m
[39.475s] [ 14%] [32mBuilding CXX object CMakeFiles/turtlebot3_node_lib.dir/src/sensors/battery_state.cpp.o[0m
[51.310s] [ 21%] [32mBuilding CXX object CMakeFiles/turtlebot3_node_lib.dir/src/sensors/imu.cpp.o[0m
[60.429s] [ 28%] [32mBuilding CXX object CMakeFiles/turtlebot3_node_lib.dir/src/sensors/joint_state.cpp.o[0m
[67.163s] [ 35%] [32mBuilding CXX object CMakeFiles/turtlebot3_node_lib.dir/src/sensors/sensor_state.cpp.o[0m
[73.495s] [ 42%] [32mBuilding CXX object CMakeFiles/turtlebot3_node_lib.dir/src/odometry.cpp.o[0m
[73.495s] [ 50%] [32mBuilding CXX object CMakeFiles/turtlebot3_node_lib.dir/src/turtlebot3.cpp.o[0m
[89.074s] [ 57%] [32mBuilding CXX object CMakeFiles/turtlebot3_node_lib.dir/src/dynamixel_sdk_wrapper.cpp.o[0m
[89.074s] [ 71%] [32mBuilding CXX object CMakeFiles/turtlebot3_node_lib.dir/src/devices/sound.cpp.o[0m
[89.074s] [ 71%] [32mBuilding CXX object CMakeFiles/turtlebot3_node_lib.dir/src/devices/reset.cpp.o[0m
[89.075s] [ 78%] [32mBuilding CXX object CMakeFiles/turtlebot3_node_lib.dir/src/diff_drive_controller.cpp.o[0m
[95.542s] [ 85%] [32m[1mLinking CXX static library libturtlebot3_node_lib.a[0m
[95.984s] [ 85%] Built target turtlebot3_node_lib
[96.002s] [ 92%] [32mBuilding CXX object CMakeFiles/turtlebot3_ros.dir/src/node_main.cpp.o[0m
[98.831s] [100%] [32m[1mLinking CXX executable turtlebot3_ros[0m
[100.439s] [100%] Built target turtlebot3_ros
