[0.212s] DEBUG:colcon:Command line arguments: ['/usr/bin/colcon', 'build']
[0.212s] DEBUG:colcon:Parsed command line arguments: Namespace(log_base=None, log_level=None, verb_name='build', build_base='build', install_base='install', merge_install=False, symlink_install=False, test_result_base=None, continue_on_error=False, executor='parallel', parallel_workers=8, event_handlers=None, ignore_user_meta=False, metas=['./colcon.meta'], base_paths=['.'], packages_ignore=None, packages_ignore_regex=None, paths=None, packages_up_to=None, packages_up_to_regex=None, packages_above=None, packages_above_and_dependencies=None, packages_above_depth=None, packages_select_by_dep=None, packages_skip_by_dep=None, packages_skip_up_to=None, packages_select_build_failed=False, packages_skip_build_finished=False, packages_select_test_failures=False, packages_skip_test_passed=False, packages_select=None, packages_skip=None, packages_select_regex=None, packages_skip_regex=None, packages_start=None, packages_end=None, allow_overriding=[], cmake_args=None, cmake_target=None, cmake_target_skip_unavailable=False, cmake_clean_cache=False, cmake_clean_first=False, cmake_force_configure=False, ament_cmake_args=None, catkin_cmake_args=None, catkin_skip_building_tests=False, verb_parser=<colcon_defaults.argument_parser.defaults.DefaultArgumentsDecorator object at 0x7f723e3a28f0>, verb_extension=<colcon_core.verb.build.BuildVerb object at 0x7f723e3a1ab0>, main=<bound method BuildVerb.main of <colcon_core.verb.build.BuildVerb object at 0x7f723e3a1ab0>>)
[0.359s] Level 1:colcon.colcon_core.package_discovery:discover_packages(colcon_meta) check parameters
[0.359s] Level 1:colcon.colcon_core.package_discovery:discover_packages(recursive) check parameters
[0.359s] Level 1:colcon.colcon_core.package_discovery:discover_packages(ignore) check parameters
[0.359s] Level 1:colcon.colcon_core.package_discovery:discover_packages(path) check parameters
[0.359s] Level 1:colcon.colcon_core.package_discovery:discover_packages(colcon_meta) discover
[0.359s] Level 1:colcon.colcon_core.package_discovery:discover_packages(recursive) discover
[0.359s] INFO:colcon.colcon_core.package_discovery:Crawling recursively for packages in '/root/ros2_ws/src/project_02'
[0.359s] Level 1:colcon.colcon_core.package_identification:_identify(.) by extensions ['ignore', 'ignore_ament_install']
[0.359s] Level 1:colcon.colcon_core.package_identification:_identify(.) by extension 'ignore'
[0.359s] Level 1:colcon.colcon_core.package_identification:_identify(.) by extension 'ignore_ament_install'
[0.359s] Level 1:colcon.colcon_core.package_identification:_identify(.) by extensions ['colcon_pkg']
[0.359s] Level 1:colcon.colcon_core.package_identification:_identify(.) by extension 'colcon_pkg'
[0.359s] Level 1:colcon.colcon_core.package_identification:_identify(.) by extensions ['colcon_meta']
[0.359s] Level 1:colcon.colcon_core.package_identification:_identify(.) by extension 'colcon_meta'
[0.359s] Level 1:colcon.colcon_core.package_identification:_identify(.) by extensions ['ros']
[0.359s] Level 1:colcon.colcon_core.package_identification:_identify(.) by extension 'ros'
[0.373s] DEBUG:colcon.colcon_core.package_identification:Package '.' with type 'ros.ament_cmake' and name 'endicott'
[0.373s] Level 1:colcon.colcon_core.package_discovery:discover_packages(recursive) using defaults
[0.374s] Level 1:colcon.colcon_core.package_discovery:discover_packages(ignore) discover
[0.374s] Level 1:colcon.colcon_core.package_discovery:discover_packages(ignore) using defaults
[0.374s] Level 1:colcon.colcon_core.package_discovery:discover_packages(path) discover
[0.374s] Level 1:colcon.colcon_core.package_discovery:discover_packages(path) using defaults
[0.389s] Level 1:colcon.colcon_core.package_discovery:discover_packages(prefix_path) check parameters
[0.389s] Level 1:colcon.colcon_core.package_discovery:discover_packages(prefix_path) discover
[0.391s] DEBUG:colcon.colcon_installed_package_information.package_discovery:Found 271 installed packages in /opt/ros/humble
[0.393s] Level 1:colcon.colcon_core.package_discovery:discover_packages(prefix_path) using defaults
[-1.033s] Level 5:colcon.colcon_core.verb:set package 'endicott' build argument 'cmake_args' from command line to 'None'
[-1.033s] Level 5:colcon.colcon_core.verb:set package 'endicott' build argument 'cmake_target' from command line to 'None'
[-1.033s] Level 5:colcon.colcon_core.verb:set package 'endicott' build argument 'cmake_target_skip_unavailable' from command line to 'False'
[-1.033s] Level 5:colcon.colcon_core.verb:set package 'endicott' build argument 'cmake_clean_cache' from command line to 'False'
[-1.033s] Level 5:colcon.colcon_core.verb:set package 'endicott' build argument 'cmake_clean_first' from command line to 'False'
[-1.033s] Level 5:colcon.colcon_core.verb:set package 'endicott' build argument 'cmake_force_configure' from command line to 'False'
[-1.033s] Level 5:colcon.colcon_core.verb:set package 'endicott' build argument 'ament_cmake_args' from command line to 'None'
[-1.033s] Level 5:colcon.colcon_core.verb:set package 'endicott' build argument 'catkin_cmake_args' from command line to 'None'
[-1.033s] Level 5:colcon.colcon_core.verb:set package 'endicott' build argument 'catkin_skip_building_tests' from command line to 'False'
[-1.033s] DEBUG:colcon.colcon_core.verb:Building package 'endicott' with the following arguments: {'ament_cmake_args': None, 'build_base': '/root/ros2_ws/src/project_02/build/endicott', 'catkin_cmake_args': None, 'catkin_skip_building_tests': False, 'cmake_args': None, 'cmake_clean_cache': False, 'cmake_clean_first': False, 'cmake_force_configure': False, 'cmake_target': None, 'cmake_target_skip_unavailable': False, 'install_base': '/root/ros2_ws/src/project_02/install/endicott', 'merge_install': False, 'path': '/root/ros2_ws/src/project_02', 'symlink_install': False, 'test_result_base': None}
[-1.033s] INFO:colcon.colcon_core.executor:Executing jobs using 'parallel' executor
[-1.031s] DEBUG:colcon.colcon_parallel_executor.executor.parallel:run_until_complete
[-1.031s] INFO:colcon.colcon_ros.task.ament_cmake.build:Building ROS package in '/root/ros2_ws/src/project_02' with build type 'ament_cmake'
[-1.031s] INFO:colcon.colcon_cmake.task.cmake.build:Building CMake package in '/root/ros2_ws/src/project_02'
[-1.029s] INFO:colcon.colcon_core.plugin_system:Skipping extension 'colcon_core.shell.bat': Not used on non-Windows systems
[-1.029s] INFO:colcon.colcon_core.shell:Skip shell extension 'powershell' for command environment: Not usable outside of PowerShell
[-1.028s] DEBUG:colcon.colcon_core.shell:Skip shell extension 'dsv' for command environment
[-1.015s] DEBUG:colcon.colcon_core.event_handler.log_command:Invoking command in '/root/ros2_ws/src/project_02/build/endicott': CMAKE_PREFIX_PATH=/opt/ros/humble /usr/bin/cmake /root/ros2_ws/src/project_02 -DCMAKE_INSTALL_PREFIX=/root/ros2_ws/src/project_02/install/endicott
[2.425s] DEBUG:colcon.colcon_core.event_handler.log_command:Invoked command in '/root/ros2_ws/src/project_02/build/endicott' returned '1': CMAKE_PREFIX_PATH=/opt/ros/humble /usr/bin/cmake /root/ros2_ws/src/project_02 -DCMAKE_INSTALL_PREFIX=/root/ros2_ws/src/project_02/install/endicott
[2.434s] Level 1:colcon.colcon_core.environment:create_environment_scripts_only(endicott)
[2.436s] Level 1:colcon.colcon_core.environment:checking '/root/ros2_ws/src/project_02/install/endicott' for CMake module files
[2.436s] Level 1:colcon.colcon_core.environment:checking '/root/ros2_ws/src/project_02/install/endicott' for CMake config files
[2.437s] Level 1:colcon.colcon_core.environment:checking '/root/ros2_ws/src/project_02/install/endicott/bin'
[2.437s] Level 1:colcon.colcon_core.environment:checking '/root/ros2_ws/src/project_02/install/endicott/lib/pkgconfig/endicott.pc'
[2.438s] Level 1:colcon.colcon_core.environment:checking '/root/ros2_ws/src/project_02/install/endicott/lib/python3.10/site-packages'
[2.438s] Level 1:colcon.colcon_core.environment:checking '/root/ros2_ws/src/project_02/install/endicott/bin'
[2.438s] INFO:colcon.colcon_core.shell:Creating package script '/root/ros2_ws/src/project_02/install/endicott/share/endicott/package.ps1'
[2.439s] INFO:colcon.colcon_core.shell:Creating package descriptor '/root/ros2_ws/src/project_02/install/endicott/share/endicott/package.dsv'
[2.440s] INFO:colcon.colcon_core.shell:Creating package script '/root/ros2_ws/src/project_02/install/endicott/share/endicott/package.sh'
[2.441s] INFO:colcon.colcon_core.shell:Creating package script '/root/ros2_ws/src/project_02/install/endicott/share/endicott/package.bash'
[2.441s] INFO:colcon.colcon_core.shell:Creating package script '/root/ros2_ws/src/project_02/install/endicott/share/endicott/package.zsh'
[2.442s] Level 1:colcon.colcon_core.environment:create_file_with_runtime_dependencies(/root/ros2_ws/src/project_02/install/endicott/share/colcon-core/packages/endicott)
[2.453s] DEBUG:colcon.colcon_parallel_executor.executor.parallel:closing loop
[2.453s] DEBUG:colcon.colcon_parallel_executor.executor.parallel:loop closed
[2.453s] DEBUG:colcon.colcon_parallel_executor.executor.parallel:run_until_complete finished with '1'
[2.454s] DEBUG:colcon.colcon_core.event_reactor:joining thread
[2.490s] INFO:colcon.colcon_core.plugin_system:Skipping extension 'colcon_notification.desktop_notification.notify_send': Could not find 'notify-send'
[2.491s] INFO:colcon.colcon_core.plugin_system:Skipping extension 'colcon_notification.desktop_notification.terminal_notifier': Not used on non-Darwin systems
[2.491s] INFO:colcon.colcon_core.plugin_system:Skipping extension 'colcon_notification.desktop_notification.win32': Not used on non-Windows systems
[2.491s] INFO:colcon.colcon_notification.desktop_notification:Sending desktop notification using 'notify2'
[2.491s] DEBUG:colcon.colcon_notification.desktop_notification.notify2:Failed to initialize notify2: org.freedesktop.DBus.Error.ServiceUnknown: The name org.freedesktop.Notifications was not provided by any .service files
[2.492s] DEBUG:colcon.colcon_core.event_reactor:joined thread
[2.492s] INFO:colcon.colcon_core.shell:Creating prefix script '/root/ros2_ws/src/project_02/install/local_setup.ps1'
[2.493s] INFO:colcon.colcon_core.shell:Creating prefix util module '/root/ros2_ws/src/project_02/install/_local_setup_util_ps1.py'
[2.494s] INFO:colcon.colcon_core.shell:Creating prefix chain script '/root/ros2_ws/src/project_02/install/setup.ps1'
[2.495s] INFO:colcon.colcon_core.shell:Creating prefix script '/root/ros2_ws/src/project_02/install/local_setup.sh'
[2.496s] INFO:colcon.colcon_core.shell:Creating prefix util module '/root/ros2_ws/src/project_02/install/_local_setup_util_sh.py'
[2.497s] INFO:colcon.colcon_core.shell:Creating prefix chain script '/root/ros2_ws/src/project_02/install/setup.sh'
[2.498s] INFO:colcon.colcon_core.shell:Creating prefix script '/root/ros2_ws/src/project_02/install/local_setup.bash'
[2.498s] INFO:colcon.colcon_core.shell:Creating prefix chain script '/root/ros2_ws/src/project_02/install/setup.bash'
[2.499s] INFO:colcon.colcon_core.shell:Creating prefix script '/root/ros2_ws/src/project_02/install/local_setup.zsh'
[2.499s] INFO:colcon.colcon_core.shell:Creating prefix chain script '/root/ros2_ws/src/project_02/install/setup.zsh'
