[0.022s] Invoking command in '/root/ros2_ws/build/turtlesim': CMAKE_PREFIX_PATH=${CMAKE_PREFIX_PATH}:/opt/ros/humble /usr/bin/cmake --build /root/ros2_ws/build/turtlesim -- -j8 -l8
[0.118s] [  1%] Built target turtlesim__cpp
[0.125s] [ 11%] Built target turtlesim__rosidl_generator_c
[0.151s] [ 25%] Built target turtlesim__rosidl_typesupport_cpp
[0.151s] [ 31%] Built target turtlesim__rosidl_typesupport_fastrtps_cpp
[0.152s] [ 31%] Built target ament_cmake_python_copy_turtlesim
[0.153s] [ 41%] Built target turtlesim__rosidl_typesupport_introspection_cpp
[0.157s] [ 51%] Built target turtlesim__rosidl_typesupport_c
[0.165s] [ 61%] Built target turtlesim__rosidl_typesupport_fastrtps_c
[0.166s] [ 71%] Built target turtlesim__rosidl_typesupport_introspection_c
[0.191s] [ 73%] Built target draw_square
[0.191s] [ 75%] Built target mimic
[0.202s] [ 79%] Built target turtle_teleop_key
[0.202s] [ 83%] Built target turtlesim_node
[0.207s] [ 83%] Built target turtlesim
[0.228s] [ 84%] Built target turtlesim__py
[0.255s] [ 93%] Built target turtlesim__rosidl_generator_py
[0.277s] [ 95%] Built target turtlesim__rosidl_typesupport_fastrtps_c__pyext
[0.277s] [ 97%] Built target turtlesim__rosidl_typesupport_introspection_c__pyext
[0.278s] [100%] Built target turtlesim__rosidl_typesupport_c__pyext
[0.387s] running egg_info
[0.388s] writing turtlesim.egg-info/PKG-INFO
[0.388s] writing dependency_links to turtlesim.egg-info/dependency_links.txt
[0.388s] writing top-level names to turtlesim.egg-info/top_level.txt
[0.393s] reading manifest file 'turtlesim.egg-info/SOURCES.txt'
[0.393s] writing manifest file 'turtlesim.egg-info/SOURCES.txt'
[0.421s] [100%] Built target ament_cmake_python_build_turtlesim_egg
