[0.018s] Invoking command in '/root/ros2_ws/build/turtlesim': CMAKE_PREFIX_PATH=${CMAKE_PREFIX_PATH}:/opt/ros/humble /usr/bin/cmake --build /root/ros2_ws/build/turtlesim -- -j8 -l8
[0.059s] [  1%] Built target turtlesim__cpp
[0.061s] [ 11%] Built target turtlesim__rosidl_generator_c
[0.074s] [ 11%] Built target ament_cmake_python_copy_turtlesim
[0.092s] [ 21%] Built target turtlesim__rosidl_typesupport_fastrtps_cpp
[0.097s] [ 32%] Built target turtlesim__rosidl_typesupport_cpp
[0.097s] [ 41%] Built target turtlesim__rosidl_typesupport_introspection_cpp
[0.098s] [ 51%] Built target turtlesim__rosidl_typesupport_c
[0.102s] [ 61%] Built target turtlesim__rosidl_typesupport_fastrtps_c
[0.104s] [ 71%] Built target turtlesim__rosidl_typesupport_introspection_c
[0.125s] [ 71%] Built target turtlesim
[0.127s] [ 73%] Built target draw_square
[0.127s] [ 76%] Built target turtle_teleop_key
[0.127s] [ 77%] Built target mimic
[0.128s] [ 83%] Built target turtlesim_node
[0.143s] [ 84%] Built target turtlesim__py
[0.163s] [ 93%] Built target turtlesim__rosidl_generator_py
[0.180s] [ 95%] Built target turtlesim__rosidl_typesupport_introspection_c__pyext
[0.180s] [ 97%] Built target turtlesim__rosidl_typesupport_c__pyext
[0.181s] [100%] Built target turtlesim__rosidl_typesupport_fastrtps_c__pyext
[0.276s] running egg_info
[0.277s] writing turtlesim.egg-info/PKG-INFO
[0.277s] writing dependency_links to turtlesim.egg-info/dependency_links.txt
[0.277s] writing top-level names to turtlesim.egg-info/top_level.txt
[0.279s] reading manifest file 'turtlesim.egg-info/SOURCES.txt'
[0.279s] writing manifest file 'turtlesim.egg-info/SOURCES.txt'
[0.302s] [100%] Built target ament_cmake_python_build_turtlesim_egg
