[0.027s] Invoking command in '/root/ros2_ws/src/turlebot3_ws/src/build/turtlebot3_description': CMAKE_PREFIX_PATH=/opt/ros/humble /usr/bin/cmake /root/ros2_ws/src/turlebot3_ws/src/turtlebot3/turtlebot3_description -DCMAKE_INSTALL_PREFIX=/root/ros2_ws/src/turlebot3_ws/src/install/turtlebot3_description
[0.248s] -- The C compiler identification is GNU 11.4.0
[0.575s] -- The CXX compiler identification is GNU 11.4.0
[0.777s] -- Detecting C compiler ABI info
[0.892s] -- Detecting C compiler ABI info - done
[0.901s] -- Check for working C compiler: /usr/bin/cc - skipped
[0.901s] -- Detecting C compile features
[0.902s] -- Detecting C compile features - done
[0.907s] -- Detecting CXX compiler ABI info
[1.046s] -- Detecting CXX compiler ABI info - done
[1.057s] -- Check for working CXX compiler: /usr/bin/c++ - skipped
[1.057s] -- Detecting CXX compile features
[1.057s] -- Detecting CXX compile features - done
[1.059s] -- Found ament_cmake: 1.3.11 (/opt/ros/humble/share/ament_cmake/cmake)
[1.203s] -- Found Python3: /usr/bin/python3 (found version "3.10.12") found components: Interpreter 
[1.292s] -- Found urdf: 2.6.1 (/opt/ros/humble/share/urdf/cmake)
[2.537s] -- Configuring done
[2.539s] -- Generating done
[2.540s] -- Build files have been written to: /root/ros2_ws/src/turlebot3_ws/src/build/turtlebot3_description
[2.545s] Invoked command in '/root/ros2_ws/src/turlebot3_ws/src/build/turtlebot3_description' returned '0': CMAKE_PREFIX_PATH=/opt/ros/humble /usr/bin/cmake /root/ros2_ws/src/turlebot3_ws/src/turtlebot3/turtlebot3_description -DCMAKE_INSTALL_PREFIX=/root/ros2_ws/src/turlebot3_ws/src/install/turtlebot3_description
[2.546s] Invoking command in '/root/ros2_ws/src/turlebot3_ws/src/build/turtlebot3_description': CMAKE_PREFIX_PATH=/opt/ros/humble /usr/bin/cmake --build /root/ros2_ws/src/turlebot3_ws/src/build/turtlebot3_description -- -j8 -l8
[2.572s] Invoked command in '/root/ros2_ws/src/turlebot3_ws/src/build/turtlebot3_description' returned '0': CMAKE_PREFIX_PATH=/opt/ros/humble /usr/bin/cmake --build /root/ros2_ws/src/turlebot3_ws/src/build/turtlebot3_description -- -j8 -l8
[2.574s] Invoking command in '/root/ros2_ws/src/turlebot3_ws/src/build/turtlebot3_description': CMAKE_PREFIX_PATH=/opt/ros/humble /usr/bin/cmake --install /root/ros2_ws/src/turlebot3_ws/src/build/turtlebot3_description
[2.578s] -- Install configuration: ""
[2.578s] -- Installing: /root/ros2_ws/src/turlebot3_ws/src/install/turtlebot3_description/share/turtlebot3_description/meshes
[2.579s] -- Installing: /root/ros2_ws/src/turlebot3_ws/src/install/turtlebot3_description/share/turtlebot3_description/meshes/wheels
[2.579s] -- Installing: /root/ros2_ws/src/turlebot3_ws/src/install/turtlebot3_description/share/turtlebot3_description/meshes/wheels/right_tire.stl
[2.582s] -- Installing: /root/ros2_ws/src/turlebot3_ws/src/install/turtlebot3_description/share/turtlebot3_description/meshes/wheels/left_tire.stl
[2.585s] -- Installing: /root/ros2_ws/src/turlebot3_ws/src/install/turtlebot3_description/share/turtlebot3_description/meshes/sensors
[2.586s] -- Installing: /root/ros2_ws/src/turlebot3_ws/src/install/turtlebot3_description/share/turtlebot3_description/meshes/sensors/r200.dae
[2.587s] -- Installing: /root/ros2_ws/src/turlebot3_ws/src/install/turtlebot3_description/share/turtlebot3_description/meshes/sensors/r200.jpg
[2.587s] -- Installing: /root/ros2_ws/src/turlebot3_ws/src/install/turtlebot3_description/share/turtlebot3_description/meshes/sensors/astra.dae
[2.603s] -- Installing: /root/ros2_ws/src/turlebot3_ws/src/install/turtlebot3_description/share/turtlebot3_description/meshes/sensors/astra.jpg
[2.604s] -- Installing: /root/ros2_ws/src/turlebot3_ws/src/install/turtlebot3_description/share/turtlebot3_description/meshes/sensors/lds.stl
[2.606s] -- Installing: /root/ros2_ws/src/turlebot3_ws/src/install/turtlebot3_description/share/turtlebot3_description/meshes/bases
[2.606s] -- Installing: /root/ros2_ws/src/turlebot3_ws/src/install/turtlebot3_description/share/turtlebot3_description/meshes/bases/waffle_base.stl
[2.631s] -- Installing: /root/ros2_ws/src/turlebot3_ws/src/install/turtlebot3_description/share/turtlebot3_description/meshes/bases/waffle_pi_base.stl
[2.642s] -- Installing: /root/ros2_ws/src/turlebot3_ws/src/install/turtlebot3_description/share/turtlebot3_description/meshes/bases/burger_base.stl
[2.650s] -- Installing: /root/ros2_ws/src/turlebot3_ws/src/install/turtlebot3_description/share/turtlebot3_description/rviz
[2.650s] -- Installing: /root/ros2_ws/src/turlebot3_ws/src/install/turtlebot3_description/share/turtlebot3_description/rviz/model.rviz
[2.651s] -- Installing: /root/ros2_ws/src/turlebot3_ws/src/install/turtlebot3_description/share/turtlebot3_description/urdf
[2.651s] -- Installing: /root/ros2_ws/src/turlebot3_ws/src/install/turtlebot3_description/share/turtlebot3_description/urdf/turtlebot3_waffle_pi.urdf
[2.651s] -- Installing: /root/ros2_ws/src/turlebot3_ws/src/install/turtlebot3_description/share/turtlebot3_description/urdf/common_properties.urdf
[2.652s] -- Installing: /root/ros2_ws/src/turlebot3_ws/src/install/turtlebot3_description/share/turtlebot3_description/urdf/turtlebot3_burger.urdf
[2.652s] -- Installing: /root/ros2_ws/src/turlebot3_ws/src/install/turtlebot3_description/share/turtlebot3_description/urdf/turtlebot3_waffle.urdf
[2.652s] -- Installing: /root/ros2_ws/src/turlebot3_ws/src/install/turtlebot3_description/share/ament_index/resource_index/package_run_dependencies/turtlebot3_description
[2.653s] -- Installing: /root/ros2_ws/src/turlebot3_ws/src/install/turtlebot3_description/share/ament_index/resource_index/parent_prefix_path/turtlebot3_description
[2.653s] -- Installing: /root/ros2_ws/src/turlebot3_ws/src/install/turtlebot3_description/share/turtlebot3_description/environment/ament_prefix_path.sh
[2.653s] -- Installing: /root/ros2_ws/src/turlebot3_ws/src/install/turtlebot3_description/share/turtlebot3_description/environment/ament_prefix_path.dsv
[2.653s] -- Installing: /root/ros2_ws/src/turlebot3_ws/src/install/turtlebot3_description/share/turtlebot3_description/environment/path.sh
[2.653s] -- Installing: /root/ros2_ws/src/turlebot3_ws/src/install/turtlebot3_description/share/turtlebot3_description/environment/path.dsv
[2.653s] -- Installing: /root/ros2_ws/src/turlebot3_ws/src/install/turtlebot3_description/share/turtlebot3_description/local_setup.bash
[2.654s] -- Installing: /root/ros2_ws/src/turlebot3_ws/src/install/turtlebot3_description/share/turtlebot3_description/local_setup.sh
[2.654s] -- Installing: /root/ros2_ws/src/turlebot3_ws/src/install/turtlebot3_description/share/turtlebot3_description/local_setup.zsh
[2.654s] -- Installing: /root/ros2_ws/src/turlebot3_ws/src/install/turtlebot3_description/share/turtlebot3_description/local_setup.dsv
[2.654s] -- Installing: /root/ros2_ws/src/turlebot3_ws/src/install/turtlebot3_description/share/turtlebot3_description/package.dsv
[2.654s] -- Installing: /root/ros2_ws/src/turlebot3_ws/src/install/turtlebot3_description/share/ament_index/resource_index/packages/turtlebot3_description
[2.654s] -- Installing: /root/ros2_ws/src/turlebot3_ws/src/install/turtlebot3_description/share/turtlebot3_description/cmake/turtlebot3_descriptionConfig.cmake
[2.654s] -- Installing: /root/ros2_ws/src/turlebot3_ws/src/install/turtlebot3_description/share/turtlebot3_description/cmake/turtlebot3_descriptionConfig-version.cmake
[2.654s] -- Installing: /root/ros2_ws/src/turlebot3_ws/src/install/turtlebot3_description/share/turtlebot3_description/package.xml
[2.656s] Invoked command in '/root/ros2_ws/src/turlebot3_ws/src/build/turtlebot3_description' returned '0': CMAKE_PREFIX_PATH=/opt/ros/humble /usr/bin/cmake --install /root/ros2_ws/src/turlebot3_ws/src/build/turtlebot3_description
