[0.018s] Invoking command in '/root/ros2_ws/src/project_02/build/endicott': CMAKE_PREFIX_PATH=/opt/ros/humble /usr/bin/cmake /root/ros2_ws/src/project_02 -DCMAKE_INSTALL_PREFIX=/root/ros2_ws/src/project_02/install/endicott
[0.186s] -- The C compiler identification is GNU 11.4.0
[0.523s] -- The CXX compiler identification is GNU 11.4.0
[0.720s] -- Detecting C compiler ABI info
[0.826s] -- Detecting C compiler ABI info - done
[0.832s] -- Check for working C compiler: /usr/bin/cc - skipped
[0.833s] -- Detecting C compile features
[0.834s] -- Detecting C compile features - done
[0.837s] -- Detecting CXX compiler ABI info
[0.949s] -- Detecting CXX compiler ABI info - done
[0.955s] -- Check for working CXX compiler: /usr/bin/c++ - skipped
[0.955s] -- Detecting CXX compile features
[0.955s] -- Detecting CXX compile features - done
[0.972s] -- Found ament_cmake: 1.3.11 (/opt/ros/humble/share/ament_cmake/cmake)
[1.099s] -- Found Python3: /usr/bin/python3 (found version "3.10.12") found components: Interpreter 
[1.217s] -- Found ament_index_cpp: 1.4.0 (/opt/ros/humble/share/ament_index_cpp/cmake)
[1.221s] -- Found geometry_msgs: 4.2.4 (/opt/ros/humble/share/geometry_msgs/cmake)
[1.370s] -- Found rosidl_generator_c: 3.1.6 (/opt/ros/humble/share/rosidl_generator_c/cmake)
[1.377s] -- Found rosidl_adapter: 3.1.6 (/opt/ros/humble/share/rosidl_adapter/cmake)
[1.387s] -- Found rosidl_generator_cpp: 3.1.6 (/opt/ros/humble/share/rosidl_generator_cpp/cmake)
[1.411s] -- Using all available rosidl_typesupport_c: rosidl_typesupport_fastrtps_c;rosidl_typesupport_introspection_c
[1.439s] -- Using all available rosidl_typesupport_cpp: rosidl_typesupport_fastrtps_cpp;rosidl_typesupport_introspection_cpp
[1.503s] -- Found rclcpp: 16.0.11 (/opt/ros/humble/share/rclcpp/cmake)
[1.568s] -- Found rmw_implementation_cmake: 6.1.2 (/opt/ros/humble/share/rmw_implementation_cmake/cmake)
[1.574s] -- Found rmw_fastrtps_cpp: 6.2.7 (/opt/ros/humble/share/rmw_fastrtps_cpp/cmake)
[2.280s] -- Found OpenSSL: /usr/lib/x86_64-linux-gnu/libcrypto.so (found version "3.0.2")  
[3.020s] -- Found FastRTPS: /opt/ros/humble/include  
[4.490s] -- Using RMW implementation 'rmw_fastrtps_cpp' as default
[4.502s] -- Looking for pthread.h
[4.610s] -- Looking for pthread.h - found
[4.610s] -- Performing Test CMAKE_HAVE_LIBC_PTHREAD
[4.703s] -- Performing Test CMAKE_HAVE_LIBC_PTHREAD - Success
[4.704s] -- Found Threads: TRUE  
[4.764s] -- Found rclcpp_action: 16.0.11 (/opt/ros/humble/share/rclcpp_action/cmake)
[4.826s] -- Found std_srvs: 4.2.4 (/opt/ros/humble/share/std_srvs/cmake)
[4.847s] -- Found turtlesim: 1.4.2 (/opt/ros/humble/share/turtlesim/cmake)
[4.868s] [31mCMake Error at CMakeLists.txt:31 (install):
[4.868s]   install TARGETS given target "endicott_turtle_controler" which does not
[4.868s]   exist.
[4.868s] 
[4.868s] [0m
[4.870s] -- Found ament_lint_auto: 0.12.11 (/opt/ros/humble/share/ament_lint_auto/cmake)
[4.971s] -- Added test 'cppcheck' to perform static code analysis on C / C++ code
[4.971s] -- Configured cppcheck include dirs: $<BUILD_INTERFACE:/root/ros2_ws/src/project_02/include>
[4.971s] -- Configured cppcheck exclude dirs and/or files: 
[4.974s] -- Added test 'flake8' to check Python code syntax and style conventions
[4.977s] -- Added test 'lint_cmake' to check CMake code style
[4.978s] -- Added test 'pep257' to check Python code against some of the docstring style conventions in PEP 257
[4.984s] -- Added test 'uncrustify' to check C / C++ code style
[4.984s] -- Configured uncrustify additional arguments: 
[4.986s] -- Added test 'xmllint' to check XML markup files
[4.989s] -- Configuring incomplete, errors occurred!
[4.989s] See also "/root/ros2_ws/src/project_02/build/endicott/CMakeFiles/CMakeOutput.log".
[4.996s] Invoked command in '/root/ros2_ws/src/project_02/build/endicott' returned '1': CMAKE_PREFIX_PATH=/opt/ros/humble /usr/bin/cmake /root/ros2_ws/src/project_02 -DCMAKE_INSTALL_PREFIX=/root/ros2_ws/src/project_02/install/endicott
