[0.636s] Invoking command in '/root/ros2_ws/src/turlebot3_ws/build/turtlebot3_example': CMAKE_PREFIX_PATH=/root/ros2_ws/src/turlebot3_ws/install/turtlebot3_msgs:/root/ros2_ws/src/turlebot3_ws/install/turtlebot3:/root/ros2_ws/src/turlebot3_ws/install/turtlebot3_bringup:/root/ros2_ws/src/turlebot3_ws/install/turtlebot3_node:/root/ros2_ws/src/turlebot3_ws/install/turtlebot3_navigation2:/root/ros2_ws/src/turlebot3_ws/install/turtlebot3_description:/root/ros2_ws/src/turlebot3_ws/install/turtlebot3_cartographer:/root/ros2_ws/src/turlebot3_ws/install/dynamixel_sdk_examples:/root/ros2_ws/src/turlebot3_ws/install/dynamixel_sdk_custom_interfaces:/root/ros2_ws/src/turlebot3_ws/install/dynamixel_sdk PYTHONPATH=/root/ros2_ws/src/turlebot3_ws/build/turtlebot3_example/prefix_override:/usr/lib/python3/dist-packages/colcon_core/task/python/colcon_distutils_commands:/root/ros2_ws/src/turlebot3_ws/install/turtlebot3_example/lib/python3.10/site-packages:${PYTHONPATH} /usr/bin/python3 -W ignore:setup.py install is deprecated -W ignore:easy_install command is deprecated setup.py develop --uninstall --editable --build-directory /root/ros2_ws/src/turlebot3_ws/build/turtlebot3_example/build
[0.875s] running develop
[1.016s] Removing /root/ros2_ws/src/turlebot3_ws/install/turtlebot3_example/lib/python3.10/site-packages/turtlebot3-example.egg-link (link to .)
[1.043s] Invoked command in '/root/ros2_ws/src/turlebot3_ws/build/turtlebot3_example' returned '0': CMAKE_PREFIX_PATH=/root/ros2_ws/src/turlebot3_ws/install/turtlebot3_msgs:/root/ros2_ws/src/turlebot3_ws/install/turtlebot3:/root/ros2_ws/src/turlebot3_ws/install/turtlebot3_bringup:/root/ros2_ws/src/turlebot3_ws/install/turtlebot3_node:/root/ros2_ws/src/turlebot3_ws/install/turtlebot3_navigation2:/root/ros2_ws/src/turlebot3_ws/install/turtlebot3_description:/root/ros2_ws/src/turlebot3_ws/install/turtlebot3_cartographer:/root/ros2_ws/src/turlebot3_ws/install/dynamixel_sdk_examples:/root/ros2_ws/src/turlebot3_ws/install/dynamixel_sdk_custom_interfaces:/root/ros2_ws/src/turlebot3_ws/install/dynamixel_sdk PYTHONPATH=/root/ros2_ws/src/turlebot3_ws/build/turtlebot3_example/prefix_override:/usr/lib/python3/dist-packages/colcon_core/task/python/colcon_distutils_commands:/root/ros2_ws/src/turlebot3_ws/install/turtlebot3_example/lib/python3.10/site-packages:${PYTHONPATH} /usr/bin/python3 -W ignore:setup.py install is deprecated -W ignore:easy_install command is deprecated setup.py develop --uninstall --editable --build-directory /root/ros2_ws/src/turlebot3_ws/build/turtlebot3_example/build
[1.045s] Invoking command in '/root/ros2_ws/src/turlebot3_ws/src/turtlebot3/turtlebot3_example': CMAKE_PREFIX_PATH=/root/ros2_ws/src/turlebot3_ws/install/turtlebot3_msgs:/root/ros2_ws/src/turlebot3_ws/install/turtlebot3:/root/ros2_ws/src/turlebot3_ws/install/turtlebot3_bringup:/root/ros2_ws/src/turlebot3_ws/install/turtlebot3_node:/root/ros2_ws/src/turlebot3_ws/install/turtlebot3_navigation2:/root/ros2_ws/src/turlebot3_ws/install/turtlebot3_description:/root/ros2_ws/src/turlebot3_ws/install/turtlebot3_cartographer:/root/ros2_ws/src/turlebot3_ws/install/dynamixel_sdk_examples:/root/ros2_ws/src/turlebot3_ws/install/dynamixel_sdk_custom_interfaces:/root/ros2_ws/src/turlebot3_ws/install/dynamixel_sdk PYTHONPATH=/root/ros2_ws/src/turlebot3_ws/build/turtlebot3_example/prefix_override:/usr/lib/python3/dist-packages/colcon_core/task/python/colcon_distutils_commands:/root/ros2_ws/src/turlebot3_ws/install/turtlebot3_example/lib/python3.10/site-packages:${PYTHONPATH} /usr/bin/python3 -W ignore:setup.py install is deprecated -W ignore:easy_install command is deprecated setup.py egg_info --egg-base ../../../build/turtlebot3_example build --build-base /root/ros2_ws/src/turlebot3_ws/build/turtlebot3_example/build install --record /root/ros2_ws/src/turlebot3_ws/build/turtlebot3_example/install.log --single-version-externally-managed install_data --force
[1.267s] running egg_info
[1.268s] writing ../../../build/turtlebot3_example/turtlebot3_example.egg-info/PKG-INFO
[1.268s] writing dependency_links to ../../../build/turtlebot3_example/turtlebot3_example.egg-info/dependency_links.txt
[1.268s] writing entry points to ../../../build/turtlebot3_example/turtlebot3_example.egg-info/entry_points.txt
[1.268s] writing requirements to ../../../build/turtlebot3_example/turtlebot3_example.egg-info/requires.txt
[1.268s] writing top-level names to ../../../build/turtlebot3_example/turtlebot3_example.egg-info/top_level.txt
[1.270s] reading manifest file '../../../build/turtlebot3_example/turtlebot3_example.egg-info/SOURCES.txt'
[1.271s] writing manifest file '../../../build/turtlebot3_example/turtlebot3_example.egg-info/SOURCES.txt'
[1.271s] running build
[1.272s] running build_py
[1.272s] creating /root/ros2_ws/src/turlebot3_ws/build/turtlebot3_example/build
[1.272s] creating /root/ros2_ws/src/turlebot3_ws/build/turtlebot3_example/build/lib
[1.272s] creating /root/ros2_ws/src/turlebot3_ws/build/turtlebot3_example/build/lib/turtlebot3_example
[1.272s] copying turtlebot3_example/__init__.py -> /root/ros2_ws/src/turlebot3_ws/build/turtlebot3_example/build/lib/turtlebot3_example
[1.272s] creating /root/ros2_ws/src/turlebot3_ws/build/turtlebot3_example/build/lib/turtlebot3_example/turtlebot3_patrol_server
[1.273s] copying turtlebot3_example/turtlebot3_patrol_server/main.py -> /root/ros2_ws/src/turlebot3_ws/build/turtlebot3_example/build/lib/turtlebot3_example/turtlebot3_patrol_server
[1.273s] copying turtlebot3_example/turtlebot3_patrol_server/turtlebot3_path.py -> /root/ros2_ws/src/turlebot3_ws/build/turtlebot3_example/build/lib/turtlebot3_example/turtlebot3_patrol_server
[1.273s] copying turtlebot3_example/turtlebot3_patrol_server/turtlebot3_patrol_server.py -> /root/ros2_ws/src/turlebot3_ws/build/turtlebot3_example/build/lib/turtlebot3_example/turtlebot3_patrol_server
[1.273s] copying turtlebot3_example/turtlebot3_patrol_server/__init__.py -> /root/ros2_ws/src/turlebot3_ws/build/turtlebot3_example/build/lib/turtlebot3_example/turtlebot3_patrol_server
[1.273s] creating /root/ros2_ws/src/turlebot3_ws/build/turtlebot3_example/build/lib/turtlebot3_example/turtlebot3_obstacle_detection
[1.274s] copying turtlebot3_example/turtlebot3_obstacle_detection/main.py -> /root/ros2_ws/src/turlebot3_ws/build/turtlebot3_example/build/lib/turtlebot3_example/turtlebot3_obstacle_detection
[1.274s] copying turtlebot3_example/turtlebot3_obstacle_detection/turtlebot3_obstacle_detection.py -> /root/ros2_ws/src/turlebot3_ws/build/turtlebot3_example/build/lib/turtlebot3_example/turtlebot3_obstacle_detection
[1.274s] copying turtlebot3_example/turtlebot3_obstacle_detection/__init__.py -> /root/ros2_ws/src/turlebot3_ws/build/turtlebot3_example/build/lib/turtlebot3_example/turtlebot3_obstacle_detection
[1.274s] creating /root/ros2_ws/src/turlebot3_ws/build/turtlebot3_example/build/lib/turtlebot3_example/turtlebot3_patrol_client
[1.274s] copying turtlebot3_example/turtlebot3_patrol_client/main.py -> /root/ros2_ws/src/turlebot3_ws/build/turtlebot3_example/build/lib/turtlebot3_example/turtlebot3_patrol_client
[1.274s] copying turtlebot3_example/turtlebot3_patrol_client/turtlebot3_patrol_client.py -> /root/ros2_ws/src/turlebot3_ws/build/turtlebot3_example/build/lib/turtlebot3_example/turtlebot3_patrol_client
[1.275s] copying turtlebot3_example/turtlebot3_patrol_client/__init__.py -> /root/ros2_ws/src/turlebot3_ws/build/turtlebot3_example/build/lib/turtlebot3_example/turtlebot3_patrol_client
[1.275s] creating /root/ros2_ws/src/turlebot3_ws/build/turtlebot3_example/build/lib/turtlebot3_example/turtlebot3_position_control
[1.275s] copying turtlebot3_example/turtlebot3_position_control/main.py -> /root/ros2_ws/src/turlebot3_ws/build/turtlebot3_example/build/lib/turtlebot3_example/turtlebot3_position_control
[1.275s] copying turtlebot3_example/turtlebot3_position_control/turtlebot3_path.py -> /root/ros2_ws/src/turlebot3_ws/build/turtlebot3_example/build/lib/turtlebot3_example/turtlebot3_position_control
[1.275s] copying turtlebot3_example/turtlebot3_position_control/turtlebot3_position_control.py -> /root/ros2_ws/src/turlebot3_ws/build/turtlebot3_example/build/lib/turtlebot3_example/turtlebot3_position_control
[1.275s] copying turtlebot3_example/turtlebot3_position_control/__init__.py -> /root/ros2_ws/src/turlebot3_ws/build/turtlebot3_example/build/lib/turtlebot3_example/turtlebot3_position_control
[1.275s] running install
[1.276s] running install_lib
[1.276s] creating /root/ros2_ws/src/turlebot3_ws/install/turtlebot3_example/lib/python3.10/site-packages/turtlebot3_example
[1.277s] creating /root/ros2_ws/src/turlebot3_ws/install/turtlebot3_example/lib/python3.10/site-packages/turtlebot3_example/turtlebot3_patrol_server
[1.277s] copying /root/ros2_ws/src/turlebot3_ws/build/turtlebot3_example/build/lib/turtlebot3_example/turtlebot3_patrol_server/main.py -> /root/ros2_ws/src/turlebot3_ws/install/turtlebot3_example/lib/python3.10/site-packages/turtlebot3_example/turtlebot3_patrol_server
[1.277s] copying /root/ros2_ws/src/turlebot3_ws/build/turtlebot3_example/build/lib/turtlebot3_example/turtlebot3_patrol_server/turtlebot3_path.py -> /root/ros2_ws/src/turlebot3_ws/install/turtlebot3_example/lib/python3.10/site-packages/turtlebot3_example/turtlebot3_patrol_server
[1.277s] copying /root/ros2_ws/src/turlebot3_ws/build/turtlebot3_example/build/lib/turtlebot3_example/turtlebot3_patrol_server/turtlebot3_patrol_server.py -> /root/ros2_ws/src/turlebot3_ws/install/turtlebot3_example/lib/python3.10/site-packages/turtlebot3_example/turtlebot3_patrol_server
[1.277s] copying /root/ros2_ws/src/turlebot3_ws/build/turtlebot3_example/build/lib/turtlebot3_example/turtlebot3_patrol_server/__init__.py -> /root/ros2_ws/src/turlebot3_ws/install/turtlebot3_example/lib/python3.10/site-packages/turtlebot3_example/turtlebot3_patrol_server
[1.278s] creating /root/ros2_ws/src/turlebot3_ws/install/turtlebot3_example/lib/python3.10/site-packages/turtlebot3_example/turtlebot3_obstacle_detection
[1.278s] copying /root/ros2_ws/src/turlebot3_ws/build/turtlebot3_example/build/lib/turtlebot3_example/turtlebot3_obstacle_detection/main.py -> /root/ros2_ws/src/turlebot3_ws/install/turtlebot3_example/lib/python3.10/site-packages/turtlebot3_example/turtlebot3_obstacle_detection
[1.278s] copying /root/ros2_ws/src/turlebot3_ws/build/turtlebot3_example/build/lib/turtlebot3_example/turtlebot3_obstacle_detection/turtlebot3_obstacle_detection.py -> /root/ros2_ws/src/turlebot3_ws/install/turtlebot3_example/lib/python3.10/site-packages/turtlebot3_example/turtlebot3_obstacle_detection
[1.278s] copying /root/ros2_ws/src/turlebot3_ws/build/turtlebot3_example/build/lib/turtlebot3_example/turtlebot3_obstacle_detection/__init__.py -> /root/ros2_ws/src/turlebot3_ws/install/turtlebot3_example/lib/python3.10/site-packages/turtlebot3_example/turtlebot3_obstacle_detection
[1.278s] creating /root/ros2_ws/src/turlebot3_ws/install/turtlebot3_example/lib/python3.10/site-packages/turtlebot3_example/turtlebot3_patrol_client
[1.278s] copying /root/ros2_ws/src/turlebot3_ws/build/turtlebot3_example/build/lib/turtlebot3_example/turtlebot3_patrol_client/main.py -> /root/ros2_ws/src/turlebot3_ws/install/turtlebot3_example/lib/python3.10/site-packages/turtlebot3_example/turtlebot3_patrol_client
[1.279s] copying /root/ros2_ws/src/turlebot3_ws/build/turtlebot3_example/build/lib/turtlebot3_example/turtlebot3_patrol_client/turtlebot3_patrol_client.py -> /root/ros2_ws/src/turlebot3_ws/install/turtlebot3_example/lib/python3.10/site-packages/turtlebot3_example/turtlebot3_patrol_client
[1.279s] copying /root/ros2_ws/src/turlebot3_ws/build/turtlebot3_example/build/lib/turtlebot3_example/turtlebot3_patrol_client/__init__.py -> /root/ros2_ws/src/turlebot3_ws/install/turtlebot3_example/lib/python3.10/site-packages/turtlebot3_example/turtlebot3_patrol_client
[1.279s] creating /root/ros2_ws/src/turlebot3_ws/install/turtlebot3_example/lib/python3.10/site-packages/turtlebot3_example/turtlebot3_position_control
[1.279s] copying /root/ros2_ws/src/turlebot3_ws/build/turtlebot3_example/build/lib/turtlebot3_example/turtlebot3_position_control/main.py -> /root/ros2_ws/src/turlebot3_ws/install/turtlebot3_example/lib/python3.10/site-packages/turtlebot3_example/turtlebot3_position_control
[1.279s] copying /root/ros2_ws/src/turlebot3_ws/build/turtlebot3_example/build/lib/turtlebot3_example/turtlebot3_position_control/turtlebot3_path.py -> /root/ros2_ws/src/turlebot3_ws/install/turtlebot3_example/lib/python3.10/site-packages/turtlebot3_example/turtlebot3_position_control
[1.279s] copying /root/ros2_ws/src/turlebot3_ws/build/turtlebot3_example/build/lib/turtlebot3_example/turtlebot3_position_control/turtlebot3_position_control.py -> /root/ros2_ws/src/turlebot3_ws/install/turtlebot3_example/lib/python3.10/site-packages/turtlebot3_example/turtlebot3_position_control
[1.279s] copying /root/ros2_ws/src/turlebot3_ws/build/turtlebot3_example/build/lib/turtlebot3_example/turtlebot3_position_control/__init__.py -> /root/ros2_ws/src/turlebot3_ws/install/turtlebot3_example/lib/python3.10/site-packages/turtlebot3_example/turtlebot3_position_control
[1.279s] copying /root/ros2_ws/src/turlebot3_ws/build/turtlebot3_example/build/lib/turtlebot3_example/__init__.py -> /root/ros2_ws/src/turlebot3_ws/install/turtlebot3_example/lib/python3.10/site-packages/turtlebot3_example
[1.280s] byte-compiling /root/ros2_ws/src/turlebot3_ws/install/turtlebot3_example/lib/python3.10/site-packages/turtlebot3_example/turtlebot3_patrol_server/main.py to main.cpython-310.pyc
[1.280s] byte-compiling /root/ros2_ws/src/turlebot3_ws/install/turtlebot3_example/lib/python3.10/site-packages/turtlebot3_example/turtlebot3_patrol_server/turtlebot3_path.py to turtlebot3_path.cpython-310.pyc
[1.280s] byte-compiling /root/ros2_ws/src/turlebot3_ws/install/turtlebot3_example/lib/python3.10/site-packages/turtlebot3_example/turtlebot3_patrol_server/turtlebot3_patrol_server.py to turtlebot3_patrol_server.cpython-310.pyc
[1.281s] byte-compiling /root/ros2_ws/src/turlebot3_ws/install/turtlebot3_example/lib/python3.10/site-packages/turtlebot3_example/turtlebot3_patrol_server/__init__.py to __init__.cpython-310.pyc
[1.281s] byte-compiling /root/ros2_ws/src/turlebot3_ws/install/turtlebot3_example/lib/python3.10/site-packages/turtlebot3_example/turtlebot3_obstacle_detection/main.py to main.cpython-310.pyc
[1.281s] byte-compiling /root/ros2_ws/src/turlebot3_ws/install/turtlebot3_example/lib/python3.10/site-packages/turtlebot3_example/turtlebot3_obstacle_detection/turtlebot3_obstacle_detection.py to turtlebot3_obstacle_detection.cpython-310.pyc
[1.282s] byte-compiling /root/ros2_ws/src/turlebot3_ws/install/turtlebot3_example/lib/python3.10/site-packages/turtlebot3_example/turtlebot3_obstacle_detection/__init__.py to __init__.cpython-310.pyc
[1.282s] byte-compiling /root/ros2_ws/src/turlebot3_ws/install/turtlebot3_example/lib/python3.10/site-packages/turtlebot3_example/turtlebot3_patrol_client/main.py to main.cpython-310.pyc
[1.282s] byte-compiling /root/ros2_ws/src/turlebot3_ws/install/turtlebot3_example/lib/python3.10/site-packages/turtlebot3_example/turtlebot3_patrol_client/turtlebot3_patrol_client.py to turtlebot3_patrol_client.cpython-310.pyc
[1.283s] byte-compiling /root/ros2_ws/src/turlebot3_ws/install/turtlebot3_example/lib/python3.10/site-packages/turtlebot3_example/turtlebot3_patrol_client/__init__.py to __init__.cpython-310.pyc
[1.283s] byte-compiling /root/ros2_ws/src/turlebot3_ws/install/turtlebot3_example/lib/python3.10/site-packages/turtlebot3_example/turtlebot3_position_control/main.py to main.cpython-310.pyc
[1.283s] byte-compiling /root/ros2_ws/src/turlebot3_ws/install/turtlebot3_example/lib/python3.10/site-packages/turtlebot3_example/turtlebot3_position_control/turtlebot3_path.py to turtlebot3_path.cpython-310.pyc
[1.284s] byte-compiling /root/ros2_ws/src/turlebot3_ws/install/turtlebot3_example/lib/python3.10/site-packages/turtlebot3_example/turtlebot3_position_control/turtlebot3_position_control.py to turtlebot3_position_control.cpython-310.pyc
[1.285s] byte-compiling /root/ros2_ws/src/turlebot3_ws/install/turtlebot3_example/lib/python3.10/site-packages/turtlebot3_example/turtlebot3_position_control/__init__.py to __init__.cpython-310.pyc
[1.285s] byte-compiling /root/ros2_ws/src/turlebot3_ws/install/turtlebot3_example/lib/python3.10/site-packages/turtlebot3_example/__init__.py to __init__.cpython-310.pyc
[1.285s] running install_data
[1.285s] copying resource/turtlebot3_example -> /root/ros2_ws/src/turlebot3_ws/install/turtlebot3_example/share/ament_index/resource_index/packages
[1.286s] copying package.xml -> /root/ros2_ws/src/turlebot3_ws/install/turtlebot3_example/share/turtlebot3_example
[1.286s] running install_egg_info
[1.289s] Copying ../../../build/turtlebot3_example/turtlebot3_example.egg-info to /root/ros2_ws/src/turlebot3_ws/install/turtlebot3_example/lib/python3.10/site-packages/turtlebot3_example-2.2.0-py3.10.egg-info
[1.291s] running install_scripts
[1.309s] Installing turtlebot3_obstacle_detection script to /root/ros2_ws/src/turlebot3_ws/install/turtlebot3_example/lib/turtlebot3_example
[1.310s] Installing turtlebot3_patrol_client script to /root/ros2_ws/src/turlebot3_ws/install/turtlebot3_example/lib/turtlebot3_example
[1.310s] Installing turtlebot3_patrol_server script to /root/ros2_ws/src/turlebot3_ws/install/turtlebot3_example/lib/turtlebot3_example
[1.310s] Installing turtlebot3_position_control script to /root/ros2_ws/src/turlebot3_ws/install/turtlebot3_example/lib/turtlebot3_example
[1.311s] writing list of installed files to '/root/ros2_ws/src/turlebot3_ws/build/turtlebot3_example/install.log'
[1.334s] Invoked command in '/root/ros2_ws/src/turlebot3_ws/src/turtlebot3/turtlebot3_example' returned '0': CMAKE_PREFIX_PATH=/root/ros2_ws/src/turlebot3_ws/install/turtlebot3_msgs:/root/ros2_ws/src/turlebot3_ws/install/turtlebot3:/root/ros2_ws/src/turlebot3_ws/install/turtlebot3_bringup:/root/ros2_ws/src/turlebot3_ws/install/turtlebot3_node:/root/ros2_ws/src/turlebot3_ws/install/turtlebot3_navigation2:/root/ros2_ws/src/turlebot3_ws/install/turtlebot3_description:/root/ros2_ws/src/turlebot3_ws/install/turtlebot3_cartographer:/root/ros2_ws/src/turlebot3_ws/install/dynamixel_sdk_examples:/root/ros2_ws/src/turlebot3_ws/install/dynamixel_sdk_custom_interfaces:/root/ros2_ws/src/turlebot3_ws/install/dynamixel_sdk PYTHONPATH=/root/ros2_ws/src/turlebot3_ws/build/turtlebot3_example/prefix_override:/usr/lib/python3/dist-packages/colcon_core/task/python/colcon_distutils_commands:/root/ros2_ws/src/turlebot3_ws/install/turtlebot3_example/lib/python3.10/site-packages:${PYTHONPATH} /usr/bin/python3 -W ignore:setup.py install is deprecated -W ignore:easy_install command is deprecated setup.py egg_info --egg-base ../../../build/turtlebot3_example build --build-base /root/ros2_ws/src/turlebot3_ws/build/turtlebot3_example/build install --record /root/ros2_ws/src/turlebot3_ws/build/turtlebot3_example/install.log --single-version-externally-managed install_data --force
