[0.023s] Invoking command in '/root/ros2_ws/build/endicott': CMAKE_PREFIX_PATH=/opt/ros/humble /usr/bin/cmake --build /root/ros2_ws/build/endicott -- -j8 -l8
[0.126s] [100%] Built target endicott_turtle_controler
[0.141s] Invoked command in '/root/ros2_ws/build/endicott' returned '0': CMAKE_PREFIX_PATH=/opt/ros/humble /usr/bin/cmake --build /root/ros2_ws/build/endicott -- -j8 -l8
[0.155s] Invoking command in '/root/ros2_ws/build/endicott': CMAKE_PREFIX_PATH=/opt/ros/humble /usr/bin/cmake --install /root/ros2_ws/build/endicott
[0.165s] -- Install configuration: ""
[0.168s] -- Up-to-date: /root/ros2_ws/install/endicott/lib/endicott/endicott_turtle_controler
[0.168s] -- Up-to-date: /root/ros2_ws/install/endicott/share/ament_index/resource_index/package_run_dependencies/endicott
[0.168s] -- Up-to-date: /root/ros2_ws/install/endicott/share/ament_index/resource_index/parent_prefix_path/endicott
[0.168s] -- Up-to-date: /root/ros2_ws/install/endicott/share/endicott/environment/ament_prefix_path.sh
[0.168s] -- Up-to-date: /root/ros2_ws/install/endicott/share/endicott/environment/ament_prefix_path.dsv
[0.168s] -- Up-to-date: /root/ros2_ws/install/endicott/share/endicott/environment/path.sh
[0.168s] -- Up-to-date: /root/ros2_ws/install/endicott/share/endicott/environment/path.dsv
[0.168s] -- Up-to-date: /root/ros2_ws/install/endicott/share/endicott/local_setup.bash
[0.168s] -- Up-to-date: /root/ros2_ws/install/endicott/share/endicott/local_setup.sh
[0.169s] -- Up-to-date: /root/ros2_ws/install/endicott/share/endicott/local_setup.zsh
[0.169s] -- Up-to-date: /root/ros2_ws/install/endicott/share/endicott/local_setup.dsv
[0.169s] -- Installing: /root/ros2_ws/install/endicott/share/endicott/package.dsv
[0.169s] -- Up-to-date: /root/ros2_ws/install/endicott/share/ament_index/resource_index/packages/endicott
[0.170s] -- Up-to-date: /root/ros2_ws/install/endicott/share/endicott/cmake/endicottConfig.cmake
[0.170s] -- Up-to-date: /root/ros2_ws/install/endicott/share/endicott/cmake/endicottConfig-version.cmake
[0.170s] -- Up-to-date: /root/ros2_ws/install/endicott/share/endicott/package.xml
[0.172s] Invoked command in '/root/ros2_ws/build/endicott' returned '0': CMAKE_PREFIX_PATH=/opt/ros/humble /usr/bin/cmake --install /root/ros2_ws/build/endicott
