[0.028s] Invoking command in '/root/ros2_ws/build/turtlebot3_cartographer': CMAKE_PREFIX_PATH=/opt/ros/humble /usr/bin/cmake /root/ros2_ws/src/turlebot3_ws/src/turtlebot3/turtlebot3_cartographer -DCMAKE_INSTALL_PREFIX=/root/ros2_ws/install/turtlebot3_cartographer
[0.133s] -- The C compiler identification is GNU 11.4.0
[0.454s] -- The CXX compiler identification is GNU 11.4.0
[0.743s] -- Detecting C compiler ABI info
[0.892s] -- Detecting C compiler ABI info - done
[0.901s] -- Check for working C compiler: /usr/bin/cc - skipped
[0.901s] -- Detecting C compile features
[0.902s] -- Detecting C compile features - done
[0.906s] -- Detecting CXX compiler ABI info
[1.032s] -- Detecting CXX compiler ABI info - done
[1.042s] -- Check for working CXX compiler: /usr/bin/c++ - skipped
[1.042s] -- Detecting CXX compile features
[1.042s] -- Detecting CXX compile features - done
[1.044s] -- Found ament_cmake: 1.3.11 (/opt/ros/humble/share/ament_cmake/cmake)
[1.232s] -- Found Python3: /usr/bin/python3 (found version "3.10.12") found components: Interpreter 
[1.458s] -- Configuring done
[1.460s] -- Generating done
[1.462s] -- Build files have been written to: /root/ros2_ws/build/turtlebot3_cartographer
[1.475s] Invoked command in '/root/ros2_ws/build/turtlebot3_cartographer' returned '0': CMAKE_PREFIX_PATH=/opt/ros/humble /usr/bin/cmake /root/ros2_ws/src/turlebot3_ws/src/turtlebot3/turtlebot3_cartographer -DCMAKE_INSTALL_PREFIX=/root/ros2_ws/install/turtlebot3_cartographer
[1.475s] Invoking command in '/root/ros2_ws/build/turtlebot3_cartographer': CMAKE_PREFIX_PATH=/opt/ros/humble /usr/bin/cmake --build /root/ros2_ws/build/turtlebot3_cartographer -- -j8 -l8
[1.518s] Invoked command in '/root/ros2_ws/build/turtlebot3_cartographer' returned '0': CMAKE_PREFIX_PATH=/opt/ros/humble /usr/bin/cmake --build /root/ros2_ws/build/turtlebot3_cartographer -- -j8 -l8
[1.527s] Invoking command in '/root/ros2_ws/build/turtlebot3_cartographer': CMAKE_PREFIX_PATH=/opt/ros/humble /usr/bin/cmake --install /root/ros2_ws/build/turtlebot3_cartographer
[2.564s] -- Install configuration: ""
[2.565s] -- Up-to-date: /root/ros2_ws/install/turtlebot3_cartographer/share/turtlebot3_cartographer/config
[2.565s] -- Up-to-date: /root/ros2_ws/install/turtlebot3_cartographer/share/turtlebot3_cartographer/config/turtlebot3_lds_2d.lua
[2.566s] -- Up-to-date: /root/ros2_ws/install/turtlebot3_cartographer/share/turtlebot3_cartographer/launch
[2.566s] -- Up-to-date: /root/ros2_ws/install/turtlebot3_cartographer/share/turtlebot3_cartographer/launch/occupancy_grid.launch.py
[2.567s] -- Up-to-date: /root/ros2_ws/install/turtlebot3_cartographer/share/turtlebot3_cartographer/launch/cartographer.launch.py
[2.568s] -- Up-to-date: /root/ros2_ws/install/turtlebot3_cartographer/share/turtlebot3_cartographer/rviz
[2.568s] -- Up-to-date: /root/ros2_ws/install/turtlebot3_cartographer/share/turtlebot3_cartographer/rviz/tb3_cartographer.rviz
[2.568s] -- Installing: /root/ros2_ws/install/turtlebot3_cartographer/share/ament_index/resource_index/package_run_dependencies/turtlebot3_cartographer
[2.568s] -- Installing: /root/ros2_ws/install/turtlebot3_cartographer/share/ament_index/resource_index/parent_prefix_path/turtlebot3_cartographer
[2.568s] -- Up-to-date: /root/ros2_ws/install/turtlebot3_cartographer/share/turtlebot3_cartographer/environment/ament_prefix_path.sh
[2.568s] -- Installing: /root/ros2_ws/install/turtlebot3_cartographer/share/turtlebot3_cartographer/environment/ament_prefix_path.dsv
[2.568s] -- Up-to-date: /root/ros2_ws/install/turtlebot3_cartographer/share/turtlebot3_cartographer/environment/path.sh
[2.568s] -- Installing: /root/ros2_ws/install/turtlebot3_cartographer/share/turtlebot3_cartographer/environment/path.dsv
[2.569s] -- Installing: /root/ros2_ws/install/turtlebot3_cartographer/share/turtlebot3_cartographer/local_setup.bash
[2.569s] -- Installing: /root/ros2_ws/install/turtlebot3_cartographer/share/turtlebot3_cartographer/local_setup.sh
[2.569s] -- Installing: /root/ros2_ws/install/turtlebot3_cartographer/share/turtlebot3_cartographer/local_setup.zsh
[2.578s] -- Installing: /root/ros2_ws/install/turtlebot3_cartographer/share/turtlebot3_cartographer/local_setup.dsv
[2.578s] -- Installing: /root/ros2_ws/install/turtlebot3_cartographer/share/turtlebot3_cartographer/package.dsv
[2.579s] -- Installing: /root/ros2_ws/install/turtlebot3_cartographer/share/ament_index/resource_index/packages/turtlebot3_cartographer
[2.579s] -- Installing: /root/ros2_ws/install/turtlebot3_cartographer/share/turtlebot3_cartographer/cmake/turtlebot3_cartographerConfig.cmake
[2.579s] -- Installing: /root/ros2_ws/install/turtlebot3_cartographer/share/turtlebot3_cartographer/cmake/turtlebot3_cartographerConfig-version.cmake
[2.579s] -- Up-to-date: /root/ros2_ws/install/turtlebot3_cartographer/share/turtlebot3_cartographer/package.xml
[2.580s] Invoked command in '/root/ros2_ws/build/turtlebot3_cartographer' returned '0': CMAKE_PREFIX_PATH=/opt/ros/humble /usr/bin/cmake --install /root/ros2_ws/build/turtlebot3_cartographer
