[0.026s] Invoking command in '/root/ros2_ws/build/turtlesim': CMAKE_PREFIX_PATH=${CMAKE_PREFIX_PATH}:/opt/ros/humble /usr/bin/cmake --build /root/ros2_ws/build/turtlesim -- -j8 -l8
[0.121s] [  1%] Built target turtlesim__cpp
[0.126s] [ 11%] Built target turtlesim__rosidl_generator_c
[0.153s] [ 21%] Built target turtlesim__rosidl_typesupport_fastrtps_cpp
[0.154s] [ 21%] Built target ament_cmake_python_copy_turtlesim
[0.156s] [ 31%] Built target turtlesim__rosidl_typesupport_cpp
[0.160s] [ 42%] Built target turtlesim__rosidl_typesupport_introspection_cpp
[0.160s] [ 51%] Built target turtlesim__rosidl_typesupport_c
[0.164s] [ 61%] Built target turtlesim__rosidl_typesupport_introspection_c
[0.167s] [ 71%] Built target turtlesim__rosidl_typesupport_fastrtps_c
[0.196s] [ 71%] Built target turtlesim
[0.196s] [ 73%] Built target turtle_teleop_key
[0.198s] [ 75%] Built target draw_square
[0.204s] [ 83%] Built target mimic
[0.204s] [ 83%] Built target turtlesim_node
[0.218s] [ 84%] Built target turtlesim__py
[0.243s] [ 93%] Built target turtlesim__rosidl_generator_py
[0.266s] [ 97%] Built target turtlesim__rosidl_typesupport_fastrtps_c__pyext
[0.266s] [ 97%] Built target turtlesim__rosidl_typesupport_introspection_c__pyext
[0.266s] [100%] Built target turtlesim__rosidl_typesupport_c__pyext
[0.386s] running egg_info
[0.387s] writing turtlesim.egg-info/PKG-INFO
[0.387s] writing dependency_links to turtlesim.egg-info/dependency_links.txt
[0.387s] writing top-level names to turtlesim.egg-info/top_level.txt
[0.391s] reading manifest file 'turtlesim.egg-info/SOURCES.txt'
[0.392s] writing manifest file 'turtlesim.egg-info/SOURCES.txt'
[0.414s] [100%] Built target ament_cmake_python_build_turtlesim_egg
