[0.026s] Invoking command in '/root/ros2_ws/build/endicott': CMAKE_PREFIX_PATH=${CMAKE_PREFIX_PATH}:/opt/ros/humble /usr/bin/cmake /root/ros2_ws/src/endicott -DCMAKE_INSTALL_PREFIX=/root/ros2_ws/install/endicott
[0.288s] -- The C compiler identification is GNU 11.4.0
[0.706s] -- The CXX compiler identification is GNU 11.4.0
[0.940s] -- Detecting C compiler ABI info
[1.068s] -- Detecting C compiler ABI info - done
[1.075s] -- Check for working C compiler: /usr/bin/cc - skipped
[1.075s] -- Detecting C compile features
[1.076s] -- Detecting C compile features - done
[1.081s] -- Detecting CXX compiler ABI info
[1.203s] -- Detecting CXX compiler ABI info - done
[1.210s] -- Check for working CXX compiler: /usr/bin/c++ - skipped
[1.210s] -- Detecting CXX compile features
[1.211s] -- Detecting CXX compile features - done
[1.221s] -- Found ament_cmake: 1.3.11 (/opt/ros/humble/share/ament_cmake/cmake)
[1.365s] -- Found Python3: /usr/bin/python3 (found version "3.10.12") found components: Interpreter 
[1.480s] -- Found ament_lint_auto: 0.12.11 (/opt/ros/humble/share/ament_lint_auto/cmake)
[1.560s] -- Added test 'cppcheck' to perform static code analysis on C / C++ code
[1.560s] -- Configured cppcheck include dirs: $<BUILD_INTERFACE:/root/ros2_ws/src/endicott/include>
[1.560s] -- Configured cppcheck exclude dirs and/or files: 
[1.563s] -- Added test 'lint_cmake' to check CMake code style
[1.565s] -- Added test 'uncrustify' to check C / C++ code style
[1.565s] -- Configured uncrustify additional arguments: 
[1.566s] -- Added test 'xmllint' to check XML markup files
[1.568s] -- Configuring done
[1.573s] -- Generating done
[1.575s] -- Build files have been written to: /root/ros2_ws/build/endicott
[1.580s] Invoked command in '/root/ros2_ws/build/endicott' returned '0': CMAKE_PREFIX_PATH=${CMAKE_PREFIX_PATH}:/opt/ros/humble /usr/bin/cmake /root/ros2_ws/src/endicott -DCMAKE_INSTALL_PREFIX=/root/ros2_ws/install/endicott
[1.582s] Invoking command in '/root/ros2_ws/build/endicott': CMAKE_PREFIX_PATH=${CMAKE_PREFIX_PATH}:/opt/ros/humble /usr/bin/cmake --build /root/ros2_ws/build/endicott -- -j8 -l8
[1.620s] [ 50%] [32mBuilding CXX object CMakeFiles/endicott_turtle_controler.dir/src/endicott_turtle_controler.cpp.o[0m
[1.656s] [100%] [32m[1mLinking CXX executable endicott_turtle_controler[0m
[1.738s] [100%] Built target endicott_turtle_controler
[1.750s] Invoked command in '/root/ros2_ws/build/endicott' returned '0': CMAKE_PREFIX_PATH=${CMAKE_PREFIX_PATH}:/opt/ros/humble /usr/bin/cmake --build /root/ros2_ws/build/endicott -- -j8 -l8
[1.752s] Invoking command in '/root/ros2_ws/build/endicott': CMAKE_PREFIX_PATH=${CMAKE_PREFIX_PATH}:/opt/ros/humble /usr/bin/cmake --install /root/ros2_ws/build/endicott
[1.758s] -- Install configuration: ""
[1.760s] -- Installing: /root/ros2_ws/install/endicott/lib/endicott/endicott_turtle_controler
[1.761s] -- Installing: /root/ros2_ws/install/endicott/share/ament_index/resource_index/package_run_dependencies/endicott
[1.761s] -- Installing: /root/ros2_ws/install/endicott/share/ament_index/resource_index/parent_prefix_path/endicott
[1.762s] -- Installing: /root/ros2_ws/install/endicott/share/endicott/environment/ament_prefix_path.sh
[1.762s] -- Installing: /root/ros2_ws/install/endicott/share/endicott/environment/ament_prefix_path.dsv
[1.762s] -- Installing: /root/ros2_ws/install/endicott/share/endicott/environment/path.sh
[1.762s] -- Installing: /root/ros2_ws/install/endicott/share/endicott/environment/path.dsv
[1.763s] -- Installing: /root/ros2_ws/install/endicott/share/endicott/local_setup.bash
[1.763s] -- Installing: /root/ros2_ws/install/endicott/share/endicott/local_setup.sh
[1.764s] -- Installing: /root/ros2_ws/install/endicott/share/endicott/local_setup.zsh
[1.764s] -- Installing: /root/ros2_ws/install/endicott/share/endicott/local_setup.dsv
[1.764s] -- Installing: /root/ros2_ws/install/endicott/share/endicott/package.dsv
[1.765s] -- Installing: /root/ros2_ws/install/endicott/share/ament_index/resource_index/packages/endicott
[1.765s] -- Installing: /root/ros2_ws/install/endicott/share/endicott/cmake/endicottConfig.cmake
[1.765s] -- Installing: /root/ros2_ws/install/endicott/share/endicott/cmake/endicottConfig-version.cmake
[1.765s] -- Installing: /root/ros2_ws/install/endicott/share/endicott/package.xml
[1.769s] Invoked command in '/root/ros2_ws/build/endicott' returned '0': CMAKE_PREFIX_PATH=${CMAKE_PREFIX_PATH}:/opt/ros/humble /usr/bin/cmake --install /root/ros2_ws/build/endicott
