[0.040s] Invoking command in '/root/ros2_ws/src/turlebot3_ws/build/turtlebot3_cartographer': CMAKE_PREFIX_PATH=/opt/ros/humble /usr/bin/cmake /root/ros2_ws/src/turlebot3_ws/src/turtlebot3/turtlebot3_cartographer -DAMENT_CMAKE_SYMLINK_INSTALL=1 -DCMAKE_INSTALL_PREFIX=/root/ros2_ws/src/turlebot3_ws/install/turtlebot3_cartographer
[0.315s] -- The C compiler identification is GNU 11.4.0
[0.693s] -- The CXX compiler identification is GNU 11.4.0
[1.027s] -- Detecting C compiler ABI info
[1.178s] -- Detecting C compiler ABI info - done
[1.188s] -- Check for working C compiler: /usr/bin/cc - skipped
[1.188s] -- Detecting C compile features
[1.189s] -- Detecting C compile features - done
[1.193s] -- Detecting CXX compiler ABI info
[1.362s] -- Detecting CXX compiler ABI info - done
[1.371s] -- Check for working CXX compiler: /usr/bin/c++ - skipped
[1.371s] -- Detecting CXX compile features
[1.372s] -- Detecting CXX compile features - done
[1.374s] -- Found ament_cmake: 1.3.11 (/opt/ros/humble/share/ament_cmake/cmake)
[1.541s] -- Found Python3: /usr/bin/python3 (found version "3.10.12") found components: Interpreter 
[1.611s] -- Override CMake install command with custom implementation using symlinks instead of copying resources
[1.717s] -- Configuring done
[1.721s] -- Generating done
[1.723s] -- Build files have been written to: /root/ros2_ws/src/turlebot3_ws/build/turtlebot3_cartographer
[1.734s] Invoked command in '/root/ros2_ws/src/turlebot3_ws/build/turtlebot3_cartographer' returned '0': CMAKE_PREFIX_PATH=/opt/ros/humble /usr/bin/cmake /root/ros2_ws/src/turlebot3_ws/src/turtlebot3/turtlebot3_cartographer -DAMENT_CMAKE_SYMLINK_INSTALL=1 -DCMAKE_INSTALL_PREFIX=/root/ros2_ws/src/turlebot3_ws/install/turtlebot3_cartographer
[1.735s] Invoking command in '/root/ros2_ws/src/turlebot3_ws/build/turtlebot3_cartographer': CMAKE_PREFIX_PATH=/opt/ros/humble /usr/bin/cmake --build /root/ros2_ws/src/turlebot3_ws/build/turtlebot3_cartographer -- -j8 -l8
[1.788s] Invoked command in '/root/ros2_ws/src/turlebot3_ws/build/turtlebot3_cartographer' returned '0': CMAKE_PREFIX_PATH=/opt/ros/humble /usr/bin/cmake --build /root/ros2_ws/src/turlebot3_ws/build/turtlebot3_cartographer -- -j8 -l8
[1.788s] Invoking command in '/root/ros2_ws/src/turlebot3_ws/build/turtlebot3_cartographer': CMAKE_PREFIX_PATH=/opt/ros/humble /usr/bin/cmake --install /root/ros2_ws/src/turlebot3_ws/build/turtlebot3_cartographer
[1.798s] -- Install configuration: ""
[1.798s] -- Execute custom install script
[1.799s] -- Symlinking: /root/ros2_ws/src/turlebot3_ws/install/turtlebot3_cartographer/share/turtlebot3_cartographer/config/turtlebot3_lds_2d.lua
[1.819s] -- Symlinking: /root/ros2_ws/src/turlebot3_ws/install/turtlebot3_cartographer/share/turtlebot3_cartographer/launch/cartographer.launch.py
[1.829s] -- Symlinking: /root/ros2_ws/src/turlebot3_ws/install/turtlebot3_cartographer/share/turtlebot3_cartographer/launch/occupancy_grid.launch.py
[1.841s] -- Symlinking: /root/ros2_ws/src/turlebot3_ws/install/turtlebot3_cartographer/share/turtlebot3_cartographer/rviz/tb3_cartographer.rviz
[1.851s] -- Symlinking: /root/ros2_ws/src/turlebot3_ws/install/turtlebot3_cartographer/share/ament_index/resource_index/package_run_dependencies/turtlebot3_cartographer
[1.861s] -- Symlinking: /root/ros2_ws/src/turlebot3_ws/install/turtlebot3_cartographer/share/ament_index/resource_index/parent_prefix_path/turtlebot3_cartographer
[1.883s] -- Symlinking: /root/ros2_ws/src/turlebot3_ws/install/turtlebot3_cartographer/share/turtlebot3_cartographer/environment/ament_prefix_path.sh
[1.904s] -- Symlinking: /root/ros2_ws/src/turlebot3_ws/install/turtlebot3_cartographer/share/turtlebot3_cartographer/environment/ament_prefix_path.dsv
[1.919s] -- Symlinking: /root/ros2_ws/src/turlebot3_ws/install/turtlebot3_cartographer/share/turtlebot3_cartographer/environment/path.sh
[1.934s] -- Symlinking: /root/ros2_ws/src/turlebot3_ws/install/turtlebot3_cartographer/share/turtlebot3_cartographer/environment/path.dsv
[1.953s] -- Symlinking: /root/ros2_ws/src/turlebot3_ws/install/turtlebot3_cartographer/share/turtlebot3_cartographer/local_setup.bash
[1.965s] -- Symlinking: /root/ros2_ws/src/turlebot3_ws/install/turtlebot3_cartographer/share/turtlebot3_cartographer/local_setup.sh
[2.003s] -- Symlinking: /root/ros2_ws/src/turlebot3_ws/install/turtlebot3_cartographer/share/turtlebot3_cartographer/local_setup.zsh
[2.029s] -- Symlinking: /root/ros2_ws/src/turlebot3_ws/install/turtlebot3_cartographer/share/turtlebot3_cartographer/local_setup.dsv
[2.042s] -- Symlinking: /root/ros2_ws/src/turlebot3_ws/install/turtlebot3_cartographer/share/turtlebot3_cartographer/package.dsv
[2.065s] -- Symlinking: /root/ros2_ws/src/turlebot3_ws/install/turtlebot3_cartographer/share/ament_index/resource_index/packages/turtlebot3_cartographer
[2.103s] -- Symlinking: /root/ros2_ws/src/turlebot3_ws/install/turtlebot3_cartographer/share/turtlebot3_cartographer/cmake/turtlebot3_cartographerConfig.cmake
[2.118s] -- Symlinking: /root/ros2_ws/src/turlebot3_ws/install/turtlebot3_cartographer/share/turtlebot3_cartographer/cmake/turtlebot3_cartographerConfig-version.cmake
[2.150s] -- Symlinking: /root/ros2_ws/src/turlebot3_ws/install/turtlebot3_cartographer/share/turtlebot3_cartographer/package.xml
[2.191s] Invoked command in '/root/ros2_ws/src/turlebot3_ws/build/turtlebot3_cartographer' returned '0': CMAKE_PREFIX_PATH=/opt/ros/humble /usr/bin/cmake --install /root/ros2_ws/src/turlebot3_ws/build/turtlebot3_cartographer
