[0.130s] DEBUG:colcon:Command line arguments: ['/usr/bin/colcon', 'build']
[0.130s] DEBUG:colcon:Parsed command line arguments: Namespace(log_base=None, log_level=None, verb_name='build', build_base='build', install_base='install', merge_install=False, symlink_install=False, test_result_base=None, continue_on_error=False, executor='parallel', parallel_workers=8, event_handlers=None, ignore_user_meta=False, metas=['./colcon.meta'], base_paths=['.'], packages_ignore=None, packages_ignore_regex=None, paths=None, packages_up_to=None, packages_up_to_regex=None, packages_above=None, packages_above_and_dependencies=None, packages_above_depth=None, packages_select_by_dep=None, packages_skip_by_dep=None, packages_skip_up_to=None, packages_select_build_failed=False, packages_skip_build_finished=False, packages_select_test_failures=False, packages_skip_test_passed=False, packages_select=None, packages_skip=None, packages_select_regex=None, packages_skip_regex=None, packages_start=None, packages_end=None, allow_overriding=[], cmake_args=None, cmake_target=None, cmake_target_skip_unavailable=False, cmake_clean_cache=False, cmake_clean_first=False, cmake_force_configure=False, ament_cmake_args=None, catkin_cmake_args=None, catkin_skip_building_tests=False, verb_parser=<colcon_defaults.argument_parser.defaults.DefaultArgumentsDecorator object at 0x7fdc13d4e8f0>, verb_extension=<colcon_core.verb.build.BuildVerb object at 0x7fdc13d4dab0>, main=<bound method BuildVerb.main of <colcon_core.verb.build.BuildVerb object at 0x7fdc13d4dab0>>)
[0.236s] Level 1:colcon.colcon_core.package_discovery:discover_packages(colcon_meta) check parameters
[0.236s] Level 1:colcon.colcon_core.package_discovery:discover_packages(recursive) check parameters
[0.236s] Level 1:colcon.colcon_core.package_discovery:discover_packages(ignore) check parameters
[0.236s] Level 1:colcon.colcon_core.package_discovery:discover_packages(path) check parameters
[0.236s] Level 1:colcon.colcon_core.package_discovery:discover_packages(colcon_meta) discover
[0.236s] Level 1:colcon.colcon_core.package_discovery:discover_packages(recursive) discover
[0.236s] INFO:colcon.colcon_core.package_discovery:Crawling recursively for packages in '/root/ros2_ws/src/project_02'
[0.236s] Level 1:colcon.colcon_core.package_identification:_identify(.) by extensions ['ignore', 'ignore_ament_install']
[0.237s] Level 1:colcon.colcon_core.package_identification:_identify(.) by extension 'ignore'
[0.237s] Level 1:colcon.colcon_core.package_identification:_identify(.) by extension 'ignore_ament_install'
[0.237s] Level 1:colcon.colcon_core.package_identification:_identify(.) by extensions ['colcon_pkg']
[0.237s] Level 1:colcon.colcon_core.package_identification:_identify(.) by extension 'colcon_pkg'
[0.237s] Level 1:colcon.colcon_core.package_identification:_identify(.) by extensions ['colcon_meta']
[0.237s] Level 1:colcon.colcon_core.package_identification:_identify(.) by extension 'colcon_meta'
[0.237s] Level 1:colcon.colcon_core.package_identification:_identify(.) by extensions ['ros']
[0.237s] Level 1:colcon.colcon_core.package_identification:_identify(.) by extension 'ros'
[0.246s] DEBUG:colcon.colcon_core.package_identification:Package '.' with type 'ros.ament_cmake' and name 'endicott'
[0.246s] Level 1:colcon.colcon_core.package_discovery:discover_packages(recursive) using defaults
[0.247s] Level 1:colcon.colcon_core.package_discovery:discover_packages(ignore) discover
[0.247s] Level 1:colcon.colcon_core.package_discovery:discover_packages(ignore) using defaults
[0.247s] Level 1:colcon.colcon_core.package_discovery:discover_packages(path) discover
[0.247s] Level 1:colcon.colcon_core.package_discovery:discover_packages(path) using defaults
[0.260s] Level 1:colcon.colcon_core.package_discovery:discover_packages(prefix_path) check parameters
[0.260s] Level 1:colcon.colcon_core.package_discovery:discover_packages(prefix_path) discover
[0.262s] DEBUG:colcon.colcon_installed_package_information.package_discovery:Found 271 installed packages in /opt/ros/humble
[0.263s] Level 1:colcon.colcon_core.package_discovery:discover_packages(prefix_path) using defaults
[0.295s] Level 5:colcon.colcon_core.verb:set package 'endicott' build argument 'cmake_args' from command line to 'None'
[0.295s] Level 5:colcon.colcon_core.verb:set package 'endicott' build argument 'cmake_target' from command line to 'None'
[0.295s] Level 5:colcon.colcon_core.verb:set package 'endicott' build argument 'cmake_target_skip_unavailable' from command line to 'False'
[0.295s] Level 5:colcon.colcon_core.verb:set package 'endicott' build argument 'cmake_clean_cache' from command line to 'False'
[0.295s] Level 5:colcon.colcon_core.verb:set package 'endicott' build argument 'cmake_clean_first' from command line to 'False'
[0.295s] Level 5:colcon.colcon_core.verb:set package 'endicott' build argument 'cmake_force_configure' from command line to 'False'
[0.295s] Level 5:colcon.colcon_core.verb:set package 'endicott' build argument 'ament_cmake_args' from command line to 'None'
[0.295s] Level 5:colcon.colcon_core.verb:set package 'endicott' build argument 'catkin_cmake_args' from command line to 'None'
[0.295s] Level 5:colcon.colcon_core.verb:set package 'endicott' build argument 'catkin_skip_building_tests' from command line to 'False'
[0.295s] DEBUG:colcon.colcon_core.verb:Building package 'endicott' with the following arguments: {'ament_cmake_args': None, 'build_base': '/root/ros2_ws/src/project_02/build/endicott', 'catkin_cmake_args': None, 'catkin_skip_building_tests': False, 'cmake_args': None, 'cmake_clean_cache': False, 'cmake_clean_first': False, 'cmake_force_configure': False, 'cmake_target': None, 'cmake_target_skip_unavailable': False, 'install_base': '/root/ros2_ws/src/project_02/install/endicott', 'merge_install': False, 'path': '/root/ros2_ws/src/project_02', 'symlink_install': False, 'test_result_base': None}
[0.295s] INFO:colcon.colcon_core.executor:Executing jobs using 'parallel' executor
[0.296s] DEBUG:colcon.colcon_parallel_executor.executor.parallel:run_until_complete
[0.297s] INFO:colcon.colcon_ros.task.ament_cmake.build:Building ROS package in '/root/ros2_ws/src/project_02' with build type 'ament_cmake'
[0.297s] INFO:colcon.colcon_cmake.task.cmake.build:Building CMake package in '/root/ros2_ws/src/project_02'
[0.299s] INFO:colcon.colcon_core.plugin_system:Skipping extension 'colcon_core.shell.bat': Not used on non-Windows systems
[0.299s] INFO:colcon.colcon_core.shell:Skip shell extension 'powershell' for command environment: Not usable outside of PowerShell
[0.299s] DEBUG:colcon.colcon_core.shell:Skip shell extension 'dsv' for command environment
[0.309s] DEBUG:colcon.colcon_core.event_handler.log_command:Invoking command in '/root/ros2_ws/src/project_02/build/endicott': CMAKE_PREFIX_PATH=/opt/ros/humble /usr/bin/cmake /root/ros2_ws/src/project_02 -DCMAKE_INSTALL_PREFIX=/root/ros2_ws/src/project_02/install/endicott
[2.017s] DEBUG:colcon.colcon_core.event_handler.log_command:Invoked command in '/root/ros2_ws/src/project_02/build/endicott' returned '0': CMAKE_PREFIX_PATH=/opt/ros/humble /usr/bin/cmake /root/ros2_ws/src/project_02 -DCMAKE_INSTALL_PREFIX=/root/ros2_ws/src/project_02/install/endicott
[2.019s] DEBUG:colcon.colcon_core.event_handler.log_command:Invoking command in '/root/ros2_ws/src/project_02/build/endicott': CMAKE_PREFIX_PATH=/opt/ros/humble /usr/bin/cmake --build /root/ros2_ws/src/project_02/build/endicott -- -j8 -l8
[9.889s] DEBUG:colcon.colcon_core.event_handler.log_command:Invoked command in '/root/ros2_ws/src/project_02/build/endicott' returned '0': CMAKE_PREFIX_PATH=/opt/ros/humble /usr/bin/cmake --build /root/ros2_ws/src/project_02/build/endicott -- -j8 -l8
[9.899s] DEBUG:colcon.colcon_core.event_handler.log_command:Invoking command in '/root/ros2_ws/src/project_02/build/endicott': CMAKE_PREFIX_PATH=/opt/ros/humble /usr/bin/cmake --install /root/ros2_ws/src/project_02/build/endicott
[9.910s] Level 1:colcon.colcon_core.environment:create_environment_scripts_only(endicott)
[9.911s] DEBUG:colcon.colcon_core.event_handler.log_command:Invoked command in '/root/ros2_ws/src/project_02/build/endicott' returned '0': CMAKE_PREFIX_PATH=/opt/ros/humble /usr/bin/cmake --install /root/ros2_ws/src/project_02/build/endicott
[9.913s] Level 1:colcon.colcon_core.environment:checking '/root/ros2_ws/src/project_02/install/endicott' for CMake module files
[9.913s] Level 1:colcon.colcon_core.environment:checking '/root/ros2_ws/src/project_02/install/endicott' for CMake config files
[9.913s] Level 1:colcon.colcon_core.shell:create_environment_hook('endicott', 'cmake_prefix_path')
[9.913s] INFO:colcon.colcon_core.shell:Creating environment hook '/root/ros2_ws/src/project_02/install/endicott/share/endicott/hook/cmake_prefix_path.ps1'
[9.928s] INFO:colcon.colcon_core.shell:Creating environment descriptor '/root/ros2_ws/src/project_02/install/endicott/share/endicott/hook/cmake_prefix_path.dsv'
[9.929s] INFO:colcon.colcon_core.shell:Creating environment hook '/root/ros2_ws/src/project_02/install/endicott/share/endicott/hook/cmake_prefix_path.sh'
[9.930s] Level 1:colcon.colcon_core.environment:checking '/root/ros2_ws/src/project_02/install/endicott/lib'
[9.930s] Level 1:colcon.colcon_core.environment:checking '/root/ros2_ws/src/project_02/install/endicott/bin'
[9.930s] Level 1:colcon.colcon_core.environment:checking '/root/ros2_ws/src/project_02/install/endicott/lib/pkgconfig/endicott.pc'
[9.931s] Level 1:colcon.colcon_core.environment:checking '/root/ros2_ws/src/project_02/install/endicott/lib/python3.10/site-packages'
[9.931s] Level 1:colcon.colcon_core.environment:checking '/root/ros2_ws/src/project_02/install/endicott/bin'
[9.931s] INFO:colcon.colcon_core.shell:Creating package script '/root/ros2_ws/src/project_02/install/endicott/share/endicott/package.ps1'
[9.932s] INFO:colcon.colcon_core.shell:Creating package descriptor '/root/ros2_ws/src/project_02/install/endicott/share/endicott/package.dsv'
[9.933s] INFO:colcon.colcon_core.shell:Creating package script '/root/ros2_ws/src/project_02/install/endicott/share/endicott/package.sh'
[9.933s] INFO:colcon.colcon_core.shell:Creating package script '/root/ros2_ws/src/project_02/install/endicott/share/endicott/package.bash'
[9.934s] INFO:colcon.colcon_core.shell:Creating package script '/root/ros2_ws/src/project_02/install/endicott/share/endicott/package.zsh'
[9.935s] Level 1:colcon.colcon_core.environment:create_file_with_runtime_dependencies(/root/ros2_ws/src/project_02/install/endicott/share/colcon-core/packages/endicott)
[9.936s] Level 1:colcon.colcon_core.environment:create_environment_scripts_only(endicott)
[9.936s] Level 1:colcon.colcon_core.environment:checking '/root/ros2_ws/src/project_02/install/endicott' for CMake module files
[9.936s] Level 1:colcon.colcon_core.environment:checking '/root/ros2_ws/src/project_02/install/endicott' for CMake config files
[9.937s] Level 1:colcon.colcon_core.shell:create_environment_hook('endicott', 'cmake_prefix_path')
[9.937s] INFO:colcon.colcon_core.shell:Creating environment hook '/root/ros2_ws/src/project_02/install/endicott/share/endicott/hook/cmake_prefix_path.ps1'
[9.937s] INFO:colcon.colcon_core.shell:Creating environment descriptor '/root/ros2_ws/src/project_02/install/endicott/share/endicott/hook/cmake_prefix_path.dsv'
[9.938s] INFO:colcon.colcon_core.shell:Creating environment hook '/root/ros2_ws/src/project_02/install/endicott/share/endicott/hook/cmake_prefix_path.sh'
[9.938s] Level 1:colcon.colcon_core.environment:checking '/root/ros2_ws/src/project_02/install/endicott/lib'
[9.938s] Level 1:colcon.colcon_core.environment:checking '/root/ros2_ws/src/project_02/install/endicott/bin'
[9.938s] Level 1:colcon.colcon_core.environment:checking '/root/ros2_ws/src/project_02/install/endicott/lib/pkgconfig/endicott.pc'
[9.938s] Level 1:colcon.colcon_core.environment:checking '/root/ros2_ws/src/project_02/install/endicott/lib/python3.10/site-packages'
[9.939s] Level 1:colcon.colcon_core.environment:checking '/root/ros2_ws/src/project_02/install/endicott/bin'
[9.939s] INFO:colcon.colcon_core.shell:Creating package script '/root/ros2_ws/src/project_02/install/endicott/share/endicott/package.ps1'
[9.939s] INFO:colcon.colcon_core.shell:Creating package descriptor '/root/ros2_ws/src/project_02/install/endicott/share/endicott/package.dsv'
[9.940s] INFO:colcon.colcon_core.shell:Creating package script '/root/ros2_ws/src/project_02/install/endicott/share/endicott/package.sh'
[9.940s] INFO:colcon.colcon_core.shell:Creating package script '/root/ros2_ws/src/project_02/install/endicott/share/endicott/package.bash'
[9.941s] INFO:colcon.colcon_core.shell:Creating package script '/root/ros2_ws/src/project_02/install/endicott/share/endicott/package.zsh'
[9.941s] Level 1:colcon.colcon_core.environment:create_file_with_runtime_dependencies(/root/ros2_ws/src/project_02/install/endicott/share/colcon-core/packages/endicott)
[9.942s] DEBUG:colcon.colcon_parallel_executor.executor.parallel:closing loop
[9.942s] DEBUG:colcon.colcon_parallel_executor.executor.parallel:loop closed
[9.942s] DEBUG:colcon.colcon_parallel_executor.executor.parallel:run_until_complete finished with '0'
[9.942s] DEBUG:colcon.colcon_core.event_reactor:joining thread
[9.982s] INFO:colcon.colcon_core.plugin_system:Skipping extension 'colcon_notification.desktop_notification.notify_send': Could not find 'notify-send'
[9.982s] INFO:colcon.colcon_core.plugin_system:Skipping extension 'colcon_notification.desktop_notification.terminal_notifier': Not used on non-Darwin systems
[9.982s] INFO:colcon.colcon_core.plugin_system:Skipping extension 'colcon_notification.desktop_notification.win32': Not used on non-Windows systems
[9.982s] INFO:colcon.colcon_notification.desktop_notification:Sending desktop notification using 'notify2'
[9.983s] DEBUG:colcon.colcon_notification.desktop_notification.notify2:Failed to initialize notify2: org.freedesktop.DBus.Error.ServiceUnknown: The name org.freedesktop.Notifications was not provided by any .service files
[9.983s] DEBUG:colcon.colcon_core.event_reactor:joined thread
[9.983s] INFO:colcon.colcon_core.shell:Creating prefix script '/root/ros2_ws/src/project_02/install/local_setup.ps1'
[9.984s] INFO:colcon.colcon_core.shell:Creating prefix util module '/root/ros2_ws/src/project_02/install/_local_setup_util_ps1.py'
[9.985s] INFO:colcon.colcon_core.shell:Creating prefix chain script '/root/ros2_ws/src/project_02/install/setup.ps1'
[9.986s] INFO:colcon.colcon_core.shell:Creating prefix script '/root/ros2_ws/src/project_02/install/local_setup.sh'
[9.987s] INFO:colcon.colcon_core.shell:Creating prefix util module '/root/ros2_ws/src/project_02/install/_local_setup_util_sh.py'
[9.987s] INFO:colcon.colcon_core.shell:Creating prefix chain script '/root/ros2_ws/src/project_02/install/setup.sh'
[9.988s] INFO:colcon.colcon_core.shell:Creating prefix script '/root/ros2_ws/src/project_02/install/local_setup.bash'
[9.989s] INFO:colcon.colcon_core.shell:Creating prefix chain script '/root/ros2_ws/src/project_02/install/setup.bash'
[9.989s] INFO:colcon.colcon_core.shell:Creating prefix script '/root/ros2_ws/src/project_02/install/local_setup.zsh'
[9.990s] INFO:colcon.colcon_core.shell:Creating prefix chain script '/root/ros2_ws/src/project_02/install/setup.zsh'
