[0.052s] Invoking command in '/root/ros2_ws/build/goto_node': CMAKE_PREFIX_PATH=/opt/ros/humble /usr/bin/cmake /root/ros2_ws/src/project_02 -DCMAKE_INSTALL_PREFIX=/root/ros2_ws/install/goto_node
[0.161s] -- The C compiler identification is GNU 11.4.0
[0.502s] -- The CXX compiler identification is GNU 11.4.0
[0.796s] -- Detecting C compiler ABI info
[0.971s] -- Detecting C compiler ABI info - done
[0.986s] -- Check for working C compiler: /usr/bin/cc - skipped
[0.986s] -- Detecting C compile features
[0.987s] -- Detecting C compile features - done
[0.997s] -- Detecting CXX compiler ABI info
[1.261s] -- Detecting CXX compiler ABI info - done
[1.270s] -- Check for working CXX compiler: /usr/bin/c++ - skipped
[1.270s] -- Detecting CXX compile features
[1.271s] -- Detecting CXX compile features - done
[1.273s] -- Found ament_cmake: 1.3.11 (/opt/ros/humble/share/ament_cmake/cmake)
[1.718s] -- Found Python3: /usr/bin/python3 (found version "3.10.12") found components: Interpreter 
[1.984s] -- Found ament_index_cpp: 1.4.0 (/opt/ros/humble/share/ament_index_cpp/cmake)
[1.987s] -- Found geometry_msgs: 4.2.4 (/opt/ros/humble/share/geometry_msgs/cmake)
[2.187s] -- Found rosidl_generator_c: 3.1.6 (/opt/ros/humble/share/rosidl_generator_c/cmake)
[2.194s] -- Found rosidl_adapter: 3.1.6 (/opt/ros/humble/share/rosidl_adapter/cmake)
[2.203s] -- Found rosidl_generator_cpp: 3.1.6 (/opt/ros/humble/share/rosidl_generator_cpp/cmake)
[2.225s] -- Using all available rosidl_typesupport_c: rosidl_typesupport_fastrtps_c;rosidl_typesupport_introspection_c
[2.265s] -- Using all available rosidl_typesupport_cpp: rosidl_typesupport_fastrtps_cpp;rosidl_typesupport_introspection_cpp
[2.388s] -- Found rclcpp: 16.0.11 (/opt/ros/humble/share/rclcpp/cmake)
[2.477s] -- Found rmw_implementation_cmake: 6.1.2 (/opt/ros/humble/share/rmw_implementation_cmake/cmake)
[2.489s] -- Found rmw_fastrtps_cpp: 6.2.7 (/opt/ros/humble/share/rmw_fastrtps_cpp/cmake)
[3.256s] -- Found OpenSSL: /usr/lib/x86_64-linux-gnu/libcrypto.so (found version "3.0.2")  
[3.864s] -- Found FastRTPS: /opt/ros/humble/include  
[4.901s] -- Using RMW implementation 'rmw_fastrtps_cpp' as default
[4.910s] -- Looking for pthread.h
[5.100s] -- Looking for pthread.h - found
[5.100s] -- Performing Test CMAKE_HAVE_LIBC_PTHREAD
[5.405s] -- Performing Test CMAKE_HAVE_LIBC_PTHREAD - Success
[5.406s] -- Found Threads: TRUE  
[5.526s] -- Found rclcpp_action: 16.0.11 (/opt/ros/humble/share/rclcpp_action/cmake)
[5.582s] -- Found std_srvs: 4.2.4 (/opt/ros/humble/share/std_srvs/cmake)
[5.622s] -- Found turtlesim: 1.4.2 (/opt/ros/humble/share/turtlesim/cmake)
[5.664s] -- Found ament_lint_auto: 0.12.11 (/opt/ros/humble/share/ament_lint_auto/cmake)
[5.896s] -- Added test 'cppcheck' to perform static code analysis on C / C++ code
[5.896s] -- Configured cppcheck include dirs: $<BUILD_INTERFACE:/root/ros2_ws/src/project_02/include>
[5.896s] -- Configured cppcheck exclude dirs and/or files: 
[5.923s] -- Added test 'flake8' to check Python code syntax and style conventions
[5.929s] -- Added test 'lint_cmake' to check CMake code style
[5.931s] -- Added test 'pep257' to check Python code against some of the docstring style conventions in PEP 257
[5.981s] -- Added test 'uncrustify' to check C / C++ code style
[5.982s] -- Configured uncrustify additional arguments: 
[6.002s] -- Added test 'xmllint' to check XML markup files
[6.004s] -- Configuring done
[6.017s] -- Generating done
[6.044s] -- Build files have been written to: /root/ros2_ws/build/goto_node
