[0.039s] Invoking command in '/root/ros2_ws/src/turlebot3_ws/build/turtlebot3_description': CMAKE_PREFIX_PATH=/opt/ros/humble /usr/bin/cmake /root/ros2_ws/src/turlebot3_ws/src/turtlebot3/turtlebot3_description -DAMENT_CMAKE_SYMLINK_INSTALL=1 -DCMAKE_INSTALL_PREFIX=/root/ros2_ws/src/turlebot3_ws/install/turtlebot3_description
[0.319s] -- The C compiler identification is GNU 11.4.0
[0.694s] -- The CXX compiler identification is GNU 11.4.0
[0.969s] -- Detecting C compiler ABI info
[1.092s] -- Detecting C compiler ABI info - done
[1.104s] -- Check for working C compiler: /usr/bin/cc - skipped
[1.105s] -- Detecting C compile features
[1.105s] -- Detecting C compile features - done
[1.110s] -- Detecting CXX compiler ABI info
[1.279s] -- Detecting CXX compiler ABI info - done
[1.291s] -- Check for working CXX compiler: /usr/bin/c++ - skipped
[1.291s] -- Detecting CXX compile features
[1.292s] -- Detecting CXX compile features - done
[1.295s] -- Found ament_cmake: 1.3.11 (/opt/ros/humble/share/ament_cmake/cmake)
[1.468s] -- Found Python3: /usr/bin/python3 (found version "3.10.12") found components: Interpreter 
[1.536s] -- Override CMake install command with custom implementation using symlinks instead of copying resources
[1.569s] -- Found urdf: 2.6.1 (/opt/ros/humble/share/urdf/cmake)
[3.162s] -- Configuring done
[3.164s] -- Generating done
[3.165s] -- Build files have been written to: /root/ros2_ws/src/turlebot3_ws/build/turtlebot3_description
[3.171s] Invoked command in '/root/ros2_ws/src/turlebot3_ws/build/turtlebot3_description' returned '0': CMAKE_PREFIX_PATH=/opt/ros/humble /usr/bin/cmake /root/ros2_ws/src/turlebot3_ws/src/turtlebot3/turtlebot3_description -DAMENT_CMAKE_SYMLINK_INSTALL=1 -DCMAKE_INSTALL_PREFIX=/root/ros2_ws/src/turlebot3_ws/install/turtlebot3_description
[3.172s] Invoking command in '/root/ros2_ws/src/turlebot3_ws/build/turtlebot3_description': CMAKE_PREFIX_PATH=/opt/ros/humble /usr/bin/cmake --build /root/ros2_ws/src/turlebot3_ws/build/turtlebot3_description -- -j8 -l8
[3.203s] Invoked command in '/root/ros2_ws/src/turlebot3_ws/build/turtlebot3_description' returned '0': CMAKE_PREFIX_PATH=/opt/ros/humble /usr/bin/cmake --build /root/ros2_ws/src/turlebot3_ws/build/turtlebot3_description -- -j8 -l8
[3.204s] Invoking command in '/root/ros2_ws/src/turlebot3_ws/build/turtlebot3_description': CMAKE_PREFIX_PATH=/opt/ros/humble /usr/bin/cmake --install /root/ros2_ws/src/turlebot3_ws/build/turtlebot3_description
[3.211s] -- Install configuration: ""
[3.212s] -- Execute custom install script
[3.214s] -- Symlinking: /root/ros2_ws/src/turlebot3_ws/install/turtlebot3_description/share/turtlebot3_description/meshes/bases/burger_base.stl
[3.220s] -- Symlinking: /root/ros2_ws/src/turlebot3_ws/install/turtlebot3_description/share/turtlebot3_description/meshes/bases/waffle_base.stl
[3.226s] -- Symlinking: /root/ros2_ws/src/turlebot3_ws/install/turtlebot3_description/share/turtlebot3_description/meshes/bases/waffle_pi_base.stl
[3.234s] -- Symlinking: /root/ros2_ws/src/turlebot3_ws/install/turtlebot3_description/share/turtlebot3_description/meshes/sensors/astra.dae
[3.239s] -- Symlinking: /root/ros2_ws/src/turlebot3_ws/install/turtlebot3_description/share/turtlebot3_description/meshes/sensors/astra.jpg
[3.245s] -- Symlinking: /root/ros2_ws/src/turlebot3_ws/install/turtlebot3_description/share/turtlebot3_description/meshes/sensors/lds.stl
[3.251s] -- Symlinking: /root/ros2_ws/src/turlebot3_ws/install/turtlebot3_description/share/turtlebot3_description/meshes/sensors/r200.dae
[3.257s] -- Symlinking: /root/ros2_ws/src/turlebot3_ws/install/turtlebot3_description/share/turtlebot3_description/meshes/sensors/r200.jpg
[3.264s] -- Symlinking: /root/ros2_ws/src/turlebot3_ws/install/turtlebot3_description/share/turtlebot3_description/meshes/wheels/left_tire.stl
[3.270s] -- Symlinking: /root/ros2_ws/src/turlebot3_ws/install/turtlebot3_description/share/turtlebot3_description/meshes/wheels/right_tire.stl
[3.277s] -- Symlinking: /root/ros2_ws/src/turlebot3_ws/install/turtlebot3_description/share/turtlebot3_description/rviz/model.rviz
[3.283s] -- Symlinking: /root/ros2_ws/src/turlebot3_ws/install/turtlebot3_description/share/turtlebot3_description/urdf/common_properties.urdf
[3.289s] -- Symlinking: /root/ros2_ws/src/turlebot3_ws/install/turtlebot3_description/share/turtlebot3_description/urdf/turtlebot3_burger.urdf
[3.295s] -- Symlinking: /root/ros2_ws/src/turlebot3_ws/install/turtlebot3_description/share/turtlebot3_description/urdf/turtlebot3_waffle.urdf
[3.303s] -- Symlinking: /root/ros2_ws/src/turlebot3_ws/install/turtlebot3_description/share/turtlebot3_description/urdf/turtlebot3_waffle_pi.urdf
[3.309s] -- Symlinking: /root/ros2_ws/src/turlebot3_ws/install/turtlebot3_description/share/ament_index/resource_index/package_run_dependencies/turtlebot3_description
[3.315s] -- Symlinking: /root/ros2_ws/src/turlebot3_ws/install/turtlebot3_description/share/ament_index/resource_index/parent_prefix_path/turtlebot3_description
[3.321s] -- Symlinking: /root/ros2_ws/src/turlebot3_ws/install/turtlebot3_description/share/turtlebot3_description/environment/ament_prefix_path.sh
[3.327s] -- Symlinking: /root/ros2_ws/src/turlebot3_ws/install/turtlebot3_description/share/turtlebot3_description/environment/ament_prefix_path.dsv
[3.332s] -- Symlinking: /root/ros2_ws/src/turlebot3_ws/install/turtlebot3_description/share/turtlebot3_description/environment/path.sh
[3.338s] -- Symlinking: /root/ros2_ws/src/turlebot3_ws/install/turtlebot3_description/share/turtlebot3_description/environment/path.dsv
[3.344s] -- Symlinking: /root/ros2_ws/src/turlebot3_ws/install/turtlebot3_description/share/turtlebot3_description/local_setup.bash
[3.350s] -- Symlinking: /root/ros2_ws/src/turlebot3_ws/install/turtlebot3_description/share/turtlebot3_description/local_setup.sh
[3.356s] -- Symlinking: /root/ros2_ws/src/turlebot3_ws/install/turtlebot3_description/share/turtlebot3_description/local_setup.zsh
[3.362s] -- Symlinking: /root/ros2_ws/src/turlebot3_ws/install/turtlebot3_description/share/turtlebot3_description/local_setup.dsv
[3.368s] -- Symlinking: /root/ros2_ws/src/turlebot3_ws/install/turtlebot3_description/share/turtlebot3_description/package.dsv
[3.374s] -- Symlinking: /root/ros2_ws/src/turlebot3_ws/install/turtlebot3_description/share/ament_index/resource_index/packages/turtlebot3_description
[3.380s] -- Symlinking: /root/ros2_ws/src/turlebot3_ws/install/turtlebot3_description/share/turtlebot3_description/cmake/turtlebot3_descriptionConfig.cmake
[3.386s] -- Symlinking: /root/ros2_ws/src/turlebot3_ws/install/turtlebot3_description/share/turtlebot3_description/cmake/turtlebot3_descriptionConfig-version.cmake
[3.392s] -- Symlinking: /root/ros2_ws/src/turlebot3_ws/install/turtlebot3_description/share/turtlebot3_description/package.xml
[3.400s] Invoked command in '/root/ros2_ws/src/turlebot3_ws/build/turtlebot3_description' returned '0': CMAKE_PREFIX_PATH=/opt/ros/humble /usr/bin/cmake --install /root/ros2_ws/src/turlebot3_ws/build/turtlebot3_description
