[0.022s] Invoking command in '/root/ros2_ws/src/project_02/build/goto_node': CMAKE_PREFIX_PATH=/opt/ros/humble /usr/bin/cmake /root/ros2_ws/src/project_02 -DCMAKE_INSTALL_PREFIX=/root/ros2_ws/src/project_02/install/goto_node
[0.235s] -- The C compiler identification is GNU 11.4.0
[0.535s] -- The CXX compiler identification is GNU 11.4.0
[0.724s] -- Detecting C compiler ABI info
[0.823s] -- Detecting C compiler ABI info - done
[0.829s] -- Check for working C compiler: /usr/bin/cc - skipped
[0.830s] -- Detecting C compile features
[0.831s] -- Detecting C compile features - done
[0.836s] -- Detecting CXX compiler ABI info
[0.936s] -- Detecting CXX compiler ABI info - done
[0.941s] -- Check for working CXX compiler: /usr/bin/c++ - skipped
[0.941s] -- Detecting CXX compile features
[0.942s] -- Detecting CXX compile features - done
[0.954s] -- Found ament_cmake: 1.3.11 (/opt/ros/humble/share/ament_cmake/cmake)
[1.090s] -- Found Python3: /usr/bin/python3 (found version "3.10.12") found components: Interpreter 
[1.199s] -- Found ament_index_cpp: 1.4.0 (/opt/ros/humble/share/ament_index_cpp/cmake)
[1.202s] -- Found geometry_msgs: 4.2.4 (/opt/ros/humble/share/geometry_msgs/cmake)
[1.333s] -- Found rosidl_generator_c: 3.1.6 (/opt/ros/humble/share/rosidl_generator_c/cmake)
[1.339s] -- Found rosidl_adapter: 3.1.6 (/opt/ros/humble/share/rosidl_adapter/cmake)
[1.349s] -- Found rosidl_generator_cpp: 3.1.6 (/opt/ros/humble/share/rosidl_generator_cpp/cmake)
[1.367s] -- Using all available rosidl_typesupport_c: rosidl_typesupport_fastrtps_c;rosidl_typesupport_introspection_c
[1.386s] -- Using all available rosidl_typesupport_cpp: rosidl_typesupport_fastrtps_cpp;rosidl_typesupport_introspection_cpp
[1.444s] -- Found rclcpp: 16.0.11 (/opt/ros/humble/share/rclcpp/cmake)
[1.492s] -- Found rmw_implementation_cmake: 6.1.2 (/opt/ros/humble/share/rmw_implementation_cmake/cmake)
[1.496s] -- Found rmw_fastrtps_cpp: 6.2.7 (/opt/ros/humble/share/rmw_fastrtps_cpp/cmake)
[2.241s] -- Found OpenSSL: /usr/lib/x86_64-linux-gnu/libcrypto.so (found version "3.0.2")  
[3.010s] -- Found FastRTPS: /opt/ros/humble/include  
[4.384s] -- Using RMW implementation 'rmw_fastrtps_cpp' as default
[4.394s] -- Looking for pthread.h
[4.535s] -- Looking for pthread.h - found
[4.535s] -- Performing Test CMAKE_HAVE_LIBC_PTHREAD
[4.640s] -- Performing Test CMAKE_HAVE_LIBC_PTHREAD - Success
[4.642s] -- Found Threads: TRUE  
[4.706s] -- Found rclcpp_action: 16.0.11 (/opt/ros/humble/share/rclcpp_action/cmake)
[4.761s] -- Found std_srvs: 4.2.4 (/opt/ros/humble/share/std_srvs/cmake)
[4.782s] -- Found turtlesim: 1.4.2 (/opt/ros/humble/share/turtlesim/cmake)
[4.813s] -- Found ament_lint_auto: 0.12.11 (/opt/ros/humble/share/ament_lint_auto/cmake)
[4.920s] -- Added test 'cppcheck' to perform static code analysis on C / C++ code
[4.920s] -- Configured cppcheck include dirs: $<BUILD_INTERFACE:/root/ros2_ws/src/project_02/include>
[4.920s] -- Configured cppcheck exclude dirs and/or files: 
[4.921s] -- Added test 'flake8' to check Python code syntax and style conventions
[4.923s] -- Added test 'lint_cmake' to check CMake code style
[4.924s] -- Added test 'pep257' to check Python code against some of the docstring style conventions in PEP 257
[4.931s] -- Added test 'uncrustify' to check C / C++ code style
[4.931s] -- Configured uncrustify additional arguments: 
[4.932s] -- Added test 'xmllint' to check XML markup files
[4.935s] -- Configuring done
[4.948s] -- Generating done
[4.952s] -- Build files have been written to: /root/ros2_ws/src/project_02/build/goto_node
[4.960s] Invoked command in '/root/ros2_ws/src/project_02/build/goto_node' returned '0': CMAKE_PREFIX_PATH=/opt/ros/humble /usr/bin/cmake /root/ros2_ws/src/project_02 -DCMAKE_INSTALL_PREFIX=/root/ros2_ws/src/project_02/install/goto_node
[4.961s] Invoking command in '/root/ros2_ws/src/project_02/build/goto_node': CMAKE_PREFIX_PATH=/opt/ros/humble /usr/bin/cmake --build /root/ros2_ws/src/project_02/build/goto_node -- -j8 -l8
[4.998s] [ 50%] [32mBuilding CXX object CMakeFiles/goto_node.dir/src/goto_node.cpp.o[0m
[12.174s] [100%] [32m[1mLinking CXX executable goto_node[0m
[12.665s] [100%] Built target goto_node
[12.675s] Invoked command in '/root/ros2_ws/src/project_02/build/goto_node' returned '0': CMAKE_PREFIX_PATH=/opt/ros/humble /usr/bin/cmake --build /root/ros2_ws/src/project_02/build/goto_node -- -j8 -l8
[12.682s] Invoking command in '/root/ros2_ws/src/project_02/build/goto_node': CMAKE_PREFIX_PATH=/opt/ros/humble /usr/bin/cmake --install /root/ros2_ws/src/project_02/build/goto_node
[12.686s] -- Install configuration: ""
[12.686s] -- Installing: /root/ros2_ws/src/project_02/install/goto_node/lib/goto_node/goto_node
[12.689s] -- Set runtime path of "/root/ros2_ws/src/project_02/install/goto_node/lib/goto_node/goto_node" to ""
[12.689s] -- Installing: /root/ros2_ws/src/project_02/install/goto_node/share/ament_index/resource_index/package_run_dependencies/goto_node
[12.689s] -- Installing: /root/ros2_ws/src/project_02/install/goto_node/share/ament_index/resource_index/parent_prefix_path/goto_node
[12.690s] -- Installing: /root/ros2_ws/src/project_02/install/goto_node/share/goto_node/environment/ament_prefix_path.sh
[12.690s] -- Installing: /root/ros2_ws/src/project_02/install/goto_node/share/goto_node/environment/ament_prefix_path.dsv
[12.690s] -- Installing: /root/ros2_ws/src/project_02/install/goto_node/share/goto_node/environment/path.sh
[12.690s] -- Installing: /root/ros2_ws/src/project_02/install/goto_node/share/goto_node/environment/path.dsv
[12.690s] -- Installing: /root/ros2_ws/src/project_02/install/goto_node/share/goto_node/local_setup.bash
[12.691s] -- Installing: /root/ros2_ws/src/project_02/install/goto_node/share/goto_node/local_setup.sh
[12.691s] -- Installing: /root/ros2_ws/src/project_02/install/goto_node/share/goto_node/local_setup.zsh
[12.691s] -- Installing: /root/ros2_ws/src/project_02/install/goto_node/share/goto_node/local_setup.dsv
[12.691s] -- Installing: /root/ros2_ws/src/project_02/install/goto_node/share/goto_node/package.dsv
[12.692s] -- Installing: /root/ros2_ws/src/project_02/install/goto_node/share/ament_index/resource_index/packages/goto_node
[12.692s] -- Installing: /root/ros2_ws/src/project_02/install/goto_node/share/goto_node/cmake/goto_nodeConfig.cmake
[12.692s] -- Installing: /root/ros2_ws/src/project_02/install/goto_node/share/goto_node/cmake/goto_nodeConfig-version.cmake
[12.692s] -- Installing: /root/ros2_ws/src/project_02/install/goto_node/share/goto_node/package.xml
[12.694s] Invoked command in '/root/ros2_ws/src/project_02/build/goto_node' returned '0': CMAKE_PREFIX_PATH=/opt/ros/humble /usr/bin/cmake --install /root/ros2_ws/src/project_02/build/goto_node
