[0.011s] Invoking command in '/root/ros2_ws/src/project_02/build/project_02': CMAKE_PREFIX_PATH=/opt/ros/humble /usr/bin/cmake /root/ros2_ws/src/project_02 -DCMAKE_INSTALL_PREFIX=/root/ros2_ws/src/project_02/install/project_02
[0.102s] -- The C compiler identification is GNU 11.4.0
[0.405s] -- The CXX compiler identification is GNU 11.4.0
[0.638s] -- Detecting C compiler ABI info
[0.735s] -- Detecting C compiler ABI info - done
[0.740s] -- Check for working C compiler: /usr/bin/cc - skipped
[0.740s] -- Detecting C compile features
[0.740s] -- Detecting C compile features - done
[0.743s] -- Detecting CXX compiler ABI info
[0.846s] -- Detecting CXX compiler ABI info - done
[0.851s] -- Check for working CXX compiler: /usr/bin/c++ - skipped
[0.851s] -- Detecting CXX compile features
[0.852s] -- Detecting CXX compile features - done
[0.853s] -- Found ament_cmake: 1.3.11 (/opt/ros/humble/share/ament_cmake/cmake)
[0.953s] -- Found Python3: /usr/bin/python3 (found version "3.10.12") found components: Interpreter 
[1.009s] -- Found ament_lint_auto: 0.12.11 (/opt/ros/humble/share/ament_lint_auto/cmake)
[1.063s] -- Added test 'cppcheck' to perform static code analysis on C / C++ code
[1.063s] -- Configured cppcheck include dirs: $<BUILD_INTERFACE:/root/ros2_ws/src/project_02/include>
[1.063s] -- Configured cppcheck exclude dirs and/or files: 
[1.064s] -- Added test 'lint_cmake' to check CMake code style
[1.068s] -- Added test 'uncrustify' to check C / C++ code style
[1.068s] -- Configured uncrustify additional arguments: 
[1.068s] -- Added test 'xmllint' to check XML markup files
[1.068s] -- Configuring done
[1.071s] -- Generating done
[1.072s] -- Build files have been written to: /root/ros2_ws/src/project_02/build/project_02
[1.077s] Invoked command in '/root/ros2_ws/src/project_02/build/project_02' returned '0': CMAKE_PREFIX_PATH=/opt/ros/humble /usr/bin/cmake /root/ros2_ws/src/project_02 -DCMAKE_INSTALL_PREFIX=/root/ros2_ws/src/project_02/install/project_02
[1.077s] Invoking command in '/root/ros2_ws/src/project_02/build/project_02': CMAKE_PREFIX_PATH=/opt/ros/humble /usr/bin/cmake --build /root/ros2_ws/src/project_02/build/project_02 -- -j8 -l8
[1.104s] [ 50%] [32mBuilding CXX object CMakeFiles/goto.dir/src/goto.cpp.o[0m
[1.126s] [100%] [32m[1mLinking CXX executable goto[0m
[1.205s] [100%] Built target goto
[1.214s] Invoked command in '/root/ros2_ws/src/project_02/build/project_02' returned '0': CMAKE_PREFIX_PATH=/opt/ros/humble /usr/bin/cmake --build /root/ros2_ws/src/project_02/build/project_02 -- -j8 -l8
[1.221s] Invoking command in '/root/ros2_ws/src/project_02/build/project_02': CMAKE_PREFIX_PATH=/opt/ros/humble /usr/bin/cmake --install /root/ros2_ws/src/project_02/build/project_02
[1.225s] -- Install configuration: ""
[1.225s] -- Installing: /root/ros2_ws/src/project_02/install/project_02/lib/project_02/goto
[1.226s] -- Installing: /root/ros2_ws/src/project_02/install/project_02/share/ament_index/resource_index/package_run_dependencies/project_02
[1.226s] -- Installing: /root/ros2_ws/src/project_02/install/project_02/share/ament_index/resource_index/parent_prefix_path/project_02
[1.226s] -- Installing: /root/ros2_ws/src/project_02/install/project_02/share/project_02/environment/ament_prefix_path.sh
[1.226s] -- Installing: /root/ros2_ws/src/project_02/install/project_02/share/project_02/environment/ament_prefix_path.dsv
[1.227s] -- Installing: /root/ros2_ws/src/project_02/install/project_02/share/project_02/environment/path.sh
[1.227s] -- Installing: /root/ros2_ws/src/project_02/install/project_02/share/project_02/environment/path.dsv
[1.227s] -- Installing: /root/ros2_ws/src/project_02/install/project_02/share/project_02/local_setup.bash
[1.227s] -- Installing: /root/ros2_ws/src/project_02/install/project_02/share/project_02/local_setup.sh
[1.228s] -- Installing: /root/ros2_ws/src/project_02/install/project_02/share/project_02/local_setup.zsh
[1.228s] -- Installing: /root/ros2_ws/src/project_02/install/project_02/share/project_02/local_setup.dsv
[1.228s] -- Installing: /root/ros2_ws/src/project_02/install/project_02/share/project_02/package.dsv
[1.228s] -- Installing: /root/ros2_ws/src/project_02/install/project_02/share/ament_index/resource_index/packages/project_02
[1.228s] -- Installing: /root/ros2_ws/src/project_02/install/project_02/share/project_02/cmake/project_02Config.cmake
[1.228s] -- Installing: /root/ros2_ws/src/project_02/install/project_02/share/project_02/cmake/project_02Config-version.cmake
[1.228s] -- Installing: /root/ros2_ws/src/project_02/install/project_02/share/project_02/package.xml
[1.229s] Invoked command in '/root/ros2_ws/src/project_02/build/project_02' returned '0': CMAKE_PREFIX_PATH=/opt/ros/humble /usr/bin/cmake --install /root/ros2_ws/src/project_02/build/project_02
