[0.260s] Invoking command in '/root/ros2_ws/src/turlebot3_ws/build/turtlebot3_node': CMAKE_PREFIX_PATH=/root/ros2_ws/src/turlebot3_ws/install/turtlebot3_msgs:/root/ros2_ws/src/turlebot3_ws/install/dynamixel_sdk:/root/ros2_ws/src/turlebot3_ws/install/turtlebot3:/root/ros2_ws/src/turlebot3_ws/install/turtlebot3_bringup:/root/ros2_ws/src/turlebot3_ws/install/turtlebot3_node:/root/ros2_ws/src/turlebot3_ws/install/turtlebot3_navigation2:/root/ros2_ws/src/turlebot3_ws/install/turtlebot3_description:/root/ros2_ws/src/turlebot3_ws/install/turtlebot3_cartographer:/root/ros2_ws/src/turlebot3_ws/install/dynamixel_sdk_examples:/root/ros2_ws/src/turlebot3_ws/install/dynamixel_sdk_custom_interfaces:/root/ros2_ws/src/turlebot3_ws/install/turtlebot3_teleop:/root/ros2_ws/src/turlebot3_ws/install/turtlebot3_example:/opt/ros/humble LD_LIBRARY_PATH=/root/ros2_ws/src/turlebot3_ws/install/turtlebot3_msgs/lib:/root/ros2_ws/src/turlebot3_ws/install/dynamixel_sdk/lib:/root/ros2_ws/src/turlebot3_ws/install/dynamixel_sdk_custom_interfaces/lib:/usr/lib/x86_64-linux-gnu/gazebo-11/plugins:/opt/ros/humble/opt/rviz_ogre_vendor/lib:/opt/ros/humble/lib/x86_64-linux-gnu:/opt/ros/humble/lib /usr/bin/cmake /root/ros2_ws/src/turlebot3_ws/src/turtlebot3/turtlebot3_node -DCMAKE_INSTALL_PREFIX=/root/ros2_ws/src/turlebot3_ws/install/turtlebot3_node
[0.270s] -- Found ament_cmake: 1.3.11 (/opt/ros/humble/share/ament_cmake/cmake)
[0.389s] -- Override CMake install command with custom implementation using symlinks instead of copying resources
[0.396s] -- Found dynamixel_sdk: 3.8.1 (/root/ros2_ws/src/turlebot3_ws/install/dynamixel_sdk/share/dynamixel_sdk/cmake)
[0.397s] -- Found geometry_msgs: 4.2.4 (/opt/ros/humble/share/geometry_msgs/cmake)
[0.482s] -- Found rosidl_generator_c: 3.1.6 (/opt/ros/humble/share/rosidl_generator_c/cmake)
[0.484s] -- Found rosidl_adapter: 3.1.6 (/opt/ros/humble/share/rosidl_adapter/cmake)
[0.489s] -- Found rosidl_generator_cpp: 3.1.6 (/opt/ros/humble/share/rosidl_generator_cpp/cmake)
[0.499s] -- Using all available rosidl_typesupport_c: rosidl_typesupport_fastrtps_c;rosidl_typesupport_introspection_c
[0.510s] -- Using all available rosidl_typesupport_cpp: rosidl_typesupport_fastrtps_cpp;rosidl_typesupport_introspection_cpp
[0.543s] -- Found message_filters: 4.3.5 (/opt/ros/humble/share/message_filters/cmake)
[0.568s] -- Found rmw_implementation_cmake: 6.1.2 (/opt/ros/humble/share/rmw_implementation_cmake/cmake)
[0.570s] -- Found rmw_fastrtps_cpp: 6.2.7 (/opt/ros/humble/share/rmw_fastrtps_cpp/cmake)
[3.761s] -- Using RMW implementation 'rmw_fastrtps_cpp' as default
[3.789s] -- Found nav_msgs: 4.2.4 (/opt/ros/humble/share/nav_msgs/cmake)
[3.801s] -- Found sensor_msgs: 4.2.4 (/opt/ros/humble/share/sensor_msgs/cmake)
[3.814s] -- Found std_srvs: 4.2.4 (/opt/ros/humble/share/std_srvs/cmake)
[3.820s] -- Found tf2: 0.25.11 (/opt/ros/humble/share/tf2/cmake)
[3.823s] -- Found tf2_ros: 0.25.11 (/opt/ros/humble/share/tf2_ros/cmake)
[3.898s] -- Found turtlebot3_msgs: 2.3.0 (/root/ros2_ws/src/turlebot3_ws/install/turtlebot3_msgs/share/turtlebot3_msgs/cmake)
[4.001s] -- Configuring done
[4.020s] -- Generating done
[4.025s] -- Build files have been written to: /root/ros2_ws/src/turlebot3_ws/build/turtlebot3_node
[4.032s] Invoked command in '/root/ros2_ws/src/turlebot3_ws/build/turtlebot3_node' returned '0': CMAKE_PREFIX_PATH=/root/ros2_ws/src/turlebot3_ws/install/turtlebot3_msgs:/root/ros2_ws/src/turlebot3_ws/install/dynamixel_sdk:/root/ros2_ws/src/turlebot3_ws/install/turtlebot3:/root/ros2_ws/src/turlebot3_ws/install/turtlebot3_bringup:/root/ros2_ws/src/turlebot3_ws/install/turtlebot3_node:/root/ros2_ws/src/turlebot3_ws/install/turtlebot3_navigation2:/root/ros2_ws/src/turlebot3_ws/install/turtlebot3_description:/root/ros2_ws/src/turlebot3_ws/install/turtlebot3_cartographer:/root/ros2_ws/src/turlebot3_ws/install/dynamixel_sdk_examples:/root/ros2_ws/src/turlebot3_ws/install/dynamixel_sdk_custom_interfaces:/root/ros2_ws/src/turlebot3_ws/install/turtlebot3_teleop:/root/ros2_ws/src/turlebot3_ws/install/turtlebot3_example:/opt/ros/humble LD_LIBRARY_PATH=/root/ros2_ws/src/turlebot3_ws/install/turtlebot3_msgs/lib:/root/ros2_ws/src/turlebot3_ws/install/dynamixel_sdk/lib:/root/ros2_ws/src/turlebot3_ws/install/dynamixel_sdk_custom_interfaces/lib:/usr/lib/x86_64-linux-gnu/gazebo-11/plugins:/opt/ros/humble/opt/rviz_ogre_vendor/lib:/opt/ros/humble/lib/x86_64-linux-gnu:/opt/ros/humble/lib /usr/bin/cmake /root/ros2_ws/src/turlebot3_ws/src/turtlebot3/turtlebot3_node -DCMAKE_INSTALL_PREFIX=/root/ros2_ws/src/turlebot3_ws/install/turtlebot3_node
[4.033s] Invoking command in '/root/ros2_ws/src/turlebot3_ws/build/turtlebot3_node': CMAKE_PREFIX_PATH=/root/ros2_ws/src/turlebot3_ws/install/turtlebot3_msgs:/root/ros2_ws/src/turlebot3_ws/install/dynamixel_sdk:/root/ros2_ws/src/turlebot3_ws/install/turtlebot3:/root/ros2_ws/src/turlebot3_ws/install/turtlebot3_bringup:/root/ros2_ws/src/turlebot3_ws/install/turtlebot3_node:/root/ros2_ws/src/turlebot3_ws/install/turtlebot3_navigation2:/root/ros2_ws/src/turlebot3_ws/install/turtlebot3_description:/root/ros2_ws/src/turlebot3_ws/install/turtlebot3_cartographer:/root/ros2_ws/src/turlebot3_ws/install/dynamixel_sdk_examples:/root/ros2_ws/src/turlebot3_ws/install/dynamixel_sdk_custom_interfaces:/root/ros2_ws/src/turlebot3_ws/install/turtlebot3_teleop:/root/ros2_ws/src/turlebot3_ws/install/turtlebot3_example:/opt/ros/humble LD_LIBRARY_PATH=/root/ros2_ws/src/turlebot3_ws/install/turtlebot3_msgs/lib:/root/ros2_ws/src/turlebot3_ws/install/dynamixel_sdk/lib:/root/ros2_ws/src/turlebot3_ws/install/dynamixel_sdk_custom_interfaces/lib:/usr/lib/x86_64-linux-gnu/gazebo-11/plugins:/opt/ros/humble/opt/rviz_ogre_vendor/lib:/opt/ros/humble/lib/x86_64-linux-gnu:/opt/ros/humble/lib /usr/bin/cmake --build /root/ros2_ws/src/turlebot3_ws/build/turtlebot3_node -- -j8 -l8
[4.074s] [35m[1mConsolidate compiler generated dependencies of target turtlebot3_node_lib[0m
[4.101s] [ 85%] Built target turtlebot3_node_lib
[4.112s] [35m[1mConsolidate compiler generated dependencies of target turtlebot3_ros[0m
[4.128s] [100%] Built target turtlebot3_ros
[4.135s] Invoked command in '/root/ros2_ws/src/turlebot3_ws/build/turtlebot3_node' returned '0': CMAKE_PREFIX_PATH=/root/ros2_ws/src/turlebot3_ws/install/turtlebot3_msgs:/root/ros2_ws/src/turlebot3_ws/install/dynamixel_sdk:/root/ros2_ws/src/turlebot3_ws/install/turtlebot3:/root/ros2_ws/src/turlebot3_ws/install/turtlebot3_bringup:/root/ros2_ws/src/turlebot3_ws/install/turtlebot3_node:/root/ros2_ws/src/turlebot3_ws/install/turtlebot3_navigation2:/root/ros2_ws/src/turlebot3_ws/install/turtlebot3_description:/root/ros2_ws/src/turlebot3_ws/install/turtlebot3_cartographer:/root/ros2_ws/src/turlebot3_ws/install/dynamixel_sdk_examples:/root/ros2_ws/src/turlebot3_ws/install/dynamixel_sdk_custom_interfaces:/root/ros2_ws/src/turlebot3_ws/install/turtlebot3_teleop:/root/ros2_ws/src/turlebot3_ws/install/turtlebot3_example:/opt/ros/humble LD_LIBRARY_PATH=/root/ros2_ws/src/turlebot3_ws/install/turtlebot3_msgs/lib:/root/ros2_ws/src/turlebot3_ws/install/dynamixel_sdk/lib:/root/ros2_ws/src/turlebot3_ws/install/dynamixel_sdk_custom_interfaces/lib:/usr/lib/x86_64-linux-gnu/gazebo-11/plugins:/opt/ros/humble/opt/rviz_ogre_vendor/lib:/opt/ros/humble/lib/x86_64-linux-gnu:/opt/ros/humble/lib /usr/bin/cmake --build /root/ros2_ws/src/turlebot3_ws/build/turtlebot3_node -- -j8 -l8
[4.137s] Invoking command in '/root/ros2_ws/src/turlebot3_ws/build/turtlebot3_node': CMAKE_PREFIX_PATH=/root/ros2_ws/src/turlebot3_ws/install/turtlebot3_msgs:/root/ros2_ws/src/turlebot3_ws/install/dynamixel_sdk:/root/ros2_ws/src/turlebot3_ws/install/turtlebot3:/root/ros2_ws/src/turlebot3_ws/install/turtlebot3_bringup:/root/ros2_ws/src/turlebot3_ws/install/turtlebot3_node:/root/ros2_ws/src/turlebot3_ws/install/turtlebot3_navigation2:/root/ros2_ws/src/turlebot3_ws/install/turtlebot3_description:/root/ros2_ws/src/turlebot3_ws/install/turtlebot3_cartographer:/root/ros2_ws/src/turlebot3_ws/install/dynamixel_sdk_examples:/root/ros2_ws/src/turlebot3_ws/install/dynamixel_sdk_custom_interfaces:/root/ros2_ws/src/turlebot3_ws/install/turtlebot3_teleop:/root/ros2_ws/src/turlebot3_ws/install/turtlebot3_example:/opt/ros/humble LD_LIBRARY_PATH=/root/ros2_ws/src/turlebot3_ws/install/turtlebot3_msgs/lib:/root/ros2_ws/src/turlebot3_ws/install/dynamixel_sdk/lib:/root/ros2_ws/src/turlebot3_ws/install/dynamixel_sdk_custom_interfaces/lib:/usr/lib/x86_64-linux-gnu/gazebo-11/plugins:/opt/ros/humble/opt/rviz_ogre_vendor/lib:/opt/ros/humble/lib/x86_64-linux-gnu:/opt/ros/humble/lib /usr/bin/cmake --install /root/ros2_ws/src/turlebot3_ws/build/turtlebot3_node
[4.142s] -- Install configuration: ""
[4.142s] -- Execute custom install script
[4.143s] -- Up-to-date symlink: /root/ros2_ws/src/turlebot3_ws/install/turtlebot3_node/share/turtlebot3_node/param/burger.yaml
[4.143s] -- Up-to-date symlink: /root/ros2_ws/src/turlebot3_ws/install/turtlebot3_node/share/turtlebot3_node/param/waffle.yaml
[4.143s] -- Up-to-date symlink: /root/ros2_ws/src/turlebot3_ws/install/turtlebot3_node/share/turtlebot3_node/param/waffle_pi.yaml
[4.144s] -- Up-to-date symlink: /root/ros2_ws/src/turlebot3_ws/install/turtlebot3_node/lib/turtlebot3_node/turtlebot3_ros
[4.144s] -- Up-to-date symlink: /root/ros2_ws/src/turlebot3_ws/install/turtlebot3_node/share/ament_index/resource_index/package_run_dependencies/turtlebot3_node
[4.144s] -- Up-to-date symlink: /root/ros2_ws/src/turlebot3_ws/install/turtlebot3_node/share/ament_index/resource_index/parent_prefix_path/turtlebot3_node
[4.144s] -- Up-to-date symlink: /root/ros2_ws/src/turlebot3_ws/install/turtlebot3_node/share/turtlebot3_node/environment/ament_prefix_path.sh
[4.145s] -- Up-to-date symlink: /root/ros2_ws/src/turlebot3_ws/install/turtlebot3_node/share/turtlebot3_node/environment/ament_prefix_path.dsv
[4.145s] -- Up-to-date symlink: /root/ros2_ws/src/turlebot3_ws/install/turtlebot3_node/share/turtlebot3_node/environment/path.sh
[4.145s] -- Up-to-date symlink: /root/ros2_ws/src/turlebot3_ws/install/turtlebot3_node/share/turtlebot3_node/environment/path.dsv
[4.145s] -- Up-to-date symlink: /root/ros2_ws/src/turlebot3_ws/install/turtlebot3_node/share/turtlebot3_node/local_setup.bash
[4.146s] -- Up-to-date symlink: /root/ros2_ws/src/turlebot3_ws/install/turtlebot3_node/share/turtlebot3_node/local_setup.sh
[4.146s] -- Up-to-date symlink: /root/ros2_ws/src/turlebot3_ws/install/turtlebot3_node/share/turtlebot3_node/local_setup.zsh
[4.146s] -- Up-to-date symlink: /root/ros2_ws/src/turlebot3_ws/install/turtlebot3_node/share/turtlebot3_node/local_setup.dsv
[4.146s] -- Symlinking: /root/ros2_ws/src/turlebot3_ws/install/turtlebot3_node/share/turtlebot3_node/package.dsv
[4.156s] -- Up-to-date symlink: /root/ros2_ws/src/turlebot3_ws/install/turtlebot3_node/share/ament_index/resource_index/packages/turtlebot3_node
[4.157s] -- Up-to-date symlink: /root/ros2_ws/src/turlebot3_ws/install/turtlebot3_node/share/turtlebot3_node/cmake/ament_cmake_export_include_directories-extras.cmake
[4.157s] -- Up-to-date symlink: /root/ros2_ws/src/turlebot3_ws/install/turtlebot3_node/share/turtlebot3_node/cmake/turtlebot3_nodeConfig.cmake
[4.157s] -- Up-to-date symlink: /root/ros2_ws/src/turlebot3_ws/install/turtlebot3_node/share/turtlebot3_node/cmake/turtlebot3_nodeConfig-version.cmake
[4.158s] -- Up-to-date symlink: /root/ros2_ws/src/turlebot3_ws/install/turtlebot3_node/share/turtlebot3_node/package.xml
[4.159s] Invoked command in '/root/ros2_ws/src/turlebot3_ws/build/turtlebot3_node' returned '0': CMAKE_PREFIX_PATH=/root/ros2_ws/src/turlebot3_ws/install/turtlebot3_msgs:/root/ros2_ws/src/turlebot3_ws/install/dynamixel_sdk:/root/ros2_ws/src/turlebot3_ws/install/turtlebot3:/root/ros2_ws/src/turlebot3_ws/install/turtlebot3_bringup:/root/ros2_ws/src/turlebot3_ws/install/turtlebot3_node:/root/ros2_ws/src/turlebot3_ws/install/turtlebot3_navigation2:/root/ros2_ws/src/turlebot3_ws/install/turtlebot3_description:/root/ros2_ws/src/turlebot3_ws/install/turtlebot3_cartographer:/root/ros2_ws/src/turlebot3_ws/install/dynamixel_sdk_examples:/root/ros2_ws/src/turlebot3_ws/install/dynamixel_sdk_custom_interfaces:/root/ros2_ws/src/turlebot3_ws/install/turtlebot3_teleop:/root/ros2_ws/src/turlebot3_ws/install/turtlebot3_example:/opt/ros/humble LD_LIBRARY_PATH=/root/ros2_ws/src/turlebot3_ws/install/turtlebot3_msgs/lib:/root/ros2_ws/src/turlebot3_ws/install/dynamixel_sdk/lib:/root/ros2_ws/src/turlebot3_ws/install/dynamixel_sdk_custom_interfaces/lib:/usr/lib/x86_64-linux-gnu/gazebo-11/plugins:/opt/ros/humble/opt/rviz_ogre_vendor/lib:/opt/ros/humble/lib/x86_64-linux-gnu:/opt/ros/humble/lib /usr/bin/cmake --install /root/ros2_ws/src/turlebot3_ws/build/turtlebot3_node
