[0.028s] Invoking command in '/root/ros2_ws/build/turtlebot3_gazebo': CMAKE_PREFIX_PATH=/opt/ros/humble /usr/bin/cmake /root/ros2_ws/src/turlebot3_ws/src/turtlebot3_simulations/turtlebot3_gazebo -DCMAKE_INSTALL_PREFIX=/root/ros2_ws/install/turtlebot3_gazebo
[1.467s] [33mCMake Warning (dev) at /usr/share/cmake-3.22/Modules/FindPackageHandleStandardArgs.cmake:438 (message):
[1.467s]   The package name passed to `find_package_handle_standard_args` (PkgConfig)
[1.467s]   does not match the name of the calling package (gazebo).  This can lead to
[1.467s]   problems in calling code that expects `find_package` result variables
[1.467s]   (e.g., `_FOUND`) to follow a certain pattern.
[1.467s] Call Stack (most recent call first):
[1.467s]   /usr/share/cmake-3.22/Modules/FindPkgConfig.cmake:99 (find_package_handle_standard_args)
[1.468s]   /usr/lib/x86_64-linux-gnu/cmake/gazebo/gazebo-config.cmake:72 (include)
[1.468s]   CMakeLists.txt:23 (find_package)
[1.468s] This warning is for project developers.  Use -Wno-dev to suppress it.
[1.468s] [0m
[1.469s] -- The C compiler identification is GNU 11.4.0
[1.469s] -- The CXX compiler identification is GNU 11.4.0
[1.469s] -- Detecting C compiler ABI info
[1.469s] -- Detecting C compiler ABI info - done
[1.469s] -- Check for working C compiler: /usr/bin/cc - skipped
[1.472s] -- Detecting C compile features
[1.472s] -- Detecting C compile features - done
[1.472s] -- Detecting CXX compiler ABI info
[1.472s] -- Detecting CXX compiler ABI info - done
[1.472s] -- Check for working CXX compiler: /usr/bin/c++ - skipped
[1.472s] -- Detecting CXX compile features
[1.472s] -- Detecting CXX compile features - done
[1.472s] -- Found ament_cmake: 1.3.11 (/opt/ros/humble/share/ament_cmake/cmake)
[1.472s] -- Found Python3: /usr/bin/python3 (found version "3.10.12") found components: Interpreter 
[1.472s] -- Found PkgConfig: /usr/bin/pkg-config (found version "0.29.2") 
[1.472s] -- Checking for module 'bullet>=2.82'
[1.472s] --   Found bullet, version 3.05
[1.585s] -- Found fcl: /usr/include (found suitable version "0.7.0", minimum required is "0.5.0") 
[2.015s] -- Found assimp: /usr/include (found version "5.2.0") 
[2.067s] -- Found DART: /usr/include (Required is at least version "6.6") found components: dart 
[2.547s] -- Found Boost: /usr/lib/x86_64-linux-gnu/cmake/Boost-1.74.0/BoostConfig.cmake (found suitable version "1.74.0", minimum required is "1.40.0") found components: thread system filesystem program_options regex iostreams date_time 
[2.903s] -- Found Protobuf: /usr/lib/x86_64-linux-gnu/libprotobuf.so (found version "3.12.4") 
[2.909s] -- Looking for ignition-math6 -- found version 6.15.1
[2.921s] -- Searching for dependencies of ignition-math6
[2.923s] -- Looking for OGRE...
[2.924s] -- OGRE_PREFIX_WATCH changed.
[2.929s] -- Checking for module 'OGRE'
[2.939s] --   Found OGRE, version 1.9.0
[2.966s] -- Found Ogre Ghadamon (1.9.0)
[3.236s] -- Found OGRE: optimized;/usr/lib/x86_64-linux-gnu/libOgreMain.so;debug;/usr/lib/x86_64-linux-gnu/libOgreMain.so
[3.256s] -- Looking for OGRE_Paging...
[3.531s] -- Found OGRE_Paging: optimized;/usr/lib/x86_64-linux-gnu/libOgrePaging.so;debug;/usr/lib/x86_64-linux-gnu/libOgrePaging.so
[3.531s] -- Looking for OGRE_Terrain...
[3.868s] -- Found OGRE_Terrain: optimized;/usr/lib/x86_64-linux-gnu/libOgreTerrain.so;debug;/usr/lib/x86_64-linux-gnu/libOgreTerrain.so
[3.868s] -- Looking for OGRE_Property...
[4.105s] -- Found OGRE_Property: optimized;/usr/lib/x86_64-linux-gnu/libOgreProperty.so;debug;/usr/lib/x86_64-linux-gnu/libOgreProperty.so
[4.105s] -- Looking for OGRE_RTShaderSystem...
[4.297s] -- Found OGRE_RTShaderSystem: optimized;/usr/lib/x86_64-linux-gnu/libOgreRTShaderSystem.so;debug;/usr/lib/x86_64-linux-gnu/libOgreRTShaderSystem.so
[4.297s] -- Looking for OGRE_Volume...
[4.498s] -- Found OGRE_Volume: optimized;/usr/lib/x86_64-linux-gnu/libOgreVolume.so;debug;/usr/lib/x86_64-linux-gnu/libOgreVolume.so
[4.498s] -- Looking for OGRE_Overlay...
[4.696s] -- Found OGRE_Overlay: optimized;/usr/lib/x86_64-linux-gnu/libOgreOverlay.so;debug;/usr/lib/x86_64-linux-gnu/libOgreOverlay.so
[15.909s] -- Looking for ignition-math6 -- found version 6.15.1
[15.911s] -- Looking for ignition-transport8 -- found version 8.2.1
[15.911s] -- Searching for dependencies of ignition-transport8
[16.476s] -- Found Protobuf: /usr/lib/x86_64-linux-gnu/libprotobuf.so (found suitable version "3.12.4", minimum required is "3") 
[17.030s] -- Config-file not installed for ZeroMQ -- checking for pkg-config
[17.033s] -- Checking for module 'libzmq >= 4'
[17.044s] --   Found libzmq , version 4.3.4
[17.063s] -- Found ZeroMQ: TRUE (Required is at least version "4") 
[17.084s] -- Checking for module 'uuid'
[17.092s] --   Found uuid, version 2.37.2
[17.109s] -- Found UUID: TRUE  
[17.111s] -- Looking for ignition-msgs5 -- found version 5.8.1
[17.111s] -- Searching for dependencies of ignition-msgs5
[17.664s] -- Looking for ignition-math6 -- found version 6.15.1
[17.668s] -- Checking for module 'tinyxml2'
[17.676s] --   Found tinyxml2, version 9.0.0
[17.695s] -- Looking for ignition-msgs5 -- found version 5.8.1
[17.697s] -- Looking for ignition-common3 -- found version 3.14.0
[17.698s] -- Searching for dependencies of ignition-common3
[17.717s] -- Looking for dlfcn.h - found
[17.734s] -- Looking for libdl - found
[17.735s] -- Found DL: TRUE  
[17.777s] -- Found tinyobjloader: /usr/lib/x86_64-linux-gnu/cmake/tinyobjloader/tinyobjloader-config.cmake (found version "2.0.0") 
[17.777s] -- Searching for <ignition-common3> component [graphics]
[17.779s] -- Looking for ignition-common3-graphics -- found version 3.14.0
[17.780s] -- Searching for dependencies of ignition-common3-graphics
[17.780s] -- Looking for ignition-math6 -- found version 6.15.1
[17.783s] -- Looking for ignition-fuel_tools4 -- found version 4.4.0
[17.783s] -- Searching for dependencies of ignition-fuel_tools4
[18.449s] -- Found CURL: /usr/lib/x86_64-linux-gnu/libcurl.so (found version "7.81.0")  
[18.457s] -- Checking for module 'jsoncpp'
[18.464s] --   Found jsoncpp, version 1.9.5
[18.482s] -- Found JSONCPP: TRUE  
[18.487s] -- Checking for module 'libzip'
[18.496s] --   Found libzip, version 1.7.3
[18.516s] -- Found ZIP: TRUE  
[18.517s] -- Looking for ignition-common3 -- found version 3.14.0
[18.517s] -- Looking for ignition-math6 -- found version 6.15.1
[18.517s] -- Looking for ignition-msgs5 -- found version 5.8.1
[18.527s] -- Found gazebo_ros_pkgs: 3.9.0 (/opt/ros/humble/share/gazebo_ros_pkgs/cmake)
[18.528s] -- Found geometry_msgs: 4.2.4 (/opt/ros/humble/share/geometry_msgs/cmake)
[18.579s] -- Found rosidl_generator_c: 3.1.6 (/opt/ros/humble/share/rosidl_generator_c/cmake)
[18.582s] -- Found rosidl_adapter: 3.1.6 (/opt/ros/humble/share/rosidl_adapter/cmake)
[18.588s] -- Found rosidl_generator_cpp: 3.1.6 (/opt/ros/humble/share/rosidl_generator_cpp/cmake)
[18.596s] -- Using all available rosidl_typesupport_c: rosidl_typesupport_fastrtps_c;rosidl_typesupport_introspection_c
[18.607s] -- Using all available rosidl_typesupport_cpp: rosidl_typesupport_fastrtps_cpp;rosidl_typesupport_introspection_cpp
[18.638s] -- Found nav_msgs: 4.2.4 (/opt/ros/humble/share/nav_msgs/cmake)
[18.663s] -- Found rclcpp: 16.0.11 (/opt/ros/humble/share/rclcpp/cmake)
[18.685s] -- Found rmw_implementation_cmake: 6.1.2 (/opt/ros/humble/share/rmw_implementation_cmake/cmake)
[18.687s] -- Found rmw_fastrtps_cpp: 6.2.7 (/opt/ros/humble/share/rmw_fastrtps_cpp/cmake)
[19.291s] -- Found OpenSSL: /usr/lib/x86_64-linux-gnu/libcrypto.so (found version "3.0.2")  
[19.939s] -- Found FastRTPS: /opt/ros/humble/include  
[21.072s] -- Using RMW implementation 'rmw_fastrtps_cpp' as default
[21.078s] -- Found Threads: TRUE  
[21.107s] -- Found sensor_msgs: 4.2.4 (/opt/ros/humble/share/sensor_msgs/cmake)
[21.141s] -- Found tf2: 0.25.11 (/opt/ros/humble/share/tf2/cmake)
[21.191s] -- Configuring done
[21.218s] -- Generating done
[21.223s] -- Build files have been written to: /root/ros2_ws/build/turtlebot3_gazebo
