[0.015s] Invoking command in '/root/ros2_ws/src/project_02/build/endicott': CMAKE_PREFIX_PATH=/opt/ros/humble /usr/bin/cmake /root/ros2_ws/src/project_02 -DCMAKE_INSTALL_PREFIX=/root/ros2_ws/src/project_02/install/endicott
[0.026s] -- Found ament_cmake: 1.3.11 (/opt/ros/humble/share/ament_cmake/cmake)
[0.143s] -- Found ament_index_cpp: 1.4.0 (/opt/ros/humble/share/ament_index_cpp/cmake)
[0.143s] -- Found geometry_msgs: 4.2.4 (/opt/ros/humble/share/geometry_msgs/cmake)
[0.242s] -- Found rosidl_generator_c: 3.1.6 (/opt/ros/humble/share/rosidl_generator_c/cmake)
[0.244s] -- Found rosidl_adapter: 3.1.6 (/opt/ros/humble/share/rosidl_adapter/cmake)
[0.249s] -- Found rosidl_generator_cpp: 3.1.6 (/opt/ros/humble/share/rosidl_generator_cpp/cmake)
[0.256s] -- Using all available rosidl_typesupport_c: rosidl_typesupport_fastrtps_c;rosidl_typesupport_introspection_c
[0.269s] -- Using all available rosidl_typesupport_cpp: rosidl_typesupport_fastrtps_cpp;rosidl_typesupport_introspection_cpp
[0.301s] -- Found rclcpp: 16.0.11 (/opt/ros/humble/share/rclcpp/cmake)
[0.321s] -- Found rmw_implementation_cmake: 6.1.2 (/opt/ros/humble/share/rmw_implementation_cmake/cmake)
[0.322s] -- Found rmw_fastrtps_cpp: 6.2.7 (/opt/ros/humble/share/rmw_fastrtps_cpp/cmake)
[3.296s] -- Using RMW implementation 'rmw_fastrtps_cpp' as default
[3.326s] -- Found rclcpp_action: 16.0.11 (/opt/ros/humble/share/rclcpp_action/cmake)
[3.349s] -- Found std_srvs: 4.2.4 (/opt/ros/humble/share/std_srvs/cmake)
[3.357s] -- Found turtlesim: 1.4.2 (/opt/ros/humble/share/turtlesim/cmake)
[3.369s] [31mCMake Error at CMakeLists.txt:31 (install):
[3.369s]   install TARGETS given target "goto" which does not exist.
[3.369s] 
[3.369s] [0m
[3.369s] -- Found ament_lint_auto: 0.12.11 (/opt/ros/humble/share/ament_lint_auto/cmake)
[3.431s] -- Added test 'cppcheck' to perform static code analysis on C / C++ code
[3.431s] -- Configured cppcheck include dirs: $<BUILD_INTERFACE:/root/ros2_ws/src/project_02/include>
[3.431s] -- Configured cppcheck exclude dirs and/or files: 
[3.433s] -- Added test 'flake8' to check Python code syntax and style conventions
[3.435s] -- Added test 'lint_cmake' to check CMake code style
[3.436s] -- Added test 'pep257' to check Python code against some of the docstring style conventions in PEP 257
[3.443s] -- Added test 'uncrustify' to check C / C++ code style
[3.443s] -- Configured uncrustify additional arguments: 
[3.444s] -- Added test 'xmllint' to check XML markup files
[3.444s] -- Configuring incomplete, errors occurred!
[3.444s] See also "/root/ros2_ws/src/project_02/build/endicott/CMakeFiles/CMakeOutput.log".
[3.453s] Invoked command in '/root/ros2_ws/src/project_02/build/endicott' returned '1': CMAKE_PREFIX_PATH=/opt/ros/humble /usr/bin/cmake /root/ros2_ws/src/project_02 -DCMAKE_INSTALL_PREFIX=/root/ros2_ws/src/project_02/install/endicott
