[0.049s] Invoking command in '/root/ros2_ws/build/turtlebot3_navigation2': CMAKE_PREFIX_PATH=${CMAKE_PREFIX_PATH}:/root/ros2_ws/install/turtlebot3_teleop:/root/ros2_ws/install/turtlebot3_example:/opt/ros/humble /usr/bin/cmake /root/ros2_ws/src/turlebot3_ws/src/turtlebot3/turtlebot3_navigation2 -DCMAKE_INSTALL_PREFIX=/root/ros2_ws/install/turtlebot3_navigation2
[1.857s] -- The C compiler identification is GNU 11.4.0
[1.857s] -- The CXX compiler identification is GNU 11.4.0
[1.857s] -- Detecting C compiler ABI info
[1.858s] -- Detecting C compiler ABI info - done
[1.858s] -- Check for working C compiler: /usr/bin/cc - skipped
[1.858s] -- Detecting C compile features
[1.858s] -- Detecting C compile features - done
[1.858s] -- Detecting CXX compiler ABI info
[1.858s] -- Detecting CXX compiler ABI info - done
[1.858s] -- Check for working CXX compiler: /usr/bin/c++ - skipped
[1.858s] -- Detecting CXX compile features
[1.858s] -- Detecting CXX compile features - done
[1.858s] -- Found ament_cmake: 1.3.11 (/opt/ros/humble/share/ament_cmake/cmake)
[1.858s] -- Found Python3: /usr/bin/python3 (found version "3.10.12") found components: Interpreter 
[1.858s] -- Configuring done
[1.858s] -- Generating done
[1.858s] -- Build files have been written to: /root/ros2_ws/build/turtlebot3_navigation2
[1.869s] Invoked command in '/root/ros2_ws/build/turtlebot3_navigation2' returned '0': CMAKE_PREFIX_PATH=${CMAKE_PREFIX_PATH}:/root/ros2_ws/install/turtlebot3_teleop:/root/ros2_ws/install/turtlebot3_example:/opt/ros/humble /usr/bin/cmake /root/ros2_ws/src/turlebot3_ws/src/turtlebot3/turtlebot3_navigation2 -DCMAKE_INSTALL_PREFIX=/root/ros2_ws/install/turtlebot3_navigation2
[1.871s] Invoking command in '/root/ros2_ws/build/turtlebot3_navigation2': CMAKE_PREFIX_PATH=${CMAKE_PREFIX_PATH}:/root/ros2_ws/install/turtlebot3_teleop:/root/ros2_ws/install/turtlebot3_example:/opt/ros/humble /usr/bin/cmake --build /root/ros2_ws/build/turtlebot3_navigation2 -- -j8 -l8
[3.357s] Invoked command in '/root/ros2_ws/build/turtlebot3_navigation2' returned '0': CMAKE_PREFIX_PATH=${CMAKE_PREFIX_PATH}:/root/ros2_ws/install/turtlebot3_teleop:/root/ros2_ws/install/turtlebot3_example:/opt/ros/humble /usr/bin/cmake --build /root/ros2_ws/build/turtlebot3_navigation2 -- -j8 -l8
[3.363s] Invoking command in '/root/ros2_ws/build/turtlebot3_navigation2': CMAKE_PREFIX_PATH=${CMAKE_PREFIX_PATH}:/root/ros2_ws/install/turtlebot3_teleop:/root/ros2_ws/install/turtlebot3_example:/opt/ros/humble /usr/bin/cmake --install /root/ros2_ws/build/turtlebot3_navigation2
[3.373s] -- Install configuration: ""
[3.373s] -- Installing: /root/ros2_ws/install/turtlebot3_navigation2/share/turtlebot3_navigation2/launch
[3.373s] -- Installing: /root/ros2_ws/install/turtlebot3_navigation2/share/turtlebot3_navigation2/launch/navigation2.launch.py
[3.373s] -- Installing: /root/ros2_ws/install/turtlebot3_navigation2/share/turtlebot3_navigation2/map
[3.373s] -- Installing: /root/ros2_ws/install/turtlebot3_navigation2/share/turtlebot3_navigation2/map/map.pgm
[3.373s] -- Installing: /root/ros2_ws/install/turtlebot3_navigation2/share/turtlebot3_navigation2/map/map.yaml
[3.373s] -- Installing: /root/ros2_ws/install/turtlebot3_navigation2/share/turtlebot3_navigation2/param
[3.374s] -- Installing: /root/ros2_ws/install/turtlebot3_navigation2/share/turtlebot3_navigation2/param/waffle.yaml
[3.374s] -- Installing: /root/ros2_ws/install/turtlebot3_navigation2/share/turtlebot3_navigation2/param/waffle_pi.yaml
[3.374s] -- Installing: /root/ros2_ws/install/turtlebot3_navigation2/share/turtlebot3_navigation2/param/burger.yaml
[3.374s] -- Installing: /root/ros2_ws/install/turtlebot3_navigation2/share/turtlebot3_navigation2/rviz
[3.374s] -- Installing: /root/ros2_ws/install/turtlebot3_navigation2/share/turtlebot3_navigation2/rviz/tb3_navigation2.rviz
[3.374s] -- Installing: /root/ros2_ws/install/turtlebot3_navigation2/share/ament_index/resource_index/package_run_dependencies/turtlebot3_navigation2
[3.374s] -- Installing: /root/ros2_ws/install/turtlebot3_navigation2/share/ament_index/resource_index/parent_prefix_path/turtlebot3_navigation2
[3.375s] -- Installing: /root/ros2_ws/install/turtlebot3_navigation2/share/turtlebot3_navigation2/environment/ament_prefix_path.sh
[3.375s] -- Installing: /root/ros2_ws/install/turtlebot3_navigation2/share/turtlebot3_navigation2/environment/ament_prefix_path.dsv
[3.375s] -- Installing: /root/ros2_ws/install/turtlebot3_navigation2/share/turtlebot3_navigation2/environment/path.sh
[3.375s] -- Installing: /root/ros2_ws/install/turtlebot3_navigation2/share/turtlebot3_navigation2/environment/path.dsv
[3.375s] -- Installing: /root/ros2_ws/install/turtlebot3_navigation2/share/turtlebot3_navigation2/local_setup.bash
[3.375s] -- Installing: /root/ros2_ws/install/turtlebot3_navigation2/share/turtlebot3_navigation2/local_setup.sh
[3.375s] -- Installing: /root/ros2_ws/install/turtlebot3_navigation2/share/turtlebot3_navigation2/local_setup.zsh
[3.375s] -- Installing: /root/ros2_ws/install/turtlebot3_navigation2/share/turtlebot3_navigation2/local_setup.dsv
[3.376s] -- Installing: /root/ros2_ws/install/turtlebot3_navigation2/share/turtlebot3_navigation2/package.dsv
[3.379s] -- Installing: /root/ros2_ws/install/turtlebot3_navigation2/share/ament_index/resource_index/packages/turtlebot3_navigation2
[3.380s] -- Installing: /root/ros2_ws/install/turtlebot3_navigation2/share/turtlebot3_navigation2/cmake/turtlebot3_navigation2Config.cmake
[3.380s] -- Installing: /root/ros2_ws/install/turtlebot3_navigation2/share/turtlebot3_navigation2/cmake/turtlebot3_navigation2Config-version.cmake
[3.380s] -- Installing: /root/ros2_ws/install/turtlebot3_navigation2/share/turtlebot3_navigation2/package.xml
[3.434s] Invoked command in '/root/ros2_ws/build/turtlebot3_navigation2' returned '0': CMAKE_PREFIX_PATH=${CMAKE_PREFIX_PATH}:/root/ros2_ws/install/turtlebot3_teleop:/root/ros2_ws/install/turtlebot3_example:/opt/ros/humble /usr/bin/cmake --install /root/ros2_ws/build/turtlebot3_navigation2
