[0.419s] Invoking command in '/root/ros2_ws/build/goto_node': CMAKE_PREFIX_PATH=${CMAKE_PREFIX_PATH}:/root/ros2_ws/install/turtlebot3_teleop:/root/ros2_ws/install/turtlebot3_example:/opt/ros/humble /usr/bin/cmake /root/ros2_ws/src/project_02 -DCMAKE_INSTALL_PREFIX=/root/ros2_ws/install/goto_node
[0.545s] -- The C compiler identification is GNU 11.4.0
[1.071s] -- The CXX compiler identification is GNU 11.4.0
[1.368s] -- Detecting C compiler ABI info
[1.873s] -- Detecting C compiler ABI info - done
[1.900s] -- Check for working C compiler: /usr/bin/cc - skipped
[1.900s] -- Detecting C compile features
[1.900s] -- Detecting C compile features - done
[1.915s] -- Detecting CXX compiler ABI info
[2.560s] -- Detecting CXX compiler ABI info - done
[2.602s] -- Check for working CXX compiler: /usr/bin/c++ - skipped
[2.602s] -- Detecting CXX compile features
[2.603s] -- Detecting CXX compile features - done
[2.607s] -- Found ament_cmake: 1.3.11 (/opt/ros/humble/share/ament_cmake/cmake)
[3.437s] -- Found Python3: /usr/bin/python3 (found version "3.10.12") found components: Interpreter 
[3.903s] -- Found ament_index_cpp: 1.4.0 (/opt/ros/humble/share/ament_index_cpp/cmake)
[3.918s] -- Found geometry_msgs: 4.2.4 (/opt/ros/humble/share/geometry_msgs/cmake)
[4.218s] -- Found rosidl_generator_c: 3.1.6 (/opt/ros/humble/share/rosidl_generator_c/cmake)
[4.260s] -- Found rosidl_adapter: 3.1.6 (/opt/ros/humble/share/rosidl_adapter/cmake)
[4.289s] -- Found rosidl_generator_cpp: 3.1.6 (/opt/ros/humble/share/rosidl_generator_cpp/cmake)
[4.376s] -- Using all available rosidl_typesupport_c: rosidl_typesupport_fastrtps_c;rosidl_typesupport_introspection_c
[4.403s] -- Using all available rosidl_typesupport_cpp: rosidl_typesupport_fastrtps_cpp;rosidl_typesupport_introspection_cpp
[4.597s] -- Found rclcpp: 16.0.11 (/opt/ros/humble/share/rclcpp/cmake)
[4.783s] -- Found rmw_implementation_cmake: 6.1.2 (/opt/ros/humble/share/rmw_implementation_cmake/cmake)
[4.800s] -- Found rmw_fastrtps_cpp: 6.2.7 (/opt/ros/humble/share/rmw_fastrtps_cpp/cmake)
[6.539s] -- Found OpenSSL: /usr/lib/x86_64-linux-gnu/libcrypto.so (found version "3.0.2")  
[8.025s] -- Found FastRTPS: /opt/ros/humble/include  
[14.349s] -- Using RMW implementation 'rmw_fastrtps_cpp' as default
[14.392s] -- Looking for pthread.h
[14.882s] -- Looking for pthread.h - found
[14.882s] -- Performing Test CMAKE_HAVE_LIBC_PTHREAD
[15.205s] -- Performing Test CMAKE_HAVE_LIBC_PTHREAD - Success
[15.209s] -- Found Threads: TRUE  
[15.361s] -- Found rclcpp_action: 16.0.11 (/opt/ros/humble/share/rclcpp_action/cmake)
[15.494s] -- Found std_srvs: 4.2.4 (/opt/ros/humble/share/std_srvs/cmake)
[15.527s] -- Found turtlesim: 1.4.2 (/opt/ros/humble/share/turtlesim/cmake)
[15.577s] -- Found ament_lint_auto: 0.12.11 (/opt/ros/humble/share/ament_lint_auto/cmake)
[15.855s] -- Added test 'cppcheck' to perform static code analysis on C / C++ code
[15.855s] -- Configured cppcheck include dirs: $<BUILD_INTERFACE:/root/ros2_ws/src/project_02/include>
[15.855s] -- Configured cppcheck exclude dirs and/or files: 
[15.865s] -- Added test 'flake8' to check Python code syntax and style conventions
[15.880s] -- Added test 'lint_cmake' to check CMake code style
[15.893s] -- Added test 'pep257' to check Python code against some of the docstring style conventions in PEP 257
[15.946s] -- Added test 'uncrustify' to check C / C++ code style
[15.947s] -- Configured uncrustify additional arguments: 
[15.957s] -- Added test 'xmllint' to check XML markup files
[15.961s] -- Configuring done
[15.985s] -- Generating done
[15.997s] -- Build files have been written to: /root/ros2_ws/build/goto_node
[16.020s] Invoked command in '/root/ros2_ws/build/goto_node' returned '0': CMAKE_PREFIX_PATH=${CMAKE_PREFIX_PATH}:/root/ros2_ws/install/turtlebot3_teleop:/root/ros2_ws/install/turtlebot3_example:/opt/ros/humble /usr/bin/cmake /root/ros2_ws/src/project_02 -DCMAKE_INSTALL_PREFIX=/root/ros2_ws/install/goto_node
[16.022s] Invoking command in '/root/ros2_ws/build/goto_node': CMAKE_PREFIX_PATH=${CMAKE_PREFIX_PATH}:/root/ros2_ws/install/turtlebot3_teleop:/root/ros2_ws/install/turtlebot3_example:/opt/ros/humble /usr/bin/cmake --build /root/ros2_ws/build/goto_node -- -j8 -l8
[16.133s] [ 50%] [32mBuilding CXX object CMakeFiles/goto_node.dir/src/goto_node.cpp.o[0m
[56.646s] [100%] [32m[1mLinking CXX executable goto_node[0m
[59.071s] [100%] Built target goto_node
