[0.025s] Invoking command in '/root/ros2_ws/build/turtlesim': CMAKE_PREFIX_PATH=${CMAKE_PREFIX_PATH}:/opt/ros/humble /usr/bin/cmake --build /root/ros2_ws/build/turtlesim -- -j8 -l8
[0.114s] [  1%] Built target turtlesim__cpp
[0.115s] [ 11%] Built target turtlesim__rosidl_generator_c
[0.149s] [ 21%] Built target turtlesim__rosidl_typesupport_c
[0.150s] [ 31%] Built target turtlesim__rosidl_typesupport_cpp
[0.153s] [ 44%] Built target turtlesim__rosidl_typesupport_introspection_c
[0.154s] [ 51%] Built target turtlesim__rosidl_typesupport_introspection_cpp
[0.155s] [ 66%] Built target turtlesim__rosidl_typesupport_fastrtps_c
[0.156s] [ 71%] Built target turtlesim__rosidl_typesupport_fastrtps_cpp
[0.168s] [ 71%] Built target ament_cmake_python_copy_turtlesim
[0.187s] [ 71%] Built target turtlesim
[0.188s] [ 75%] Built target turtle_teleop_key
[0.188s] [ 75%] Built target draw_square
[0.188s] [ 77%] Built target mimic
[0.197s] [ 83%] Built target turtlesim_node
[0.212s] [ 84%] Built target turtlesim__py
[0.240s] [ 93%] Built target turtlesim__rosidl_generator_py
[0.265s] [ 95%] Built target turtlesim__rosidl_typesupport_fastrtps_c__pyext
[0.266s] [ 97%] Built target turtlesim__rosidl_typesupport_introspection_c__pyext
[0.266s] [100%] Built target turtlesim__rosidl_typesupport_c__pyext
[0.405s] running egg_info
[0.405s] writing turtlesim.egg-info/PKG-INFO
[0.406s] writing dependency_links to turtlesim.egg-info/dependency_links.txt
[0.406s] writing top-level names to turtlesim.egg-info/top_level.txt
[0.410s] reading manifest file 'turtlesim.egg-info/SOURCES.txt'
[0.412s] writing manifest file 'turtlesim.egg-info/SOURCES.txt'
[0.441s] [100%] Built target ament_cmake_python_build_turtlesim_egg
